[0.928s] Invoking command in '/home/wudad10/Fold1/ros2/1_topic/publisher/src/py_publisher': PYTHONPATH=/home/wudad10/Fold1/ros2/1_topic/publisher/build/py_publisher/prefix_override:/usr/lib/python3/dist-packages/colcon_core/task/python/colcon_distutils_commands:/home/wudad10/Fold1/ros2/1_topic/publisher/install/py_publisher/lib/python3.10/site-packages:${PYTHONPATH} /usr/bin/python3 -W ignore:setup.py install is deprecated -W ignore:easy_install command is deprecated setup.py egg_info --egg-base ../../build/py_publisher build --build-base /home/wudad10/Fold1/ros2/1_topic/publisher/build/py_publisher/build install --record /home/wudad10/Fold1/ros2/1_topic/publisher/build/py_publisher/install.log --single-version-externally-managed install_data
[1.168s] running egg_info
[1.169s] creating ../../build/py_publisher/py_publisher.egg-info
[1.169s] writing ../../build/py_publisher/py_publisher.egg-info/PKG-INFO
[1.169s] writing dependency_links to ../../build/py_publisher/py_publisher.egg-info/dependency_links.txt
[1.169s] writing entry points to ../../build/py_publisher/py_publisher.egg-info/entry_points.txt
[1.170s] writing requirements to ../../build/py_publisher/py_publisher.egg-info/requires.txt
[1.170s] writing top-level names to ../../build/py_publisher/py_publisher.egg-info/top_level.txt
[1.171s] writing manifest file '../../build/py_publisher/py_publisher.egg-info/SOURCES.txt'
[1.173s] reading manifest file '../../build/py_publisher/py_publisher.egg-info/SOURCES.txt'
[1.173s] writing manifest file '../../build/py_publisher/py_publisher.egg-info/SOURCES.txt'
[1.174s] running build
[1.174s] running build_py
[1.174s] creating /home/wudad10/Fold1/ros2/1_topic/publisher/build/py_publisher/build
[1.174s] creating /home/wudad10/Fold1/ros2/1_topic/publisher/build/py_publisher/build/lib
[1.174s] creating /home/wudad10/Fold1/ros2/1_topic/publisher/build/py_publisher/build/lib/py_publisher
[1.175s] copying py_publisher/py_publisher.py -> /home/wudad10/Fold1/ros2/1_topic/publisher/build/py_publisher/build/lib/py_publisher
[1.175s] copying py_publisher/__init__.py -> /home/wudad10/Fold1/ros2/1_topic/publisher/build/py_publisher/build/lib/py_publisher
[1.175s] running install
[1.175s] running install_lib
[1.176s] creating /home/wudad10/Fold1/ros2/1_topic/publisher/install/py_publisher/lib/python3.10/site-packages/py_publisher
[1.176s] copying /home/wudad10/Fold1/ros2/1_topic/publisher/build/py_publisher/build/lib/py_publisher/py_publisher.py -> /home/wudad10/Fold1/ros2/1_topic/publisher/install/py_publisher/lib/python3.10/site-packages/py_publisher
[1.176s] copying /home/wudad10/Fold1/ros2/1_topic/publisher/build/py_publisher/build/lib/py_publisher/__init__.py -> /home/wudad10/Fold1/ros2/1_topic/publisher/install/py_publisher/lib/python3.10/site-packages/py_publisher
[1.177s] byte-compiling /home/wudad10/Fold1/ros2/1_topic/publisher/install/py_publisher/lib/python3.10/site-packages/py_publisher/py_publisher.py to py_publisher.cpython-310.pyc
[1.178s] byte-compiling /home/wudad10/Fold1/ros2/1_topic/publisher/install/py_publisher/lib/python3.10/site-packages/py_publisher/__init__.py to __init__.cpython-310.pyc
[1.178s] running install_data
[1.178s] creating /home/wudad10/Fold1/ros2/1_topic/publisher/install/py_publisher/share/ament_index
[1.178s] creating /home/wudad10/Fold1/ros2/1_topic/publisher/install/py_publisher/share/ament_index/resource_index
[1.179s] creating /home/wudad10/Fold1/ros2/1_topic/publisher/install/py_publisher/share/ament_index/resource_index/packages
[1.179s] copying resource/py_publisher -> /home/wudad10/Fold1/ros2/1_topic/publisher/install/py_publisher/share/ament_index/resource_index/packages
[1.179s] copying package.xml -> /home/wudad10/Fold1/ros2/1_topic/publisher/install/py_publisher/share/py_publisher
[1.179s] running install_egg_info
[1.180s] Copying ../../build/py_publisher/py_publisher.egg-info to /home/wudad10/Fold1/ros2/1_topic/publisher/install/py_publisher/lib/python3.10/site-packages/py_publisher-0.0.0-py3.10.egg-info
[1.182s] running install_scripts
[1.201s] Installing py_publisher script to /home/wudad10/Fold1/ros2/1_topic/publisher/install/py_publisher/lib/py_publisher
[1.201s] writing list of installed files to '/home/wudad10/Fold1/ros2/1_topic/publisher/build/py_publisher/install.log'
[1.237s] Invoked command in '/home/wudad10/Fold1/ros2/1_topic/publisher/src/py_publisher' returned '0': PYTHONPATH=/home/wudad10/Fold1/ros2/1_topic/publisher/build/py_publisher/prefix_override:/usr/lib/python3/dist-packages/colcon_core/task/python/colcon_distutils_commands:/home/wudad10/Fold1/ros2/1_topic/publisher/install/py_publisher/lib/python3.10/site-packages:${PYTHONPATH} /usr/bin/python3 -W ignore:setup.py install is deprecated -W ignore:easy_install command is deprecated setup.py egg_info --egg-base ../../build/py_publisher build --build-base /home/wudad10/Fold1/ros2/1_topic/publisher/build/py_publisher/build install --record /home/wudad10/Fold1/ros2/1_topic/publisher/build/py_publisher/install.log --single-version-externally-managed install_data
