[0.037s] Invoking command in '/home/wudad10/Fold1/ros2/4_action/build/cpp_action_server': CMAKE_PREFIX_PATH=${CMAKE_PREFIX_PATH}:/home/wudad10/Fold1/ros2/4_action/install/py_action_server:/home/wudad10/Fold1/ros2/4_action/install/py_action_client:/home/wudad10/Fold1/ros2/3_param/install/py_param_node:/home/wudad10/Fold1/chapter9/fishbot_ws/install/ros_serial2wifi:/home/wudad10/Fold1/chapter9/install/ros_serial2wifi:/opt/ros/humble /usr/bin/cmake --build /home/wudad10/Fold1/ros2/4_action/build/cpp_action_server -- -j4 -l4
[0.087s] -- Found ament_cmake: 1.3.12 (/opt/ros/humble/share/ament_cmake/cmake)
[0.389s] -- Found ament_lint_auto: 0.12.14 (/opt/ros/humble/share/ament_lint_auto/cmake)
[0.513s] -- Found rclcpp_action: 16.0.15 (/opt/ros/humble/share/rclcpp_action/cmake)
[0.606s] -- Found rosidl_generator_c: 3.1.7 (/opt/ros/humble/share/rosidl_generator_c/cmake)
[0.621s] -- Found rosidl_adapter: 3.1.7 (/opt/ros/humble/share/rosidl_adapter/cmake)
[0.637s] -- Found rosidl_generator_cpp: 3.1.7 (/opt/ros/humble/share/rosidl_generator_cpp/cmake)
[0.666s] -- Using all available rosidl_typesupport_c: rosidl_typesupport_fastrtps_c;rosidl_typesupport_introspection_c
[0.707s] -- Using all available rosidl_typesupport_cpp: rosidl_typesupport_fastrtps_cpp;rosidl_typesupport_introspection_cpp
[0.839s] -- Found rmw_implementation_cmake: 6.1.2 (/opt/ros/humble/share/rmw_implementation_cmake/cmake)
[0.846s] -- Found rmw_fastrtps_cpp: 6.2.9 (/opt/ros/humble/share/rmw_fastrtps_cpp/cmake)
[1.000s] -- Using RMW implementation 'rmw_fastrtps_cpp' as default
[1.145s] -- Found my_interfaces: 0.0.0 (/home/wudad10/Fold1/ros2/4_action/install/my_interfaces/share/my_interfaces/cmake)
[1.184s] -- Added test 'cppcheck' to perform static code analysis on C / C++ code
[1.185s] -- Configured cppcheck include dirs: 
[1.185s] -- Configured cppcheck exclude dirs and/or files: 
[1.186s] -- Added test 'lint_cmake' to check CMake code style
[1.188s] -- Added test 'uncrustify' to check C / C++ code style
[1.188s] -- Configured uncrustify additional arguments: 
[1.188s] -- Added test 'xmllint' to check XML markup files
[1.190s] -- Configuring done
[1.209s] -- Generating done
[1.221s] -- Build files have been written to: /home/wudad10/Fold1/ros2/4_action/build/cpp_action_server
[1.275s] [35m[1mConsolidate compiler generated dependencies of target cpp_action_server[0m
[1.303s] [ 50%] [32m[1mLinking CXX executable cpp_action_server[0m
[1.552s] [100%] Built target cpp_action_server
[1.570s] Invoked command in '/home/wudad10/Fold1/ros2/4_action/build/cpp_action_server' returned '0': CMAKE_PREFIX_PATH=${CMAKE_PREFIX_PATH}:/home/wudad10/Fold1/ros2/4_action/install/py_action_server:/home/wudad10/Fold1/ros2/4_action/install/py_action_client:/home/wudad10/Fold1/ros2/3_param/install/py_param_node:/home/wudad10/Fold1/chapter9/fishbot_ws/install/ros_serial2wifi:/home/wudad10/Fold1/chapter9/install/ros_serial2wifi:/opt/ros/humble /usr/bin/cmake --build /home/wudad10/Fold1/ros2/4_action/build/cpp_action_server -- -j4 -l4
[1.572s] Invoking command in '/home/wudad10/Fold1/ros2/4_action/build/cpp_action_server': CMAKE_PREFIX_PATH=${CMAKE_PREFIX_PATH}:/home/wudad10/Fold1/ros2/4_action/install/py_action_server:/home/wudad10/Fold1/ros2/4_action/install/py_action_client:/home/wudad10/Fold1/ros2/3_param/install/py_param_node:/home/wudad10/Fold1/chapter9/fishbot_ws/install/ros_serial2wifi:/home/wudad10/Fold1/chapter9/install/ros_serial2wifi:/opt/ros/humble /usr/bin/cmake --install /home/wudad10/Fold1/ros2/4_action/build/cpp_action_server
[1.586s] -- Install configuration: ""
[1.586s] -- Installing: /home/wudad10/Fold1/ros2/4_action/install/cpp_action_server/lib/cpp_action_server/cpp_action_server
[1.586s] -- Set runtime path of "/home/wudad10/Fold1/ros2/4_action/install/cpp_action_server/lib/cpp_action_server/cpp_action_server" to ""
[1.586s] -- Up-to-date: /home/wudad10/Fold1/ros2/4_action/install/cpp_action_server/share/ament_index/resource_index/package_run_dependencies/cpp_action_server
[1.586s] -- Installing: /home/wudad10/Fold1/ros2/4_action/install/cpp_action_server/share/ament_index/resource_index/parent_prefix_path/cpp_action_server
[1.586s] -- Up-to-date: /home/wudad10/Fold1/ros2/4_action/install/cpp_action_server/share/cpp_action_server/environment/ament_prefix_path.sh
[1.587s] -- Installing: /home/wudad10/Fold1/ros2/4_action/install/cpp_action_server/share/cpp_action_server/environment/ament_prefix_path.dsv
[1.587s] -- Up-to-date: /home/wudad10/Fold1/ros2/4_action/install/cpp_action_server/share/cpp_action_server/environment/path.sh
[1.587s] -- Installing: /home/wudad10/Fold1/ros2/4_action/install/cpp_action_server/share/cpp_action_server/environment/path.dsv
[1.587s] -- Up-to-date: /home/wudad10/Fold1/ros2/4_action/install/cpp_action_server/share/cpp_action_server/local_setup.bash
[1.587s] -- Up-to-date: /home/wudad10/Fold1/ros2/4_action/install/cpp_action_server/share/cpp_action_server/local_setup.sh
[1.587s] -- Up-to-date: /home/wudad10/Fold1/ros2/4_action/install/cpp_action_server/share/cpp_action_server/local_setup.zsh
[1.587s] -- Installing: /home/wudad10/Fold1/ros2/4_action/install/cpp_action_server/share/cpp_action_server/local_setup.dsv
[1.587s] -- Installing: /home/wudad10/Fold1/ros2/4_action/install/cpp_action_server/share/cpp_action_server/package.dsv
[1.591s] -- Up-to-date: /home/wudad10/Fold1/ros2/4_action/install/cpp_action_server/share/ament_index/resource_index/packages/cpp_action_server
[1.591s] -- Up-to-date: /home/wudad10/Fold1/ros2/4_action/install/cpp_action_server/share/cpp_action_server/cmake/cpp_action_serverConfig.cmake
[1.591s] -- Up-to-date: /home/wudad10/Fold1/ros2/4_action/install/cpp_action_server/share/cpp_action_server/cmake/cpp_action_serverConfig-version.cmake
[1.591s] -- Up-to-date: /home/wudad10/Fold1/ros2/4_action/install/cpp_action_server/share/cpp_action_server/package.xml
[1.592s] Invoked command in '/home/wudad10/Fold1/ros2/4_action/build/cpp_action_server' returned '0': CMAKE_PREFIX_PATH=${CMAKE_PREFIX_PATH}:/home/wudad10/Fold1/ros2/4_action/install/py_action_server:/home/wudad10/Fold1/ros2/4_action/install/py_action_client:/home/wudad10/Fold1/ros2/3_param/install/py_param_node:/home/wudad10/Fold1/chapter9/fishbot_ws/install/ros_serial2wifi:/home/wudad10/Fold1/chapter9/install/ros_serial2wifi:/opt/ros/humble /usr/bin/cmake --install /home/wudad10/Fold1/ros2/4_action/build/cpp_action_server
