[0.566s] Invoking command in '/home/wudad10/Fold1/counter/src/counter_pkg': PYTHONPATH=/home/wudad10/Fold1/counter/build/counter_pkg/prefix_override:/usr/lib/python3/dist-packages/colcon_core/task/python/colcon_distutils_commands:/home/wudad10/Fold1/counter/install/counter_pkg/lib/python3.10/site-packages:${PYTHONPATH} /usr/bin/python3 -W ignore:setup.py install is deprecated -W ignore:easy_install command is deprecated setup.py egg_info --egg-base ../../build/counter_pkg build --build-base /home/wudad10/Fold1/counter/build/counter_pkg/build install --record /home/wudad10/Fold1/counter/build/counter_pkg/install.log --single-version-externally-managed install_data
[0.777s] running egg_info
[0.778s] writing ../../build/counter_pkg/counter_pkg.egg-info/PKG-INFO
[0.778s] writing dependency_links to ../../build/counter_pkg/counter_pkg.egg-info/dependency_links.txt
[0.778s] writing entry points to ../../build/counter_pkg/counter_pkg.egg-info/entry_points.txt
[0.778s] writing requirements to ../../build/counter_pkg/counter_pkg.egg-info/requires.txt
[0.778s] writing top-level names to ../../build/counter_pkg/counter_pkg.egg-info/top_level.txt
[0.780s] reading manifest file '../../build/counter_pkg/counter_pkg.egg-info/SOURCES.txt'
[0.781s] writing manifest file '../../build/counter_pkg/counter_pkg.egg-info/SOURCES.txt'
[0.781s] running build
[0.781s] running build_py
[0.781s] copying counter_pkg/counter_node.py -> /home/wudad10/Fold1/counter/build/counter_pkg/build/lib/counter_pkg
[0.781s] running install
[0.781s] running install_lib
[0.782s] copying /home/wudad10/Fold1/counter/build/counter_pkg/build/lib/counter_pkg/counter_node.py -> /home/wudad10/Fold1/counter/install/counter_pkg/lib/python3.10/site-packages/counter_pkg
[0.783s] byte-compiling /home/wudad10/Fold1/counter/install/counter_pkg/lib/python3.10/site-packages/counter_pkg/counter_node.py to counter_node.cpython-310.pyc
[0.784s] running install_data
[0.784s] running install_egg_info
[0.786s] removing '/home/wudad10/Fold1/counter/install/counter_pkg/lib/python3.10/site-packages/counter_pkg-0.0.0-py3.10.egg-info' (and everything under it)
[0.786s] Copying ../../build/counter_pkg/counter_pkg.egg-info to /home/wudad10/Fold1/counter/install/counter_pkg/lib/python3.10/site-packages/counter_pkg-0.0.0-py3.10.egg-info
[0.787s] running install_scripts
[0.806s] Installing counter_node script to /home/wudad10/Fold1/counter/install/counter_pkg/lib/counter_pkg
[0.807s] writing list of installed files to '/home/wudad10/Fold1/counter/build/counter_pkg/install.log'
[0.837s] Invoked command in '/home/wudad10/Fold1/counter/src/counter_pkg' returned '0': PYTHONPATH=/home/wudad10/Fold1/counter/build/counter_pkg/prefix_override:/usr/lib/python3/dist-packages/colcon_core/task/python/colcon_distutils_commands:/home/wudad10/Fold1/counter/install/counter_pkg/lib/python3.10/site-packages:${PYTHONPATH} /usr/bin/python3 -W ignore:setup.py install is deprecated -W ignore:easy_install command is deprecated setup.py egg_info --egg-base ../../build/counter_pkg build --build-base /home/wudad10/Fold1/counter/build/counter_pkg/build install --record /home/wudad10/Fold1/counter/build/counter_pkg/install.log --single-version-externally-managed install_data
