[0.031s] Invoking command in '/home/wudad10/Fold1/ros2/2_service/build/cpp_server': CMAKE_PREFIX_PATH=${CMAKE_PREFIX_PATH}:/home/wudad10/Fold1/chapter9/fishbot_ws/install/ros_serial2wifi:/home/wudad10/Fold1/chapter9/install/ros_serial2wifi:/opt/ros/humble /usr/bin/cmake /home/wudad10/Fold1/ros2/2_service/src/cpp_server -DCMAKE_INSTALL_PREFIX=/home/wudad10/Fold1/ros2/2_service/install/cpp_server
[0.299s] -- The C compiler identification is GNU 11.4.0
[0.409s] -- The CXX compiler identification is GNU 11.4.0
[0.428s] -- Detecting C compiler ABI info
[0.544s] -- Detecting C compiler ABI info - done
[0.551s] -- Check for working C compiler: /usr/bin/cc - skipped
[0.552s] -- Detecting C compile features
[0.553s] -- Detecting C compile features - done
[0.558s] -- Detecting CXX compiler ABI info
[0.670s] -- Detecting CXX compiler ABI info - done
[0.680s] -- Check for working CXX compiler: /usr/bin/c++ - skipped
[0.680s] -- Detecting CXX compile features
[0.681s] -- Detecting CXX compile features - done
[0.710s] -- Found ament_cmake: 1.3.12 (/opt/ros/humble/share/ament_cmake/cmake)
[0.895s] -- Found Python3: /usr/bin/python3 (found version "3.10.12") found components: Interpreter 
[1.066s] -- Found ament_lint_auto: 0.12.14 (/opt/ros/humble/share/ament_lint_auto/cmake)
[1.193s] [31mCMake Error at /opt/ros/humble/share/ament_cmake_target_dependencies/cmake/ament_target_dependencies.cmake:77 (message):
[1.193s]   ament_target_dependencies() the passed package name 'rclcpp' was not found
[1.193s]   before
[1.193s] Call Stack (most recent call first):
[1.194s]   CMakeLists.txt:28 (ament_target_dependencies)
[1.194s] 
[1.194s] [0m
[1.194s] -- Configuring incomplete, errors occurred!
[1.195s] See also "/home/wudad10/Fold1/ros2/2_service/build/cpp_server/CMakeFiles/CMakeOutput.log".
[1.201s] Invoked command in '/home/wudad10/Fold1/ros2/2_service/build/cpp_server' returned '1': CMAKE_PREFIX_PATH=${CMAKE_PREFIX_PATH}:/home/wudad10/Fold1/chapter9/fishbot_ws/install/ros_serial2wifi:/home/wudad10/Fold1/chapter9/install/ros_serial2wifi:/opt/ros/humble /usr/bin/cmake /home/wudad10/Fold1/ros2/2_service/src/cpp_server -DCMAKE_INSTALL_PREFIX=/home/wudad10/Fold1/ros2/2_service/install/cpp_server
