[0.038s] Invoking command in '/home/wudad10/Fold1/ros2/4_action/build/cpp_action_server': CMAKE_PREFIX_PATH=${CMAKE_PREFIX_PATH}:/home/wudad10/Fold1/ros2/3_param/install/py_param_node:/home/wudad10/Fold1/chapter9/fishbot_ws/install/ros_serial2wifi:/home/wudad10/Fold1/chapter9/install/ros_serial2wifi:/opt/ros/humble /usr/bin/cmake /home/wudad10/Fold1/ros2/4_action/src/cpp_action_server -DCMAKE_INSTALL_PREFIX=/home/wudad10/Fold1/ros2/4_action/install/cpp_action_server
[0.252s] -- The C compiler identification is GNU 11.4.0
[0.498s] -- The CXX compiler identification is GNU 11.4.0
[0.511s] -- Detecting C compiler ABI info
[0.711s] -- Detecting C compiler ABI info - done
[0.740s] -- Check for working C compiler: /usr/bin/cc - skipped
[0.741s] -- Detecting C compile features
[0.741s] -- Detecting C compile features - done
[0.744s] -- Detecting CXX compiler ABI info
[0.949s] -- Detecting CXX compiler ABI info - done
[0.961s] -- Check for working CXX compiler: /usr/bin/c++ - skipped
[0.961s] -- Detecting CXX compile features
[0.963s] -- Detecting CXX compile features - done
[0.972s] -- Found ament_cmake: 1.3.12 (/opt/ros/humble/share/ament_cmake/cmake)
[1.232s] -- Found Python3: /usr/bin/python3 (found version "3.10.12") found components: Interpreter 
[1.357s] -- Found ament_lint_auto: 0.12.14 (/opt/ros/humble/share/ament_lint_auto/cmake)
[1.513s] -- Found rclcpp_action: 16.0.15 (/opt/ros/humble/share/rclcpp_action/cmake)
[1.579s] -- Found rosidl_generator_c: 3.1.7 (/opt/ros/humble/share/rosidl_generator_c/cmake)
[1.587s] -- Found rosidl_adapter: 3.1.7 (/opt/ros/humble/share/rosidl_adapter/cmake)
[1.599s] -- Found rosidl_generator_cpp: 3.1.7 (/opt/ros/humble/share/rosidl_generator_cpp/cmake)
[1.617s] -- Using all available rosidl_typesupport_c: rosidl_typesupport_fastrtps_c;rosidl_typesupport_introspection_c
[1.645s] -- Using all available rosidl_typesupport_cpp: rosidl_typesupport_fastrtps_cpp;rosidl_typesupport_introspection_cpp
[1.806s] -- Found rmw_implementation_cmake: 6.1.2 (/opt/ros/humble/share/rmw_implementation_cmake/cmake)
[1.813s] -- Found rmw_fastrtps_cpp: 6.2.9 (/opt/ros/humble/share/rmw_fastrtps_cpp/cmake)
[1.964s] -- Found OpenSSL: /usr/lib/x86_64-linux-gnu/libcrypto.so (found version "3.0.2")  
[2.000s] -- Found FastRTPS: /opt/ros/humble/include  
[2.073s] -- Using RMW implementation 'rmw_fastrtps_cpp' as default
[2.089s] -- Looking for pthread.h
[2.198s] -- Looking for pthread.h - found
[2.199s] -- Performing Test CMAKE_HAVE_LIBC_PTHREAD
[2.310s] -- Performing Test CMAKE_HAVE_LIBC_PTHREAD - Success
[2.310s] -- Found Threads: TRUE  
[2.449s] -- Found my_interfaces: 0.0.0 (/home/wudad10/Fold1/ros2/4_action/install/my_interfaces/share/my_interfaces/cmake)
[2.493s] -- Added test 'cppcheck' to perform static code analysis on C / C++ code
[2.493s] -- Configured cppcheck include dirs: 
[2.493s] -- Configured cppcheck exclude dirs and/or files: 
[2.494s] -- Added test 'lint_cmake' to check CMake code style
[2.495s] -- Added test 'uncrustify' to check C / C++ code style
[2.495s] -- Configured uncrustify additional arguments: 
[2.497s] -- Added test 'xmllint' to check XML markup files
[2.503s] -- Configuring done
[2.515s] -- Generating done
[2.521s] -- Build files have been written to: /home/wudad10/Fold1/ros2/4_action/build/cpp_action_server
[2.533s] Invoked command in '/home/wudad10/Fold1/ros2/4_action/build/cpp_action_server' returned '0': CMAKE_PREFIX_PATH=${CMAKE_PREFIX_PATH}:/home/wudad10/Fold1/ros2/3_param/install/py_param_node:/home/wudad10/Fold1/chapter9/fishbot_ws/install/ros_serial2wifi:/home/wudad10/Fold1/chapter9/install/ros_serial2wifi:/opt/ros/humble /usr/bin/cmake /home/wudad10/Fold1/ros2/4_action/src/cpp_action_server -DCMAKE_INSTALL_PREFIX=/home/wudad10/Fold1/ros2/4_action/install/cpp_action_server
[2.535s] Invoking command in '/home/wudad10/Fold1/ros2/4_action/build/cpp_action_server': CMAKE_PREFIX_PATH=${CMAKE_PREFIX_PATH}:/home/wudad10/Fold1/ros2/3_param/install/py_param_node:/home/wudad10/Fold1/chapter9/fishbot_ws/install/ros_serial2wifi:/home/wudad10/Fold1/chapter9/install/ros_serial2wifi:/opt/ros/humble /usr/bin/cmake --build /home/wudad10/Fold1/ros2/4_action/build/cpp_action_server -- -j4 -l4
[2.662s] [ 50%] [32mBuilding CXX object CMakeFiles/cpp_action_server.dir/src/server.cpp.o[0m
[7.372s] [100%] [32m[1mLinking CXX executable cpp_action_server[0m
[7.690s] [100%] Built target cpp_action_server
[7.714s] Invoked command in '/home/wudad10/Fold1/ros2/4_action/build/cpp_action_server' returned '0': CMAKE_PREFIX_PATH=${CMAKE_PREFIX_PATH}:/home/wudad10/Fold1/ros2/3_param/install/py_param_node:/home/wudad10/Fold1/chapter9/fishbot_ws/install/ros_serial2wifi:/home/wudad10/Fold1/chapter9/install/ros_serial2wifi:/opt/ros/humble /usr/bin/cmake --build /home/wudad10/Fold1/ros2/4_action/build/cpp_action_server -- -j4 -l4
[7.720s] Invoking command in '/home/wudad10/Fold1/ros2/4_action/build/cpp_action_server': CMAKE_PREFIX_PATH=${CMAKE_PREFIX_PATH}:/home/wudad10/Fold1/ros2/3_param/install/py_param_node:/home/wudad10/Fold1/chapter9/fishbot_ws/install/ros_serial2wifi:/home/wudad10/Fold1/chapter9/install/ros_serial2wifi:/opt/ros/humble /usr/bin/cmake --install /home/wudad10/Fold1/ros2/4_action/build/cpp_action_server
[7.732s] -- Install configuration: ""
[7.733s] -- Installing: /home/wudad10/Fold1/ros2/4_action/install/cpp_action_server/share/ament_index/resource_index/package_run_dependencies/cpp_action_server
[7.734s] -- Installing: /home/wudad10/Fold1/ros2/4_action/install/cpp_action_server/share/ament_index/resource_index/parent_prefix_path/cpp_action_server
[7.735s] -- Installing: /home/wudad10/Fold1/ros2/4_action/install/cpp_action_server/share/cpp_action_server/environment/ament_prefix_path.sh
[7.736s] -- Installing: /home/wudad10/Fold1/ros2/4_action/install/cpp_action_server/share/cpp_action_server/environment/ament_prefix_path.dsv
[7.736s] -- Installing: /home/wudad10/Fold1/ros2/4_action/install/cpp_action_server/share/cpp_action_server/environment/path.sh
[7.738s] -- Installing: /home/wudad10/Fold1/ros2/4_action/install/cpp_action_server/share/cpp_action_server/environment/path.dsv
[7.738s] -- Installing: /home/wudad10/Fold1/ros2/4_action/install/cpp_action_server/share/cpp_action_server/local_setup.bash
[7.738s] -- Installing: /home/wudad10/Fold1/ros2/4_action/install/cpp_action_server/share/cpp_action_server/local_setup.sh
[7.739s] -- Installing: /home/wudad10/Fold1/ros2/4_action/install/cpp_action_server/share/cpp_action_server/local_setup.zsh
[7.739s] -- Installing: /home/wudad10/Fold1/ros2/4_action/install/cpp_action_server/share/cpp_action_server/local_setup.dsv
[7.739s] -- Installing: /home/wudad10/Fold1/ros2/4_action/install/cpp_action_server/share/cpp_action_server/package.dsv
[7.740s] -- Installing: /home/wudad10/Fold1/ros2/4_action/install/cpp_action_server/share/ament_index/resource_index/packages/cpp_action_server
[7.740s] -- Installing: /home/wudad10/Fold1/ros2/4_action/install/cpp_action_server/share/cpp_action_server/cmake/cpp_action_serverConfig.cmake
[7.740s] -- Installing: /home/wudad10/Fold1/ros2/4_action/install/cpp_action_server/share/cpp_action_server/cmake/cpp_action_serverConfig-version.cmake
[7.741s] -- Installing: /home/wudad10/Fold1/ros2/4_action/install/cpp_action_server/share/cpp_action_server/package.xml
[7.746s] Invoked command in '/home/wudad10/Fold1/ros2/4_action/build/cpp_action_server' returned '0': CMAKE_PREFIX_PATH=${CMAKE_PREFIX_PATH}:/home/wudad10/Fold1/ros2/3_param/install/py_param_node:/home/wudad10/Fold1/chapter9/fishbot_ws/install/ros_serial2wifi:/home/wudad10/Fold1/chapter9/install/ros_serial2wifi:/opt/ros/humble /usr/bin/cmake --install /home/wudad10/Fold1/ros2/4_action/build/cpp_action_server
