[0.026s] Invoking command in '/home/wudad10/Fold1/ros2/2_service/build/my_interfaces': CMAKE_PREFIX_PATH=${CMAKE_PREFIX_PATH}:/home/wudad10/Fold1/ros2/2_service/install/py_server:/home/wudad10/Fold1/chapter9/fishbot_ws/install/ros_serial2wifi:/home/wudad10/Fold1/chapter9/install/ros_serial2wifi:/opt/ros/humble /usr/bin/cmake /home/wudad10/Fold1/ros2/2_service/src/my_interfaces -DCMAKE_INSTALL_PREFIX=/home/wudad10/Fold1/ros2/2_service/install/my_interfaces
[0.215s] -- The C compiler identification is GNU 11.4.0
[0.360s] -- The CXX compiler identification is GNU 11.4.0
[0.381s] -- Detecting C compiler ABI info
[0.523s] -- Detecting C compiler ABI info - done
[0.529s] -- Check for working C compiler: /usr/bin/cc - skipped
[0.531s] -- Detecting C compile features
[0.533s] -- Detecting C compile features - done
[0.538s] -- Detecting CXX compiler ABI info
[0.650s] -- Detecting CXX compiler ABI info - done
[0.659s] -- Check for working CXX compiler: /usr/bin/c++ - skipped
[0.660s] -- Detecting CXX compile features
[0.661s] -- Detecting CXX compile features - done
[0.669s] -- Found ament_cmake: 1.3.12 (/opt/ros/humble/share/ament_cmake/cmake)
[0.838s] -- Found Python3: /usr/bin/python3 (found version "3.10.12") found components: Interpreter 
[0.971s] -- Found ament_lint_auto: 0.12.14 (/opt/ros/humble/share/ament_lint_auto/cmake)
[1.090s] -- Found rosidl_default_generators: 1.2.0 (/opt/ros/humble/share/rosidl_default_generators/cmake)
[1.099s] -- Using all available rosidl_typesupport_c: rosidl_typesupport_fastrtps_c;rosidl_typesupport_introspection_c
[1.114s] -- Found rosidl_adapter: 3.1.7 (/opt/ros/humble/share/rosidl_adapter/cmake)
[1.187s] -- Using all available rosidl_typesupport_cpp: rosidl_typesupport_fastrtps_cpp;rosidl_typesupport_introspection_cpp
[1.457s] -- Found ament_cmake_ros: 0.10.0 (/opt/ros/humble/share/ament_cmake_ros/cmake)
[1.668s] -- Using all available rosidl_typesupport_c: rosidl_typesupport_fastrtps_c;rosidl_typesupport_introspection_c
[1.926s] -- Using all available rosidl_typesupport_cpp: rosidl_typesupport_fastrtps_cpp;rosidl_typesupport_introspection_cpp
[1.953s] -- Found PythonInterp: /usr/bin/python3 (found suitable version "3.10.12", minimum required is "3.6") 
[1.957s] -- Found python_cmake_module: 0.10.0 (/opt/ros/humble/share/python_cmake_module/cmake)
[2.001s] -- Found PythonLibs: /usr/lib/x86_64-linux-gnu/libpython3.10.so (found suitable version "3.10.12", minimum required is "3.5") 
[2.002s] -- Using PYTHON_EXECUTABLE: /usr/bin/python3
[2.002s] -- Using PYTHON_INCLUDE_DIRS: /usr/include/python3.10
[2.002s] -- Using PYTHON_LIBRARIES: /usr/lib/x86_64-linux-gnu/libpython3.10.so
[2.024s] -- Found PythonExtra: .so  
[2.115s] -- Added test 'lint_cmake' to check CMake code style
[2.122s] -- Added test 'xmllint' to check XML markup files
[2.138s] -- Configuring done
[2.178s] -- Generating done
[2.190s] -- Build files have been written to: /home/wudad10/Fold1/ros2/2_service/build/my_interfaces
[2.199s] Invoked command in '/home/wudad10/Fold1/ros2/2_service/build/my_interfaces' returned '0': CMAKE_PREFIX_PATH=${CMAKE_PREFIX_PATH}:/home/wudad10/Fold1/ros2/2_service/install/py_server:/home/wudad10/Fold1/chapter9/fishbot_ws/install/ros_serial2wifi:/home/wudad10/Fold1/chapter9/install/ros_serial2wifi:/opt/ros/humble /usr/bin/cmake /home/wudad10/Fold1/ros2/2_service/src/my_interfaces -DCMAKE_INSTALL_PREFIX=/home/wudad10/Fold1/ros2/2_service/install/my_interfaces
[2.199s] Invoking command in '/home/wudad10/Fold1/ros2/2_service/build/my_interfaces': CMAKE_PREFIX_PATH=${CMAKE_PREFIX_PATH}:/home/wudad10/Fold1/ros2/2_service/install/py_server:/home/wudad10/Fold1/chapter9/fishbot_ws/install/ros_serial2wifi:/home/wudad10/Fold1/chapter9/install/ros_serial2wifi:/opt/ros/humble /usr/bin/cmake --build /home/wudad10/Fold1/ros2/2_service/build/my_interfaces -- -j4 -l4
[2.253s] [  3%] [34m[1mGenerating C code for ROS interfaces[0m
[2.270s] [  6%] [34m[1mGenerating C++ code for ROS interfaces[0m
[2.278s] [  6%] Built target ament_cmake_python_copy_my_interfaces
[2.550s] running egg_info
[2.550s] creating my_interfaces.egg-info
[2.550s] writing my_interfaces.egg-info/PKG-INFO
[2.551s] writing dependency_links to my_interfaces.egg-info/dependency_links.txt
[2.551s] writing top-level names to my_interfaces.egg-info/top_level.txt
[2.551s] writing manifest file 'my_interfaces.egg-info/SOURCES.txt'
[2.555s] reading manifest file 'my_interfaces.egg-info/SOURCES.txt'
[2.555s] writing manifest file 'my_interfaces.egg-info/SOURCES.txt'
[2.582s] [  6%] Built target my_interfaces__cpp
[2.598s] [  9%] [34m[1mGenerating C++ introspection for ROS interfaces[0m
[2.600s] [ 12%] [34m[1mGenerating C++ type support dispatch for ROS interfaces[0m
[2.605s] [ 12%] Built target ament_cmake_python_build_my_interfaces_egg
[2.617s] [ 16%] [34m[1mGenerating C++ type support for eProsima Fast-RTPS[0m
[2.704s] [ 19%] [32mBuilding C object CMakeFiles/my_interfaces__rosidl_generator_c.dir/rosidl_generator_c/my_interfaces/srv/detail/add_two_ints__functions.c.o[0m
[2.815s] [ 22%] [32m[1mLinking C shared library libmy_interfaces__rosidl_generator_c.so[0m
[2.873s] [ 25%] [32mBuilding CXX object CMakeFiles/my_interfaces__rosidl_typesupport_cpp.dir/rosidl_typesupport_cpp/my_interfaces/srv/add_two_ints__type_support.cpp.o[0m
[2.889s] [ 25%] Built target my_interfaces__rosidl_generator_c
[2.904s] [ 29%] [34m[1mGenerating C type support for eProsima Fast-RTPS[0m
[2.941s] [ 32%] [32mBuilding CXX object CMakeFiles/my_interfaces__rosidl_typesupport_introspection_cpp.dir/rosidl_typesupport_introspection_cpp/my_interfaces/srv/detail/add_two_ints__type_support.cpp.o[0m
[2.958s] [ 35%] [32mBuilding CXX object CMakeFiles/my_interfaces__rosidl_typesupport_fastrtps_cpp.dir/rosidl_typesupport_fastrtps_cpp/my_interfaces/srv/detail/dds_fastrtps/add_two_ints__type_support.cpp.o[0m
[3.220s] [ 38%] [32m[1mLinking CXX shared library libmy_interfaces__rosidl_typesupport_cpp.so[0m
[3.232s] [ 41%] [32mBuilding CXX object CMakeFiles/my_interfaces__rosidl_typesupport_fastrtps_c.dir/rosidl_typesupport_fastrtps_c/my_interfaces/srv/detail/add_two_ints__type_support_c.cpp.o[0m
[3.276s] [ 41%] Built target my_interfaces__rosidl_typesupport_cpp
[3.287s] [ 45%] [34m[1mGenerating C introspection for ROS interfaces[0m
[3.451s] [ 48%] [32m[1mLinking CXX shared library libmy_interfaces__rosidl_typesupport_introspection_cpp.so[0m
[3.534s] [ 48%] Built target my_interfaces__rosidl_typesupport_introspection_cpp
[3.550s] [ 51%] [32m[1mLinking CXX shared library libmy_interfaces__rosidl_typesupport_fastrtps_cpp.so[0m
[3.564s] [ 54%] [34m[1mGenerating C type support dispatch for ROS interfaces[0m
[3.615s] [ 58%] [32mBuilding C object CMakeFiles/my_interfaces__rosidl_typesupport_introspection_c.dir/rosidl_typesupport_introspection_c/my_interfaces/srv/detail/add_two_ints__type_support.c.o[0m
[3.663s] [ 61%] [32m[1mLinking C shared library libmy_interfaces__rosidl_typesupport_introspection_c.so[0m
[3.696s] [ 61%] Built target my_interfaces__rosidl_typesupport_fastrtps_cpp
[3.709s] [ 61%] Built target my_interfaces__rosidl_typesupport_introspection_c
[3.711s] [ 64%] [32m[1mLinking CXX shared library libmy_interfaces__rosidl_typesupport_fastrtps_c.so[0m
[3.829s] [ 64%] Built target my_interfaces__rosidl_typesupport_fastrtps_c
[3.848s] [ 67%] [32mBuilding CXX object CMakeFiles/my_interfaces__rosidl_typesupport_c.dir/rosidl_typesupport_c/my_interfaces/srv/add_two_ints__type_support.cpp.o[0m
[3.888s] [ 70%] [32m[1mLinking CXX shared library libmy_interfaces__rosidl_typesupport_c.so[0m
[3.939s] [ 70%] Built target my_interfaces__rosidl_typesupport_c
[3.966s] [ 70%] Built target my_interfaces
[3.993s] [ 74%] [34m[1mGenerating Python code for ROS interfaces[0m
[4.331s] [ 74%] Built target my_interfaces__py
[4.358s] [ 77%] [32mBuilding C object CMakeFiles/my_interfaces__rosidl_generator_py.dir/rosidl_generator_py/my_interfaces/srv/_add_two_ints_s.c.o[0m
[4.514s] [ 80%] [32m[1mLinking C shared library rosidl_generator_py/my_interfaces/libmy_interfaces__rosidl_generator_py.so[0m
[4.564s] [ 80%] Built target my_interfaces__rosidl_generator_py
[4.591s] [ 83%] [32mBuilding C object CMakeFiles/my_interfaces__rosidl_typesupport_introspection_c__pyext.dir/rosidl_generator_py/my_interfaces/_my_interfaces_s.ep.rosidl_typesupport_introspection_c.c.o[0m
[4.591s] [ 87%] [32mBuilding C object CMakeFiles/my_interfaces__rosidl_typesupport_fastrtps_c__pyext.dir/rosidl_generator_py/my_interfaces/_my_interfaces_s.ep.rosidl_typesupport_fastrtps_c.c.o[0m
[4.592s] [ 90%] [32mBuilding C object CMakeFiles/my_interfaces__rosidl_typesupport_c__pyext.dir/rosidl_generator_py/my_interfaces/_my_interfaces_s.ep.rosidl_typesupport_c.c.o[0m
[4.687s] [ 93%] [32m[1mLinking C shared library rosidl_generator_py/my_interfaces/my_interfaces_s__rosidl_typesupport_c.cpython-310-x86_64-linux-gnu.so[0m
[4.692s] [ 96%] [32m[1mLinking C shared library rosidl_generator_py/my_interfaces/my_interfaces_s__rosidl_typesupport_introspection_c.cpython-310-x86_64-linux-gnu.so[0m
[4.708s] [100%] [32m[1mLinking C shared library rosidl_generator_py/my_interfaces/my_interfaces_s__rosidl_typesupport_fastrtps_c.cpython-310-x86_64-linux-gnu.so[0m
[4.731s] [100%] Built target my_interfaces__rosidl_typesupport_c__pyext
[4.731s] [100%] Built target my_interfaces__rosidl_typesupport_introspection_c__pyext
[4.752s] [100%] Built target my_interfaces__rosidl_typesupport_fastrtps_c__pyext
[4.770s] Invoked command in '/home/wudad10/Fold1/ros2/2_service/build/my_interfaces' returned '0': CMAKE_PREFIX_PATH=${CMAKE_PREFIX_PATH}:/home/wudad10/Fold1/ros2/2_service/install/py_server:/home/wudad10/Fold1/chapter9/fishbot_ws/install/ros_serial2wifi:/home/wudad10/Fold1/chapter9/install/ros_serial2wifi:/opt/ros/humble /usr/bin/cmake --build /home/wudad10/Fold1/ros2/2_service/build/my_interfaces -- -j4 -l4
[4.773s] Invoking command in '/home/wudad10/Fold1/ros2/2_service/build/my_interfaces': CMAKE_PREFIX_PATH=${CMAKE_PREFIX_PATH}:/home/wudad10/Fold1/ros2/2_service/install/py_server:/home/wudad10/Fold1/chapter9/fishbot_ws/install/ros_serial2wifi:/home/wudad10/Fold1/chapter9/install/ros_serial2wifi:/opt/ros/humble /usr/bin/cmake --install /home/wudad10/Fold1/ros2/2_service/build/my_interfaces
[4.782s] -- Install configuration: ""
[4.782s] -- Installing: /home/wudad10/Fold1/ros2/2_service/install/my_interfaces/share/ament_index/resource_index/rosidl_interfaces/my_interfaces
[4.783s] -- Installing: /home/wudad10/Fold1/ros2/2_service/install/my_interfaces/include/my_interfaces/my_interfaces
[4.783s] -- Installing: /home/wudad10/Fold1/ros2/2_service/install/my_interfaces/include/my_interfaces/my_interfaces/srv
[4.783s] -- Installing: /home/wudad10/Fold1/ros2/2_service/install/my_interfaces/include/my_interfaces/my_interfaces/srv/detail
[4.783s] -- Installing: /home/wudad10/Fold1/ros2/2_service/install/my_interfaces/include/my_interfaces/my_interfaces/srv/detail/add_two_ints__functions.c
[4.784s] -- Installing: /home/wudad10/Fold1/ros2/2_service/install/my_interfaces/include/my_interfaces/my_interfaces/srv/detail/add_two_ints__functions.h
[4.784s] -- Installing: /home/wudad10/Fold1/ros2/2_service/install/my_interfaces/include/my_interfaces/my_interfaces/srv/detail/add_two_ints__struct.h
[4.784s] -- Installing: /home/wudad10/Fold1/ros2/2_service/install/my_interfaces/include/my_interfaces/my_interfaces/srv/detail/add_two_ints__type_support.h
[4.784s] -- Installing: /home/wudad10/Fold1/ros2/2_service/install/my_interfaces/include/my_interfaces/my_interfaces/srv/add_two_ints.h
[4.784s] -- Installing: /home/wudad10/Fold1/ros2/2_service/install/my_interfaces/include/my_interfaces/my_interfaces/msg
[4.785s] -- Installing: /home/wudad10/Fold1/ros2/2_service/install/my_interfaces/include/my_interfaces/my_interfaces/msg/rosidl_generator_c__visibility_control.h
[4.785s] -- Installing: /home/wudad10/Fold1/ros2/2_service/install/my_interfaces/share/my_interfaces/environment/library_path.sh
[4.786s] -- Installing: /home/wudad10/Fold1/ros2/2_service/install/my_interfaces/share/my_interfaces/environment/library_path.dsv
[4.786s] -- Installing: /home/wudad10/Fold1/ros2/2_service/install/my_interfaces/lib/libmy_interfaces__rosidl_generator_c.so
[4.786s] -- Set runtime path of "/home/wudad10/Fold1/ros2/2_service/install/my_interfaces/lib/libmy_interfaces__rosidl_generator_c.so" to ""
[4.786s] -- Up-to-date: /home/wudad10/Fold1/ros2/2_service/install/my_interfaces/include/my_interfaces/my_interfaces
[4.786s] -- Up-to-date: /home/wudad10/Fold1/ros2/2_service/install/my_interfaces/include/my_interfaces/my_interfaces/srv
[4.786s] -- Up-to-date: /home/wudad10/Fold1/ros2/2_service/install/my_interfaces/include/my_interfaces/my_interfaces/srv/detail
[4.786s] -- Installing: /home/wudad10/Fold1/ros2/2_service/install/my_interfaces/include/my_interfaces/my_interfaces/srv/detail/add_two_ints__rosidl_typesupport_fastrtps_c.h
[4.786s] -- Up-to-date: /home/wudad10/Fold1/ros2/2_service/install/my_interfaces/include/my_interfaces/my_interfaces/msg
[4.786s] -- Installing: /home/wudad10/Fold1/ros2/2_service/install/my_interfaces/include/my_interfaces/my_interfaces/msg/rosidl_typesupport_fastrtps_c__visibility_control.h
[4.786s] -- Installing: /home/wudad10/Fold1/ros2/2_service/install/my_interfaces/lib/libmy_interfaces__rosidl_typesupport_fastrtps_c.so
[4.787s] -- Set runtime path of "/home/wudad10/Fold1/ros2/2_service/install/my_interfaces/lib/libmy_interfaces__rosidl_typesupport_fastrtps_c.so" to ""
[4.787s] -- Up-to-date: /home/wudad10/Fold1/ros2/2_service/install/my_interfaces/include/my_interfaces/my_interfaces
[4.787s] -- Up-to-date: /home/wudad10/Fold1/ros2/2_service/install/my_interfaces/include/my_interfaces/my_interfaces/srv
[4.787s] -- Up-to-date: /home/wudad10/Fold1/ros2/2_service/install/my_interfaces/include/my_interfaces/my_interfaces/srv/detail
[4.787s] -- Installing: /home/wudad10/Fold1/ros2/2_service/install/my_interfaces/include/my_interfaces/my_interfaces/srv/detail/add_two_ints__rosidl_typesupport_introspection_c.h
[4.787s] -- Installing: /home/wudad10/Fold1/ros2/2_service/install/my_interfaces/include/my_interfaces/my_interfaces/srv/detail/add_two_ints__type_support.c
[4.787s] -- Up-to-date: /home/wudad10/Fold1/ros2/2_service/install/my_interfaces/include/my_interfaces/my_interfaces/msg
[4.787s] -- Installing: /home/wudad10/Fold1/ros2/2_service/install/my_interfaces/include/my_interfaces/my_interfaces/msg/rosidl_typesupport_introspection_c__visibility_control.h
[4.787s] -- Installing: /home/wudad10/Fold1/ros2/2_service/install/my_interfaces/lib/libmy_interfaces__rosidl_typesupport_introspection_c.so
[4.787s] -- Set runtime path of "/home/wudad10/Fold1/ros2/2_service/install/my_interfaces/lib/libmy_interfaces__rosidl_typesupport_introspection_c.so" to ""
[4.788s] -- Installing: /home/wudad10/Fold1/ros2/2_service/install/my_interfaces/lib/libmy_interfaces__rosidl_typesupport_c.so
[4.788s] -- Set runtime path of "/home/wudad10/Fold1/ros2/2_service/install/my_interfaces/lib/libmy_interfaces__rosidl_typesupport_c.so" to ""
[4.788s] -- Up-to-date: /home/wudad10/Fold1/ros2/2_service/install/my_interfaces/include/my_interfaces/my_interfaces
[4.788s] -- Up-to-date: /home/wudad10/Fold1/ros2/2_service/install/my_interfaces/include/my_interfaces/my_interfaces/srv
[4.789s] -- Up-to-date: /home/wudad10/Fold1/ros2/2_service/install/my_interfaces/include/my_interfaces/my_interfaces/srv/detail
[4.789s] -- Installing: /home/wudad10/Fold1/ros2/2_service/install/my_interfaces/include/my_interfaces/my_interfaces/srv/detail/add_two_ints__type_support.hpp
[4.789s] -- Installing: /home/wudad10/Fold1/ros2/2_service/install/my_interfaces/include/my_interfaces/my_interfaces/srv/detail/add_two_ints__traits.hpp
[4.789s] -- Installing: /home/wudad10/Fold1/ros2/2_service/install/my_interfaces/include/my_interfaces/my_interfaces/srv/detail/add_two_ints__builder.hpp
[4.789s] -- Installing: /home/wudad10/Fold1/ros2/2_service/install/my_interfaces/include/my_interfaces/my_interfaces/srv/detail/add_two_ints__struct.hpp
[4.789s] -- Installing: /home/wudad10/Fold1/ros2/2_service/install/my_interfaces/include/my_interfaces/my_interfaces/srv/add_two_ints.hpp
[4.789s] -- Up-to-date: /home/wudad10/Fold1/ros2/2_service/install/my_interfaces/include/my_interfaces/my_interfaces/msg
[4.790s] -- Installing: /home/wudad10/Fold1/ros2/2_service/install/my_interfaces/include/my_interfaces/my_interfaces/msg/rosidl_generator_cpp__visibility_control.hpp
[4.790s] -- Up-to-date: /home/wudad10/Fold1/ros2/2_service/install/my_interfaces/include/my_interfaces/my_interfaces
[4.790s] -- Up-to-date: /home/wudad10/Fold1/ros2/2_service/install/my_interfaces/include/my_interfaces/my_interfaces/srv
[4.790s] -- Up-to-date: /home/wudad10/Fold1/ros2/2_service/install/my_interfaces/include/my_interfaces/my_interfaces/srv/detail
[4.791s] -- Installing: /home/wudad10/Fold1/ros2/2_service/install/my_interfaces/include/my_interfaces/my_interfaces/srv/detail/dds_fastrtps
[4.791s] -- Installing: /home/wudad10/Fold1/ros2/2_service/install/my_interfaces/include/my_interfaces/my_interfaces/srv/detail/add_two_ints__rosidl_typesupport_fastrtps_cpp.hpp
[4.791s] -- Up-to-date: /home/wudad10/Fold1/ros2/2_service/install/my_interfaces/include/my_interfaces/my_interfaces/msg
[4.791s] -- Installing: /home/wudad10/Fold1/ros2/2_service/install/my_interfaces/include/my_interfaces/my_interfaces/msg/rosidl_typesupport_fastrtps_cpp__visibility_control.h
[4.791s] -- Installing: /home/wudad10/Fold1/ros2/2_service/install/my_interfaces/lib/libmy_interfaces__rosidl_typesupport_fastrtps_cpp.so
[4.791s] -- Set runtime path of "/home/wudad10/Fold1/ros2/2_service/install/my_interfaces/lib/libmy_interfaces__rosidl_typesupport_fastrtps_cpp.so" to ""
[4.792s] -- Up-to-date: /home/wudad10/Fold1/ros2/2_service/install/my_interfaces/include/my_interfaces/my_interfaces
[4.792s] -- Up-to-date: /home/wudad10/Fold1/ros2/2_service/install/my_interfaces/include/my_interfaces/my_interfaces/srv
[4.792s] -- Up-to-date: /home/wudad10/Fold1/ros2/2_service/install/my_interfaces/include/my_interfaces/my_interfaces/srv/detail
[4.792s] -- Installing: /home/wudad10/Fold1/ros2/2_service/install/my_interfaces/include/my_interfaces/my_interfaces/srv/detail/add_two_ints__type_support.cpp
[4.792s] -- Installing: /home/wudad10/Fold1/ros2/2_service/install/my_interfaces/include/my_interfaces/my_interfaces/srv/detail/add_two_ints__rosidl_typesupport_introspection_cpp.hpp
[4.792s] -- Installing: /home/wudad10/Fold1/ros2/2_service/install/my_interfaces/lib/libmy_interfaces__rosidl_typesupport_introspection_cpp.so
[4.792s] -- Set runtime path of "/home/wudad10/Fold1/ros2/2_service/install/my_interfaces/lib/libmy_interfaces__rosidl_typesupport_introspection_cpp.so" to ""
[4.792s] -- Installing: /home/wudad10/Fold1/ros2/2_service/install/my_interfaces/lib/libmy_interfaces__rosidl_typesupport_cpp.so
[4.792s] -- Set runtime path of "/home/wudad10/Fold1/ros2/2_service/install/my_interfaces/lib/libmy_interfaces__rosidl_typesupport_cpp.so" to ""
[4.792s] -- Installing: /home/wudad10/Fold1/ros2/2_service/install/my_interfaces/share/my_interfaces/environment/pythonpath.sh
[4.793s] -- Installing: /home/wudad10/Fold1/ros2/2_service/install/my_interfaces/share/my_interfaces/environment/pythonpath.dsv
[4.793s] -- Installing: /home/wudad10/Fold1/ros2/2_service/install/my_interfaces/local/lib/python3.10/dist-packages/my_interfaces-0.0.0-py3.10.egg-info
[4.793s] -- Installing: /home/wudad10/Fold1/ros2/2_service/install/my_interfaces/local/lib/python3.10/dist-packages/my_interfaces-0.0.0-py3.10.egg-info/dependency_links.txt
[4.793s] -- Installing: /home/wudad10/Fold1/ros2/2_service/install/my_interfaces/local/lib/python3.10/dist-packages/my_interfaces-0.0.0-py3.10.egg-info/PKG-INFO
[4.793s] -- Installing: /home/wudad10/Fold1/ros2/2_service/install/my_interfaces/local/lib/python3.10/dist-packages/my_interfaces-0.0.0-py3.10.egg-info/top_level.txt
[4.793s] -- Installing: /home/wudad10/Fold1/ros2/2_service/install/my_interfaces/local/lib/python3.10/dist-packages/my_interfaces-0.0.0-py3.10.egg-info/SOURCES.txt
[4.794s] -- Installing: /home/wudad10/Fold1/ros2/2_service/install/my_interfaces/local/lib/python3.10/dist-packages/my_interfaces
[4.794s] -- Installing: /home/wudad10/Fold1/ros2/2_service/install/my_interfaces/local/lib/python3.10/dist-packages/my_interfaces/libmy_interfaces__rosidl_generator_py.so
[4.794s] -- Installing: /home/wudad10/Fold1/ros2/2_service/install/my_interfaces/local/lib/python3.10/dist-packages/my_interfaces/_my_interfaces_s.ep.rosidl_typesupport_c.c
[4.794s] -- Installing: /home/wudad10/Fold1/ros2/2_service/install/my_interfaces/local/lib/python3.10/dist-packages/my_interfaces/srv
[4.794s] -- Installing: /home/wudad10/Fold1/ros2/2_service/install/my_interfaces/local/lib/python3.10/dist-packages/my_interfaces/srv/_add_two_ints.py
[4.794s] -- Installing: /home/wudad10/Fold1/ros2/2_service/install/my_interfaces/local/lib/python3.10/dist-packages/my_interfaces/srv/_add_two_ints_s.c
[4.795s] -- Installing: /home/wudad10/Fold1/ros2/2_service/install/my_interfaces/local/lib/python3.10/dist-packages/my_interfaces/srv/__init__.py
[4.795s] -- Installing: /home/wudad10/Fold1/ros2/2_service/install/my_interfaces/local/lib/python3.10/dist-packages/my_interfaces/my_interfaces_s__rosidl_typesupport_introspection_c.cpython-310-x86_64-linux-gnu.so
[4.795s] -- Installing: /home/wudad10/Fold1/ros2/2_service/install/my_interfaces/local/lib/python3.10/dist-packages/my_interfaces/_my_interfaces_s.ep.rosidl_typesupport_fastrtps_c.c
[4.795s] -- Installing: /home/wudad10/Fold1/ros2/2_service/install/my_interfaces/local/lib/python3.10/dist-packages/my_interfaces/my_interfaces_s__rosidl_typesupport_fastrtps_c.cpython-310-x86_64-linux-gnu.so
[4.795s] -- Installing: /home/wudad10/Fold1/ros2/2_service/install/my_interfaces/local/lib/python3.10/dist-packages/my_interfaces/_my_interfaces_s.ep.rosidl_typesupport_introspection_c.c
[4.796s] -- Installing: /home/wudad10/Fold1/ros2/2_service/install/my_interfaces/local/lib/python3.10/dist-packages/my_interfaces/my_interfaces_s__rosidl_typesupport_c.cpython-310-x86_64-linux-gnu.so
[4.796s] -- Installing: /home/wudad10/Fold1/ros2/2_service/install/my_interfaces/local/lib/python3.10/dist-packages/my_interfaces/__init__.py
[4.832s] Listing '/home/wudad10/Fold1/ros2/2_service/install/my_interfaces/local/lib/python3.10/dist-packages/my_interfaces'...
[4.832s] Compiling '/home/wudad10/Fold1/ros2/2_service/install/my_interfaces/local/lib/python3.10/dist-packages/my_interfaces/__init__.py'...
[4.832s] Listing '/home/wudad10/Fold1/ros2/2_service/install/my_interfaces/local/lib/python3.10/dist-packages/my_interfaces/srv'...
[4.832s] Compiling '/home/wudad10/Fold1/ros2/2_service/install/my_interfaces/local/lib/python3.10/dist-packages/my_interfaces/srv/__init__.py'...
[4.832s] Compiling '/home/wudad10/Fold1/ros2/2_service/install/my_interfaces/local/lib/python3.10/dist-packages/my_interfaces/srv/_add_two_ints.py'...
[4.838s] -- Installing: /home/wudad10/Fold1/ros2/2_service/install/my_interfaces/local/lib/python3.10/dist-packages/my_interfaces/my_interfaces_s__rosidl_typesupport_fastrtps_c.cpython-310-x86_64-linux-gnu.so
[4.838s] -- Set runtime path of "/home/wudad10/Fold1/ros2/2_service/install/my_interfaces/local/lib/python3.10/dist-packages/my_interfaces/my_interfaces_s__rosidl_typesupport_fastrtps_c.cpython-310-x86_64-linux-gnu.so" to ""
[4.838s] -- Installing: /home/wudad10/Fold1/ros2/2_service/install/my_interfaces/local/lib/python3.10/dist-packages/my_interfaces/my_interfaces_s__rosidl_typesupport_introspection_c.cpython-310-x86_64-linux-gnu.so
[4.839s] -- Set runtime path of "/home/wudad10/Fold1/ros2/2_service/install/my_interfaces/local/lib/python3.10/dist-packages/my_interfaces/my_interfaces_s__rosidl_typesupport_introspection_c.cpython-310-x86_64-linux-gnu.so" to ""
[4.840s] -- Installing: /home/wudad10/Fold1/ros2/2_service/install/my_interfaces/local/lib/python3.10/dist-packages/my_interfaces/my_interfaces_s__rosidl_typesupport_c.cpython-310-x86_64-linux-gnu.so
[4.841s] -- Set runtime path of "/home/wudad10/Fold1/ros2/2_service/install/my_interfaces/local/lib/python3.10/dist-packages/my_interfaces/my_interfaces_s__rosidl_typesupport_c.cpython-310-x86_64-linux-gnu.so" to ""
[4.841s] -- Installing: /home/wudad10/Fold1/ros2/2_service/install/my_interfaces/lib/libmy_interfaces__rosidl_generator_py.so
[4.841s] -- Set runtime path of "/home/wudad10/Fold1/ros2/2_service/install/my_interfaces/lib/libmy_interfaces__rosidl_generator_py.so" to ""
[4.841s] -- Installing: /home/wudad10/Fold1/ros2/2_service/install/my_interfaces/share/my_interfaces/srv/AddTwoInts.idl
[4.841s] -- Installing: /home/wudad10/Fold1/ros2/2_service/install/my_interfaces/share/my_interfaces/srv/AddTwoInts.srv
[4.841s] -- Installing: /home/wudad10/Fold1/ros2/2_service/install/my_interfaces/share/my_interfaces/srv/AddTwoInts_Request.msg
[4.842s] -- Installing: /home/wudad10/Fold1/ros2/2_service/install/my_interfaces/share/my_interfaces/srv/AddTwoInts_Response.msg
[4.842s] -- Installing: /home/wudad10/Fold1/ros2/2_service/install/my_interfaces/share/ament_index/resource_index/package_run_dependencies/my_interfaces
[4.842s] -- Installing: /home/wudad10/Fold1/ros2/2_service/install/my_interfaces/share/ament_index/resource_index/parent_prefix_path/my_interfaces
[4.843s] -- Installing: /home/wudad10/Fold1/ros2/2_service/install/my_interfaces/share/my_interfaces/environment/ament_prefix_path.sh
[4.843s] -- Installing: /home/wudad10/Fold1/ros2/2_service/install/my_interfaces/share/my_interfaces/environment/ament_prefix_path.dsv
[4.843s] -- Installing: /home/wudad10/Fold1/ros2/2_service/install/my_interfaces/share/my_interfaces/environment/path.sh
[4.844s] -- Installing: /home/wudad10/Fold1/ros2/2_service/install/my_interfaces/share/my_interfaces/environment/path.dsv
[4.844s] -- Installing: /home/wudad10/Fold1/ros2/2_service/install/my_interfaces/share/my_interfaces/local_setup.bash
[4.844s] -- Installing: /home/wudad10/Fold1/ros2/2_service/install/my_interfaces/share/my_interfaces/local_setup.sh
[4.844s] -- Installing: /home/wudad10/Fold1/ros2/2_service/install/my_interfaces/share/my_interfaces/local_setup.zsh
[4.845s] -- Installing: /home/wudad10/Fold1/ros2/2_service/install/my_interfaces/share/my_interfaces/local_setup.dsv
[4.845s] -- Installing: /home/wudad10/Fold1/ros2/2_service/install/my_interfaces/share/my_interfaces/package.dsv
[4.846s] -- Installing: /home/wudad10/Fold1/ros2/2_service/install/my_interfaces/share/ament_index/resource_index/packages/my_interfaces
[4.847s] -- Installing: /home/wudad10/Fold1/ros2/2_service/install/my_interfaces/share/my_interfaces/cmake/export_my_interfaces__rosidl_generator_cExport.cmake
[4.847s] -- Installing: /home/wudad10/Fold1/ros2/2_service/install/my_interfaces/share/my_interfaces/cmake/export_my_interfaces__rosidl_generator_cExport-noconfig.cmake
[4.847s] -- Installing: /home/wudad10/Fold1/ros2/2_service/install/my_interfaces/share/my_interfaces/cmake/export_my_interfaces__rosidl_typesupport_fastrtps_cExport.cmake
[4.847s] -- Installing: /home/wudad10/Fold1/ros2/2_service/install/my_interfaces/share/my_interfaces/cmake/export_my_interfaces__rosidl_typesupport_fastrtps_cExport-noconfig.cmake
[4.848s] -- Installing: /home/wudad10/Fold1/ros2/2_service/install/my_interfaces/share/my_interfaces/cmake/my_interfaces__rosidl_typesupport_introspection_cExport.cmake
[4.848s] -- Installing: /home/wudad10/Fold1/ros2/2_service/install/my_interfaces/share/my_interfaces/cmake/my_interfaces__rosidl_typesupport_introspection_cExport-noconfig.cmake
[4.848s] -- Installing: /home/wudad10/Fold1/ros2/2_service/install/my_interfaces/share/my_interfaces/cmake/my_interfaces__rosidl_typesupport_cExport.cmake
[4.848s] -- Installing: /home/wudad10/Fold1/ros2/2_service/install/my_interfaces/share/my_interfaces/cmake/my_interfaces__rosidl_typesupport_cExport-noconfig.cmake
[4.848s] -- Installing: /home/wudad10/Fold1/ros2/2_service/install/my_interfaces/share/my_interfaces/cmake/export_my_interfaces__rosidl_generator_cppExport.cmake
[4.848s] -- Installing: /home/wudad10/Fold1/ros2/2_service/install/my_interfaces/share/my_interfaces/cmake/export_my_interfaces__rosidl_typesupport_fastrtps_cppExport.cmake
[4.848s] -- Installing: /home/wudad10/Fold1/ros2/2_service/install/my_interfaces/share/my_interfaces/cmake/export_my_interfaces__rosidl_typesupport_fastrtps_cppExport-noconfig.cmake
[4.849s] -- Installing: /home/wudad10/Fold1/ros2/2_service/install/my_interfaces/share/my_interfaces/cmake/my_interfaces__rosidl_typesupport_introspection_cppExport.cmake
[4.849s] -- Installing: /home/wudad10/Fold1/ros2/2_service/install/my_interfaces/share/my_interfaces/cmake/my_interfaces__rosidl_typesupport_introspection_cppExport-noconfig.cmake
[4.849s] -- Installing: /home/wudad10/Fold1/ros2/2_service/install/my_interfaces/share/my_interfaces/cmake/my_interfaces__rosidl_typesupport_cppExport.cmake
[4.849s] -- Installing: /home/wudad10/Fold1/ros2/2_service/install/my_interfaces/share/my_interfaces/cmake/my_interfaces__rosidl_typesupport_cppExport-noconfig.cmake
[4.849s] -- Installing: /home/wudad10/Fold1/ros2/2_service/install/my_interfaces/share/my_interfaces/cmake/export_my_interfaces__rosidl_generator_pyExport.cmake
[4.850s] -- Installing: /home/wudad10/Fold1/ros2/2_service/install/my_interfaces/share/my_interfaces/cmake/export_my_interfaces__rosidl_generator_pyExport-noconfig.cmake
[4.850s] -- Installing: /home/wudad10/Fold1/ros2/2_service/install/my_interfaces/share/my_interfaces/cmake/rosidl_cmake-extras.cmake
[4.850s] -- Installing: /home/wudad10/Fold1/ros2/2_service/install/my_interfaces/share/my_interfaces/cmake/ament_cmake_export_include_directories-extras.cmake
[4.850s] -- Installing: /home/wudad10/Fold1/ros2/2_service/install/my_interfaces/share/my_interfaces/cmake/ament_cmake_export_libraries-extras.cmake
[4.851s] -- Installing: /home/wudad10/Fold1/ros2/2_service/install/my_interfaces/share/my_interfaces/cmake/ament_cmake_export_targets-extras.cmake
[4.851s] -- Installing: /home/wudad10/Fold1/ros2/2_service/install/my_interfaces/share/my_interfaces/cmake/rosidl_cmake_export_typesupport_targets-extras.cmake
[4.851s] -- Installing: /home/wudad10/Fold1/ros2/2_service/install/my_interfaces/share/my_interfaces/cmake/ament_cmake_export_dependencies-extras.cmake
[4.851s] -- Installing: /home/wudad10/Fold1/ros2/2_service/install/my_interfaces/share/my_interfaces/cmake/rosidl_cmake_export_typesupport_libraries-extras.cmake
[4.851s] -- Installing: /home/wudad10/Fold1/ros2/2_service/install/my_interfaces/share/my_interfaces/cmake/my_interfacesConfig.cmake
[4.851s] -- Installing: /home/wudad10/Fold1/ros2/2_service/install/my_interfaces/share/my_interfaces/cmake/my_interfacesConfig-version.cmake
[4.851s] -- Installing: /home/wudad10/Fold1/ros2/2_service/install/my_interfaces/share/my_interfaces/package.xml
[4.855s] Invoked command in '/home/wudad10/Fold1/ros2/2_service/build/my_interfaces' returned '0': CMAKE_PREFIX_PATH=${CMAKE_PREFIX_PATH}:/home/wudad10/Fold1/ros2/2_service/install/py_server:/home/wudad10/Fold1/chapter9/fishbot_ws/install/ros_serial2wifi:/home/wudad10/Fold1/chapter9/install/ros_serial2wifi:/opt/ros/humble /usr/bin/cmake --install /home/wudad10/Fold1/ros2/2_service/build/my_interfaces
