[0.034s] Invoking command in '/home/wudad10/Fold1/ros2/4_action/build/my_interfaces': CMAKE_PREFIX_PATH=${CMAKE_PREFIX_PATH}:/home/wudad10/Fold1/ros2/4_action/install/py_action_server:/home/wudad10/Fold1/ros2/4_action/install/py_action_client:/home/wudad10/Fold1/ros2/3_param/install/py_param_node:/home/wudad10/Fold1/chapter9/fishbot_ws/install/ros_serial2wifi:/home/wudad10/Fold1/chapter9/install/ros_serial2wifi:/opt/ros/humble /usr/bin/cmake --build /home/wudad10/Fold1/ros2/4_action/build/my_interfaces -- -j4 -l4
[0.167s] [  3%] Built target my_interfaces__cpp
[0.167s] [ 12%] Built target my_interfaces__rosidl_generator_c
[0.194s] [ 12%] Built target ament_cmake_python_copy_my_interfaces
[0.217s] [ 22%] Built target my_interfaces__rosidl_typesupport_c
[0.238s] [ 35%] Built target my_interfaces__rosidl_typesupport_fastrtps_c
[0.238s] [ 41%] Built target my_interfaces__rosidl_typesupport_introspection_c
[0.288s] [ 51%] Built target my_interfaces__rosidl_typesupport_fastrtps_cpp
[0.295s] [ 61%] Built target my_interfaces__rosidl_typesupport_cpp
[0.297s] [ 70%] Built target my_interfaces__rosidl_typesupport_introspection_cpp
[0.357s] [ 70%] Built target my_interfaces
[0.415s] [ 74%] Built target my_interfaces__py
[0.496s] [ 80%] Built target my_interfaces__rosidl_generator_py
[0.538s] [ 87%] Built target my_interfaces__rosidl_typesupport_c__pyext
[0.579s] [ 96%] Built target my_interfaces__rosidl_typesupport_introspection_c__pyext
[0.586s] [100%] Built target my_interfaces__rosidl_typesupport_fastrtps_c__pyext
[0.716s] running egg_info
[0.717s] writing my_interfaces.egg-info/PKG-INFO
[0.718s] writing dependency_links to my_interfaces.egg-info/dependency_links.txt
[0.718s] writing top-level names to my_interfaces.egg-info/top_level.txt
[0.723s] reading manifest file 'my_interfaces.egg-info/SOURCES.txt'
[0.723s] writing manifest file 'my_interfaces.egg-info/SOURCES.txt'
[0.768s] [100%] Built target ament_cmake_python_build_my_interfaces_egg
[0.787s] Invoked command in '/home/wudad10/Fold1/ros2/4_action/build/my_interfaces' returned '0': CMAKE_PREFIX_PATH=${CMAKE_PREFIX_PATH}:/home/wudad10/Fold1/ros2/4_action/install/py_action_server:/home/wudad10/Fold1/ros2/4_action/install/py_action_client:/home/wudad10/Fold1/ros2/3_param/install/py_param_node:/home/wudad10/Fold1/chapter9/fishbot_ws/install/ros_serial2wifi:/home/wudad10/Fold1/chapter9/install/ros_serial2wifi:/opt/ros/humble /usr/bin/cmake --build /home/wudad10/Fold1/ros2/4_action/build/my_interfaces -- -j4 -l4
[0.803s] Invoking command in '/home/wudad10/Fold1/ros2/4_action/build/my_interfaces': CMAKE_PREFIX_PATH=${CMAKE_PREFIX_PATH}:/home/wudad10/Fold1/ros2/4_action/install/py_action_server:/home/wudad10/Fold1/ros2/4_action/install/py_action_client:/home/wudad10/Fold1/ros2/3_param/install/py_param_node:/home/wudad10/Fold1/chapter9/fishbot_ws/install/ros_serial2wifi:/home/wudad10/Fold1/chapter9/install/ros_serial2wifi:/opt/ros/humble /usr/bin/cmake --install /home/wudad10/Fold1/ros2/4_action/build/my_interfaces
[0.818s] -- Install configuration: ""
[0.818s] -- Up-to-date: /home/wudad10/Fold1/ros2/4_action/install/my_interfaces/share/ament_index/resource_index/rosidl_interfaces/my_interfaces
[0.820s] -- Up-to-date: /home/wudad10/Fold1/ros2/4_action/install/my_interfaces/include/my_interfaces/my_interfaces
[0.820s] -- Up-to-date: /home/wudad10/Fold1/ros2/4_action/install/my_interfaces/include/my_interfaces/my_interfaces/msg
[0.820s] -- Up-to-date: /home/wudad10/Fold1/ros2/4_action/install/my_interfaces/include/my_interfaces/my_interfaces/msg/rosidl_generator_c__visibility_control.h
[0.820s] -- Up-to-date: /home/wudad10/Fold1/ros2/4_action/install/my_interfaces/include/my_interfaces/my_interfaces/action
[0.820s] -- Up-to-date: /home/wudad10/Fold1/ros2/4_action/install/my_interfaces/include/my_interfaces/my_interfaces/action/detail
[0.820s] -- Up-to-date: /home/wudad10/Fold1/ros2/4_action/install/my_interfaces/include/my_interfaces/my_interfaces/action/detail/count__struct.h
[0.820s] -- Up-to-date: /home/wudad10/Fold1/ros2/4_action/install/my_interfaces/include/my_interfaces/my_interfaces/action/detail/count__functions.c
[0.820s] -- Up-to-date: /home/wudad10/Fold1/ros2/4_action/install/my_interfaces/include/my_interfaces/my_interfaces/action/detail/count__functions.h
[0.820s] -- Up-to-date: /home/wudad10/Fold1/ros2/4_action/install/my_interfaces/include/my_interfaces/my_interfaces/action/detail/count__type_support.h
[0.820s] -- Up-to-date: /home/wudad10/Fold1/ros2/4_action/install/my_interfaces/include/my_interfaces/my_interfaces/action/count.h
[0.820s] -- Up-to-date: /home/wudad10/Fold1/ros2/4_action/install/my_interfaces/share/my_interfaces/environment/library_path.sh
[0.820s] -- Up-to-date: /home/wudad10/Fold1/ros2/4_action/install/my_interfaces/share/my_interfaces/environment/library_path.dsv
[0.821s] -- Up-to-date: /home/wudad10/Fold1/ros2/4_action/install/my_interfaces/lib/libmy_interfaces__rosidl_generator_c.so
[0.821s] -- Up-to-date: /home/wudad10/Fold1/ros2/4_action/install/my_interfaces/include/my_interfaces/my_interfaces
[0.821s] -- Up-to-date: /home/wudad10/Fold1/ros2/4_action/install/my_interfaces/include/my_interfaces/my_interfaces/msg
[0.821s] -- Up-to-date: /home/wudad10/Fold1/ros2/4_action/install/my_interfaces/include/my_interfaces/my_interfaces/msg/rosidl_typesupport_fastrtps_c__visibility_control.h
[0.822s] -- Up-to-date: /home/wudad10/Fold1/ros2/4_action/install/my_interfaces/include/my_interfaces/my_interfaces/action
[0.825s] -- Up-to-date: /home/wudad10/Fold1/ros2/4_action/install/my_interfaces/include/my_interfaces/my_interfaces/action/detail
[0.825s] -- Up-to-date: /home/wudad10/Fold1/ros2/4_action/install/my_interfaces/include/my_interfaces/my_interfaces/action/detail/count__rosidl_typesupport_fastrtps_c.h
[0.826s] -- Up-to-date: /home/wudad10/Fold1/ros2/4_action/install/my_interfaces/lib/libmy_interfaces__rosidl_typesupport_fastrtps_c.so
[0.826s] -- Up-to-date: /home/wudad10/Fold1/ros2/4_action/install/my_interfaces/include/my_interfaces/my_interfaces
[0.826s] -- Up-to-date: /home/wudad10/Fold1/ros2/4_action/install/my_interfaces/include/my_interfaces/my_interfaces/msg
[0.826s] -- Up-to-date: /home/wudad10/Fold1/ros2/4_action/install/my_interfaces/include/my_interfaces/my_interfaces/msg/rosidl_typesupport_introspection_c__visibility_control.h
[0.826s] -- Up-to-date: /home/wudad10/Fold1/ros2/4_action/install/my_interfaces/include/my_interfaces/my_interfaces/action
[0.826s] -- Up-to-date: /home/wudad10/Fold1/ros2/4_action/install/my_interfaces/include/my_interfaces/my_interfaces/action/detail
[0.826s] -- Up-to-date: /home/wudad10/Fold1/ros2/4_action/install/my_interfaces/include/my_interfaces/my_interfaces/action/detail/count__type_support.c
[0.826s] -- Up-to-date: /home/wudad10/Fold1/ros2/4_action/install/my_interfaces/include/my_interfaces/my_interfaces/action/detail/count__rosidl_typesupport_introspection_c.h
[0.826s] -- Up-to-date: /home/wudad10/Fold1/ros2/4_action/install/my_interfaces/lib/libmy_interfaces__rosidl_typesupport_introspection_c.so
[0.826s] -- Up-to-date: /home/wudad10/Fold1/ros2/4_action/install/my_interfaces/lib/libmy_interfaces__rosidl_typesupport_c.so
[0.826s] -- Up-to-date: /home/wudad10/Fold1/ros2/4_action/install/my_interfaces/include/my_interfaces/my_interfaces
[0.826s] -- Up-to-date: /home/wudad10/Fold1/ros2/4_action/install/my_interfaces/include/my_interfaces/my_interfaces/msg
[0.826s] -- Up-to-date: /home/wudad10/Fold1/ros2/4_action/install/my_interfaces/include/my_interfaces/my_interfaces/msg/rosidl_generator_cpp__visibility_control.hpp
[0.826s] -- Up-to-date: /home/wudad10/Fold1/ros2/4_action/install/my_interfaces/include/my_interfaces/my_interfaces/action
[0.826s] -- Up-to-date: /home/wudad10/Fold1/ros2/4_action/install/my_interfaces/include/my_interfaces/my_interfaces/action/detail
[0.826s] -- Up-to-date: /home/wudad10/Fold1/ros2/4_action/install/my_interfaces/include/my_interfaces/my_interfaces/action/detail/count__type_support.hpp
[0.826s] -- Up-to-date: /home/wudad10/Fold1/ros2/4_action/install/my_interfaces/include/my_interfaces/my_interfaces/action/detail/count__builder.hpp
[0.826s] -- Up-to-date: /home/wudad10/Fold1/ros2/4_action/install/my_interfaces/include/my_interfaces/my_interfaces/action/detail/count__struct.hpp
[0.826s] -- Up-to-date: /home/wudad10/Fold1/ros2/4_action/install/my_interfaces/include/my_interfaces/my_interfaces/action/detail/count__traits.hpp
[0.827s] -- Up-to-date: /home/wudad10/Fold1/ros2/4_action/install/my_interfaces/include/my_interfaces/my_interfaces/action/count.hpp
[0.827s] -- Up-to-date: /home/wudad10/Fold1/ros2/4_action/install/my_interfaces/include/my_interfaces/my_interfaces
[0.827s] -- Up-to-date: /home/wudad10/Fold1/ros2/4_action/install/my_interfaces/include/my_interfaces/my_interfaces/msg
[0.827s] -- Up-to-date: /home/wudad10/Fold1/ros2/4_action/install/my_interfaces/include/my_interfaces/my_interfaces/msg/rosidl_typesupport_fastrtps_cpp__visibility_control.h
[0.827s] -- Up-to-date: /home/wudad10/Fold1/ros2/4_action/install/my_interfaces/include/my_interfaces/my_interfaces/action
[0.827s] -- Up-to-date: /home/wudad10/Fold1/ros2/4_action/install/my_interfaces/include/my_interfaces/my_interfaces/action/detail
[0.827s] -- Up-to-date: /home/wudad10/Fold1/ros2/4_action/install/my_interfaces/include/my_interfaces/my_interfaces/action/detail/count__rosidl_typesupport_fastrtps_cpp.hpp
[0.827s] -- Up-to-date: /home/wudad10/Fold1/ros2/4_action/install/my_interfaces/include/my_interfaces/my_interfaces/action/detail/dds_fastrtps
[0.827s] -- Up-to-date: /home/wudad10/Fold1/ros2/4_action/install/my_interfaces/lib/libmy_interfaces__rosidl_typesupport_fastrtps_cpp.so
[0.827s] -- Up-to-date: /home/wudad10/Fold1/ros2/4_action/install/my_interfaces/include/my_interfaces/my_interfaces
[0.827s] -- Up-to-date: /home/wudad10/Fold1/ros2/4_action/install/my_interfaces/include/my_interfaces/my_interfaces/action
[0.827s] -- Up-to-date: /home/wudad10/Fold1/ros2/4_action/install/my_interfaces/include/my_interfaces/my_interfaces/action/detail
[0.827s] -- Up-to-date: /home/wudad10/Fold1/ros2/4_action/install/my_interfaces/include/my_interfaces/my_interfaces/action/detail/count__type_support.cpp
[0.827s] -- Up-to-date: /home/wudad10/Fold1/ros2/4_action/install/my_interfaces/include/my_interfaces/my_interfaces/action/detail/count__rosidl_typesupport_introspection_cpp.hpp
[0.830s] -- Up-to-date: /home/wudad10/Fold1/ros2/4_action/install/my_interfaces/lib/libmy_interfaces__rosidl_typesupport_introspection_cpp.so
[0.830s] -- Up-to-date: /home/wudad10/Fold1/ros2/4_action/install/my_interfaces/lib/libmy_interfaces__rosidl_typesupport_cpp.so
[0.830s] -- Up-to-date: /home/wudad10/Fold1/ros2/4_action/install/my_interfaces/share/my_interfaces/environment/pythonpath.sh
[0.830s] -- Up-to-date: /home/wudad10/Fold1/ros2/4_action/install/my_interfaces/share/my_interfaces/environment/pythonpath.dsv
[0.830s] -- Up-to-date: /home/wudad10/Fold1/ros2/4_action/install/my_interfaces/local/lib/python3.10/dist-packages/my_interfaces-0.0.0-py3.10.egg-info
[0.830s] -- Installing: /home/wudad10/Fold1/ros2/4_action/install/my_interfaces/local/lib/python3.10/dist-packages/my_interfaces-0.0.0-py3.10.egg-info/dependency_links.txt
[0.830s] -- Installing: /home/wudad10/Fold1/ros2/4_action/install/my_interfaces/local/lib/python3.10/dist-packages/my_interfaces-0.0.0-py3.10.egg-info/PKG-INFO
[0.830s] -- Installing: /home/wudad10/Fold1/ros2/4_action/install/my_interfaces/local/lib/python3.10/dist-packages/my_interfaces-0.0.0-py3.10.egg-info/top_level.txt
[0.830s] -- Installing: /home/wudad10/Fold1/ros2/4_action/install/my_interfaces/local/lib/python3.10/dist-packages/my_interfaces-0.0.0-py3.10.egg-info/SOURCES.txt
[0.830s] -- Up-to-date: /home/wudad10/Fold1/ros2/4_action/install/my_interfaces/local/lib/python3.10/dist-packages/my_interfaces
[0.831s] -- Up-to-date: /home/wudad10/Fold1/ros2/4_action/install/my_interfaces/local/lib/python3.10/dist-packages/my_interfaces/libmy_interfaces__rosidl_generator_py.so
[0.831s] -- Up-to-date: /home/wudad10/Fold1/ros2/4_action/install/my_interfaces/local/lib/python3.10/dist-packages/my_interfaces/_my_interfaces_s.ep.rosidl_typesupport_c.c
[0.831s] -- Up-to-date: /home/wudad10/Fold1/ros2/4_action/install/my_interfaces/local/lib/python3.10/dist-packages/my_interfaces/my_interfaces_s__rosidl_typesupport_introspection_c.cpython-310-x86_64-linux-gnu.so
[0.831s] -- Up-to-date: /home/wudad10/Fold1/ros2/4_action/install/my_interfaces/local/lib/python3.10/dist-packages/my_interfaces/_my_interfaces_s.ep.rosidl_typesupport_fastrtps_c.c
[0.831s] -- Up-to-date: /home/wudad10/Fold1/ros2/4_action/install/my_interfaces/local/lib/python3.10/dist-packages/my_interfaces/my_interfaces_s__rosidl_typesupport_fastrtps_c.cpython-310-x86_64-linux-gnu.so
[0.831s] -- Up-to-date: /home/wudad10/Fold1/ros2/4_action/install/my_interfaces/local/lib/python3.10/dist-packages/my_interfaces/_my_interfaces_s.ep.rosidl_typesupport_introspection_c.c
[0.831s] -- Up-to-date: /home/wudad10/Fold1/ros2/4_action/install/my_interfaces/local/lib/python3.10/dist-packages/my_interfaces/my_interfaces_s__rosidl_typesupport_c.cpython-310-x86_64-linux-gnu.so
[0.831s] -- Up-to-date: /home/wudad10/Fold1/ros2/4_action/install/my_interfaces/local/lib/python3.10/dist-packages/my_interfaces/__init__.py
[0.831s] -- Up-to-date: /home/wudad10/Fold1/ros2/4_action/install/my_interfaces/local/lib/python3.10/dist-packages/my_interfaces/action
[0.831s] -- Up-to-date: /home/wudad10/Fold1/ros2/4_action/install/my_interfaces/local/lib/python3.10/dist-packages/my_interfaces/action/_count_s.c
[0.832s] -- Up-to-date: /home/wudad10/Fold1/ros2/4_action/install/my_interfaces/local/lib/python3.10/dist-packages/my_interfaces/action/_count.py
[0.832s] -- Up-to-date: /home/wudad10/Fold1/ros2/4_action/install/my_interfaces/local/lib/python3.10/dist-packages/my_interfaces/action/__init__.py
[0.895s] Listing '/home/wudad10/Fold1/ros2/4_action/install/my_interfaces/local/lib/python3.10/dist-packages/my_interfaces'...
[0.895s] Listing '/home/wudad10/Fold1/ros2/4_action/install/my_interfaces/local/lib/python3.10/dist-packages/my_interfaces/action'...
[0.904s] -- Up-to-date: /home/wudad10/Fold1/ros2/4_action/install/my_interfaces/local/lib/python3.10/dist-packages/my_interfaces/my_interfaces_s__rosidl_typesupport_fastrtps_c.cpython-310-x86_64-linux-gnu.so
[0.905s] -- Up-to-date: /home/wudad10/Fold1/ros2/4_action/install/my_interfaces/local/lib/python3.10/dist-packages/my_interfaces/my_interfaces_s__rosidl_typesupport_introspection_c.cpython-310-x86_64-linux-gnu.so
[0.905s] -- Up-to-date: /home/wudad10/Fold1/ros2/4_action/install/my_interfaces/local/lib/python3.10/dist-packages/my_interfaces/my_interfaces_s__rosidl_typesupport_c.cpython-310-x86_64-linux-gnu.so
[0.906s] -- Up-to-date: /home/wudad10/Fold1/ros2/4_action/install/my_interfaces/lib/libmy_interfaces__rosidl_generator_py.so
[0.907s] -- Up-to-date: /home/wudad10/Fold1/ros2/4_action/install/my_interfaces/share/my_interfaces/action/Count.idl
[0.907s] -- Up-to-date: /home/wudad10/Fold1/ros2/4_action/install/my_interfaces/share/my_interfaces/action/Count.action
[0.907s] -- Up-to-date: /home/wudad10/Fold1/ros2/4_action/install/my_interfaces/share/ament_index/resource_index/package_run_dependencies/my_interfaces
[0.907s] -- Up-to-date: /home/wudad10/Fold1/ros2/4_action/install/my_interfaces/share/ament_index/resource_index/parent_prefix_path/my_interfaces
[0.907s] -- Up-to-date: /home/wudad10/Fold1/ros2/4_action/install/my_interfaces/share/my_interfaces/environment/ament_prefix_path.sh
[0.908s] -- Up-to-date: /home/wudad10/Fold1/ros2/4_action/install/my_interfaces/share/my_interfaces/environment/ament_prefix_path.dsv
[0.908s] -- Up-to-date: /home/wudad10/Fold1/ros2/4_action/install/my_interfaces/share/my_interfaces/environment/path.sh
[0.908s] -- Up-to-date: /home/wudad10/Fold1/ros2/4_action/install/my_interfaces/share/my_interfaces/environment/path.dsv
[0.909s] -- Up-to-date: /home/wudad10/Fold1/ros2/4_action/install/my_interfaces/share/my_interfaces/local_setup.bash
[0.909s] -- Up-to-date: /home/wudad10/Fold1/ros2/4_action/install/my_interfaces/share/my_interfaces/local_setup.sh
[0.909s] -- Up-to-date: /home/wudad10/Fold1/ros2/4_action/install/my_interfaces/share/my_interfaces/local_setup.zsh
[0.909s] -- Up-to-date: /home/wudad10/Fold1/ros2/4_action/install/my_interfaces/share/my_interfaces/local_setup.dsv
[0.909s] -- Installing: /home/wudad10/Fold1/ros2/4_action/install/my_interfaces/share/my_interfaces/package.dsv
[0.909s] -- Up-to-date: /home/wudad10/Fold1/ros2/4_action/install/my_interfaces/share/ament_index/resource_index/packages/my_interfaces
[0.910s] -- Up-to-date: /home/wudad10/Fold1/ros2/4_action/install/my_interfaces/share/my_interfaces/cmake/export_my_interfaces__rosidl_generator_cExport.cmake
[0.910s] -- Up-to-date: /home/wudad10/Fold1/ros2/4_action/install/my_interfaces/share/my_interfaces/cmake/export_my_interfaces__rosidl_generator_cExport-noconfig.cmake
[0.911s] -- Up-to-date: /home/wudad10/Fold1/ros2/4_action/install/my_interfaces/share/my_interfaces/cmake/export_my_interfaces__rosidl_typesupport_fastrtps_cExport.cmake
[0.911s] -- Up-to-date: /home/wudad10/Fold1/ros2/4_action/install/my_interfaces/share/my_interfaces/cmake/export_my_interfaces__rosidl_typesupport_fastrtps_cExport-noconfig.cmake
[0.911s] -- Up-to-date: /home/wudad10/Fold1/ros2/4_action/install/my_interfaces/share/my_interfaces/cmake/my_interfaces__rosidl_typesupport_introspection_cExport.cmake
[0.911s] -- Up-to-date: /home/wudad10/Fold1/ros2/4_action/install/my_interfaces/share/my_interfaces/cmake/my_interfaces__rosidl_typesupport_introspection_cExport-noconfig.cmake
[0.912s] -- Up-to-date: /home/wudad10/Fold1/ros2/4_action/install/my_interfaces/share/my_interfaces/cmake/my_interfaces__rosidl_typesupport_cExport.cmake
[0.912s] -- Up-to-date: /home/wudad10/Fold1/ros2/4_action/install/my_interfaces/share/my_interfaces/cmake/my_interfaces__rosidl_typesupport_cExport-noconfig.cmake
[0.912s] -- Up-to-date: /home/wudad10/Fold1/ros2/4_action/install/my_interfaces/share/my_interfaces/cmake/export_my_interfaces__rosidl_generator_cppExport.cmake
[0.913s] -- Up-to-date: /home/wudad10/Fold1/ros2/4_action/install/my_interfaces/share/my_interfaces/cmake/export_my_interfaces__rosidl_typesupport_fastrtps_cppExport.cmake
[0.913s] -- Up-to-date: /home/wudad10/Fold1/ros2/4_action/install/my_interfaces/share/my_interfaces/cmake/export_my_interfaces__rosidl_typesupport_fastrtps_cppExport-noconfig.cmake
[0.913s] -- Up-to-date: /home/wudad10/Fold1/ros2/4_action/install/my_interfaces/share/my_interfaces/cmake/my_interfaces__rosidl_typesupport_introspection_cppExport.cmake
[0.914s] -- Up-to-date: /home/wudad10/Fold1/ros2/4_action/install/my_interfaces/share/my_interfaces/cmake/my_interfaces__rosidl_typesupport_introspection_cppExport-noconfig.cmake
[0.914s] -- Up-to-date: /home/wudad10/Fold1/ros2/4_action/install/my_interfaces/share/my_interfaces/cmake/my_interfaces__rosidl_typesupport_cppExport.cmake
[0.915s] -- Up-to-date: /home/wudad10/Fold1/ros2/4_action/install/my_interfaces/share/my_interfaces/cmake/my_interfaces__rosidl_typesupport_cppExport-noconfig.cmake
[0.915s] -- Up-to-date: /home/wudad10/Fold1/ros2/4_action/install/my_interfaces/share/my_interfaces/cmake/export_my_interfaces__rosidl_generator_pyExport.cmake
[0.915s] -- Up-to-date: /home/wudad10/Fold1/ros2/4_action/install/my_interfaces/share/my_interfaces/cmake/export_my_interfaces__rosidl_generator_pyExport-noconfig.cmake
[0.915s] -- Up-to-date: /home/wudad10/Fold1/ros2/4_action/install/my_interfaces/share/my_interfaces/cmake/rosidl_cmake-extras.cmake
[0.915s] -- Up-to-date: /home/wudad10/Fold1/ros2/4_action/install/my_interfaces/share/my_interfaces/cmake/ament_cmake_export_dependencies-extras.cmake
[0.916s] -- Up-to-date: /home/wudad10/Fold1/ros2/4_action/install/my_interfaces/share/my_interfaces/cmake/ament_cmake_export_include_directories-extras.cmake
[0.916s] -- Up-to-date: /home/wudad10/Fold1/ros2/4_action/install/my_interfaces/share/my_interfaces/cmake/ament_cmake_export_libraries-extras.cmake
[0.916s] -- Up-to-date: /home/wudad10/Fold1/ros2/4_action/install/my_interfaces/share/my_interfaces/cmake/ament_cmake_export_targets-extras.cmake
[0.916s] -- Up-to-date: /home/wudad10/Fold1/ros2/4_action/install/my_interfaces/share/my_interfaces/cmake/rosidl_cmake_export_typesupport_targets-extras.cmake
[0.916s] -- Up-to-date: /home/wudad10/Fold1/ros2/4_action/install/my_interfaces/share/my_interfaces/cmake/rosidl_cmake_export_typesupport_libraries-extras.cmake
[0.917s] -- Up-to-date: /home/wudad10/Fold1/ros2/4_action/install/my_interfaces/share/my_interfaces/cmake/my_interfacesConfig.cmake
[0.917s] -- Up-to-date: /home/wudad10/Fold1/ros2/4_action/install/my_interfaces/share/my_interfaces/cmake/my_interfacesConfig-version.cmake
[0.917s] -- Up-to-date: /home/wudad10/Fold1/ros2/4_action/install/my_interfaces/share/my_interfaces/package.xml
[0.930s] Invoked command in '/home/wudad10/Fold1/ros2/4_action/build/my_interfaces' returned '0': CMAKE_PREFIX_PATH=${CMAKE_PREFIX_PATH}:/home/wudad10/Fold1/ros2/4_action/install/py_action_server:/home/wudad10/Fold1/ros2/4_action/install/py_action_client:/home/wudad10/Fold1/ros2/3_param/install/py_param_node:/home/wudad10/Fold1/chapter9/fishbot_ws/install/ros_serial2wifi:/home/wudad10/Fold1/chapter9/install/ros_serial2wifi:/opt/ros/humble /usr/bin/cmake --install /home/wudad10/Fold1/ros2/4_action/build/my_interfaces
