running egg_info
writing ../../build/py_server/py_server.egg-info/PKG-INFO
writing dependency_links to ../../build/py_server/py_server.egg-info/dependency_links.txt
writing entry points to ../../build/py_server/py_server.egg-info/entry_points.txt
writing requirements to ../../build/py_server/py_server.egg-info/requires.txt
writing top-level names to ../../build/py_server/py_server.egg-info/top_level.txt
reading manifest file '../../build/py_server/py_server.egg-info/SOURCES.txt'
writing manifest file '../../build/py_server/py_server.egg-info/SOURCES.txt'
running build
running build_py
running install
running install_lib
running install_data
running install_egg_info
removing '/home/wudad10/Fold1/ros2/2_service/install/py_server/lib/python3.10/site-packages/py_server-0.0.0-py3.10.egg-info' (and everything under it)
Copying ../../build/py_server/py_server.egg-info to /home/wudad10/Fold1/ros2/2_service/install/py_server/lib/python3.10/site-packages/py_server-0.0.0-py3.10.egg-info
running install_scripts
Installing py_client script to /home/wudad10/Fold1/ros2/2_service/install/py_server/lib/py_server
Installing py_server script to /home/wudad10/Fold1/ros2/2_service/install/py_server/lib/py_server
writing list of installed files to '/home/wudad10/Fold1/ros2/2_service/build/py_server/install.log'
