[0.031s] Invoking command in '/home/wudad10/Fold1/ros2/2_service/build/cpp_server': CMAKE_PREFIX_PATH=${CMAKE_PREFIX_PATH}:/home/wudad10/Fold1/ros2/2_service/install/py_server:/home/wudad10/Fold1/chapter9/fishbot_ws/install/ros_serial2wifi:/home/wudad10/Fold1/chapter9/install/ros_serial2wifi:/opt/ros/humble /usr/bin/cmake --build /home/wudad10/Fold1/ros2/2_service/build/cpp_server -- -j4 -l4
[0.131s] [ 50%] Built target cpp_client
[0.132s] [100%] Built target cpp_server
[0.379s] Invoked command in '/home/wudad10/Fold1/ros2/2_service/build/cpp_server' returned '0': CMAKE_PREFIX_PATH=${CMAKE_PREFIX_PATH}:/home/wudad10/Fold1/ros2/2_service/install/py_server:/home/wudad10/Fold1/chapter9/fishbot_ws/install/ros_serial2wifi:/home/wudad10/Fold1/chapter9/install/ros_serial2wifi:/opt/ros/humble /usr/bin/cmake --build /home/wudad10/Fold1/ros2/2_service/build/cpp_server -- -j4 -l4
[0.399s] Invoking command in '/home/wudad10/Fold1/ros2/2_service/build/cpp_server': CMAKE_PREFIX_PATH=${CMAKE_PREFIX_PATH}:/home/wudad10/Fold1/ros2/2_service/install/py_server:/home/wudad10/Fold1/chapter9/fishbot_ws/install/ros_serial2wifi:/home/wudad10/Fold1/chapter9/install/ros_serial2wifi:/opt/ros/humble /usr/bin/cmake --install /home/wudad10/Fold1/ros2/2_service/build/cpp_server
[0.407s] -- Install configuration: ""
[0.408s] -- Up-to-date: /home/wudad10/Fold1/ros2/2_service/install/cpp_server/lib/cpp_server/cpp_server
[0.408s] -- Up-to-date: /home/wudad10/Fold1/ros2/2_service/install/cpp_server/lib/cpp_server/cpp_client
[0.408s] -- Up-to-date: /home/wudad10/Fold1/ros2/2_service/install/cpp_server/share/ament_index/resource_index/package_run_dependencies/cpp_server
[0.408s] -- Up-to-date: /home/wudad10/Fold1/ros2/2_service/install/cpp_server/share/ament_index/resource_index/parent_prefix_path/cpp_server
[0.409s] -- Up-to-date: /home/wudad10/Fold1/ros2/2_service/install/cpp_server/share/cpp_server/environment/ament_prefix_path.sh
[0.409s] -- Up-to-date: /home/wudad10/Fold1/ros2/2_service/install/cpp_server/share/cpp_server/environment/ament_prefix_path.dsv
[0.409s] -- Up-to-date: /home/wudad10/Fold1/ros2/2_service/install/cpp_server/share/cpp_server/environment/path.sh
[0.409s] -- Up-to-date: /home/wudad10/Fold1/ros2/2_service/install/cpp_server/share/cpp_server/environment/path.dsv
[0.409s] -- Up-to-date: /home/wudad10/Fold1/ros2/2_service/install/cpp_server/share/cpp_server/local_setup.bash
[0.409s] -- Up-to-date: /home/wudad10/Fold1/ros2/2_service/install/cpp_server/share/cpp_server/local_setup.sh
[0.409s] -- Up-to-date: /home/wudad10/Fold1/ros2/2_service/install/cpp_server/share/cpp_server/local_setup.zsh
[0.409s] -- Up-to-date: /home/wudad10/Fold1/ros2/2_service/install/cpp_server/share/cpp_server/local_setup.dsv
[0.411s] -- Installing: /home/wudad10/Fold1/ros2/2_service/install/cpp_server/share/cpp_server/package.dsv
[0.412s] -- Up-to-date: /home/wudad10/Fold1/ros2/2_service/install/cpp_server/share/ament_index/resource_index/packages/cpp_server
[0.412s] -- Up-to-date: /home/wudad10/Fold1/ros2/2_service/install/cpp_server/share/cpp_server/cmake/cpp_serverConfig.cmake
[0.412s] -- Up-to-date: /home/wudad10/Fold1/ros2/2_service/install/cpp_server/share/cpp_server/cmake/cpp_serverConfig-version.cmake
[0.412s] -- Up-to-date: /home/wudad10/Fold1/ros2/2_service/install/cpp_server/share/cpp_server/package.xml
[0.417s] Invoked command in '/home/wudad10/Fold1/ros2/2_service/build/cpp_server' returned '0': CMAKE_PREFIX_PATH=${CMAKE_PREFIX_PATH}:/home/wudad10/Fold1/ros2/2_service/install/py_server:/home/wudad10/Fold1/chapter9/fishbot_ws/install/ros_serial2wifi:/home/wudad10/Fold1/chapter9/install/ros_serial2wifi:/opt/ros/humble /usr/bin/cmake --install /home/wudad10/Fold1/ros2/2_service/build/cpp_server
