running egg_info
writing ../../build/py_tf/py_tf.egg-info/PKG-INFO
writing dependency_links to ../../build/py_tf/py_tf.egg-info/dependency_links.txt
writing entry points to ../../build/py_tf/py_tf.egg-info/entry_points.txt
writing requirements to ../../build/py_tf/py_tf.egg-info/requires.txt
writing top-level names to ../../build/py_tf/py_tf.egg-info/top_level.txt
reading manifest file '../../build/py_tf/py_tf.egg-info/SOURCES.txt'
writing manifest file '../../build/py_tf/py_tf.egg-info/SOURCES.txt'
running build
running build_py
copying py_tf/py_tf_listener.py -> /home/wudad10/Fold1/ros2/6_tf/build/py_tf/build/lib/py_tf
copying py_tf/py_tf_pub.py -> /home/wudad10/Fold1/ros2/6_tf/build/py_tf/build/lib/py_tf
running install
running install_lib
copying /home/wudad10/Fold1/ros2/6_tf/build/py_tf/build/lib/py_tf/py_tf_listener.py -> /home/wudad10/Fold1/ros2/6_tf/install/py_tf/lib/python3.10/site-packages/py_tf
copying /home/wudad10/Fold1/ros2/6_tf/build/py_tf/build/lib/py_tf/py_tf_pub.py -> /home/wudad10/Fold1/ros2/6_tf/install/py_tf/lib/python3.10/site-packages/py_tf
byte-compiling /home/wudad10/Fold1/ros2/6_tf/install/py_tf/lib/python3.10/site-packages/py_tf/py_tf_listener.py to py_tf_listener.cpython-310.pyc
byte-compiling /home/wudad10/Fold1/ros2/6_tf/install/py_tf/lib/python3.10/site-packages/py_tf/py_tf_pub.py to py_tf_pub.cpython-310.pyc
running install_data
creating /home/wudad10/Fold1/ros2/6_tf/install/py_tf/share/py_tf/launch
copying launch/py_tf.launch.py -> /home/wudad10/Fold1/ros2/6_tf/install/py_tf/share/py_tf/launch
running install_egg_info
removing '/home/wudad10/Fold1/ros2/6_tf/install/py_tf/lib/python3.10/site-packages/py_tf-0.0.0-py3.10.egg-info' (and everything under it)
Copying ../../build/py_tf/py_tf.egg-info to /home/wudad10/Fold1/ros2/6_tf/install/py_tf/lib/python3.10/site-packages/py_tf-0.0.0-py3.10.egg-info
running install_scripts
Installing py_tf_broadcaster script to /home/wudad10/Fold1/ros2/6_tf/install/py_tf/lib/py_tf
Installing py_tf_listener script to /home/wudad10/Fold1/ros2/6_tf/install/py_tf/lib/py_tf
writing list of installed files to '/home/wudad10/Fold1/ros2/6_tf/build/py_tf/install.log'
