[0.683s] Invoking command in '/home/wudad10/Fold1/ros2/6_tf/src/py_tf': PYTHONPATH=/home/wudad10/Fold1/ros2/6_tf/build/py_tf/prefix_override:/usr/lib/python3/dist-packages/colcon_core/task/python/colcon_distutils_commands:/home/wudad10/Fold1/ros2/6_tf/install/py_tf/lib/python3.10/site-packages:${PYTHONPATH} /usr/bin/python3 -W ignore:setup.py install is deprecated -W ignore:easy_install command is deprecated setup.py egg_info --egg-base ../../build/py_tf build --build-base /home/wudad10/Fold1/ros2/6_tf/build/py_tf/build install --record /home/wudad10/Fold1/ros2/6_tf/build/py_tf/install.log --single-version-externally-managed install_data
[0.909s] running egg_info
[0.911s] writing ../../build/py_tf/py_tf.egg-info/PKG-INFO
[0.911s] writing dependency_links to ../../build/py_tf/py_tf.egg-info/dependency_links.txt
[0.911s] writing entry points to ../../build/py_tf/py_tf.egg-info/entry_points.txt
[0.911s] writing requirements to ../../build/py_tf/py_tf.egg-info/requires.txt
[0.911s] writing top-level names to ../../build/py_tf/py_tf.egg-info/top_level.txt
[0.913s] reading manifest file '../../build/py_tf/py_tf.egg-info/SOURCES.txt'
[0.914s] writing manifest file '../../build/py_tf/py_tf.egg-info/SOURCES.txt'
[0.914s] running build
[0.914s] running build_py
[0.914s] copying py_tf/py_tf_listener.py -> /home/wudad10/Fold1/ros2/6_tf/build/py_tf/build/lib/py_tf
[0.914s] copying py_tf/py_tf_pub.py -> /home/wudad10/Fold1/ros2/6_tf/build/py_tf/build/lib/py_tf
[0.915s] running install
[0.915s] running install_lib
[0.916s] copying /home/wudad10/Fold1/ros2/6_tf/build/py_tf/build/lib/py_tf/py_tf_listener.py -> /home/wudad10/Fold1/ros2/6_tf/install/py_tf/lib/python3.10/site-packages/py_tf
[0.919s] copying /home/wudad10/Fold1/ros2/6_tf/build/py_tf/build/lib/py_tf/py_tf_pub.py -> /home/wudad10/Fold1/ros2/6_tf/install/py_tf/lib/python3.10/site-packages/py_tf
[0.920s] byte-compiling /home/wudad10/Fold1/ros2/6_tf/install/py_tf/lib/python3.10/site-packages/py_tf/py_tf_listener.py to py_tf_listener.cpython-310.pyc
[0.920s] byte-compiling /home/wudad10/Fold1/ros2/6_tf/install/py_tf/lib/python3.10/site-packages/py_tf/py_tf_pub.py to py_tf_pub.cpython-310.pyc
[0.921s] running install_data
[0.921s] creating /home/wudad10/Fold1/ros2/6_tf/install/py_tf/share/py_tf/launch
[0.921s] copying launch/py_tf.launch.py -> /home/wudad10/Fold1/ros2/6_tf/install/py_tf/share/py_tf/launch
[0.923s] running install_egg_info
[0.926s] removing '/home/wudad10/Fold1/ros2/6_tf/install/py_tf/lib/python3.10/site-packages/py_tf-0.0.0-py3.10.egg-info' (and everything under it)
[0.927s] Copying ../../build/py_tf/py_tf.egg-info to /home/wudad10/Fold1/ros2/6_tf/install/py_tf/lib/python3.10/site-packages/py_tf-0.0.0-py3.10.egg-info
[0.928s] running install_scripts
[0.948s] Installing py_tf_broadcaster script to /home/wudad10/Fold1/ros2/6_tf/install/py_tf/lib/py_tf
[0.949s] Installing py_tf_listener script to /home/wudad10/Fold1/ros2/6_tf/install/py_tf/lib/py_tf
[0.949s] writing list of installed files to '/home/wudad10/Fold1/ros2/6_tf/build/py_tf/install.log'
[0.984s] Invoked command in '/home/wudad10/Fold1/ros2/6_tf/src/py_tf' returned '0': PYTHONPATH=/home/wudad10/Fold1/ros2/6_tf/build/py_tf/prefix_override:/usr/lib/python3/dist-packages/colcon_core/task/python/colcon_distutils_commands:/home/wudad10/Fold1/ros2/6_tf/install/py_tf/lib/python3.10/site-packages:${PYTHONPATH} /usr/bin/python3 -W ignore:setup.py install is deprecated -W ignore:easy_install command is deprecated setup.py egg_info --egg-base ../../build/py_tf build --build-base /home/wudad10/Fold1/ros2/6_tf/build/py_tf/build install --record /home/wudad10/Fold1/ros2/6_tf/build/py_tf/install.log --single-version-externally-managed install_data
