[0.035s] Invoking command in '/home/wudad10/Fold1/ros2/4_action/build/cpp_action_server': CMAKE_PREFIX_PATH=${CMAKE_PREFIX_PATH}:/home/wudad10/Fold1/ros2/4_action/install/py_action_server:/home/wudad10/Fold1/ros2/4_action/install/py_action_client:/home/wudad10/Fold1/ros2/3_param/install/py_param_node:/home/wudad10/Fold1/chapter9/fishbot_ws/install/ros_serial2wifi:/home/wudad10/Fold1/chapter9/install/ros_serial2wifi:/opt/ros/humble /usr/bin/cmake --build /home/wudad10/Fold1/ros2/4_action/build/cpp_action_server -- -j4 -l4
[0.125s] [35m[1mConsolidate compiler generated dependencies of target cpp_action_server[0m
[0.218s] [100%] Built target cpp_action_server
[0.530s] Invoked command in '/home/wudad10/Fold1/ros2/4_action/build/cpp_action_server' returned '0': CMAKE_PREFIX_PATH=${CMAKE_PREFIX_PATH}:/home/wudad10/Fold1/ros2/4_action/install/py_action_server:/home/wudad10/Fold1/ros2/4_action/install/py_action_client:/home/wudad10/Fold1/ros2/3_param/install/py_param_node:/home/wudad10/Fold1/chapter9/fishbot_ws/install/ros_serial2wifi:/home/wudad10/Fold1/chapter9/install/ros_serial2wifi:/opt/ros/humble /usr/bin/cmake --build /home/wudad10/Fold1/ros2/4_action/build/cpp_action_server -- -j4 -l4
[0.531s] Invoking command in '/home/wudad10/Fold1/ros2/4_action/build/cpp_action_server': CMAKE_PREFIX_PATH=${CMAKE_PREFIX_PATH}:/home/wudad10/Fold1/ros2/4_action/install/py_action_server:/home/wudad10/Fold1/ros2/4_action/install/py_action_client:/home/wudad10/Fold1/ros2/3_param/install/py_param_node:/home/wudad10/Fold1/chapter9/fishbot_ws/install/ros_serial2wifi:/home/wudad10/Fold1/chapter9/install/ros_serial2wifi:/opt/ros/humble /usr/bin/cmake --install /home/wudad10/Fold1/ros2/4_action/build/cpp_action_server
[0.553s] -- Install configuration: ""
[0.553s] -- Up-to-date: /home/wudad10/Fold1/ros2/4_action/install/cpp_action_server/share/ament_index/resource_index/package_run_dependencies/cpp_action_server
[0.553s] -- Up-to-date: /home/wudad10/Fold1/ros2/4_action/install/cpp_action_server/share/ament_index/resource_index/parent_prefix_path/cpp_action_server
[0.554s] -- Up-to-date: /home/wudad10/Fold1/ros2/4_action/install/cpp_action_server/share/cpp_action_server/environment/ament_prefix_path.sh
[0.554s] -- Up-to-date: /home/wudad10/Fold1/ros2/4_action/install/cpp_action_server/share/cpp_action_server/environment/ament_prefix_path.dsv
[0.554s] -- Up-to-date: /home/wudad10/Fold1/ros2/4_action/install/cpp_action_server/share/cpp_action_server/environment/path.sh
[0.554s] -- Up-to-date: /home/wudad10/Fold1/ros2/4_action/install/cpp_action_server/share/cpp_action_server/environment/path.dsv
[0.554s] -- Up-to-date: /home/wudad10/Fold1/ros2/4_action/install/cpp_action_server/share/cpp_action_server/local_setup.bash
[0.554s] -- Up-to-date: /home/wudad10/Fold1/ros2/4_action/install/cpp_action_server/share/cpp_action_server/local_setup.sh
[0.554s] -- Up-to-date: /home/wudad10/Fold1/ros2/4_action/install/cpp_action_server/share/cpp_action_server/local_setup.zsh
[0.554s] -- Up-to-date: /home/wudad10/Fold1/ros2/4_action/install/cpp_action_server/share/cpp_action_server/local_setup.dsv
[0.557s] -- Installing: /home/wudad10/Fold1/ros2/4_action/install/cpp_action_server/share/cpp_action_server/package.dsv
[0.557s] -- Up-to-date: /home/wudad10/Fold1/ros2/4_action/install/cpp_action_server/share/ament_index/resource_index/packages/cpp_action_server
[0.557s] -- Up-to-date: /home/wudad10/Fold1/ros2/4_action/install/cpp_action_server/share/cpp_action_server/cmake/cpp_action_serverConfig.cmake
[0.557s] -- Up-to-date: /home/wudad10/Fold1/ros2/4_action/install/cpp_action_server/share/cpp_action_server/cmake/cpp_action_serverConfig-version.cmake
[0.557s] -- Up-to-date: /home/wudad10/Fold1/ros2/4_action/install/cpp_action_server/share/cpp_action_server/package.xml
[0.601s] Invoked command in '/home/wudad10/Fold1/ros2/4_action/build/cpp_action_server' returned '0': CMAKE_PREFIX_PATH=${CMAKE_PREFIX_PATH}:/home/wudad10/Fold1/ros2/4_action/install/py_action_server:/home/wudad10/Fold1/ros2/4_action/install/py_action_client:/home/wudad10/Fold1/ros2/3_param/install/py_param_node:/home/wudad10/Fold1/chapter9/fishbot_ws/install/ros_serial2wifi:/home/wudad10/Fold1/chapter9/install/ros_serial2wifi:/opt/ros/humble /usr/bin/cmake --install /home/wudad10/Fold1/ros2/4_action/build/cpp_action_server
