[0.015s] Invoking command in '/home/wudad10/Fold1/ros2/1_topic/cpp_publisher/build/cpp_publisher': CMAKE_PREFIX_PATH=${CMAKE_PREFIX_PATH}:/home/wudad10/Fold1/chapter9/fishbot_ws/install/ros_serial2wifi:/home/wudad10/Fold1/chapter9/install/ros_serial2wifi:/opt/ros/humble /usr/bin/cmake /home/wudad10/Fold1/ros2/1_topic/cpp_publisher/src/cpp_publisher -DCMAKE_INSTALL_PREFIX=/home/wudad10/Fold1/ros2/1_topic/cpp_publisher/install/cpp_publisher
[0.085s] -- The C compiler identification is GNU 11.4.0
[0.151s] -- The CXX compiler identification is GNU 11.4.0
[0.159s] -- Detecting C compiler ABI info
[0.249s] -- Detecting C compiler ABI info - done
[0.252s] -- Check for working C compiler: /usr/bin/cc - skipped
[0.253s] -- Detecting C compile features
[0.254s] -- Detecting C compile features - done
[0.257s] -- Detecting CXX compiler ABI info
[0.357s] -- Detecting CXX compiler ABI info - done
[0.364s] -- Check for working CXX compiler: /usr/bin/c++ - skipped
[0.365s] -- Detecting CXX compile features
[0.365s] -- Detecting CXX compile features - done
[0.370s] -- Found ament_cmake: 1.3.12 (/opt/ros/humble/share/ament_cmake/cmake)
[0.548s] -- Found Python3: /usr/bin/python3 (found version "3.10.12") found components: Interpreter 
[0.653s] -- Found rclcpp: 16.0.15 (/opt/ros/humble/share/rclcpp/cmake)
[0.714s] -- Found rosidl_generator_c: 3.1.7 (/opt/ros/humble/share/rosidl_generator_c/cmake)
[0.716s] -- Found rosidl_adapter: 3.1.7 (/opt/ros/humble/share/rosidl_adapter/cmake)
[0.729s] -- Found rosidl_generator_cpp: 3.1.7 (/opt/ros/humble/share/rosidl_generator_cpp/cmake)
[0.757s] -- Using all available rosidl_typesupport_c: rosidl_typesupport_fastrtps_c;rosidl_typesupport_introspection_c
[0.792s] -- Using all available rosidl_typesupport_cpp: rosidl_typesupport_fastrtps_cpp;rosidl_typesupport_introspection_cpp
[0.852s] -- Found rmw_implementation_cmake: 6.1.2 (/opt/ros/humble/share/rmw_implementation_cmake/cmake)
[0.856s] -- Found rmw_fastrtps_cpp: 6.2.9 (/opt/ros/humble/share/rmw_fastrtps_cpp/cmake)
[0.985s] -- Found OpenSSL: /usr/lib/x86_64-linux-gnu/libcrypto.so (found version "3.0.2")  
[1.020s] -- Found FastRTPS: /opt/ros/humble/include  
[1.071s] -- Using RMW implementation 'rmw_fastrtps_cpp' as default
[1.083s] -- Looking for pthread.h
[1.175s] -- Looking for pthread.h - found
[1.176s] -- Performing Test CMAKE_HAVE_LIBC_PTHREAD
[1.270s] -- Performing Test CMAKE_HAVE_LIBC_PTHREAD - Success
[1.271s] -- Found Threads: TRUE  
[1.330s] -- Found ament_lint_auto: 0.12.14 (/opt/ros/humble/share/ament_lint_auto/cmake)
[1.420s] -- Added test 'cppcheck' to perform static code analysis on C / C++ code
[1.420s] -- Configured cppcheck include dirs: 
[1.420s] -- Configured cppcheck exclude dirs and/or files: 
[1.421s] -- Added test 'lint_cmake' to check CMake code style
[1.423s] -- Added test 'uncrustify' to check C / C++ code style
[1.423s] -- Configured uncrustify additional arguments: 
[1.424s] -- Added test 'xmllint' to check XML markup files
[1.427s] -- Configuring done
[1.444s] -- Generating done
[1.448s] -- Build files have been written to: /home/wudad10/Fold1/ros2/1_topic/cpp_publisher/build/cpp_publisher
[1.458s] Invoked command in '/home/wudad10/Fold1/ros2/1_topic/cpp_publisher/build/cpp_publisher' returned '0': CMAKE_PREFIX_PATH=${CMAKE_PREFIX_PATH}:/home/wudad10/Fold1/chapter9/fishbot_ws/install/ros_serial2wifi:/home/wudad10/Fold1/chapter9/install/ros_serial2wifi:/opt/ros/humble /usr/bin/cmake /home/wudad10/Fold1/ros2/1_topic/cpp_publisher/src/cpp_publisher -DCMAKE_INSTALL_PREFIX=/home/wudad10/Fold1/ros2/1_topic/cpp_publisher/install/cpp_publisher
[1.461s] Invoking command in '/home/wudad10/Fold1/ros2/1_topic/cpp_publisher/build/cpp_publisher': CMAKE_PREFIX_PATH=${CMAKE_PREFIX_PATH}:/home/wudad10/Fold1/chapter9/fishbot_ws/install/ros_serial2wifi:/home/wudad10/Fold1/chapter9/install/ros_serial2wifi:/opt/ros/humble /usr/bin/cmake --build /home/wudad10/Fold1/ros2/1_topic/cpp_publisher/build/cpp_publisher -- -j4 -l4
[1.526s] [ 50%] [32mBuilding CXX object CMakeFiles/talker.dir/src/cpp_publisher.cpp.o[0m
[5.915s] [100%] [32m[1mLinking CXX executable talker[0m
[6.147s] [100%] Built target talker
[6.164s] Invoked command in '/home/wudad10/Fold1/ros2/1_topic/cpp_publisher/build/cpp_publisher' returned '0': CMAKE_PREFIX_PATH=${CMAKE_PREFIX_PATH}:/home/wudad10/Fold1/chapter9/fishbot_ws/install/ros_serial2wifi:/home/wudad10/Fold1/chapter9/install/ros_serial2wifi:/opt/ros/humble /usr/bin/cmake --build /home/wudad10/Fold1/ros2/1_topic/cpp_publisher/build/cpp_publisher -- -j4 -l4
[6.179s] Invoking command in '/home/wudad10/Fold1/ros2/1_topic/cpp_publisher/build/cpp_publisher': CMAKE_PREFIX_PATH=${CMAKE_PREFIX_PATH}:/home/wudad10/Fold1/chapter9/fishbot_ws/install/ros_serial2wifi:/home/wudad10/Fold1/chapter9/install/ros_serial2wifi:/opt/ros/humble /usr/bin/cmake --install /home/wudad10/Fold1/ros2/1_topic/cpp_publisher/build/cpp_publisher
[6.188s] -- Install configuration: ""
[6.188s] -- Installing: /home/wudad10/Fold1/ros2/1_topic/cpp_publisher/install/cpp_publisher/lib/cpp_publisher/talker
[6.190s] -- Set runtime path of "/home/wudad10/Fold1/ros2/1_topic/cpp_publisher/install/cpp_publisher/lib/cpp_publisher/talker" to ""
[6.190s] -- Installing: /home/wudad10/Fold1/ros2/1_topic/cpp_publisher/install/cpp_publisher/share/ament_index/resource_index/package_run_dependencies/cpp_publisher
[6.192s] -- Installing: /home/wudad10/Fold1/ros2/1_topic/cpp_publisher/install/cpp_publisher/share/ament_index/resource_index/parent_prefix_path/cpp_publisher
[6.192s] -- Installing: /home/wudad10/Fold1/ros2/1_topic/cpp_publisher/install/cpp_publisher/share/cpp_publisher/environment/ament_prefix_path.sh
[6.192s] -- Installing: /home/wudad10/Fold1/ros2/1_topic/cpp_publisher/install/cpp_publisher/share/cpp_publisher/environment/ament_prefix_path.dsv
[6.192s] -- Installing: /home/wudad10/Fold1/ros2/1_topic/cpp_publisher/install/cpp_publisher/share/cpp_publisher/environment/path.sh
[6.192s] -- Installing: /home/wudad10/Fold1/ros2/1_topic/cpp_publisher/install/cpp_publisher/share/cpp_publisher/environment/path.dsv
[6.192s] -- Installing: /home/wudad10/Fold1/ros2/1_topic/cpp_publisher/install/cpp_publisher/share/cpp_publisher/local_setup.bash
[6.194s] -- Installing: /home/wudad10/Fold1/ros2/1_topic/cpp_publisher/install/cpp_publisher/share/cpp_publisher/local_setup.sh
[6.194s] -- Installing: /home/wudad10/Fold1/ros2/1_topic/cpp_publisher/install/cpp_publisher/share/cpp_publisher/local_setup.zsh
[6.194s] -- Installing: /home/wudad10/Fold1/ros2/1_topic/cpp_publisher/install/cpp_publisher/share/cpp_publisher/local_setup.dsv
[6.194s] -- Installing: /home/wudad10/Fold1/ros2/1_topic/cpp_publisher/install/cpp_publisher/share/cpp_publisher/package.dsv
[6.194s] -- Installing: /home/wudad10/Fold1/ros2/1_topic/cpp_publisher/install/cpp_publisher/share/ament_index/resource_index/packages/cpp_publisher
[6.195s] -- Installing: /home/wudad10/Fold1/ros2/1_topic/cpp_publisher/install/cpp_publisher/share/cpp_publisher/cmake/cpp_publisherConfig.cmake
[6.195s] -- Installing: /home/wudad10/Fold1/ros2/1_topic/cpp_publisher/install/cpp_publisher/share/cpp_publisher/cmake/cpp_publisherConfig-version.cmake
[6.195s] -- Installing: /home/wudad10/Fold1/ros2/1_topic/cpp_publisher/install/cpp_publisher/share/cpp_publisher/package.xml
[6.198s] Invoked command in '/home/wudad10/Fold1/ros2/1_topic/cpp_publisher/build/cpp_publisher' returned '0': CMAKE_PREFIX_PATH=${CMAKE_PREFIX_PATH}:/home/wudad10/Fold1/chapter9/fishbot_ws/install/ros_serial2wifi:/home/wudad10/Fold1/chapter9/install/ros_serial2wifi:/opt/ros/humble /usr/bin/cmake --install /home/wudad10/Fold1/ros2/1_topic/cpp_publisher/build/cpp_publisher
