running egg_info
writing ../../build/counter_pkg/counter_pkg.egg-info/PKG-INFO
writing dependency_links to ../../build/counter_pkg/counter_pkg.egg-info/dependency_links.txt
writing entry points to ../../build/counter_pkg/counter_pkg.egg-info/entry_points.txt
writing requirements to ../../build/counter_pkg/counter_pkg.egg-info/requires.txt
writing top-level names to ../../build/counter_pkg/counter_pkg.egg-info/top_level.txt
reading manifest file '../../build/counter_pkg/counter_pkg.egg-info/SOURCES.txt'
writing manifest file '../../build/counter_pkg/counter_pkg.egg-info/SOURCES.txt'
running build
running build_py
copying counter_pkg/counter_node.py -> /home/wudad10/Fold1/counter/build/counter_pkg/build/lib/counter_pkg
running install
running install_lib
copying /home/wudad10/Fold1/counter/build/counter_pkg/build/lib/counter_pkg/counter_node.py -> /home/wudad10/Fold1/counter/install/counter_pkg/lib/python3.10/site-packages/counter_pkg
byte-compiling /home/wudad10/Fold1/counter/install/counter_pkg/lib/python3.10/site-packages/counter_pkg/counter_node.py to counter_node.cpython-310.pyc
running install_data
running install_egg_info
removing '/home/wudad10/Fold1/counter/install/counter_pkg/lib/python3.10/site-packages/counter_pkg-0.0.0-py3.10.egg-info' (and everything under it)
Copying ../../build/counter_pkg/counter_pkg.egg-info to /home/wudad10/Fold1/counter/install/counter_pkg/lib/python3.10/site-packages/counter_pkg-0.0.0-py3.10.egg-info
running install_scripts
Installing counter_node script to /home/wudad10/Fold1/counter/install/counter_pkg/lib/counter_pkg
writing list of installed files to '/home/wudad10/Fold1/counter/build/counter_pkg/install.log'
