[0.031s] Invoking command in '/home/wudad10/Fold1/ros2/4_action/build/my_interfaces': CMAKE_PREFIX_PATH=${CMAKE_PREFIX_PATH}:/home/wudad10/Fold1/ros2/4_action/install/py_action_server:/home/wudad10/Fold1/ros2/4_action/install/py_action_client:/home/wudad10/Fold1/ros2/3_param/install/py_param_node:/home/wudad10/Fold1/chapter9/fishbot_ws/install/ros_serial2wifi:/home/wudad10/Fold1/chapter9/install/ros_serial2wifi:/opt/ros/humble /usr/bin/cmake --build /home/wudad10/Fold1/ros2/4_action/build/my_interfaces -- -j4 -l4
[0.127s] [  3%] Built target my_interfaces__cpp
[0.141s] [  3%] Built target ament_cmake_python_copy_my_interfaces
[0.149s] [ 12%] Built target my_interfaces__rosidl_generator_c
[0.184s] [ 22%] Built target my_interfaces__rosidl_typesupport_cpp
[0.184s] [ 32%] Built target my_interfaces__rosidl_typesupport_fastrtps_cpp
[0.186s] [ 41%] Built target my_interfaces__rosidl_typesupport_introspection_cpp
[0.228s] [ 51%] Built target my_interfaces__rosidl_typesupport_introspection_c
[0.230s] [ 61%] Built target my_interfaces__rosidl_typesupport_fastrtps_c
[0.241s] [ 70%] Built target my_interfaces__rosidl_typesupport_c
[0.275s] [ 70%] Built target my_interfaces
[0.304s] [ 74%] Built target my_interfaces__py
[0.340s] [ 80%] Built target my_interfaces__rosidl_generator_py
[0.390s] [ 87%] Built target my_interfaces__rosidl_typesupport_fastrtps_c__pyext
[0.398s] [ 93%] Built target my_interfaces__rosidl_typesupport_c__pyext
[0.401s] [100%] Built target my_interfaces__rosidl_typesupport_introspection_c__pyext
[0.452s] running egg_info
[0.453s] writing my_interfaces.egg-info/PKG-INFO
[0.455s] writing dependency_links to my_interfaces.egg-info/dependency_links.txt
[0.455s] writing top-level names to my_interfaces.egg-info/top_level.txt
[0.457s] reading manifest file 'my_interfaces.egg-info/SOURCES.txt'
[0.458s] writing manifest file 'my_interfaces.egg-info/SOURCES.txt'
[0.507s] [100%] Built target ament_cmake_python_build_my_interfaces_egg
[0.546s] Invoked command in '/home/wudad10/Fold1/ros2/4_action/build/my_interfaces' returned '0': CMAKE_PREFIX_PATH=${CMAKE_PREFIX_PATH}:/home/wudad10/Fold1/ros2/4_action/install/py_action_server:/home/wudad10/Fold1/ros2/4_action/install/py_action_client:/home/wudad10/Fold1/ros2/3_param/install/py_param_node:/home/wudad10/Fold1/chapter9/fishbot_ws/install/ros_serial2wifi:/home/wudad10/Fold1/chapter9/install/ros_serial2wifi:/opt/ros/humble /usr/bin/cmake --build /home/wudad10/Fold1/ros2/4_action/build/my_interfaces -- -j4 -l4
[0.557s] Invoking command in '/home/wudad10/Fold1/ros2/4_action/build/my_interfaces': CMAKE_PREFIX_PATH=${CMAKE_PREFIX_PATH}:/home/wudad10/Fold1/ros2/4_action/install/py_action_server:/home/wudad10/Fold1/ros2/4_action/install/py_action_client:/home/wudad10/Fold1/ros2/3_param/install/py_param_node:/home/wudad10/Fold1/chapter9/fishbot_ws/install/ros_serial2wifi:/home/wudad10/Fold1/chapter9/install/ros_serial2wifi:/opt/ros/humble /usr/bin/cmake --install /home/wudad10/Fold1/ros2/4_action/build/my_interfaces
[0.569s] -- Install configuration: ""
[0.569s] -- Up-to-date: /home/wudad10/Fold1/ros2/4_action/install/my_interfaces/share/ament_index/resource_index/rosidl_interfaces/my_interfaces
[0.572s] -- Up-to-date: /home/wudad10/Fold1/ros2/4_action/install/my_interfaces/include/my_interfaces/my_interfaces
[0.572s] -- Up-to-date: /home/wudad10/Fold1/ros2/4_action/install/my_interfaces/include/my_interfaces/my_interfaces/msg
[0.572s] -- Up-to-date: /home/wudad10/Fold1/ros2/4_action/install/my_interfaces/include/my_interfaces/my_interfaces/msg/rosidl_generator_c__visibility_control.h
[0.572s] -- Up-to-date: /home/wudad10/Fold1/ros2/4_action/install/my_interfaces/include/my_interfaces/my_interfaces/action
[0.572s] -- Up-to-date: /home/wudad10/Fold1/ros2/4_action/install/my_interfaces/include/my_interfaces/my_interfaces/action/detail
[0.572s] -- Up-to-date: /home/wudad10/Fold1/ros2/4_action/install/my_interfaces/include/my_interfaces/my_interfaces/action/detail/count__struct.h
[0.572s] -- Up-to-date: /home/wudad10/Fold1/ros2/4_action/install/my_interfaces/include/my_interfaces/my_interfaces/action/detail/count__functions.c
[0.572s] -- Up-to-date: /home/wudad10/Fold1/ros2/4_action/install/my_interfaces/include/my_interfaces/my_interfaces/action/detail/count__functions.h
[0.572s] -- Up-to-date: /home/wudad10/Fold1/ros2/4_action/install/my_interfaces/include/my_interfaces/my_interfaces/action/detail/count__type_support.h
[0.572s] -- Up-to-date: /home/wudad10/Fold1/ros2/4_action/install/my_interfaces/include/my_interfaces/my_interfaces/action/count.h
[0.573s] -- Up-to-date: /home/wudad10/Fold1/ros2/4_action/install/my_interfaces/share/my_interfaces/environment/library_path.sh
[0.573s] -- Up-to-date: /home/wudad10/Fold1/ros2/4_action/install/my_interfaces/share/my_interfaces/environment/library_path.dsv
[0.573s] -- Up-to-date: /home/wudad10/Fold1/ros2/4_action/install/my_interfaces/lib/libmy_interfaces__rosidl_generator_c.so
[0.573s] -- Up-to-date: /home/wudad10/Fold1/ros2/4_action/install/my_interfaces/include/my_interfaces/my_interfaces
[0.573s] -- Up-to-date: /home/wudad10/Fold1/ros2/4_action/install/my_interfaces/include/my_interfaces/my_interfaces/msg
[0.573s] -- Up-to-date: /home/wudad10/Fold1/ros2/4_action/install/my_interfaces/include/my_interfaces/my_interfaces/msg/rosidl_typesupport_fastrtps_c__visibility_control.h
[0.573s] -- Up-to-date: /home/wudad10/Fold1/ros2/4_action/install/my_interfaces/include/my_interfaces/my_interfaces/action
[0.573s] -- Up-to-date: /home/wudad10/Fold1/ros2/4_action/install/my_interfaces/include/my_interfaces/my_interfaces/action/detail
[0.573s] -- Up-to-date: /home/wudad10/Fold1/ros2/4_action/install/my_interfaces/include/my_interfaces/my_interfaces/action/detail/count__rosidl_typesupport_fastrtps_c.h
[0.573s] -- Up-to-date: /home/wudad10/Fold1/ros2/4_action/install/my_interfaces/lib/libmy_interfaces__rosidl_typesupport_fastrtps_c.so
[0.573s] -- Up-to-date: /home/wudad10/Fold1/ros2/4_action/install/my_interfaces/include/my_interfaces/my_interfaces
[0.573s] -- Up-to-date: /home/wudad10/Fold1/ros2/4_action/install/my_interfaces/include/my_interfaces/my_interfaces/msg
[0.573s] -- Up-to-date: /home/wudad10/Fold1/ros2/4_action/install/my_interfaces/include/my_interfaces/my_interfaces/msg/rosidl_typesupport_introspection_c__visibility_control.h
[0.573s] -- Up-to-date: /home/wudad10/Fold1/ros2/4_action/install/my_interfaces/include/my_interfaces/my_interfaces/action
[0.573s] -- Up-to-date: /home/wudad10/Fold1/ros2/4_action/install/my_interfaces/include/my_interfaces/my_interfaces/action/detail
[0.573s] -- Up-to-date: /home/wudad10/Fold1/ros2/4_action/install/my_interfaces/include/my_interfaces/my_interfaces/action/detail/count__type_support.c
[0.573s] -- Up-to-date: /home/wudad10/Fold1/ros2/4_action/install/my_interfaces/include/my_interfaces/my_interfaces/action/detail/count__rosidl_typesupport_introspection_c.h
[0.573s] -- Up-to-date: /home/wudad10/Fold1/ros2/4_action/install/my_interfaces/lib/libmy_interfaces__rosidl_typesupport_introspection_c.so
[0.573s] -- Up-to-date: /home/wudad10/Fold1/ros2/4_action/install/my_interfaces/lib/libmy_interfaces__rosidl_typesupport_c.so
[0.573s] -- Up-to-date: /home/wudad10/Fold1/ros2/4_action/install/my_interfaces/include/my_interfaces/my_interfaces
[0.574s] -- Up-to-date: /home/wudad10/Fold1/ros2/4_action/install/my_interfaces/include/my_interfaces/my_interfaces/msg
[0.574s] -- Up-to-date: /home/wudad10/Fold1/ros2/4_action/install/my_interfaces/include/my_interfaces/my_interfaces/msg/rosidl_generator_cpp__visibility_control.hpp
[0.574s] -- Up-to-date: /home/wudad10/Fold1/ros2/4_action/install/my_interfaces/include/my_interfaces/my_interfaces/action
[0.574s] -- Up-to-date: /home/wudad10/Fold1/ros2/4_action/install/my_interfaces/include/my_interfaces/my_interfaces/action/detail
[0.576s] -- Up-to-date: /home/wudad10/Fold1/ros2/4_action/install/my_interfaces/include/my_interfaces/my_interfaces/action/detail/count__type_support.hpp
[0.576s] -- Up-to-date: /home/wudad10/Fold1/ros2/4_action/install/my_interfaces/include/my_interfaces/my_interfaces/action/detail/count__builder.hpp
[0.577s] -- Up-to-date: /home/wudad10/Fold1/ros2/4_action/install/my_interfaces/include/my_interfaces/my_interfaces/action/detail/count__struct.hpp
[0.577s] -- Up-to-date: /home/wudad10/Fold1/ros2/4_action/install/my_interfaces/include/my_interfaces/my_interfaces/action/detail/count__traits.hpp
[0.577s] -- Up-to-date: /home/wudad10/Fold1/ros2/4_action/install/my_interfaces/include/my_interfaces/my_interfaces/action/count.hpp
[0.577s] -- Up-to-date: /home/wudad10/Fold1/ros2/4_action/install/my_interfaces/include/my_interfaces/my_interfaces
[0.577s] -- Up-to-date: /home/wudad10/Fold1/ros2/4_action/install/my_interfaces/include/my_interfaces/my_interfaces/msg
[0.577s] -- Up-to-date: /home/wudad10/Fold1/ros2/4_action/install/my_interfaces/include/my_interfaces/my_interfaces/msg/rosidl_typesupport_fastrtps_cpp__visibility_control.h
[0.577s] -- Up-to-date: /home/wudad10/Fold1/ros2/4_action/install/my_interfaces/include/my_interfaces/my_interfaces/action
[0.577s] -- Up-to-date: /home/wudad10/Fold1/ros2/4_action/install/my_interfaces/include/my_interfaces/my_interfaces/action/detail
[0.577s] -- Up-to-date: /home/wudad10/Fold1/ros2/4_action/install/my_interfaces/include/my_interfaces/my_interfaces/action/detail/count__rosidl_typesupport_fastrtps_cpp.hpp
[0.577s] -- Up-to-date: /home/wudad10/Fold1/ros2/4_action/install/my_interfaces/include/my_interfaces/my_interfaces/action/detail/dds_fastrtps
[0.578s] -- Up-to-date: /home/wudad10/Fold1/ros2/4_action/install/my_interfaces/lib/libmy_interfaces__rosidl_typesupport_fastrtps_cpp.so
[0.578s] -- Up-to-date: /home/wudad10/Fold1/ros2/4_action/install/my_interfaces/include/my_interfaces/my_interfaces
[0.578s] -- Up-to-date: /home/wudad10/Fold1/ros2/4_action/install/my_interfaces/include/my_interfaces/my_interfaces/action
[0.578s] -- Up-to-date: /home/wudad10/Fold1/ros2/4_action/install/my_interfaces/include/my_interfaces/my_interfaces/action/detail
[0.578s] -- Up-to-date: /home/wudad10/Fold1/ros2/4_action/install/my_interfaces/include/my_interfaces/my_interfaces/action/detail/count__type_support.cpp
[0.578s] -- Up-to-date: /home/wudad10/Fold1/ros2/4_action/install/my_interfaces/include/my_interfaces/my_interfaces/action/detail/count__rosidl_typesupport_introspection_cpp.hpp
[0.578s] -- Up-to-date: /home/wudad10/Fold1/ros2/4_action/install/my_interfaces/lib/libmy_interfaces__rosidl_typesupport_introspection_cpp.so
[0.578s] -- Up-to-date: /home/wudad10/Fold1/ros2/4_action/install/my_interfaces/lib/libmy_interfaces__rosidl_typesupport_cpp.so
[0.578s] -- Up-to-date: /home/wudad10/Fold1/ros2/4_action/install/my_interfaces/share/my_interfaces/environment/pythonpath.sh
[0.578s] -- Up-to-date: /home/wudad10/Fold1/ros2/4_action/install/my_interfaces/share/my_interfaces/environment/pythonpath.dsv
[0.578s] -- Up-to-date: /home/wudad10/Fold1/ros2/4_action/install/my_interfaces/local/lib/python3.10/dist-packages/my_interfaces-0.0.0-py3.10.egg-info
[0.578s] -- Installing: /home/wudad10/Fold1/ros2/4_action/install/my_interfaces/local/lib/python3.10/dist-packages/my_interfaces-0.0.0-py3.10.egg-info/dependency_links.txt
[0.578s] -- Installing: /home/wudad10/Fold1/ros2/4_action/install/my_interfaces/local/lib/python3.10/dist-packages/my_interfaces-0.0.0-py3.10.egg-info/PKG-INFO
[0.578s] -- Installing: /home/wudad10/Fold1/ros2/4_action/install/my_interfaces/local/lib/python3.10/dist-packages/my_interfaces-0.0.0-py3.10.egg-info/top_level.txt
[0.578s] -- Installing: /home/wudad10/Fold1/ros2/4_action/install/my_interfaces/local/lib/python3.10/dist-packages/my_interfaces-0.0.0-py3.10.egg-info/SOURCES.txt
[0.578s] -- Up-to-date: /home/wudad10/Fold1/ros2/4_action/install/my_interfaces/local/lib/python3.10/dist-packages/my_interfaces
[0.578s] -- Up-to-date: /home/wudad10/Fold1/ros2/4_action/install/my_interfaces/local/lib/python3.10/dist-packages/my_interfaces/libmy_interfaces__rosidl_generator_py.so
[0.579s] -- Up-to-date: /home/wudad10/Fold1/ros2/4_action/install/my_interfaces/local/lib/python3.10/dist-packages/my_interfaces/_my_interfaces_s.ep.rosidl_typesupport_c.c
[0.579s] -- Up-to-date: /home/wudad10/Fold1/ros2/4_action/install/my_interfaces/local/lib/python3.10/dist-packages/my_interfaces/my_interfaces_s__rosidl_typesupport_introspection_c.cpython-310-x86_64-linux-gnu.so
[0.579s] -- Up-to-date: /home/wudad10/Fold1/ros2/4_action/install/my_interfaces/local/lib/python3.10/dist-packages/my_interfaces/_my_interfaces_s.ep.rosidl_typesupport_fastrtps_c.c
[0.579s] -- Up-to-date: /home/wudad10/Fold1/ros2/4_action/install/my_interfaces/local/lib/python3.10/dist-packages/my_interfaces/my_interfaces_s__rosidl_typesupport_fastrtps_c.cpython-310-x86_64-linux-gnu.so
[0.579s] -- Up-to-date: /home/wudad10/Fold1/ros2/4_action/install/my_interfaces/local/lib/python3.10/dist-packages/my_interfaces/_my_interfaces_s.ep.rosidl_typesupport_introspection_c.c
[0.579s] -- Up-to-date: /home/wudad10/Fold1/ros2/4_action/install/my_interfaces/local/lib/python3.10/dist-packages/my_interfaces/my_interfaces_s__rosidl_typesupport_c.cpython-310-x86_64-linux-gnu.so
[0.579s] -- Up-to-date: /home/wudad10/Fold1/ros2/4_action/install/my_interfaces/local/lib/python3.10/dist-packages/my_interfaces/__init__.py
[0.579s] -- Up-to-date: /home/wudad10/Fold1/ros2/4_action/install/my_interfaces/local/lib/python3.10/dist-packages/my_interfaces/action
[0.579s] -- Up-to-date: /home/wudad10/Fold1/ros2/4_action/install/my_interfaces/local/lib/python3.10/dist-packages/my_interfaces/action/_count_s.c
[0.579s] -- Up-to-date: /home/wudad10/Fold1/ros2/4_action/install/my_interfaces/local/lib/python3.10/dist-packages/my_interfaces/action/_count.py
[0.579s] -- Up-to-date: /home/wudad10/Fold1/ros2/4_action/install/my_interfaces/local/lib/python3.10/dist-packages/my_interfaces/action/__init__.py
[0.640s] Listing '/home/wudad10/Fold1/ros2/4_action/install/my_interfaces/local/lib/python3.10/dist-packages/my_interfaces'...
[0.640s] Listing '/home/wudad10/Fold1/ros2/4_action/install/my_interfaces/local/lib/python3.10/dist-packages/my_interfaces/action'...
[0.645s] -- Up-to-date: /home/wudad10/Fold1/ros2/4_action/install/my_interfaces/local/lib/python3.10/dist-packages/my_interfaces/my_interfaces_s__rosidl_typesupport_fastrtps_c.cpython-310-x86_64-linux-gnu.so
[0.645s] -- Up-to-date: /home/wudad10/Fold1/ros2/4_action/install/my_interfaces/local/lib/python3.10/dist-packages/my_interfaces/my_interfaces_s__rosidl_typesupport_introspection_c.cpython-310-x86_64-linux-gnu.so
[0.645s] -- Up-to-date: /home/wudad10/Fold1/ros2/4_action/install/my_interfaces/local/lib/python3.10/dist-packages/my_interfaces/my_interfaces_s__rosidl_typesupport_c.cpython-310-x86_64-linux-gnu.so
[0.645s] -- Up-to-date: /home/wudad10/Fold1/ros2/4_action/install/my_interfaces/lib/libmy_interfaces__rosidl_generator_py.so
[0.646s] -- Up-to-date: /home/wudad10/Fold1/ros2/4_action/install/my_interfaces/share/my_interfaces/action/Count.idl
[0.646s] -- Up-to-date: /home/wudad10/Fold1/ros2/4_action/install/my_interfaces/share/my_interfaces/action/Count.action
[0.646s] -- Up-to-date: /home/wudad10/Fold1/ros2/4_action/install/my_interfaces/share/ament_index/resource_index/package_run_dependencies/my_interfaces
[0.646s] -- Up-to-date: /home/wudad10/Fold1/ros2/4_action/install/my_interfaces/share/ament_index/resource_index/parent_prefix_path/my_interfaces
[0.646s] -- Up-to-date: /home/wudad10/Fold1/ros2/4_action/install/my_interfaces/share/my_interfaces/environment/ament_prefix_path.sh
[0.646s] -- Up-to-date: /home/wudad10/Fold1/ros2/4_action/install/my_interfaces/share/my_interfaces/environment/ament_prefix_path.dsv
[0.646s] -- Up-to-date: /home/wudad10/Fold1/ros2/4_action/install/my_interfaces/share/my_interfaces/environment/path.sh
[0.646s] -- Up-to-date: /home/wudad10/Fold1/ros2/4_action/install/my_interfaces/share/my_interfaces/environment/path.dsv
[0.646s] -- Up-to-date: /home/wudad10/Fold1/ros2/4_action/install/my_interfaces/share/my_interfaces/local_setup.bash
[0.646s] -- Up-to-date: /home/wudad10/Fold1/ros2/4_action/install/my_interfaces/share/my_interfaces/local_setup.sh
[0.646s] -- Up-to-date: /home/wudad10/Fold1/ros2/4_action/install/my_interfaces/share/my_interfaces/local_setup.zsh
[0.646s] -- Up-to-date: /home/wudad10/Fold1/ros2/4_action/install/my_interfaces/share/my_interfaces/local_setup.dsv
[0.647s] -- Installing: /home/wudad10/Fold1/ros2/4_action/install/my_interfaces/share/my_interfaces/package.dsv
[0.647s] -- Up-to-date: /home/wudad10/Fold1/ros2/4_action/install/my_interfaces/share/ament_index/resource_index/packages/my_interfaces
[0.647s] -- Up-to-date: /home/wudad10/Fold1/ros2/4_action/install/my_interfaces/share/my_interfaces/cmake/export_my_interfaces__rosidl_generator_cExport.cmake
[0.647s] -- Up-to-date: /home/wudad10/Fold1/ros2/4_action/install/my_interfaces/share/my_interfaces/cmake/export_my_interfaces__rosidl_generator_cExport-noconfig.cmake
[0.647s] -- Up-to-date: /home/wudad10/Fold1/ros2/4_action/install/my_interfaces/share/my_interfaces/cmake/export_my_interfaces__rosidl_typesupport_fastrtps_cExport.cmake
[0.647s] -- Up-to-date: /home/wudad10/Fold1/ros2/4_action/install/my_interfaces/share/my_interfaces/cmake/export_my_interfaces__rosidl_typesupport_fastrtps_cExport-noconfig.cmake
[0.647s] -- Up-to-date: /home/wudad10/Fold1/ros2/4_action/install/my_interfaces/share/my_interfaces/cmake/my_interfaces__rosidl_typesupport_introspection_cExport.cmake
[0.648s] -- Up-to-date: /home/wudad10/Fold1/ros2/4_action/install/my_interfaces/share/my_interfaces/cmake/my_interfaces__rosidl_typesupport_introspection_cExport-noconfig.cmake
[0.648s] -- Up-to-date: /home/wudad10/Fold1/ros2/4_action/install/my_interfaces/share/my_interfaces/cmake/my_interfaces__rosidl_typesupport_cExport.cmake
[0.648s] -- Up-to-date: /home/wudad10/Fold1/ros2/4_action/install/my_interfaces/share/my_interfaces/cmake/my_interfaces__rosidl_typesupport_cExport-noconfig.cmake
[0.648s] -- Up-to-date: /home/wudad10/Fold1/ros2/4_action/install/my_interfaces/share/my_interfaces/cmake/export_my_interfaces__rosidl_generator_cppExport.cmake
[0.650s] -- Up-to-date: /home/wudad10/Fold1/ros2/4_action/install/my_interfaces/share/my_interfaces/cmake/export_my_interfaces__rosidl_typesupport_fastrtps_cppExport.cmake
[0.650s] -- Up-to-date: /home/wudad10/Fold1/ros2/4_action/install/my_interfaces/share/my_interfaces/cmake/export_my_interfaces__rosidl_typesupport_fastrtps_cppExport-noconfig.cmake
[0.650s] -- Up-to-date: /home/wudad10/Fold1/ros2/4_action/install/my_interfaces/share/my_interfaces/cmake/my_interfaces__rosidl_typesupport_introspection_cppExport.cmake
[0.650s] -- Up-to-date: /home/wudad10/Fold1/ros2/4_action/install/my_interfaces/share/my_interfaces/cmake/my_interfaces__rosidl_typesupport_introspection_cppExport-noconfig.cmake
[0.650s] -- Up-to-date: /home/wudad10/Fold1/ros2/4_action/install/my_interfaces/share/my_interfaces/cmake/my_interfaces__rosidl_typesupport_cppExport.cmake
[0.650s] -- Up-to-date: /home/wudad10/Fold1/ros2/4_action/install/my_interfaces/share/my_interfaces/cmake/my_interfaces__rosidl_typesupport_cppExport-noconfig.cmake
[0.650s] -- Up-to-date: /home/wudad10/Fold1/ros2/4_action/install/my_interfaces/share/my_interfaces/cmake/export_my_interfaces__rosidl_generator_pyExport.cmake
[0.650s] -- Up-to-date: /home/wudad10/Fold1/ros2/4_action/install/my_interfaces/share/my_interfaces/cmake/export_my_interfaces__rosidl_generator_pyExport-noconfig.cmake
[0.650s] -- Up-to-date: /home/wudad10/Fold1/ros2/4_action/install/my_interfaces/share/my_interfaces/cmake/rosidl_cmake-extras.cmake
[0.650s] -- Up-to-date: /home/wudad10/Fold1/ros2/4_action/install/my_interfaces/share/my_interfaces/cmake/ament_cmake_export_dependencies-extras.cmake
[0.650s] -- Up-to-date: /home/wudad10/Fold1/ros2/4_action/install/my_interfaces/share/my_interfaces/cmake/ament_cmake_export_include_directories-extras.cmake
[0.651s] -- Up-to-date: /home/wudad10/Fold1/ros2/4_action/install/my_interfaces/share/my_interfaces/cmake/ament_cmake_export_libraries-extras.cmake
[0.652s] -- Up-to-date: /home/wudad10/Fold1/ros2/4_action/install/my_interfaces/share/my_interfaces/cmake/ament_cmake_export_targets-extras.cmake
[0.652s] -- Up-to-date: /home/wudad10/Fold1/ros2/4_action/install/my_interfaces/share/my_interfaces/cmake/rosidl_cmake_export_typesupport_targets-extras.cmake
[0.652s] -- Up-to-date: /home/wudad10/Fold1/ros2/4_action/install/my_interfaces/share/my_interfaces/cmake/rosidl_cmake_export_typesupport_libraries-extras.cmake
[0.652s] -- Up-to-date: /home/wudad10/Fold1/ros2/4_action/install/my_interfaces/share/my_interfaces/cmake/my_interfacesConfig.cmake
[0.652s] -- Up-to-date: /home/wudad10/Fold1/ros2/4_action/install/my_interfaces/share/my_interfaces/cmake/my_interfacesConfig-version.cmake
[0.652s] -- Up-to-date: /home/wudad10/Fold1/ros2/4_action/install/my_interfaces/share/my_interfaces/package.xml
[0.886s] Invoked command in '/home/wudad10/Fold1/ros2/4_action/build/my_interfaces' returned '0': CMAKE_PREFIX_PATH=${CMAKE_PREFIX_PATH}:/home/wudad10/Fold1/ros2/4_action/install/py_action_server:/home/wudad10/Fold1/ros2/4_action/install/py_action_client:/home/wudad10/Fold1/ros2/3_param/install/py_param_node:/home/wudad10/Fold1/chapter9/fishbot_ws/install/ros_serial2wifi:/home/wudad10/Fold1/chapter9/install/ros_serial2wifi:/opt/ros/humble /usr/bin/cmake --install /home/wudad10/Fold1/ros2/4_action/build/my_interfaces
