[35m[1mConsolidate compiler generated dependencies of target cpp_server[0m
[35m[1mConsolidate compiler generated dependencies of target cpp_client[0m
[ 50%] Built target cpp_client
[100%] Built target cpp_server
-- Install configuration: ""
-- Up-to-date: /home/wudad10/Fold1/ros2/2_service/install/cpp_server/lib/cpp_server/cpp_server
-- Up-to-date: /home/wudad10/Fold1/ros2/2_service/install/cpp_server/lib/cpp_server/cpp_client
-- Up-to-date: /home/wudad10/Fold1/ros2/2_service/install/cpp_server/share/ament_index/resource_index/package_run_dependencies/cpp_server
-- Up-to-date: /home/wudad10/Fold1/ros2/2_service/install/cpp_server/share/ament_index/resource_index/parent_prefix_path/cpp_server
-- Up-to-date: /home/wudad10/Fold1/ros2/2_service/install/cpp_server/share/cpp_server/environment/ament_prefix_path.sh
-- Up-to-date: /home/wudad10/Fold1/ros2/2_service/install/cpp_server/share/cpp_server/environment/ament_prefix_path.dsv
-- Up-to-date: /home/wudad10/Fold1/ros2/2_service/install/cpp_server/share/cpp_server/environment/path.sh
-- Up-to-date: /home/wudad10/Fold1/ros2/2_service/install/cpp_server/share/cpp_server/environment/path.dsv
-- Up-to-date: /home/wudad10/Fold1/ros2/2_service/install/cpp_server/share/cpp_server/local_setup.bash
-- Up-to-date: /home/wudad10/Fold1/ros2/2_service/install/cpp_server/share/cpp_server/local_setup.sh
-- Up-to-date: /home/wudad10/Fold1/ros2/2_service/install/cpp_server/share/cpp_server/local_setup.zsh
-- Up-to-date: /home/wudad10/Fold1/ros2/2_service/install/cpp_server/share/cpp_server/local_setup.dsv
-- Installing: /home/wudad10/Fold1/ros2/2_service/install/cpp_server/share/cpp_server/package.dsv
-- Up-to-date: /home/wudad10/Fold1/ros2/2_service/install/cpp_server/share/ament_index/resource_index/packages/cpp_server
-- Up-to-date: /home/wudad10/Fold1/ros2/2_service/install/cpp_server/share/cpp_server/cmake/cpp_serverConfig.cmake
-- Up-to-date: /home/wudad10/Fold1/ros2/2_service/install/cpp_server/share/cpp_server/cmake/cpp_serverConfig-version.cmake
-- Up-to-date: /home/wudad10/Fold1/ros2/2_service/install/cpp_server/share/cpp_server/package.xml
