[0.027s] Invoking command in '/home/wudad10/Fold1/ros2/6_tf/build/cpp_tf': CMAKE_PREFIX_PATH=${CMAKE_PREFIX_PATH}:/home/wudad10/Fold1/ros2/6_tf/install/py_tf:/home/wudad10/Fold1/chapter9/fishbot_ws/install/ros_serial2wifi:/home/wudad10/Fold1/chapter9/install/ros_serial2wifi:/opt/ros/humble /usr/bin/cmake --build /home/wudad10/Fold1/ros2/6_tf/build/cpp_tf -- -j4 -l4
[0.112s] [ 50%] Built target cpp_tf_broadcaster
[0.112s] [100%] Built target cpp_tf_listener
[0.292s] Invoked command in '/home/wudad10/Fold1/ros2/6_tf/build/cpp_tf' returned '0': CMAKE_PREFIX_PATH=${CMAKE_PREFIX_PATH}:/home/wudad10/Fold1/ros2/6_tf/install/py_tf:/home/wudad10/Fold1/chapter9/fishbot_ws/install/ros_serial2wifi:/home/wudad10/Fold1/chapter9/install/ros_serial2wifi:/opt/ros/humble /usr/bin/cmake --build /home/wudad10/Fold1/ros2/6_tf/build/cpp_tf -- -j4 -l4
[0.305s] Invoking command in '/home/wudad10/Fold1/ros2/6_tf/build/cpp_tf': CMAKE_PREFIX_PATH=${CMAKE_PREFIX_PATH}:/home/wudad10/Fold1/ros2/6_tf/install/py_tf:/home/wudad10/Fold1/chapter9/fishbot_ws/install/ros_serial2wifi:/home/wudad10/Fold1/chapter9/install/ros_serial2wifi:/opt/ros/humble /usr/bin/cmake --install /home/wudad10/Fold1/ros2/6_tf/build/cpp_tf
[0.317s] -- Install configuration: ""
[0.319s] -- Up-to-date: /home/wudad10/Fold1/ros2/6_tf/install/cpp_tf/lib/cpp_tf/cpp_tf_broadcaster
[0.319s] -- Up-to-date: /home/wudad10/Fold1/ros2/6_tf/install/cpp_tf/lib/cpp_tf/cpp_tf_listener
[0.319s] -- Up-to-date: /home/wudad10/Fold1/ros2/6_tf/install/cpp_tf/share/cpp_tf/launch
[0.319s] -- Up-to-date: /home/wudad10/Fold1/ros2/6_tf/install/cpp_tf/share/cpp_tf/launch/cpp_tf.launch.py
[0.320s] -- Up-to-date: /home/wudad10/Fold1/ros2/6_tf/install/cpp_tf/share/ament_index/resource_index/package_run_dependencies/cpp_tf
[0.320s] -- Up-to-date: /home/wudad10/Fold1/ros2/6_tf/install/cpp_tf/share/ament_index/resource_index/parent_prefix_path/cpp_tf
[0.320s] -- Up-to-date: /home/wudad10/Fold1/ros2/6_tf/install/cpp_tf/share/cpp_tf/environment/ament_prefix_path.sh
[0.320s] -- Up-to-date: /home/wudad10/Fold1/ros2/6_tf/install/cpp_tf/share/cpp_tf/environment/ament_prefix_path.dsv
[0.320s] -- Up-to-date: /home/wudad10/Fold1/ros2/6_tf/install/cpp_tf/share/cpp_tf/environment/path.sh
[0.320s] -- Up-to-date: /home/wudad10/Fold1/ros2/6_tf/install/cpp_tf/share/cpp_tf/environment/path.dsv
[0.320s] -- Up-to-date: /home/wudad10/Fold1/ros2/6_tf/install/cpp_tf/share/cpp_tf/local_setup.bash
[0.320s] -- Up-to-date: /home/wudad10/Fold1/ros2/6_tf/install/cpp_tf/share/cpp_tf/local_setup.sh
[0.320s] -- Up-to-date: /home/wudad10/Fold1/ros2/6_tf/install/cpp_tf/share/cpp_tf/local_setup.zsh
[0.320s] -- Up-to-date: /home/wudad10/Fold1/ros2/6_tf/install/cpp_tf/share/cpp_tf/local_setup.dsv
[0.320s] -- Installing: /home/wudad10/Fold1/ros2/6_tf/install/cpp_tf/share/cpp_tf/package.dsv
[0.321s] -- Up-to-date: /home/wudad10/Fold1/ros2/6_tf/install/cpp_tf/share/ament_index/resource_index/packages/cpp_tf
[0.322s] -- Up-to-date: /home/wudad10/Fold1/ros2/6_tf/install/cpp_tf/share/cpp_tf/cmake/cpp_tfConfig.cmake
[0.322s] -- Up-to-date: /home/wudad10/Fold1/ros2/6_tf/install/cpp_tf/share/cpp_tf/cmake/cpp_tfConfig-version.cmake
[0.322s] -- Up-to-date: /home/wudad10/Fold1/ros2/6_tf/install/cpp_tf/share/cpp_tf/package.xml
[0.328s] Invoked command in '/home/wudad10/Fold1/ros2/6_tf/build/cpp_tf' returned '0': CMAKE_PREFIX_PATH=${CMAKE_PREFIX_PATH}:/home/wudad10/Fold1/ros2/6_tf/install/py_tf:/home/wudad10/Fold1/chapter9/fishbot_ws/install/ros_serial2wifi:/home/wudad10/Fold1/chapter9/install/ros_serial2wifi:/opt/ros/humble /usr/bin/cmake --install /home/wudad10/Fold1/ros2/6_tf/build/cpp_tf
