[0.038s] Invoking command in '/home/wudad10/Fold1/ros2/4_action/build/my_interfaces': CMAKE_PREFIX_PATH=${CMAKE_PREFIX_PATH}:/home/wudad10/Fold1/ros2/3_param/install/py_param_node:/home/wudad10/Fold1/chapter9/fishbot_ws/install/ros_serial2wifi:/home/wudad10/Fold1/chapter9/install/ros_serial2wifi:/opt/ros/humble /usr/bin/cmake --build /home/wudad10/Fold1/ros2/4_action/build/my_interfaces -- -j4 -l4
[0.198s] [35m[1mConsolidate compiler generated dependencies of target my_interfaces__rosidl_generator_c[0m
[0.236s] [  3%] Built target my_interfaces__cpp
[0.266s] [35m[1mConsolidate compiler generated dependencies of target my_interfaces__rosidl_typesupport_cpp[0m
[0.274s] [ 12%] Built target my_interfaces__rosidl_generator_c
[0.277s] [ 12%] Built target ament_cmake_python_copy_my_interfaces
[0.287s] [35m[1mConsolidate compiler generated dependencies of target my_interfaces__rosidl_typesupport_fastrtps_cpp[0m
[0.287s] [ 22%] Built target my_interfaces__rosidl_typesupport_cpp
[0.312s] [35m[1mConsolidate compiler generated dependencies of target my_interfaces__rosidl_typesupport_introspection_cpp[0m
[0.342s] [ 32%] Built target my_interfaces__rosidl_typesupport_fastrtps_cpp
[0.354s] [ 41%] Built target my_interfaces__rosidl_typesupport_introspection_cpp
[0.376s] [35m[1mConsolidate compiler generated dependencies of target my_interfaces__rosidl_typesupport_introspection_c[0m
[0.381s] [35m[1mConsolidate compiler generated dependencies of target my_interfaces__rosidl_typesupport_fastrtps_c[0m
[0.415s] [ 51%] Built target my_interfaces__rosidl_typesupport_introspection_c
[0.415s] [ 61%] Built target my_interfaces__rosidl_typesupport_fastrtps_c
[0.425s] [35m[1mConsolidate compiler generated dependencies of target my_interfaces__rosidl_typesupport_c[0m
[0.450s] [ 70%] Built target my_interfaces__rosidl_typesupport_c
[0.522s] [ 70%] Built target my_interfaces
[0.557s] [ 74%] Built target my_interfaces__py
[0.588s] [35m[1mConsolidate compiler generated dependencies of target my_interfaces__rosidl_generator_py[0m
[0.637s] [ 80%] Built target my_interfaces__rosidl_generator_py
[0.670s] [35m[1mConsolidate compiler generated dependencies of target my_interfaces__rosidl_typesupport_fastrtps_c__pyext[0m
[0.698s] [35m[1mConsolidate compiler generated dependencies of target my_interfaces__rosidl_typesupport_introspection_c__pyext[0m
[0.706s] [ 87%] Built target my_interfaces__rosidl_typesupport_fastrtps_c__pyext
[0.724s] [ 93%] Built target my_interfaces__rosidl_typesupport_introspection_c__pyext
[0.728s] [35m[1mConsolidate compiler generated dependencies of target my_interfaces__rosidl_typesupport_c__pyext[0m
[0.769s] [100%] Built target my_interfaces__rosidl_typesupport_c__pyext
[0.887s] running egg_info
[0.887s] writing my_interfaces.egg-info/PKG-INFO
[0.887s] writing dependency_links to my_interfaces.egg-info/dependency_links.txt
[0.887s] writing top-level names to my_interfaces.egg-info/top_level.txt
[0.892s] reading manifest file 'my_interfaces.egg-info/SOURCES.txt'
[0.893s] writing manifest file 'my_interfaces.egg-info/SOURCES.txt'
[0.971s] [100%] Built target ament_cmake_python_build_my_interfaces_egg
[0.993s] Invoked command in '/home/wudad10/Fold1/ros2/4_action/build/my_interfaces' returned '0': CMAKE_PREFIX_PATH=${CMAKE_PREFIX_PATH}:/home/wudad10/Fold1/ros2/3_param/install/py_param_node:/home/wudad10/Fold1/chapter9/fishbot_ws/install/ros_serial2wifi:/home/wudad10/Fold1/chapter9/install/ros_serial2wifi:/opt/ros/humble /usr/bin/cmake --build /home/wudad10/Fold1/ros2/4_action/build/my_interfaces -- -j4 -l4
[1.006s] Invoking command in '/home/wudad10/Fold1/ros2/4_action/build/my_interfaces': CMAKE_PREFIX_PATH=${CMAKE_PREFIX_PATH}:/home/wudad10/Fold1/ros2/3_param/install/py_param_node:/home/wudad10/Fold1/chapter9/fishbot_ws/install/ros_serial2wifi:/home/wudad10/Fold1/chapter9/install/ros_serial2wifi:/opt/ros/humble /usr/bin/cmake --install /home/wudad10/Fold1/ros2/4_action/build/my_interfaces
[1.025s] -- Install configuration: ""
[1.025s] -- Up-to-date: /home/wudad10/Fold1/ros2/4_action/install/my_interfaces/share/ament_index/resource_index/rosidl_interfaces/my_interfaces
[1.025s] -- Up-to-date: /home/wudad10/Fold1/ros2/4_action/install/my_interfaces/include/my_interfaces/my_interfaces
[1.025s] -- Up-to-date: /home/wudad10/Fold1/ros2/4_action/install/my_interfaces/include/my_interfaces/my_interfaces/msg
[1.025s] -- Up-to-date: /home/wudad10/Fold1/ros2/4_action/install/my_interfaces/include/my_interfaces/my_interfaces/msg/rosidl_generator_c__visibility_control.h
[1.025s] -- Up-to-date: /home/wudad10/Fold1/ros2/4_action/install/my_interfaces/include/my_interfaces/my_interfaces/action
[1.025s] -- Up-to-date: /home/wudad10/Fold1/ros2/4_action/install/my_interfaces/include/my_interfaces/my_interfaces/action/detail
[1.025s] -- Up-to-date: /home/wudad10/Fold1/ros2/4_action/install/my_interfaces/include/my_interfaces/my_interfaces/action/detail/count__struct.h
[1.025s] -- Up-to-date: /home/wudad10/Fold1/ros2/4_action/install/my_interfaces/include/my_interfaces/my_interfaces/action/detail/count__functions.c
[1.025s] -- Up-to-date: /home/wudad10/Fold1/ros2/4_action/install/my_interfaces/include/my_interfaces/my_interfaces/action/detail/count__functions.h
[1.025s] -- Up-to-date: /home/wudad10/Fold1/ros2/4_action/install/my_interfaces/include/my_interfaces/my_interfaces/action/detail/count__type_support.h
[1.025s] -- Up-to-date: /home/wudad10/Fold1/ros2/4_action/install/my_interfaces/include/my_interfaces/my_interfaces/action/count.h
[1.025s] -- Up-to-date: /home/wudad10/Fold1/ros2/4_action/install/my_interfaces/share/my_interfaces/environment/library_path.sh
[1.025s] -- Up-to-date: /home/wudad10/Fold1/ros2/4_action/install/my_interfaces/share/my_interfaces/environment/library_path.dsv
[1.025s] -- Up-to-date: /home/wudad10/Fold1/ros2/4_action/install/my_interfaces/lib/libmy_interfaces__rosidl_generator_c.so
[1.032s] -- Up-to-date: /home/wudad10/Fold1/ros2/4_action/install/my_interfaces/include/my_interfaces/my_interfaces
[1.032s] -- Up-to-date: /home/wudad10/Fold1/ros2/4_action/install/my_interfaces/include/my_interfaces/my_interfaces/msg
[1.032s] -- Up-to-date: /home/wudad10/Fold1/ros2/4_action/install/my_interfaces/include/my_interfaces/my_interfaces/msg/rosidl_typesupport_fastrtps_c__visibility_control.h
[1.032s] -- Up-to-date: /home/wudad10/Fold1/ros2/4_action/install/my_interfaces/include/my_interfaces/my_interfaces/action
[1.032s] -- Up-to-date: /home/wudad10/Fold1/ros2/4_action/install/my_interfaces/include/my_interfaces/my_interfaces/action/detail
[1.032s] -- Up-to-date: /home/wudad10/Fold1/ros2/4_action/install/my_interfaces/include/my_interfaces/my_interfaces/action/detail/count__rosidl_typesupport_fastrtps_c.h
[1.032s] -- Up-to-date: /home/wudad10/Fold1/ros2/4_action/install/my_interfaces/lib/libmy_interfaces__rosidl_typesupport_fastrtps_c.so
[1.032s] -- Up-to-date: /home/wudad10/Fold1/ros2/4_action/install/my_interfaces/include/my_interfaces/my_interfaces
[1.032s] -- Up-to-date: /home/wudad10/Fold1/ros2/4_action/install/my_interfaces/include/my_interfaces/my_interfaces/msg
[1.032s] -- Up-to-date: /home/wudad10/Fold1/ros2/4_action/install/my_interfaces/include/my_interfaces/my_interfaces/msg/rosidl_typesupport_introspection_c__visibility_control.h
[1.032s] -- Up-to-date: /home/wudad10/Fold1/ros2/4_action/install/my_interfaces/include/my_interfaces/my_interfaces/action
[1.032s] -- Up-to-date: /home/wudad10/Fold1/ros2/4_action/install/my_interfaces/include/my_interfaces/my_interfaces/action/detail
[1.032s] -- Up-to-date: /home/wudad10/Fold1/ros2/4_action/install/my_interfaces/include/my_interfaces/my_interfaces/action/detail/count__type_support.c
[1.033s] -- Up-to-date: /home/wudad10/Fold1/ros2/4_action/install/my_interfaces/include/my_interfaces/my_interfaces/action/detail/count__rosidl_typesupport_introspection_c.h
[1.040s] -- Up-to-date: /home/wudad10/Fold1/ros2/4_action/install/my_interfaces/lib/libmy_interfaces__rosidl_typesupport_introspection_c.so
[1.040s] -- Up-to-date: /home/wudad10/Fold1/ros2/4_action/install/my_interfaces/lib/libmy_interfaces__rosidl_typesupport_c.so
[1.040s] -- Up-to-date: /home/wudad10/Fold1/ros2/4_action/install/my_interfaces/include/my_interfaces/my_interfaces
[1.040s] -- Up-to-date: /home/wudad10/Fold1/ros2/4_action/install/my_interfaces/include/my_interfaces/my_interfaces/msg
[1.040s] -- Up-to-date: /home/wudad10/Fold1/ros2/4_action/install/my_interfaces/include/my_interfaces/my_interfaces/msg/rosidl_generator_cpp__visibility_control.hpp
[1.040s] -- Up-to-date: /home/wudad10/Fold1/ros2/4_action/install/my_interfaces/include/my_interfaces/my_interfaces/action
[1.040s] -- Up-to-date: /home/wudad10/Fold1/ros2/4_action/install/my_interfaces/include/my_interfaces/my_interfaces/action/detail
[1.040s] -- Up-to-date: /home/wudad10/Fold1/ros2/4_action/install/my_interfaces/include/my_interfaces/my_interfaces/action/detail/count__type_support.hpp
[1.040s] -- Up-to-date: /home/wudad10/Fold1/ros2/4_action/install/my_interfaces/include/my_interfaces/my_interfaces/action/detail/count__builder.hpp
[1.040s] -- Up-to-date: /home/wudad10/Fold1/ros2/4_action/install/my_interfaces/include/my_interfaces/my_interfaces/action/detail/count__struct.hpp
[1.040s] -- Up-to-date: /home/wudad10/Fold1/ros2/4_action/install/my_interfaces/include/my_interfaces/my_interfaces/action/detail/count__traits.hpp
[1.041s] -- Up-to-date: /home/wudad10/Fold1/ros2/4_action/install/my_interfaces/include/my_interfaces/my_interfaces/action/count.hpp
[1.041s] -- Up-to-date: /home/wudad10/Fold1/ros2/4_action/install/my_interfaces/include/my_interfaces/my_interfaces
[1.041s] -- Up-to-date: /home/wudad10/Fold1/ros2/4_action/install/my_interfaces/include/my_interfaces/my_interfaces/msg
[1.041s] -- Up-to-date: /home/wudad10/Fold1/ros2/4_action/install/my_interfaces/include/my_interfaces/my_interfaces/msg/rosidl_typesupport_fastrtps_cpp__visibility_control.h
[1.041s] -- Up-to-date: /home/wudad10/Fold1/ros2/4_action/install/my_interfaces/include/my_interfaces/my_interfaces/action
[1.041s] -- Up-to-date: /home/wudad10/Fold1/ros2/4_action/install/my_interfaces/include/my_interfaces/my_interfaces/action/detail
[1.041s] -- Up-to-date: /home/wudad10/Fold1/ros2/4_action/install/my_interfaces/include/my_interfaces/my_interfaces/action/detail/count__rosidl_typesupport_fastrtps_cpp.hpp
[1.041s] -- Up-to-date: /home/wudad10/Fold1/ros2/4_action/install/my_interfaces/include/my_interfaces/my_interfaces/action/detail/dds_fastrtps
[1.041s] -- Up-to-date: /home/wudad10/Fold1/ros2/4_action/install/my_interfaces/lib/libmy_interfaces__rosidl_typesupport_fastrtps_cpp.so
[1.041s] -- Up-to-date: /home/wudad10/Fold1/ros2/4_action/install/my_interfaces/include/my_interfaces/my_interfaces
[1.041s] -- Up-to-date: /home/wudad10/Fold1/ros2/4_action/install/my_interfaces/include/my_interfaces/my_interfaces/action
[1.041s] -- Up-to-date: /home/wudad10/Fold1/ros2/4_action/install/my_interfaces/include/my_interfaces/my_interfaces/action/detail
[1.041s] -- Up-to-date: /home/wudad10/Fold1/ros2/4_action/install/my_interfaces/include/my_interfaces/my_interfaces/action/detail/count__type_support.cpp
[1.041s] -- Up-to-date: /home/wudad10/Fold1/ros2/4_action/install/my_interfaces/include/my_interfaces/my_interfaces/action/detail/count__rosidl_typesupport_introspection_cpp.hpp
[1.051s] -- Up-to-date: /home/wudad10/Fold1/ros2/4_action/install/my_interfaces/lib/libmy_interfaces__rosidl_typesupport_introspection_cpp.so
[1.051s] -- Up-to-date: /home/wudad10/Fold1/ros2/4_action/install/my_interfaces/lib/libmy_interfaces__rosidl_typesupport_cpp.so
[1.051s] -- Up-to-date: /home/wudad10/Fold1/ros2/4_action/install/my_interfaces/share/my_interfaces/environment/pythonpath.sh
[1.051s] -- Up-to-date: /home/wudad10/Fold1/ros2/4_action/install/my_interfaces/share/my_interfaces/environment/pythonpath.dsv
[1.051s] -- Up-to-date: /home/wudad10/Fold1/ros2/4_action/install/my_interfaces/local/lib/python3.10/dist-packages/my_interfaces-0.0.0-py3.10.egg-info
[1.051s] -- Installing: /home/wudad10/Fold1/ros2/4_action/install/my_interfaces/local/lib/python3.10/dist-packages/my_interfaces-0.0.0-py3.10.egg-info/dependency_links.txt
[1.051s] -- Installing: /home/wudad10/Fold1/ros2/4_action/install/my_interfaces/local/lib/python3.10/dist-packages/my_interfaces-0.0.0-py3.10.egg-info/PKG-INFO
[1.051s] -- Installing: /home/wudad10/Fold1/ros2/4_action/install/my_interfaces/local/lib/python3.10/dist-packages/my_interfaces-0.0.0-py3.10.egg-info/top_level.txt
[1.051s] -- Installing: /home/wudad10/Fold1/ros2/4_action/install/my_interfaces/local/lib/python3.10/dist-packages/my_interfaces-0.0.0-py3.10.egg-info/SOURCES.txt
[1.051s] -- Up-to-date: /home/wudad10/Fold1/ros2/4_action/install/my_interfaces/local/lib/python3.10/dist-packages/my_interfaces
[1.051s] -- Up-to-date: /home/wudad10/Fold1/ros2/4_action/install/my_interfaces/local/lib/python3.10/dist-packages/my_interfaces/libmy_interfaces__rosidl_generator_py.so
[1.051s] -- Up-to-date: /home/wudad10/Fold1/ros2/4_action/install/my_interfaces/local/lib/python3.10/dist-packages/my_interfaces/_my_interfaces_s.ep.rosidl_typesupport_c.c
[1.051s] -- Up-to-date: /home/wudad10/Fold1/ros2/4_action/install/my_interfaces/local/lib/python3.10/dist-packages/my_interfaces/my_interfaces_s__rosidl_typesupport_introspection_c.cpython-310-x86_64-linux-gnu.so
[1.051s] -- Up-to-date: /home/wudad10/Fold1/ros2/4_action/install/my_interfaces/local/lib/python3.10/dist-packages/my_interfaces/_my_interfaces_s.ep.rosidl_typesupport_fastrtps_c.c
[1.051s] -- Up-to-date: /home/wudad10/Fold1/ros2/4_action/install/my_interfaces/local/lib/python3.10/dist-packages/my_interfaces/my_interfaces_s__rosidl_typesupport_fastrtps_c.cpython-310-x86_64-linux-gnu.so
[1.051s] -- Up-to-date: /home/wudad10/Fold1/ros2/4_action/install/my_interfaces/local/lib/python3.10/dist-packages/my_interfaces/_my_interfaces_s.ep.rosidl_typesupport_introspection_c.c
[1.051s] -- Up-to-date: /home/wudad10/Fold1/ros2/4_action/install/my_interfaces/local/lib/python3.10/dist-packages/my_interfaces/my_interfaces_s__rosidl_typesupport_c.cpython-310-x86_64-linux-gnu.so
[1.052s] -- Up-to-date: /home/wudad10/Fold1/ros2/4_action/install/my_interfaces/local/lib/python3.10/dist-packages/my_interfaces/__init__.py
[1.052s] -- Up-to-date: /home/wudad10/Fold1/ros2/4_action/install/my_interfaces/local/lib/python3.10/dist-packages/my_interfaces/action
[1.052s] -- Up-to-date: /home/wudad10/Fold1/ros2/4_action/install/my_interfaces/local/lib/python3.10/dist-packages/my_interfaces/action/_count_s.c
[1.052s] -- Up-to-date: /home/wudad10/Fold1/ros2/4_action/install/my_interfaces/local/lib/python3.10/dist-packages/my_interfaces/action/_count.py
[1.052s] -- Up-to-date: /home/wudad10/Fold1/ros2/4_action/install/my_interfaces/local/lib/python3.10/dist-packages/my_interfaces/action/__init__.py
[1.124s] Listing '/home/wudad10/Fold1/ros2/4_action/install/my_interfaces/local/lib/python3.10/dist-packages/my_interfaces'...
[1.124s] Listing '/home/wudad10/Fold1/ros2/4_action/install/my_interfaces/local/lib/python3.10/dist-packages/my_interfaces/action'...
[1.135s] -- Up-to-date: /home/wudad10/Fold1/ros2/4_action/install/my_interfaces/local/lib/python3.10/dist-packages/my_interfaces/my_interfaces_s__rosidl_typesupport_fastrtps_c.cpython-310-x86_64-linux-gnu.so
[1.135s] -- Up-to-date: /home/wudad10/Fold1/ros2/4_action/install/my_interfaces/local/lib/python3.10/dist-packages/my_interfaces/my_interfaces_s__rosidl_typesupport_introspection_c.cpython-310-x86_64-linux-gnu.so
[1.139s] -- Up-to-date: /home/wudad10/Fold1/ros2/4_action/install/my_interfaces/local/lib/python3.10/dist-packages/my_interfaces/my_interfaces_s__rosidl_typesupport_c.cpython-310-x86_64-linux-gnu.so
[1.139s] -- Up-to-date: /home/wudad10/Fold1/ros2/4_action/install/my_interfaces/lib/libmy_interfaces__rosidl_generator_py.so
[1.139s] -- Up-to-date: /home/wudad10/Fold1/ros2/4_action/install/my_interfaces/share/my_interfaces/action/Count.idl
[1.139s] -- Up-to-date: /home/wudad10/Fold1/ros2/4_action/install/my_interfaces/share/my_interfaces/action/Count.action
[1.143s] -- Up-to-date: /home/wudad10/Fold1/ros2/4_action/install/my_interfaces/share/ament_index/resource_index/package_run_dependencies/my_interfaces
[1.143s] -- Up-to-date: /home/wudad10/Fold1/ros2/4_action/install/my_interfaces/share/ament_index/resource_index/parent_prefix_path/my_interfaces
[1.143s] -- Up-to-date: /home/wudad10/Fold1/ros2/4_action/install/my_interfaces/share/my_interfaces/environment/ament_prefix_path.sh
[1.143s] -- Up-to-date: /home/wudad10/Fold1/ros2/4_action/install/my_interfaces/share/my_interfaces/environment/ament_prefix_path.dsv
[1.143s] -- Up-to-date: /home/wudad10/Fold1/ros2/4_action/install/my_interfaces/share/my_interfaces/environment/path.sh
[1.143s] -- Up-to-date: /home/wudad10/Fold1/ros2/4_action/install/my_interfaces/share/my_interfaces/environment/path.dsv
[1.143s] -- Up-to-date: /home/wudad10/Fold1/ros2/4_action/install/my_interfaces/share/my_interfaces/local_setup.bash
[1.143s] -- Up-to-date: /home/wudad10/Fold1/ros2/4_action/install/my_interfaces/share/my_interfaces/local_setup.sh
[1.143s] -- Up-to-date: /home/wudad10/Fold1/ros2/4_action/install/my_interfaces/share/my_interfaces/local_setup.zsh
[1.143s] -- Up-to-date: /home/wudad10/Fold1/ros2/4_action/install/my_interfaces/share/my_interfaces/local_setup.dsv
[1.143s] -- Installing: /home/wudad10/Fold1/ros2/4_action/install/my_interfaces/share/my_interfaces/package.dsv
[1.148s] -- Up-to-date: /home/wudad10/Fold1/ros2/4_action/install/my_interfaces/share/ament_index/resource_index/packages/my_interfaces
[1.149s] -- Up-to-date: /home/wudad10/Fold1/ros2/4_action/install/my_interfaces/share/my_interfaces/cmake/export_my_interfaces__rosidl_generator_cExport.cmake
[1.149s] -- Up-to-date: /home/wudad10/Fold1/ros2/4_action/install/my_interfaces/share/my_interfaces/cmake/export_my_interfaces__rosidl_generator_cExport-noconfig.cmake
[1.150s] -- Up-to-date: /home/wudad10/Fold1/ros2/4_action/install/my_interfaces/share/my_interfaces/cmake/export_my_interfaces__rosidl_typesupport_fastrtps_cExport.cmake
[1.151s] -- Up-to-date: /home/wudad10/Fold1/ros2/4_action/install/my_interfaces/share/my_interfaces/cmake/export_my_interfaces__rosidl_typesupport_fastrtps_cExport-noconfig.cmake
[1.155s] -- Up-to-date: /home/wudad10/Fold1/ros2/4_action/install/my_interfaces/share/my_interfaces/cmake/my_interfaces__rosidl_typesupport_introspection_cExport.cmake
[1.156s] -- Up-to-date: /home/wudad10/Fold1/ros2/4_action/install/my_interfaces/share/my_interfaces/cmake/my_interfaces__rosidl_typesupport_introspection_cExport-noconfig.cmake
[1.157s] -- Up-to-date: /home/wudad10/Fold1/ros2/4_action/install/my_interfaces/share/my_interfaces/cmake/my_interfaces__rosidl_typesupport_cExport.cmake
[1.157s] -- Up-to-date: /home/wudad10/Fold1/ros2/4_action/install/my_interfaces/share/my_interfaces/cmake/my_interfaces__rosidl_typesupport_cExport-noconfig.cmake
[1.162s] -- Up-to-date: /home/wudad10/Fold1/ros2/4_action/install/my_interfaces/share/my_interfaces/cmake/export_my_interfaces__rosidl_generator_cppExport.cmake
[1.163s] -- Up-to-date: /home/wudad10/Fold1/ros2/4_action/install/my_interfaces/share/my_interfaces/cmake/export_my_interfaces__rosidl_typesupport_fastrtps_cppExport.cmake
[1.163s] -- Up-to-date: /home/wudad10/Fold1/ros2/4_action/install/my_interfaces/share/my_interfaces/cmake/export_my_interfaces__rosidl_typesupport_fastrtps_cppExport-noconfig.cmake
[1.163s] -- Up-to-date: /home/wudad10/Fold1/ros2/4_action/install/my_interfaces/share/my_interfaces/cmake/my_interfaces__rosidl_typesupport_introspection_cppExport.cmake
[1.163s] -- Up-to-date: /home/wudad10/Fold1/ros2/4_action/install/my_interfaces/share/my_interfaces/cmake/my_interfaces__rosidl_typesupport_introspection_cppExport-noconfig.cmake
[1.168s] -- Up-to-date: /home/wudad10/Fold1/ros2/4_action/install/my_interfaces/share/my_interfaces/cmake/my_interfaces__rosidl_typesupport_cppExport.cmake
[1.168s] -- Up-to-date: /home/wudad10/Fold1/ros2/4_action/install/my_interfaces/share/my_interfaces/cmake/my_interfaces__rosidl_typesupport_cppExport-noconfig.cmake
[1.170s] -- Up-to-date: /home/wudad10/Fold1/ros2/4_action/install/my_interfaces/share/my_interfaces/cmake/export_my_interfaces__rosidl_generator_pyExport.cmake
[1.170s] -- Up-to-date: /home/wudad10/Fold1/ros2/4_action/install/my_interfaces/share/my_interfaces/cmake/export_my_interfaces__rosidl_generator_pyExport-noconfig.cmake
[1.170s] -- Up-to-date: /home/wudad10/Fold1/ros2/4_action/install/my_interfaces/share/my_interfaces/cmake/rosidl_cmake-extras.cmake
[1.170s] -- Up-to-date: /home/wudad10/Fold1/ros2/4_action/install/my_interfaces/share/my_interfaces/cmake/ament_cmake_export_dependencies-extras.cmake
[1.170s] -- Up-to-date: /home/wudad10/Fold1/ros2/4_action/install/my_interfaces/share/my_interfaces/cmake/ament_cmake_export_include_directories-extras.cmake
[1.170s] -- Up-to-date: /home/wudad10/Fold1/ros2/4_action/install/my_interfaces/share/my_interfaces/cmake/ament_cmake_export_libraries-extras.cmake
[1.170s] -- Up-to-date: /home/wudad10/Fold1/ros2/4_action/install/my_interfaces/share/my_interfaces/cmake/ament_cmake_export_targets-extras.cmake
[1.170s] -- Up-to-date: /home/wudad10/Fold1/ros2/4_action/install/my_interfaces/share/my_interfaces/cmake/rosidl_cmake_export_typesupport_targets-extras.cmake
[1.170s] -- Up-to-date: /home/wudad10/Fold1/ros2/4_action/install/my_interfaces/share/my_interfaces/cmake/rosidl_cmake_export_typesupport_libraries-extras.cmake
[1.170s] -- Up-to-date: /home/wudad10/Fold1/ros2/4_action/install/my_interfaces/share/my_interfaces/cmake/my_interfacesConfig.cmake
[1.170s] -- Up-to-date: /home/wudad10/Fold1/ros2/4_action/install/my_interfaces/share/my_interfaces/cmake/my_interfacesConfig-version.cmake
[1.170s] -- Up-to-date: /home/wudad10/Fold1/ros2/4_action/install/my_interfaces/share/my_interfaces/package.xml
[1.179s] Invoked command in '/home/wudad10/Fold1/ros2/4_action/build/my_interfaces' returned '0': CMAKE_PREFIX_PATH=${CMAKE_PREFIX_PATH}:/home/wudad10/Fold1/ros2/3_param/install/py_param_node:/home/wudad10/Fold1/chapter9/fishbot_ws/install/ros_serial2wifi:/home/wudad10/Fold1/chapter9/install/ros_serial2wifi:/opt/ros/humble /usr/bin/cmake --install /home/wudad10/Fold1/ros2/4_action/build/my_interfaces
