[0.104s] DEBUG:colcon:Command line arguments: ['/usr/bin/colcon', 'build']
[0.104s] DEBUG:colcon:Parsed command line arguments: Namespace(log_base=None, log_level=None, verb_name='build', build_base='build', install_base='install', merge_install=False, symlink_install=False, test_result_base=None, continue_on_error=False, executor='parallel', parallel_workers=4, event_handlers=None, ignore_user_meta=False, metas=['./colcon.meta'], base_paths=['.'], packages_ignore=None, packages_ignore_regex=None, paths=None, packages_up_to=None, packages_up_to_regex=None, packages_above=None, packages_above_and_dependencies=None, packages_above_depth=None, packages_select_by_dep=None, packages_skip_by_dep=None, packages_skip_up_to=None, packages_select_build_failed=False, packages_skip_build_finished=False, packages_select_test_failures=False, packages_skip_test_passed=False, packages_select=None, packages_skip=None, packages_select_regex=None, packages_skip_regex=None, packages_start=None, packages_end=None, allow_overriding=[], cmake_args=None, cmake_target=None, cmake_target_skip_unavailable=False, cmake_clean_cache=False, cmake_clean_first=False, cmake_force_configure=False, ament_cmake_args=None, catkin_cmake_args=None, catkin_skip_building_tests=False, verb_parser=<colcon_defaults.argument_parser.defaults.DefaultArgumentsDecorator object at 0x7fe3e8e55360>, verb_extension=<colcon_core.verb.build.BuildVerb object at 0x7fe3e8e54e50>, main=<bound method BuildVerb.main of <colcon_core.verb.build.BuildVerb object at 0x7fe3e8e54e50>>)
[0.262s] Level 1:colcon.colcon_core.package_discovery:discover_packages(colcon_meta) check parameters
[0.262s] Level 1:colcon.colcon_core.package_discovery:discover_packages(recursive) check parameters
[0.262s] Level 1:colcon.colcon_core.package_discovery:discover_packages(ignore) check parameters
[0.262s] Level 1:colcon.colcon_core.package_discovery:discover_packages(path) check parameters
[0.262s] Level 1:colcon.colcon_core.package_discovery:discover_packages(colcon_meta) discover
[0.262s] Level 1:colcon.colcon_core.package_discovery:discover_packages(recursive) discover
[0.262s] INFO:colcon.colcon_core.package_discovery:Crawling recursively for packages in '/home/wudad10/Fold1/ros2/2_service'
[0.262s] Level 1:colcon.colcon_core.package_identification:_identify(.) by extensions ['ignore', 'ignore_ament_install']
[0.263s] Level 1:colcon.colcon_core.package_identification:_identify(.) by extension 'ignore'
[0.263s] Level 1:colcon.colcon_core.package_identification:_identify(.) by extension 'ignore_ament_install'
[0.263s] Level 1:colcon.colcon_core.package_identification:_identify(.) by extensions ['colcon_pkg']
[0.263s] Level 1:colcon.colcon_core.package_identification:_identify(.) by extension 'colcon_pkg'
[0.263s] Level 1:colcon.colcon_core.package_identification:_identify(.) by extensions ['colcon_meta']
[0.263s] Level 1:colcon.colcon_core.package_identification:_identify(.) by extension 'colcon_meta'
[0.263s] Level 1:colcon.colcon_core.package_identification:_identify(.) by extensions ['ros']
[0.263s] Level 1:colcon.colcon_core.package_identification:_identify(.) by extension 'ros'
[0.273s] Level 1:colcon.colcon_core.package_identification:_identify(.) by extensions ['cmake', 'python']
[0.273s] Level 1:colcon.colcon_core.package_identification:_identify(.) by extension 'cmake'
[0.273s] Level 1:colcon.colcon_core.package_identification:_identify(.) by extension 'python'
[0.273s] Level 1:colcon.colcon_core.package_identification:_identify(.) by extensions ['python_setup_py']
[0.273s] Level 1:colcon.colcon_core.package_identification:_identify(.) by extension 'python_setup_py'
[0.274s] Level 1:colcon.colcon_core.package_identification:_identify(build) by extensions ['ignore', 'ignore_ament_install']
[0.274s] Level 1:colcon.colcon_core.package_identification:_identify(build) by extension 'ignore'
[0.274s] Level 1:colcon.colcon_core.package_identification:_identify(build) ignored
[0.274s] Level 1:colcon.colcon_core.package_identification:_identify(install) by extensions ['ignore', 'ignore_ament_install']
[0.274s] Level 1:colcon.colcon_core.package_identification:_identify(install) by extension 'ignore'
[0.274s] Level 1:colcon.colcon_core.package_identification:_identify(install) ignored
[0.274s] Level 1:colcon.colcon_core.package_identification:_identify(log) by extensions ['ignore', 'ignore_ament_install']
[0.274s] Level 1:colcon.colcon_core.package_identification:_identify(log) by extension 'ignore'
[0.274s] Level 1:colcon.colcon_core.package_identification:_identify(log) ignored
[0.274s] Level 1:colcon.colcon_core.package_identification:_identify(src) by extensions ['ignore', 'ignore_ament_install']
[0.274s] Level 1:colcon.colcon_core.package_identification:_identify(src) by extension 'ignore'
[0.274s] Level 1:colcon.colcon_core.package_identification:_identify(src) by extension 'ignore_ament_install'
[0.274s] Level 1:colcon.colcon_core.package_identification:_identify(src) by extensions ['colcon_pkg']
[0.274s] Level 1:colcon.colcon_core.package_identification:_identify(src) by extension 'colcon_pkg'
[0.274s] Level 1:colcon.colcon_core.package_identification:_identify(src) by extensions ['colcon_meta']
[0.274s] Level 1:colcon.colcon_core.package_identification:_identify(src) by extension 'colcon_meta'
[0.274s] Level 1:colcon.colcon_core.package_identification:_identify(src) by extensions ['ros']
[0.274s] Level 1:colcon.colcon_core.package_identification:_identify(src) by extension 'ros'
[0.275s] Level 1:colcon.colcon_core.package_identification:_identify(src) by extensions ['cmake', 'python']
[0.275s] Level 1:colcon.colcon_core.package_identification:_identify(src) by extension 'cmake'
[0.275s] Level 1:colcon.colcon_core.package_identification:_identify(src) by extension 'python'
[0.275s] Level 1:colcon.colcon_core.package_identification:_identify(src) by extensions ['python_setup_py']
[0.275s] Level 1:colcon.colcon_core.package_identification:_identify(src) by extension 'python_setup_py'
[0.275s] Level 1:colcon.colcon_core.package_identification:_identify(src/cpp_server) by extensions ['ignore', 'ignore_ament_install']
[0.275s] Level 1:colcon.colcon_core.package_identification:_identify(src/cpp_server) by extension 'ignore'
[0.275s] Level 1:colcon.colcon_core.package_identification:_identify(src/cpp_server) by extension 'ignore_ament_install'
[0.275s] Level 1:colcon.colcon_core.package_identification:_identify(src/cpp_server) by extensions ['colcon_pkg']
[0.275s] Level 1:colcon.colcon_core.package_identification:_identify(src/cpp_server) by extension 'colcon_pkg'
[0.275s] Level 1:colcon.colcon_core.package_identification:_identify(src/cpp_server) by extensions ['colcon_meta']
[0.275s] Level 1:colcon.colcon_core.package_identification:_identify(src/cpp_server) by extension 'colcon_meta'
[0.275s] Level 1:colcon.colcon_core.package_identification:_identify(src/cpp_server) by extensions ['ros']
[0.275s] Level 1:colcon.colcon_core.package_identification:_identify(src/cpp_server) by extension 'ros'
[0.277s] DEBUG:colcon.colcon_core.package_identification:Package 'src/cpp_server' with type 'ros.ament_cmake' and name 'cpp_server'
[0.278s] Level 1:colcon.colcon_core.package_identification:_identify(src/py_server) by extensions ['ignore', 'ignore_ament_install']
[0.278s] Level 1:colcon.colcon_core.package_identification:_identify(src/py_server) by extension 'ignore'
[0.278s] Level 1:colcon.colcon_core.package_identification:_identify(src/py_server) by extension 'ignore_ament_install'
[0.278s] Level 1:colcon.colcon_core.package_identification:_identify(src/py_server) by extensions ['colcon_pkg']
[0.278s] Level 1:colcon.colcon_core.package_identification:_identify(src/py_server) by extension 'colcon_pkg'
[0.278s] Level 1:colcon.colcon_core.package_identification:_identify(src/py_server) by extensions ['colcon_meta']
[0.278s] Level 1:colcon.colcon_core.package_identification:_identify(src/py_server) by extension 'colcon_meta'
[0.278s] Level 1:colcon.colcon_core.package_identification:_identify(src/py_server) by extensions ['ros']
[0.278s] Level 1:colcon.colcon_core.package_identification:_identify(src/py_server) by extension 'ros'
[0.278s] DEBUG:colcon.colcon_core.package_identification:Package 'src/py_server' with type 'ros.ament_python' and name 'py_server'
[0.279s] Level 1:colcon.colcon_core.package_discovery:discover_packages(recursive) using defaults
[0.279s] Level 1:colcon.colcon_core.package_discovery:discover_packages(ignore) discover
[0.279s] Level 1:colcon.colcon_core.package_discovery:discover_packages(ignore) using defaults
[0.279s] Level 1:colcon.colcon_core.package_discovery:discover_packages(path) discover
[0.279s] Level 1:colcon.colcon_core.package_discovery:discover_packages(path) using defaults
[0.318s] Level 1:colcon.colcon_core.package_discovery:discover_packages(prefix_path) check parameters
[0.319s] Level 1:colcon.colcon_core.package_discovery:discover_packages(prefix_path) discover
[0.319s] WARNING:colcon.colcon_core.prefix_path.colcon:The path '/home/wudad10/Fold1/chapter9/install' in the environment variable COLCON_PREFIX_PATH doesn't exist
[0.320s] WARNING:colcon.colcon_ros.prefix_path.ament:The path '/home/wudad10/Fold1/chapter9/install/ydlidar' in the environment variable AMENT_PREFIX_PATH doesn't exist
[0.320s] WARNING:colcon.colcon_ros.prefix_path.ament:The path '/home/wudad10/Fold1/chapter9/install/ros_serial2wifi' in the environment variable AMENT_PREFIX_PATH doesn't exist
[0.320s] WARNING:colcon.colcon_ros.prefix_path.ament:The path '/home/wudad10/Fold1/chapter9/install/micro_ros_agent' in the environment variable AMENT_PREFIX_PATH doesn't exist
[0.320s] WARNING:colcon.colcon_ros.prefix_path.ament:The path '/home/wudad10/Fold1/chapter9/install/micro_ros_msgs' in the environment variable AMENT_PREFIX_PATH doesn't exist
[0.320s] WARNING:colcon.colcon_ros.prefix_path.ament:The path '/home/wudad10/Fold1/chapter9/install/fishbot_description' in the environment variable AMENT_PREFIX_PATH doesn't exist
[0.320s] WARNING:colcon.colcon_ros.prefix_path.ament:The path '/home/wudad10/Fold1/chapter9/install/fishbot_bringup' in the environment variable AMENT_PREFIX_PATH doesn't exist
[0.320s] WARNING:colcon.colcon_ros.prefix_path.catkin:The path '/home/wudad10/Fold1/chapter9/install/ydlidar' in the environment variable CMAKE_PREFIX_PATH doesn't exist
[0.320s] WARNING:colcon.colcon_ros.prefix_path.catkin:The path '/home/wudad10/Fold1/chapter9/install/micro_ros_agent' in the environment variable CMAKE_PREFIX_PATH doesn't exist
[0.320s] WARNING:colcon.colcon_ros.prefix_path.catkin:The path '/home/wudad10/Fold1/chapter9/install/micro_ros_msgs' in the environment variable CMAKE_PREFIX_PATH doesn't exist
[0.320s] WARNING:colcon.colcon_ros.prefix_path.catkin:The path '/home/wudad10/Fold1/chapter9/install/fishbot_description' in the environment variable CMAKE_PREFIX_PATH doesn't exist
[0.320s] WARNING:colcon.colcon_ros.prefix_path.catkin:The path '/home/wudad10/Fold1/chapter9/install/fishbot_bringup' in the environment variable CMAKE_PREFIX_PATH doesn't exist
[0.321s] DEBUG:colcon.colcon_installed_package_information.package_discovery:Found 7 installed packages in /home/wudad10/Fold1/chapter9/fishbot_ws/install
[0.323s] DEBUG:colcon.colcon_installed_package_information.package_discovery:Found 371 installed packages in /opt/ros/humble
[0.325s] Level 1:colcon.colcon_core.package_discovery:discover_packages(prefix_path) using defaults
[0.369s] Level 5:colcon.colcon_core.verb:set package 'cpp_server' build argument 'cmake_args' from command line to 'None'
[0.369s] Level 5:colcon.colcon_core.verb:set package 'cpp_server' build argument 'cmake_target' from command line to 'None'
[0.369s] Level 5:colcon.colcon_core.verb:set package 'cpp_server' build argument 'cmake_target_skip_unavailable' from command line to 'False'
[0.369s] Level 5:colcon.colcon_core.verb:set package 'cpp_server' build argument 'cmake_clean_cache' from command line to 'False'
[0.369s] Level 5:colcon.colcon_core.verb:set package 'cpp_server' build argument 'cmake_clean_first' from command line to 'False'
[0.369s] Level 5:colcon.colcon_core.verb:set package 'cpp_server' build argument 'cmake_force_configure' from command line to 'False'
[0.370s] Level 5:colcon.colcon_core.verb:set package 'cpp_server' build argument 'ament_cmake_args' from command line to 'None'
[0.370s] Level 5:colcon.colcon_core.verb:set package 'cpp_server' build argument 'catkin_cmake_args' from command line to 'None'
[0.370s] Level 5:colcon.colcon_core.verb:set package 'cpp_server' build argument 'catkin_skip_building_tests' from command line to 'False'
[0.370s] DEBUG:colcon.colcon_core.verb:Building package 'cpp_server' with the following arguments: {'ament_cmake_args': None, 'build_base': '/home/wudad10/Fold1/ros2/2_service/build/cpp_server', 'catkin_cmake_args': None, 'catkin_skip_building_tests': False, 'cmake_args': None, 'cmake_clean_cache': False, 'cmake_clean_first': False, 'cmake_force_configure': False, 'cmake_target': None, 'cmake_target_skip_unavailable': False, 'install_base': '/home/wudad10/Fold1/ros2/2_service/install/cpp_server', 'merge_install': False, 'path': '/home/wudad10/Fold1/ros2/2_service/src/cpp_server', 'symlink_install': False, 'test_result_base': None}
[0.370s] Level 5:colcon.colcon_core.verb:set package 'py_server' build argument 'cmake_args' from command line to 'None'
[0.370s] Level 5:colcon.colcon_core.verb:set package 'py_server' build argument 'cmake_target' from command line to 'None'
[0.370s] Level 5:colcon.colcon_core.verb:set package 'py_server' build argument 'cmake_target_skip_unavailable' from command line to 'False'
[0.370s] Level 5:colcon.colcon_core.verb:set package 'py_server' build argument 'cmake_clean_cache' from command line to 'False'
[0.370s] Level 5:colcon.colcon_core.verb:set package 'py_server' build argument 'cmake_clean_first' from command line to 'False'
[0.370s] Level 5:colcon.colcon_core.verb:set package 'py_server' build argument 'cmake_force_configure' from command line to 'False'
[0.370s] Level 5:colcon.colcon_core.verb:set package 'py_server' build argument 'ament_cmake_args' from command line to 'None'
[0.370s] Level 5:colcon.colcon_core.verb:set package 'py_server' build argument 'catkin_cmake_args' from command line to 'None'
[0.370s] Level 5:colcon.colcon_core.verb:set package 'py_server' build argument 'catkin_skip_building_tests' from command line to 'False'
[0.370s] DEBUG:colcon.colcon_core.verb:Building package 'py_server' with the following arguments: {'ament_cmake_args': None, 'build_base': '/home/wudad10/Fold1/ros2/2_service/build/py_server', 'catkin_cmake_args': None, 'catkin_skip_building_tests': False, 'cmake_args': None, 'cmake_clean_cache': False, 'cmake_clean_first': False, 'cmake_force_configure': False, 'cmake_target': None, 'cmake_target_skip_unavailable': False, 'install_base': '/home/wudad10/Fold1/ros2/2_service/install/py_server', 'merge_install': False, 'path': '/home/wudad10/Fold1/ros2/2_service/src/py_server', 'symlink_install': False, 'test_result_base': None}
[0.370s] INFO:colcon.colcon_core.executor:Executing jobs using 'parallel' executor
[0.372s] DEBUG:colcon.colcon_parallel_executor.executor.parallel:run_until_complete
[0.372s] INFO:colcon.colcon_ros.task.ament_cmake.build:Building ROS package in '/home/wudad10/Fold1/ros2/2_service/src/cpp_server' with build type 'ament_cmake'
[0.373s] INFO:colcon.colcon_cmake.task.cmake.build:Building CMake package in '/home/wudad10/Fold1/ros2/2_service/src/cpp_server'
[0.374s] INFO:colcon.colcon_core.plugin_system:Skipping extension 'colcon_core.shell.bat': Not used on non-Windows systems
[0.375s] INFO:colcon.colcon_core.shell:Skip shell extension 'powershell' for command environment: Not usable outside of PowerShell
[0.375s] DEBUG:colcon.colcon_core.shell:Skip shell extension 'dsv' for command environment
[0.380s] INFO:colcon.colcon_ros.task.ament_python.build:Building ROS package in '/home/wudad10/Fold1/ros2/2_service/src/py_server' with build type 'ament_python'
[0.380s] Level 1:colcon.colcon_core.shell:create_environment_hook('py_server', 'ament_prefix_path')
[0.381s] INFO:colcon.colcon_core.shell:Creating environment hook '/home/wudad10/Fold1/ros2/2_service/install/py_server/share/py_server/hook/ament_prefix_path.ps1'
[0.381s] INFO:colcon.colcon_core.shell:Creating environment descriptor '/home/wudad10/Fold1/ros2/2_service/install/py_server/share/py_server/hook/ament_prefix_path.dsv'
[0.382s] INFO:colcon.colcon_core.shell:Creating environment hook '/home/wudad10/Fold1/ros2/2_service/install/py_server/share/py_server/hook/ament_prefix_path.sh'
[0.384s] INFO:colcon.colcon_core.shell:Skip shell extension 'powershell' for command environment: Not usable outside of PowerShell
[0.384s] DEBUG:colcon.colcon_core.shell:Skip shell extension 'dsv' for command environment
[0.399s] DEBUG:colcon.colcon_core.event_handler.log_command:Invoking command in '/home/wudad10/Fold1/ros2/2_service/build/cpp_server': CMAKE_PREFIX_PATH=${CMAKE_PREFIX_PATH}:/home/wudad10/Fold1/chapter9/fishbot_ws/install/ros_serial2wifi:/home/wudad10/Fold1/chapter9/install/ros_serial2wifi:/opt/ros/humble /usr/bin/cmake --build /home/wudad10/Fold1/ros2/2_service/build/cpp_server -- -j4 -l4
[0.653s] INFO:colcon.colcon_core.task.python.build:Building Python package in '/home/wudad10/Fold1/ros2/2_service/src/py_server'
[0.653s] INFO:colcon.colcon_core.shell:Skip shell extension 'powershell' for command environment: Not usable outside of PowerShell
[0.653s] DEBUG:colcon.colcon_core.shell:Skip shell extension 'dsv' for command environment
[1.055s] DEBUG:colcon.colcon_core.event_handler.log_command:Invoking command in '/home/wudad10/Fold1/ros2/2_service/src/py_server': PYTHONPATH=/home/wudad10/Fold1/ros2/2_service/build/py_server/prefix_override:/usr/lib/python3/dist-packages/colcon_core/task/python/colcon_distutils_commands:/home/wudad10/Fold1/ros2/2_service/install/py_server/lib/python3.10/site-packages:${PYTHONPATH} /usr/bin/python3 -W ignore:setup.py install is deprecated -W ignore:easy_install command is deprecated setup.py egg_info --egg-base ../../build/py_server build --build-base /home/wudad10/Fold1/ros2/2_service/build/py_server/build install --record /home/wudad10/Fold1/ros2/2_service/build/py_server/install.log --single-version-externally-managed install_data
[1.396s] DEBUG:colcon.colcon_core.event_handler.log_command:Invoked command in '/home/wudad10/Fold1/ros2/2_service/src/py_server' returned '0': PYTHONPATH=/home/wudad10/Fold1/ros2/2_service/build/py_server/prefix_override:/usr/lib/python3/dist-packages/colcon_core/task/python/colcon_distutils_commands:/home/wudad10/Fold1/ros2/2_service/install/py_server/lib/python3.10/site-packages:${PYTHONPATH} /usr/bin/python3 -W ignore:setup.py install is deprecated -W ignore:easy_install command is deprecated setup.py egg_info --egg-base ../../build/py_server build --build-base /home/wudad10/Fold1/ros2/2_service/build/py_server/build install --record /home/wudad10/Fold1/ros2/2_service/build/py_server/install.log --single-version-externally-managed install_data
[1.397s] Level 1:colcon.colcon_core.environment:checking '/home/wudad10/Fold1/ros2/2_service/install/py_server' for CMake module files
[1.398s] Level 1:colcon.colcon_core.environment:checking '/home/wudad10/Fold1/ros2/2_service/install/py_server' for CMake config files
[1.399s] Level 1:colcon.colcon_core.environment:checking '/home/wudad10/Fold1/ros2/2_service/install/py_server/lib'
[1.399s] Level 1:colcon.colcon_core.environment:checking '/home/wudad10/Fold1/ros2/2_service/install/py_server/bin'
[1.399s] Level 1:colcon.colcon_core.environment:checking '/home/wudad10/Fold1/ros2/2_service/install/py_server/lib/pkgconfig/py_server.pc'
[1.399s] Level 1:colcon.colcon_core.environment:checking '/home/wudad10/Fold1/ros2/2_service/install/py_server/lib/python3.10/site-packages'
[1.399s] Level 1:colcon.colcon_core.shell:create_environment_hook('py_server', 'pythonpath')
[1.399s] INFO:colcon.colcon_core.shell:Creating environment hook '/home/wudad10/Fold1/ros2/2_service/install/py_server/share/py_server/hook/pythonpath.ps1'
[1.400s] INFO:colcon.colcon_core.shell:Creating environment descriptor '/home/wudad10/Fold1/ros2/2_service/install/py_server/share/py_server/hook/pythonpath.dsv'
[1.401s] INFO:colcon.colcon_core.shell:Creating environment hook '/home/wudad10/Fold1/ros2/2_service/install/py_server/share/py_server/hook/pythonpath.sh'
[1.402s] Level 1:colcon.colcon_core.environment:checking '/home/wudad10/Fold1/ros2/2_service/install/py_server/bin'
[1.402s] Level 1:colcon.colcon_core.environment:create_environment_scripts_only(py_server)
[1.402s] INFO:colcon.colcon_core.shell:Creating package script '/home/wudad10/Fold1/ros2/2_service/install/py_server/share/py_server/package.ps1'
[1.404s] INFO:colcon.colcon_core.shell:Creating package descriptor '/home/wudad10/Fold1/ros2/2_service/install/py_server/share/py_server/package.dsv'
[1.405s] INFO:colcon.colcon_core.shell:Creating package script '/home/wudad10/Fold1/ros2/2_service/install/py_server/share/py_server/package.sh'
[1.406s] INFO:colcon.colcon_core.shell:Creating package script '/home/wudad10/Fold1/ros2/2_service/install/py_server/share/py_server/package.bash'
[1.407s] INFO:colcon.colcon_core.shell:Creating package script '/home/wudad10/Fold1/ros2/2_service/install/py_server/share/py_server/package.zsh'
[1.408s] Level 1:colcon.colcon_core.environment:create_file_with_runtime_dependencies(/home/wudad10/Fold1/ros2/2_service/install/py_server/share/colcon-core/packages/py_server)
[1.475s] DEBUG:colcon.colcon_core.event_handler.log_command:Invoked command in '/home/wudad10/Fold1/ros2/2_service/build/cpp_server' returned '2': CMAKE_PREFIX_PATH=${CMAKE_PREFIX_PATH}:/home/wudad10/Fold1/chapter9/fishbot_ws/install/ros_serial2wifi:/home/wudad10/Fold1/chapter9/install/ros_serial2wifi:/opt/ros/humble /usr/bin/cmake --build /home/wudad10/Fold1/ros2/2_service/build/cpp_server -- -j4 -l4
[1.476s] Level 1:colcon.colcon_core.environment:create_environment_scripts_only(cpp_server)
[1.476s] Level 1:colcon.colcon_core.environment:checking '/home/wudad10/Fold1/ros2/2_service/install/cpp_server' for CMake module files
[1.476s] Level 1:colcon.colcon_core.environment:checking '/home/wudad10/Fold1/ros2/2_service/install/cpp_server' for CMake config files
[1.477s] Level 1:colcon.colcon_core.environment:checking '/home/wudad10/Fold1/ros2/2_service/install/cpp_server/bin'
[1.477s] Level 1:colcon.colcon_core.environment:checking '/home/wudad10/Fold1/ros2/2_service/install/cpp_server/lib/pkgconfig/cpp_server.pc'
[1.478s] Level 1:colcon.colcon_core.environment:checking '/home/wudad10/Fold1/ros2/2_service/install/cpp_server/lib/python3.10/site-packages'
[1.478s] Level 1:colcon.colcon_core.environment:checking '/home/wudad10/Fold1/ros2/2_service/install/cpp_server/bin'
[1.479s] INFO:colcon.colcon_core.shell:Creating package script '/home/wudad10/Fold1/ros2/2_service/install/cpp_server/share/cpp_server/package.ps1'
[1.480s] INFO:colcon.colcon_core.shell:Creating package descriptor '/home/wudad10/Fold1/ros2/2_service/install/cpp_server/share/cpp_server/package.dsv'
[1.481s] INFO:colcon.colcon_core.shell:Creating package script '/home/wudad10/Fold1/ros2/2_service/install/cpp_server/share/cpp_server/package.sh'
[1.482s] INFO:colcon.colcon_core.shell:Creating package script '/home/wudad10/Fold1/ros2/2_service/install/cpp_server/share/cpp_server/package.bash'
[1.483s] INFO:colcon.colcon_core.shell:Creating package script '/home/wudad10/Fold1/ros2/2_service/install/cpp_server/share/cpp_server/package.zsh'
[1.484s] Level 1:colcon.colcon_core.environment:create_file_with_runtime_dependencies(/home/wudad10/Fold1/ros2/2_service/install/cpp_server/share/colcon-core/packages/cpp_server)
[1.494s] DEBUG:colcon.colcon_parallel_executor.executor.parallel:closing loop
[1.495s] DEBUG:colcon.colcon_parallel_executor.executor.parallel:loop closed
[1.495s] DEBUG:colcon.colcon_parallel_executor.executor.parallel:run_until_complete finished with '2'
[1.495s] DEBUG:colcon.colcon_core.event_reactor:joining thread
[1.502s] INFO:colcon.colcon_core.plugin_system:Skipping extension 'colcon_notification.desktop_notification.terminal_notifier': Not used on non-Darwin systems
[1.502s] INFO:colcon.colcon_core.plugin_system:Skipping extension 'colcon_notification.desktop_notification.win32': Not used on non-Windows systems
[1.502s] INFO:colcon.colcon_notification.desktop_notification:Sending desktop notification using 'notify2'
[1.519s] DEBUG:colcon.colcon_core.event_reactor:joined thread
[1.519s] INFO:colcon.colcon_core.shell:Creating prefix script '/home/wudad10/Fold1/ros2/2_service/install/local_setup.ps1'
[1.521s] INFO:colcon.colcon_core.shell:Creating prefix util module '/home/wudad10/Fold1/ros2/2_service/install/_local_setup_util_ps1.py'
[1.523s] INFO:colcon.colcon_core.shell:Creating prefix chain script '/home/wudad10/Fold1/ros2/2_service/install/setup.ps1'
[1.525s] INFO:colcon.colcon_core.shell:Creating prefix script '/home/wudad10/Fold1/ros2/2_service/install/local_setup.sh'
[1.526s] INFO:colcon.colcon_core.shell:Creating prefix util module '/home/wudad10/Fold1/ros2/2_service/install/_local_setup_util_sh.py'
[1.527s] INFO:colcon.colcon_core.shell:Creating prefix chain script '/home/wudad10/Fold1/ros2/2_service/install/setup.sh'
[1.529s] INFO:colcon.colcon_core.shell:Creating prefix script '/home/wudad10/Fold1/ros2/2_service/install/local_setup.bash'
[1.530s] INFO:colcon.colcon_core.shell:Creating prefix chain script '/home/wudad10/Fold1/ros2/2_service/install/setup.bash'
[1.532s] INFO:colcon.colcon_core.shell:Creating prefix script '/home/wudad10/Fold1/ros2/2_service/install/local_setup.zsh'
[1.533s] INFO:colcon.colcon_core.shell:Creating prefix chain script '/home/wudad10/Fold1/ros2/2_service/install/setup.zsh'
