[0.026s] Invoking command in '/home/wudad10/Fold1/ros2/2_service/build/cpp_server': CMAKE_PREFIX_PATH=${CMAKE_PREFIX_PATH}:/home/wudad10/Fold1/chapter9/fishbot_ws/install/ros_serial2wifi:/home/wudad10/Fold1/chapter9/install/ros_serial2wifi:/opt/ros/humble /usr/bin/cmake /home/wudad10/Fold1/ros2/2_service/src/cpp_server -DCMAKE_INSTALL_PREFIX=/home/wudad10/Fold1/ros2/2_service/install/cpp_server
[0.041s] -- Found ament_cmake: 1.3.12 (/opt/ros/humble/share/ament_cmake/cmake)
[0.254s] -- Found rclcpp: 16.0.15 (/opt/ros/humble/share/rclcpp/cmake)
[0.390s] -- Found rosidl_generator_c: 3.1.7 (/opt/ros/humble/share/rosidl_generator_c/cmake)
[0.404s] -- Found rosidl_adapter: 3.1.7 (/opt/ros/humble/share/rosidl_adapter/cmake)
[0.429s] -- Found rosidl_generator_cpp: 3.1.7 (/opt/ros/humble/share/rosidl_generator_cpp/cmake)
[0.465s] -- Using all available rosidl_typesupport_c: rosidl_typesupport_fastrtps_c;rosidl_typesupport_introspection_c
[0.501s] -- Using all available rosidl_typesupport_cpp: rosidl_typesupport_fastrtps_cpp;rosidl_typesupport_introspection_cpp
[0.622s] -- Found rmw_implementation_cmake: 6.1.2 (/opt/ros/humble/share/rmw_implementation_cmake/cmake)
[0.634s] -- Found rmw_fastrtps_cpp: 6.2.9 (/opt/ros/humble/share/rmw_fastrtps_cpp/cmake)
[0.818s] -- Found OpenSSL: /usr/lib/x86_64-linux-gnu/libcrypto.so (found version "3.0.2")  
[0.855s] -- Found FastRTPS: /opt/ros/humble/include  
[0.909s] -- Using RMW implementation 'rmw_fastrtps_cpp' as default
[0.932s] -- Looking for pthread.h
[1.047s] -- Looking for pthread.h - found
[1.047s] -- Performing Test CMAKE_HAVE_LIBC_PTHREAD
[1.145s] -- Performing Test CMAKE_HAVE_LIBC_PTHREAD - Success
[1.145s] -- Found Threads: TRUE  
[1.249s] -- Found ament_lint_auto: 0.12.14 (/opt/ros/humble/share/ament_lint_auto/cmake)
[1.328s] -- Added test 'cppcheck' to perform static code analysis on C / C++ code
[1.329s] -- Configured cppcheck include dirs: 
[1.329s] -- Configured cppcheck exclude dirs and/or files: 
[1.332s] -- Added test 'lint_cmake' to check CMake code style
[1.335s] -- Added test 'uncrustify' to check C / C++ code style
[1.335s] -- Configured uncrustify additional arguments: 
[1.336s] -- Added test 'xmllint' to check XML markup files
[1.339s] -- Configuring done
[1.355s] -- Generating done
[1.359s] -- Build files have been written to: /home/wudad10/Fold1/ros2/2_service/build/cpp_server
[1.368s] Invoked command in '/home/wudad10/Fold1/ros2/2_service/build/cpp_server' returned '0': CMAKE_PREFIX_PATH=${CMAKE_PREFIX_PATH}:/home/wudad10/Fold1/chapter9/fishbot_ws/install/ros_serial2wifi:/home/wudad10/Fold1/chapter9/install/ros_serial2wifi:/opt/ros/humble /usr/bin/cmake /home/wudad10/Fold1/ros2/2_service/src/cpp_server -DCMAKE_INSTALL_PREFIX=/home/wudad10/Fold1/ros2/2_service/install/cpp_server
[1.370s] Invoking command in '/home/wudad10/Fold1/ros2/2_service/build/cpp_server': CMAKE_PREFIX_PATH=${CMAKE_PREFIX_PATH}:/home/wudad10/Fold1/chapter9/fishbot_ws/install/ros_serial2wifi:/home/wudad10/Fold1/chapter9/install/ros_serial2wifi:/opt/ros/humble /usr/bin/cmake --build /home/wudad10/Fold1/ros2/2_service/build/cpp_server -- -j4 -l4
[1.434s] [ 25%] [32mBuilding CXX object CMakeFiles/cpp_server.dir/src/cpp_server.cpp.o[0m
[1.439s] [ 50%] [32mBuilding CXX object CMakeFiles/cpp_client.dir/src/cpp_client.cpp.o[0m
[1.981s] [01m[K/home/wudad10/Fold1/ros2/2_service/src/cpp_server/src/cpp_client.cpp:2:10:[m[K [01;31m[Kfatal error: [m[Kexample_interfaces/srv/add_two_ints.hpp: æ²¡æœ‰é‚£ä¸ªæ–‡ä»¶æˆ–ç›®å½•
[1.981s]     2 | #include [01;31m[K"example_interfaces/srv/add_two_ints.hpp"[m[K
[1.981s]       |          [01;31m[K^~~~~~~~~~~~~~~~~~~~~~~~~~~~~~~~~~~~~~~~~[m[K
[1.982s] compilation terminated.
[1.982s] [01m[K/home/wudad10/Fold1/ros2/2_service/src/cpp_server/src/cpp_server.cpp:2:10:[m[K [01;31m[Kfatal error: [m[Kexample_interfaces/srv/add_two_ints.hpp: æ²¡æœ‰é‚£ä¸ªæ–‡ä»¶æˆ–ç›®å½•
[1.982s]     2 | #include [01;31m[K"example_interfaces/srv/add_two_ints.hpp"[m[K
[1.982s]       |          [01;31m[K^~~~~~~~~~~~~~~~~~~~~~~~~~~~~~~~~~~~~~~~~[m[K
[1.982s] compilation terminated.
[1.986s] gmake[2]: *** [CMakeFiles/cpp_server.dir/build.make:76ï¼šCMakeFiles/cpp_server.dir/src/cpp_server.cpp.o] é”™è¯¯ 1
[1.987s] gmake[1]: *** [CMakeFiles/Makefile2:139ï¼šCMakeFiles/cpp_server.dir/all] é”™è¯¯ 2
[1.987s] gmake[1]: *** æ­£åœ¨ç­‰å¾…æœªå®Œæˆçš„ä»»åŠ¡....
[1.988s] gmake[2]: *** [CMakeFiles/cpp_client.dir/build.make:76ï¼šCMakeFiles/cpp_client.dir/src/cpp_client.cpp.o] é”™è¯¯ 1
[1.988s] gmake[1]: *** [CMakeFiles/Makefile2:165ï¼šCMakeFiles/cpp_client.dir/all] é”™è¯¯ 2
[1.989s] gmake: *** [Makefile:146ï¼šall] é”™è¯¯ 2
[1.992s] Invoked command in '/home/wudad10/Fold1/ros2/2_service/build/cpp_server' returned '2': CMAKE_PREFIX_PATH=${CMAKE_PREFIX_PATH}:/home/wudad10/Fold1/chapter9/fishbot_ws/install/ros_serial2wifi:/home/wudad10/Fold1/chapter9/install/ros_serial2wifi:/opt/ros/humble /usr/bin/cmake --build /home/wudad10/Fold1/ros2/2_service/build/cpp_server -- -j4 -l4
