running egg_info
writing ../../build/py_param_node/py_param_node.egg-info/PKG-INFO
writing dependency_links to ../../build/py_param_node/py_param_node.egg-info/dependency_links.txt
writing entry points to ../../build/py_param_node/py_param_node.egg-info/entry_points.txt
writing requirements to ../../build/py_param_node/py_param_node.egg-info/requires.txt
writing top-level names to ../../build/py_param_node/py_param_node.egg-info/top_level.txt
reading manifest file '../../build/py_param_node/py_param_node.egg-info/SOURCES.txt'
writing manifest file '../../build/py_param_node/py_param_node.egg-info/SOURCES.txt'
running build
running build_py
copying py_param_node/py_param_node.py -> /home/wudad10/Fold1/ros2/3_param/build/py_param_node/build/lib/py_param_node
running install
running install_lib
copying /home/wudad10/Fold1/ros2/3_param/build/py_param_node/build/lib/py_param_node/py_param_node.py -> /home/wudad10/Fold1/ros2/3_param/install/py_param_node/lib/python3.10/site-packages/py_param_node
byte-compiling /home/wudad10/Fold1/ros2/3_param/install/py_param_node/lib/python3.10/site-packages/py_param_node/py_param_node.py to py_param_node.cpython-310.pyc
running install_data
running install_egg_info
removing '/home/wudad10/Fold1/ros2/3_param/install/py_param_node/lib/python3.10/site-packages/py_param_node-0.0.0-py3.10.egg-info' (and everything under it)
Copying ../../build/py_param_node/py_param_node.egg-info to /home/wudad10/Fold1/ros2/3_param/install/py_param_node/lib/python3.10/site-packages/py_param_node-0.0.0-py3.10.egg-info
running install_scripts
Installing py_param_node script to /home/wudad10/Fold1/ros2/3_param/install/py_param_node/lib/py_param_node
writing list of installed files to '/home/wudad10/Fold1/ros2/3_param/build/py_param_node/install.log'
