[0.910s] Invoking command in '/home/wudad10/Fold1/ros2/6_tf/src/py_tf': PYTHONPATH=/home/wudad10/Fold1/ros2/6_tf/build/py_tf/prefix_override:/usr/lib/python3/dist-packages/colcon_core/task/python/colcon_distutils_commands:/home/wudad10/Fold1/ros2/6_tf/install/py_tf/lib/python3.10/site-packages:${PYTHONPATH} /usr/bin/python3 -W ignore:setup.py install is deprecated -W ignore:easy_install command is deprecated setup.py egg_info --egg-base ../../build/py_tf build --build-base /home/wudad10/Fold1/ros2/6_tf/build/py_tf/build install --record /home/wudad10/Fold1/ros2/6_tf/build/py_tf/install.log --single-version-externally-managed install_data
[1.147s] running egg_info
[1.148s] creating ../../build/py_tf/py_tf.egg-info
[1.148s] writing ../../build/py_tf/py_tf.egg-info/PKG-INFO
[1.148s] writing dependency_links to ../../build/py_tf/py_tf.egg-info/dependency_links.txt
[1.148s] writing entry points to ../../build/py_tf/py_tf.egg-info/entry_points.txt
[1.148s] writing requirements to ../../build/py_tf/py_tf.egg-info/requires.txt
[1.149s] writing top-level names to ../../build/py_tf/py_tf.egg-info/top_level.txt
[1.149s] writing manifest file '../../build/py_tf/py_tf.egg-info/SOURCES.txt'
[1.152s] reading manifest file '../../build/py_tf/py_tf.egg-info/SOURCES.txt'
[1.152s] writing manifest file '../../build/py_tf/py_tf.egg-info/SOURCES.txt'
[1.152s] running build
[1.152s] running build_py
[1.153s] creating /home/wudad10/Fold1/ros2/6_tf/build/py_tf/build
[1.153s] creating /home/wudad10/Fold1/ros2/6_tf/build/py_tf/build/lib
[1.153s] creating /home/wudad10/Fold1/ros2/6_tf/build/py_tf/build/lib/py_tf
[1.153s] copying py_tf/__init__.py -> /home/wudad10/Fold1/ros2/6_tf/build/py_tf/build/lib/py_tf
[1.153s] running install
[1.153s] running install_lib
[1.154s] creating /home/wudad10/Fold1/ros2/6_tf/install/py_tf/lib/python3.10/site-packages/py_tf
[1.155s] copying /home/wudad10/Fold1/ros2/6_tf/build/py_tf/build/lib/py_tf/__init__.py -> /home/wudad10/Fold1/ros2/6_tf/install/py_tf/lib/python3.10/site-packages/py_tf
[1.155s] byte-compiling /home/wudad10/Fold1/ros2/6_tf/install/py_tf/lib/python3.10/site-packages/py_tf/__init__.py to __init__.cpython-310.pyc
[1.155s] running install_data
[1.156s] creating /home/wudad10/Fold1/ros2/6_tf/install/py_tf/share/ament_index
[1.156s] creating /home/wudad10/Fold1/ros2/6_tf/install/py_tf/share/ament_index/resource_index
[1.156s] creating /home/wudad10/Fold1/ros2/6_tf/install/py_tf/share/ament_index/resource_index/packages
[1.156s] copying resource/py_tf -> /home/wudad10/Fold1/ros2/6_tf/install/py_tf/share/ament_index/resource_index/packages
[1.156s] copying package.xml -> /home/wudad10/Fold1/ros2/6_tf/install/py_tf/share/py_tf
[1.156s] running install_egg_info
[1.158s] Copying ../../build/py_tf/py_tf.egg-info to /home/wudad10/Fold1/ros2/6_tf/install/py_tf/lib/python3.10/site-packages/py_tf-0.0.0-py3.10.egg-info
[1.159s] running install_scripts
[1.181s] writing list of installed files to '/home/wudad10/Fold1/ros2/6_tf/build/py_tf/install.log'
[1.220s] Invoked command in '/home/wudad10/Fold1/ros2/6_tf/src/py_tf' returned '0': PYTHONPATH=/home/wudad10/Fold1/ros2/6_tf/build/py_tf/prefix_override:/usr/lib/python3/dist-packages/colcon_core/task/python/colcon_distutils_commands:/home/wudad10/Fold1/ros2/6_tf/install/py_tf/lib/python3.10/site-packages:${PYTHONPATH} /usr/bin/python3 -W ignore:setup.py install is deprecated -W ignore:easy_install command is deprecated setup.py egg_info --egg-base ../../build/py_tf build --build-base /home/wudad10/Fold1/ros2/6_tf/build/py_tf/build install --record /home/wudad10/Fold1/ros2/6_tf/build/py_tf/install.log --single-version-externally-managed install_data
