[0.625s] Invoking command in '/home/wudad10/Fold1/ros2/1_topic/py_publisher/src/py_publisher': PYTHONPATH=/home/wudad10/Fold1/ros2/1_topic/py_publisher/build/py_publisher/prefix_override:/usr/lib/python3/dist-packages/colcon_core/task/python/colcon_distutils_commands:/home/wudad10/Fold1/ros2/1_topic/py_publisher/install/py_publisher/lib/python3.10/site-packages:${PYTHONPATH} /usr/bin/python3 -W ignore:setup.py install is deprecated -W ignore:easy_install command is deprecated setup.py egg_info --egg-base ../../build/py_publisher build --build-base /home/wudad10/Fold1/ros2/1_topic/py_publisher/build/py_publisher/build install --record /home/wudad10/Fold1/ros2/1_topic/py_publisher/build/py_publisher/install.log --single-version-externally-managed install_data
[0.849s] running egg_info
[0.850s] writing ../../build/py_publisher/py_publisher.egg-info/PKG-INFO
[0.850s] writing dependency_links to ../../build/py_publisher/py_publisher.egg-info/dependency_links.txt
[0.850s] writing entry points to ../../build/py_publisher/py_publisher.egg-info/entry_points.txt
[0.851s] writing requirements to ../../build/py_publisher/py_publisher.egg-info/requires.txt
[0.851s] writing top-level names to ../../build/py_publisher/py_publisher.egg-info/top_level.txt
[0.853s] reading manifest file '../../build/py_publisher/py_publisher.egg-info/SOURCES.txt'
[0.856s] writing manifest file '../../build/py_publisher/py_publisher.egg-info/SOURCES.txt'
[0.856s] running build
[0.856s] running build_py
[0.857s] running install
[0.857s] running install_lib
[0.859s] running install_data
[0.859s] running install_egg_info
[0.861s] removing '/home/wudad10/Fold1/ros2/1_topic/py_publisher/install/py_publisher/lib/python3.10/site-packages/py_publisher-0.0.0-py3.10.egg-info' (and everything under it)
[0.861s] Copying ../../build/py_publisher/py_publisher.egg-info to /home/wudad10/Fold1/ros2/1_topic/py_publisher/install/py_publisher/lib/python3.10/site-packages/py_publisher-0.0.0-py3.10.egg-info
[0.863s] running install_scripts
[0.882s] Installing py_talker script to /home/wudad10/Fold1/ros2/1_topic/py_publisher/install/py_publisher/lib/py_publisher
[0.883s] writing list of installed files to '/home/wudad10/Fold1/ros2/1_topic/py_publisher/build/py_publisher/install.log'
[0.915s] Invoked command in '/home/wudad10/Fold1/ros2/1_topic/py_publisher/src/py_publisher' returned '0': PYTHONPATH=/home/wudad10/Fold1/ros2/1_topic/py_publisher/build/py_publisher/prefix_override:/usr/lib/python3/dist-packages/colcon_core/task/python/colcon_distutils_commands:/home/wudad10/Fold1/ros2/1_topic/py_publisher/install/py_publisher/lib/python3.10/site-packages:${PYTHONPATH} /usr/bin/python3 -W ignore:setup.py install is deprecated -W ignore:easy_install command is deprecated setup.py egg_info --egg-base ../../build/py_publisher build --build-base /home/wudad10/Fold1/ros2/1_topic/py_publisher/build/py_publisher/build install --record /home/wudad10/Fold1/ros2/1_topic/py_publisher/build/py_publisher/install.log --single-version-externally-managed install_data
