[0.032s] Invoking command in '/home/wudad10/Fold1/ros2/2_service/build/my_interfaces': CMAKE_PREFIX_PATH=${CMAKE_PREFIX_PATH}:/home/wudad10/Fold1/ros2/2_service/install/py_server:/home/wudad10/Fold1/chapter9/fishbot_ws/install/ros_serial2wifi:/home/wudad10/Fold1/chapter9/install/ros_serial2wifi:/opt/ros/humble /usr/bin/cmake --build /home/wudad10/Fold1/ros2/2_service/build/my_interfaces -- -j4 -l4
[0.124s] [  9%] Built target my_interfaces__rosidl_generator_c
[0.130s] [ 12%] Built target my_interfaces__cpp
[0.164s] [ 22%] Built target my_interfaces__rosidl_typesupport_introspection_c
[0.171s] [ 22%] Built target ament_cmake_python_copy_my_interfaces
[0.180s] [ 32%] Built target my_interfaces__rosidl_typesupport_fastrtps_c
[0.193s] [ 41%] Built target my_interfaces__rosidl_typesupport_c
[0.225s] [ 51%] Built target my_interfaces__rosidl_typesupport_fastrtps_cpp
[0.235s] [ 61%] Built target my_interfaces__rosidl_typesupport_introspection_cpp
[0.245s] [ 70%] Built target my_interfaces__rosidl_typesupport_cpp
[0.292s] [ 70%] Built target my_interfaces
[0.330s] [ 74%] Built target my_interfaces__py
[0.360s] [ 80%] Built target my_interfaces__rosidl_generator_py
[0.409s] [ 87%] Built target my_interfaces__rosidl_typesupport_introspection_c__pyext
[0.424s] [ 93%] Built target my_interfaces__rosidl_typesupport_c__pyext
[0.430s] [100%] Built target my_interfaces__rosidl_typesupport_fastrtps_c__pyext
[0.633s] running egg_info
[0.639s] writing my_interfaces.egg-info/PKG-INFO
[0.639s] writing dependency_links to my_interfaces.egg-info/dependency_links.txt
[0.639s] writing top-level names to my_interfaces.egg-info/top_level.txt
[0.644s] reading manifest file 'my_interfaces.egg-info/SOURCES.txt'
[0.644s] writing manifest file 'my_interfaces.egg-info/SOURCES.txt'
[0.718s] [100%] Built target ament_cmake_python_build_my_interfaces_egg
[0.741s] Invoked command in '/home/wudad10/Fold1/ros2/2_service/build/my_interfaces' returned '0': CMAKE_PREFIX_PATH=${CMAKE_PREFIX_PATH}:/home/wudad10/Fold1/ros2/2_service/install/py_server:/home/wudad10/Fold1/chapter9/fishbot_ws/install/ros_serial2wifi:/home/wudad10/Fold1/chapter9/install/ros_serial2wifi:/opt/ros/humble /usr/bin/cmake --build /home/wudad10/Fold1/ros2/2_service/build/my_interfaces -- -j4 -l4
[0.758s] Invoking command in '/home/wudad10/Fold1/ros2/2_service/build/my_interfaces': CMAKE_PREFIX_PATH=${CMAKE_PREFIX_PATH}:/home/wudad10/Fold1/ros2/2_service/install/py_server:/home/wudad10/Fold1/chapter9/fishbot_ws/install/ros_serial2wifi:/home/wudad10/Fold1/chapter9/install/ros_serial2wifi:/opt/ros/humble /usr/bin/cmake --install /home/wudad10/Fold1/ros2/2_service/build/my_interfaces
[0.767s] -- Install configuration: ""
[0.767s] -- Up-to-date: /home/wudad10/Fold1/ros2/2_service/install/my_interfaces/share/ament_index/resource_index/rosidl_interfaces/my_interfaces
[0.767s] -- Up-to-date: /home/wudad10/Fold1/ros2/2_service/install/my_interfaces/include/my_interfaces/my_interfaces
[0.768s] -- Up-to-date: /home/wudad10/Fold1/ros2/2_service/install/my_interfaces/include/my_interfaces/my_interfaces/srv
[0.768s] -- Up-to-date: /home/wudad10/Fold1/ros2/2_service/install/my_interfaces/include/my_interfaces/my_interfaces/srv/detail
[0.768s] -- Up-to-date: /home/wudad10/Fold1/ros2/2_service/install/my_interfaces/include/my_interfaces/my_interfaces/srv/detail/add_two_ints__functions.c
[0.768s] -- Up-to-date: /home/wudad10/Fold1/ros2/2_service/install/my_interfaces/include/my_interfaces/my_interfaces/srv/detail/add_two_ints__functions.h
[0.768s] -- Up-to-date: /home/wudad10/Fold1/ros2/2_service/install/my_interfaces/include/my_interfaces/my_interfaces/srv/detail/add_two_ints__struct.h
[0.768s] -- Up-to-date: /home/wudad10/Fold1/ros2/2_service/install/my_interfaces/include/my_interfaces/my_interfaces/srv/detail/add_two_ints__type_support.h
[0.769s] -- Up-to-date: /home/wudad10/Fold1/ros2/2_service/install/my_interfaces/include/my_interfaces/my_interfaces/srv/add_two_ints.h
[0.769s] -- Up-to-date: /home/wudad10/Fold1/ros2/2_service/install/my_interfaces/include/my_interfaces/my_interfaces/msg
[0.769s] -- Up-to-date: /home/wudad10/Fold1/ros2/2_service/install/my_interfaces/include/my_interfaces/my_interfaces/msg/rosidl_generator_c__visibility_control.h
[0.769s] -- Up-to-date: /home/wudad10/Fold1/ros2/2_service/install/my_interfaces/share/my_interfaces/environment/library_path.sh
[0.770s] -- Up-to-date: /home/wudad10/Fold1/ros2/2_service/install/my_interfaces/share/my_interfaces/environment/library_path.dsv
[0.770s] -- Up-to-date: /home/wudad10/Fold1/ros2/2_service/install/my_interfaces/lib/libmy_interfaces__rosidl_generator_c.so
[0.770s] -- Up-to-date: /home/wudad10/Fold1/ros2/2_service/install/my_interfaces/include/my_interfaces/my_interfaces
[0.770s] -- Up-to-date: /home/wudad10/Fold1/ros2/2_service/install/my_interfaces/include/my_interfaces/my_interfaces/srv
[0.771s] -- Up-to-date: /home/wudad10/Fold1/ros2/2_service/install/my_interfaces/include/my_interfaces/my_interfaces/srv/detail
[0.771s] -- Up-to-date: /home/wudad10/Fold1/ros2/2_service/install/my_interfaces/include/my_interfaces/my_interfaces/srv/detail/add_two_ints__rosidl_typesupport_fastrtps_c.h
[0.771s] -- Up-to-date: /home/wudad10/Fold1/ros2/2_service/install/my_interfaces/include/my_interfaces/my_interfaces/msg
[0.772s] -- Up-to-date: /home/wudad10/Fold1/ros2/2_service/install/my_interfaces/include/my_interfaces/my_interfaces/msg/rosidl_typesupport_fastrtps_c__visibility_control.h
[0.772s] -- Up-to-date: /home/wudad10/Fold1/ros2/2_service/install/my_interfaces/lib/libmy_interfaces__rosidl_typesupport_fastrtps_c.so
[0.772s] -- Up-to-date: /home/wudad10/Fold1/ros2/2_service/install/my_interfaces/include/my_interfaces/my_interfaces
[0.772s] -- Up-to-date: /home/wudad10/Fold1/ros2/2_service/install/my_interfaces/include/my_interfaces/my_interfaces/srv
[0.773s] -- Up-to-date: /home/wudad10/Fold1/ros2/2_service/install/my_interfaces/include/my_interfaces/my_interfaces/srv/detail
[0.773s] -- Up-to-date: /home/wudad10/Fold1/ros2/2_service/install/my_interfaces/include/my_interfaces/my_interfaces/srv/detail/add_two_ints__rosidl_typesupport_introspection_c.h
[0.773s] -- Up-to-date: /home/wudad10/Fold1/ros2/2_service/install/my_interfaces/include/my_interfaces/my_interfaces/srv/detail/add_two_ints__type_support.c
[0.773s] -- Up-to-date: /home/wudad10/Fold1/ros2/2_service/install/my_interfaces/include/my_interfaces/my_interfaces/msg
[0.774s] -- Up-to-date: /home/wudad10/Fold1/ros2/2_service/install/my_interfaces/include/my_interfaces/my_interfaces/msg/rosidl_typesupport_introspection_c__visibility_control.h
[0.774s] -- Up-to-date: /home/wudad10/Fold1/ros2/2_service/install/my_interfaces/lib/libmy_interfaces__rosidl_typesupport_introspection_c.so
[0.774s] -- Up-to-date: /home/wudad10/Fold1/ros2/2_service/install/my_interfaces/lib/libmy_interfaces__rosidl_typesupport_c.so
[0.775s] -- Up-to-date: /home/wudad10/Fold1/ros2/2_service/install/my_interfaces/include/my_interfaces/my_interfaces
[0.775s] -- Up-to-date: /home/wudad10/Fold1/ros2/2_service/install/my_interfaces/include/my_interfaces/my_interfaces/srv
[0.775s] -- Up-to-date: /home/wudad10/Fold1/ros2/2_service/install/my_interfaces/include/my_interfaces/my_interfaces/srv/detail
[0.775s] -- Up-to-date: /home/wudad10/Fold1/ros2/2_service/install/my_interfaces/include/my_interfaces/my_interfaces/srv/detail/add_two_ints__type_support.hpp
[0.775s] -- Up-to-date: /home/wudad10/Fold1/ros2/2_service/install/my_interfaces/include/my_interfaces/my_interfaces/srv/detail/add_two_ints__traits.hpp
[0.776s] -- Up-to-date: /home/wudad10/Fold1/ros2/2_service/install/my_interfaces/include/my_interfaces/my_interfaces/srv/detail/add_two_ints__builder.hpp
[0.776s] -- Up-to-date: /home/wudad10/Fold1/ros2/2_service/install/my_interfaces/include/my_interfaces/my_interfaces/srv/detail/add_two_ints__struct.hpp
[0.776s] -- Up-to-date: /home/wudad10/Fold1/ros2/2_service/install/my_interfaces/include/my_interfaces/my_interfaces/srv/add_two_ints.hpp
[0.776s] -- Up-to-date: /home/wudad10/Fold1/ros2/2_service/install/my_interfaces/include/my_interfaces/my_interfaces/msg
[0.776s] -- Up-to-date: /home/wudad10/Fold1/ros2/2_service/install/my_interfaces/include/my_interfaces/my_interfaces/msg/rosidl_generator_cpp__visibility_control.hpp
[0.777s] -- Up-to-date: /home/wudad10/Fold1/ros2/2_service/install/my_interfaces/include/my_interfaces/my_interfaces
[0.777s] -- Up-to-date: /home/wudad10/Fold1/ros2/2_service/install/my_interfaces/include/my_interfaces/my_interfaces/srv
[0.777s] -- Up-to-date: /home/wudad10/Fold1/ros2/2_service/install/my_interfaces/include/my_interfaces/my_interfaces/srv/detail
[0.777s] -- Up-to-date: /home/wudad10/Fold1/ros2/2_service/install/my_interfaces/include/my_interfaces/my_interfaces/srv/detail/dds_fastrtps
[0.778s] -- Up-to-date: /home/wudad10/Fold1/ros2/2_service/install/my_interfaces/include/my_interfaces/my_interfaces/srv/detail/add_two_ints__rosidl_typesupport_fastrtps_cpp.hpp
[0.778s] -- Up-to-date: /home/wudad10/Fold1/ros2/2_service/install/my_interfaces/include/my_interfaces/my_interfaces/msg
[0.778s] -- Up-to-date: /home/wudad10/Fold1/ros2/2_service/install/my_interfaces/include/my_interfaces/my_interfaces/msg/rosidl_typesupport_fastrtps_cpp__visibility_control.h
[0.778s] -- Up-to-date: /home/wudad10/Fold1/ros2/2_service/install/my_interfaces/lib/libmy_interfaces__rosidl_typesupport_fastrtps_cpp.so
[0.779s] -- Up-to-date: /home/wudad10/Fold1/ros2/2_service/install/my_interfaces/include/my_interfaces/my_interfaces
[0.779s] -- Up-to-date: /home/wudad10/Fold1/ros2/2_service/install/my_interfaces/include/my_interfaces/my_interfaces/srv
[0.779s] -- Up-to-date: /home/wudad10/Fold1/ros2/2_service/install/my_interfaces/include/my_interfaces/my_interfaces/srv/detail
[0.780s] -- Up-to-date: /home/wudad10/Fold1/ros2/2_service/install/my_interfaces/include/my_interfaces/my_interfaces/srv/detail/add_two_ints__type_support.cpp
[0.780s] -- Up-to-date: /home/wudad10/Fold1/ros2/2_service/install/my_interfaces/include/my_interfaces/my_interfaces/srv/detail/add_two_ints__rosidl_typesupport_introspection_cpp.hpp
[0.780s] -- Up-to-date: /home/wudad10/Fold1/ros2/2_service/install/my_interfaces/lib/libmy_interfaces__rosidl_typesupport_introspection_cpp.so
[0.781s] -- Up-to-date: /home/wudad10/Fold1/ros2/2_service/install/my_interfaces/lib/libmy_interfaces__rosidl_typesupport_cpp.so
[0.782s] -- Up-to-date: /home/wudad10/Fold1/ros2/2_service/install/my_interfaces/share/my_interfaces/environment/pythonpath.sh
[0.782s] -- Up-to-date: /home/wudad10/Fold1/ros2/2_service/install/my_interfaces/share/my_interfaces/environment/pythonpath.dsv
[0.782s] -- Up-to-date: /home/wudad10/Fold1/ros2/2_service/install/my_interfaces/local/lib/python3.10/dist-packages/my_interfaces-0.0.0-py3.10.egg-info
[0.783s] -- Installing: /home/wudad10/Fold1/ros2/2_service/install/my_interfaces/local/lib/python3.10/dist-packages/my_interfaces-0.0.0-py3.10.egg-info/dependency_links.txt
[0.783s] -- Installing: /home/wudad10/Fold1/ros2/2_service/install/my_interfaces/local/lib/python3.10/dist-packages/my_interfaces-0.0.0-py3.10.egg-info/PKG-INFO
[0.784s] -- Installing: /home/wudad10/Fold1/ros2/2_service/install/my_interfaces/local/lib/python3.10/dist-packages/my_interfaces-0.0.0-py3.10.egg-info/top_level.txt
[0.784s] -- Installing: /home/wudad10/Fold1/ros2/2_service/install/my_interfaces/local/lib/python3.10/dist-packages/my_interfaces-0.0.0-py3.10.egg-info/SOURCES.txt
[0.785s] -- Up-to-date: /home/wudad10/Fold1/ros2/2_service/install/my_interfaces/local/lib/python3.10/dist-packages/my_interfaces
[0.785s] -- Up-to-date: /home/wudad10/Fold1/ros2/2_service/install/my_interfaces/local/lib/python3.10/dist-packages/my_interfaces/libmy_interfaces__rosidl_generator_py.so
[0.785s] -- Up-to-date: /home/wudad10/Fold1/ros2/2_service/install/my_interfaces/local/lib/python3.10/dist-packages/my_interfaces/_my_interfaces_s.ep.rosidl_typesupport_c.c
[0.785s] -- Up-to-date: /home/wudad10/Fold1/ros2/2_service/install/my_interfaces/local/lib/python3.10/dist-packages/my_interfaces/srv
[0.786s] -- Up-to-date: /home/wudad10/Fold1/ros2/2_service/install/my_interfaces/local/lib/python3.10/dist-packages/my_interfaces/srv/_add_two_ints.py
[0.786s] -- Up-to-date: /home/wudad10/Fold1/ros2/2_service/install/my_interfaces/local/lib/python3.10/dist-packages/my_interfaces/srv/_add_two_ints_s.c
[0.786s] -- Up-to-date: /home/wudad10/Fold1/ros2/2_service/install/my_interfaces/local/lib/python3.10/dist-packages/my_interfaces/srv/__init__.py
[0.786s] -- Up-to-date: /home/wudad10/Fold1/ros2/2_service/install/my_interfaces/local/lib/python3.10/dist-packages/my_interfaces/my_interfaces_s__rosidl_typesupport_introspection_c.cpython-310-x86_64-linux-gnu.so
[0.786s] -- Up-to-date: /home/wudad10/Fold1/ros2/2_service/install/my_interfaces/local/lib/python3.10/dist-packages/my_interfaces/_my_interfaces_s.ep.rosidl_typesupport_fastrtps_c.c
[0.786s] -- Up-to-date: /home/wudad10/Fold1/ros2/2_service/install/my_interfaces/local/lib/python3.10/dist-packages/my_interfaces/my_interfaces_s__rosidl_typesupport_fastrtps_c.cpython-310-x86_64-linux-gnu.so
[0.787s] -- Up-to-date: /home/wudad10/Fold1/ros2/2_service/install/my_interfaces/local/lib/python3.10/dist-packages/my_interfaces/_my_interfaces_s.ep.rosidl_typesupport_introspection_c.c
[0.787s] -- Up-to-date: /home/wudad10/Fold1/ros2/2_service/install/my_interfaces/local/lib/python3.10/dist-packages/my_interfaces/my_interfaces_s__rosidl_typesupport_c.cpython-310-x86_64-linux-gnu.so
[0.787s] -- Up-to-date: /home/wudad10/Fold1/ros2/2_service/install/my_interfaces/local/lib/python3.10/dist-packages/my_interfaces/__init__.py
[0.830s] Listing '/home/wudad10/Fold1/ros2/2_service/install/my_interfaces/local/lib/python3.10/dist-packages/my_interfaces'...
[0.830s] Listing '/home/wudad10/Fold1/ros2/2_service/install/my_interfaces/local/lib/python3.10/dist-packages/my_interfaces/srv'...
[0.837s] -- Up-to-date: /home/wudad10/Fold1/ros2/2_service/install/my_interfaces/local/lib/python3.10/dist-packages/my_interfaces/my_interfaces_s__rosidl_typesupport_fastrtps_c.cpython-310-x86_64-linux-gnu.so
[0.839s] -- Up-to-date: /home/wudad10/Fold1/ros2/2_service/install/my_interfaces/local/lib/python3.10/dist-packages/my_interfaces/my_interfaces_s__rosidl_typesupport_introspection_c.cpython-310-x86_64-linux-gnu.so
[0.839s] -- Up-to-date: /home/wudad10/Fold1/ros2/2_service/install/my_interfaces/local/lib/python3.10/dist-packages/my_interfaces/my_interfaces_s__rosidl_typesupport_c.cpython-310-x86_64-linux-gnu.so
[0.839s] -- Up-to-date: /home/wudad10/Fold1/ros2/2_service/install/my_interfaces/lib/libmy_interfaces__rosidl_generator_py.so
[0.840s] -- Up-to-date: /home/wudad10/Fold1/ros2/2_service/install/my_interfaces/share/my_interfaces/srv/AddTwoInts.idl
[0.840s] -- Up-to-date: /home/wudad10/Fold1/ros2/2_service/install/my_interfaces/share/my_interfaces/srv/AddTwoInts.srv
[0.840s] -- Up-to-date: /home/wudad10/Fold1/ros2/2_service/install/my_interfaces/share/my_interfaces/srv/AddTwoInts_Request.msg
[0.841s] -- Up-to-date: /home/wudad10/Fold1/ros2/2_service/install/my_interfaces/share/my_interfaces/srv/AddTwoInts_Response.msg
[0.841s] -- Up-to-date: /home/wudad10/Fold1/ros2/2_service/install/my_interfaces/share/ament_index/resource_index/package_run_dependencies/my_interfaces
[0.841s] -- Up-to-date: /home/wudad10/Fold1/ros2/2_service/install/my_interfaces/share/ament_index/resource_index/parent_prefix_path/my_interfaces
[0.842s] -- Up-to-date: /home/wudad10/Fold1/ros2/2_service/install/my_interfaces/share/my_interfaces/environment/ament_prefix_path.sh
[0.842s] -- Up-to-date: /home/wudad10/Fold1/ros2/2_service/install/my_interfaces/share/my_interfaces/environment/ament_prefix_path.dsv
[0.842s] -- Up-to-date: /home/wudad10/Fold1/ros2/2_service/install/my_interfaces/share/my_interfaces/environment/path.sh
[0.842s] -- Up-to-date: /home/wudad10/Fold1/ros2/2_service/install/my_interfaces/share/my_interfaces/environment/path.dsv
[0.842s] -- Up-to-date: /home/wudad10/Fold1/ros2/2_service/install/my_interfaces/share/my_interfaces/local_setup.bash
[0.842s] -- Up-to-date: /home/wudad10/Fold1/ros2/2_service/install/my_interfaces/share/my_interfaces/local_setup.sh
[0.842s] -- Up-to-date: /home/wudad10/Fold1/ros2/2_service/install/my_interfaces/share/my_interfaces/local_setup.zsh
[0.843s] -- Up-to-date: /home/wudad10/Fold1/ros2/2_service/install/my_interfaces/share/my_interfaces/local_setup.dsv
[0.843s] -- Up-to-date: /home/wudad10/Fold1/ros2/2_service/install/my_interfaces/share/my_interfaces/package.dsv
[0.843s] -- Up-to-date: /home/wudad10/Fold1/ros2/2_service/install/my_interfaces/share/ament_index/resource_index/packages/my_interfaces
[0.843s] -- Up-to-date: /home/wudad10/Fold1/ros2/2_service/install/my_interfaces/share/my_interfaces/cmake/export_my_interfaces__rosidl_generator_cExport.cmake
[0.843s] -- Up-to-date: /home/wudad10/Fold1/ros2/2_service/install/my_interfaces/share/my_interfaces/cmake/export_my_interfaces__rosidl_generator_cExport-noconfig.cmake
[0.844s] -- Up-to-date: /home/wudad10/Fold1/ros2/2_service/install/my_interfaces/share/my_interfaces/cmake/export_my_interfaces__rosidl_typesupport_fastrtps_cExport.cmake
[0.844s] -- Up-to-date: /home/wudad10/Fold1/ros2/2_service/install/my_interfaces/share/my_interfaces/cmake/export_my_interfaces__rosidl_typesupport_fastrtps_cExport-noconfig.cmake
[0.844s] -- Up-to-date: /home/wudad10/Fold1/ros2/2_service/install/my_interfaces/share/my_interfaces/cmake/my_interfaces__rosidl_typesupport_introspection_cExport.cmake
[0.844s] -- Up-to-date: /home/wudad10/Fold1/ros2/2_service/install/my_interfaces/share/my_interfaces/cmake/my_interfaces__rosidl_typesupport_introspection_cExport-noconfig.cmake
[0.844s] -- Up-to-date: /home/wudad10/Fold1/ros2/2_service/install/my_interfaces/share/my_interfaces/cmake/my_interfaces__rosidl_typesupport_cExport.cmake
[0.844s] -- Up-to-date: /home/wudad10/Fold1/ros2/2_service/install/my_interfaces/share/my_interfaces/cmake/my_interfaces__rosidl_typesupport_cExport-noconfig.cmake
[0.844s] -- Up-to-date: /home/wudad10/Fold1/ros2/2_service/install/my_interfaces/share/my_interfaces/cmake/export_my_interfaces__rosidl_generator_cppExport.cmake
[0.845s] -- Up-to-date: /home/wudad10/Fold1/ros2/2_service/install/my_interfaces/share/my_interfaces/cmake/export_my_interfaces__rosidl_typesupport_fastrtps_cppExport.cmake
[0.845s] -- Up-to-date: /home/wudad10/Fold1/ros2/2_service/install/my_interfaces/share/my_interfaces/cmake/export_my_interfaces__rosidl_typesupport_fastrtps_cppExport-noconfig.cmake
[0.845s] -- Up-to-date: /home/wudad10/Fold1/ros2/2_service/install/my_interfaces/share/my_interfaces/cmake/my_interfaces__rosidl_typesupport_introspection_cppExport.cmake
[0.846s] -- Up-to-date: /home/wudad10/Fold1/ros2/2_service/install/my_interfaces/share/my_interfaces/cmake/my_interfaces__rosidl_typesupport_introspection_cppExport-noconfig.cmake
[0.846s] -- Up-to-date: /home/wudad10/Fold1/ros2/2_service/install/my_interfaces/share/my_interfaces/cmake/my_interfaces__rosidl_typesupport_cppExport.cmake
[0.846s] -- Up-to-date: /home/wudad10/Fold1/ros2/2_service/install/my_interfaces/share/my_interfaces/cmake/my_interfaces__rosidl_typesupport_cppExport-noconfig.cmake
[0.846s] -- Up-to-date: /home/wudad10/Fold1/ros2/2_service/install/my_interfaces/share/my_interfaces/cmake/export_my_interfaces__rosidl_generator_pyExport.cmake
[0.847s] -- Up-to-date: /home/wudad10/Fold1/ros2/2_service/install/my_interfaces/share/my_interfaces/cmake/export_my_interfaces__rosidl_generator_pyExport-noconfig.cmake
[0.847s] -- Up-to-date: /home/wudad10/Fold1/ros2/2_service/install/my_interfaces/share/my_interfaces/cmake/rosidl_cmake-extras.cmake
[0.847s] -- Up-to-date: /home/wudad10/Fold1/ros2/2_service/install/my_interfaces/share/my_interfaces/cmake/ament_cmake_export_include_directories-extras.cmake
[0.847s] -- Up-to-date: /home/wudad10/Fold1/ros2/2_service/install/my_interfaces/share/my_interfaces/cmake/ament_cmake_export_libraries-extras.cmake
[0.847s] -- Up-to-date: /home/wudad10/Fold1/ros2/2_service/install/my_interfaces/share/my_interfaces/cmake/ament_cmake_export_targets-extras.cmake
[0.847s] -- Up-to-date: /home/wudad10/Fold1/ros2/2_service/install/my_interfaces/share/my_interfaces/cmake/rosidl_cmake_export_typesupport_targets-extras.cmake
[0.847s] -- Up-to-date: /home/wudad10/Fold1/ros2/2_service/install/my_interfaces/share/my_interfaces/cmake/ament_cmake_export_dependencies-extras.cmake
[0.848s] -- Up-to-date: /home/wudad10/Fold1/ros2/2_service/install/my_interfaces/share/my_interfaces/cmake/rosidl_cmake_export_typesupport_libraries-extras.cmake
[0.848s] -- Up-to-date: /home/wudad10/Fold1/ros2/2_service/install/my_interfaces/share/my_interfaces/cmake/my_interfacesConfig.cmake
[0.848s] -- Up-to-date: /home/wudad10/Fold1/ros2/2_service/install/my_interfaces/share/my_interfaces/cmake/my_interfacesConfig-version.cmake
[0.848s] -- Up-to-date: /home/wudad10/Fold1/ros2/2_service/install/my_interfaces/share/my_interfaces/package.xml
[0.855s] Invoked command in '/home/wudad10/Fold1/ros2/2_service/build/my_interfaces' returned '0': CMAKE_PREFIX_PATH=${CMAKE_PREFIX_PATH}:/home/wudad10/Fold1/ros2/2_service/install/py_server:/home/wudad10/Fold1/chapter9/fishbot_ws/install/ros_serial2wifi:/home/wudad10/Fold1/chapter9/install/ros_serial2wifi:/opt/ros/humble /usr/bin/cmake --install /home/wudad10/Fold1/ros2/2_service/build/my_interfaces
