[0.675s] Invoking command in '/home/wudad10/Fold1/ros2/2_service/src/py_server': PYTHONPATH=/home/wudad10/Fold1/ros2/2_service/build/py_server/prefix_override:/usr/lib/python3/dist-packages/colcon_core/task/python/colcon_distutils_commands:/home/wudad10/Fold1/ros2/2_service/install/py_server/lib/python3.10/site-packages:${PYTHONPATH} /usr/bin/python3 -W ignore:setup.py install is deprecated -W ignore:easy_install command is deprecated setup.py egg_info --egg-base ../../build/py_server build --build-base /home/wudad10/Fold1/ros2/2_service/build/py_server/build install --record /home/wudad10/Fold1/ros2/2_service/build/py_server/install.log --single-version-externally-managed install_data
[0.935s] running egg_info
[0.935s] writing ../../build/py_server/py_server.egg-info/PKG-INFO
[0.937s] writing dependency_links to ../../build/py_server/py_server.egg-info/dependency_links.txt
[0.937s] writing entry points to ../../build/py_server/py_server.egg-info/entry_points.txt
[0.937s] writing requirements to ../../build/py_server/py_server.egg-info/requires.txt
[0.937s] writing top-level names to ../../build/py_server/py_server.egg-info/top_level.txt
[0.938s] reading manifest file '../../build/py_server/py_server.egg-info/SOURCES.txt'
[0.939s] writing manifest file '../../build/py_server/py_server.egg-info/SOURCES.txt'
[0.939s] running build
[0.939s] running build_py
[0.939s] running install
[0.940s] running install_lib
[0.941s] running install_data
[0.941s] running install_egg_info
[0.943s] removing '/home/wudad10/Fold1/ros2/2_service/install/py_server/lib/python3.10/site-packages/py_server-0.0.0-py3.10.egg-info' (and everything under it)
[0.944s] Copying ../../build/py_server/py_server.egg-info to /home/wudad10/Fold1/ros2/2_service/install/py_server/lib/python3.10/site-packages/py_server-0.0.0-py3.10.egg-info
[0.945s] running install_scripts
[0.970s] writing list of installed files to '/home/wudad10/Fold1/ros2/2_service/build/py_server/install.log'
[1.016s] Invoked command in '/home/wudad10/Fold1/ros2/2_service/src/py_server' returned '0': PYTHONPATH=/home/wudad10/Fold1/ros2/2_service/build/py_server/prefix_override:/usr/lib/python3/dist-packages/colcon_core/task/python/colcon_distutils_commands:/home/wudad10/Fold1/ros2/2_service/install/py_server/lib/python3.10/site-packages:${PYTHONPATH} /usr/bin/python3 -W ignore:setup.py install is deprecated -W ignore:easy_install command is deprecated setup.py egg_info --egg-base ../../build/py_server build --build-base /home/wudad10/Fold1/ros2/2_service/build/py_server/build install --record /home/wudad10/Fold1/ros2/2_service/build/py_server/install.log --single-version-externally-managed install_data
