[0.041s] Invoking command in '/home/wudad10/Fold1/ros2/4_action/build/my_interfaces': CMAKE_PREFIX_PATH=${CMAKE_PREFIX_PATH}:/home/wudad10/Fold1/ros2/4_action/install/py_action_server:/home/wudad10/Fold1/ros2/4_action/install/py_action_client:/home/wudad10/Fold1/ros2/3_param/install/py_param_node:/home/wudad10/Fold1/chapter9/fishbot_ws/install/ros_serial2wifi:/home/wudad10/Fold1/chapter9/install/ros_serial2wifi:/opt/ros/humble /usr/bin/cmake --build /home/wudad10/Fold1/ros2/4_action/build/my_interfaces -- -j4 -l4
[0.166s] [  3%] Built target my_interfaces__cpp
[0.198s] [ 12%] Built target my_interfaces__rosidl_generator_c
[0.214s] [ 12%] Built target ament_cmake_python_copy_my_interfaces
[0.252s] [ 22%] Built target my_interfaces__rosidl_typesupport_fastrtps_cpp
[0.260s] [ 32%] Built target my_interfaces__rosidl_typesupport_fastrtps_c
[0.265s] [ 41%] Built target my_interfaces__rosidl_typesupport_introspection_cpp
[0.265s] [ 51%] Built target my_interfaces__rosidl_typesupport_cpp
[0.308s] [ 61%] Built target my_interfaces__rosidl_typesupport_introspection_c
[0.319s] [ 70%] Built target my_interfaces__rosidl_typesupport_c
[0.354s] [ 70%] Built target my_interfaces
[0.394s] [ 74%] Built target my_interfaces__py
[0.449s] [ 80%] Built target my_interfaces__rosidl_generator_py
[0.508s] [ 87%] Built target my_interfaces__rosidl_typesupport_c__pyext
[0.511s] [ 93%] Built target my_interfaces__rosidl_typesupport_introspection_c__pyext
[0.511s] [100%] Built target my_interfaces__rosidl_typesupport_fastrtps_c__pyext
[0.604s] running egg_info
[0.605s] writing my_interfaces.egg-info/PKG-INFO
[0.605s] writing dependency_links to my_interfaces.egg-info/dependency_links.txt
[0.605s] writing top-level names to my_interfaces.egg-info/top_level.txt
[0.612s] reading manifest file 'my_interfaces.egg-info/SOURCES.txt'
[0.617s] writing manifest file 'my_interfaces.egg-info/SOURCES.txt'
[0.660s] [100%] Built target ament_cmake_python_build_my_interfaces_egg
[0.906s] Invoked command in '/home/wudad10/Fold1/ros2/4_action/build/my_interfaces' returned '0': CMAKE_PREFIX_PATH=${CMAKE_PREFIX_PATH}:/home/wudad10/Fold1/ros2/4_action/install/py_action_server:/home/wudad10/Fold1/ros2/4_action/install/py_action_client:/home/wudad10/Fold1/ros2/3_param/install/py_param_node:/home/wudad10/Fold1/chapter9/fishbot_ws/install/ros_serial2wifi:/home/wudad10/Fold1/chapter9/install/ros_serial2wifi:/opt/ros/humble /usr/bin/cmake --build /home/wudad10/Fold1/ros2/4_action/build/my_interfaces -- -j4 -l4
[0.914s] Invoking command in '/home/wudad10/Fold1/ros2/4_action/build/my_interfaces': CMAKE_PREFIX_PATH=${CMAKE_PREFIX_PATH}:/home/wudad10/Fold1/ros2/4_action/install/py_action_server:/home/wudad10/Fold1/ros2/4_action/install/py_action_client:/home/wudad10/Fold1/ros2/3_param/install/py_param_node:/home/wudad10/Fold1/chapter9/fishbot_ws/install/ros_serial2wifi:/home/wudad10/Fold1/chapter9/install/ros_serial2wifi:/opt/ros/humble /usr/bin/cmake --install /home/wudad10/Fold1/ros2/4_action/build/my_interfaces
[0.923s] -- Install configuration: ""
[0.924s] -- Up-to-date: /home/wudad10/Fold1/ros2/4_action/install/my_interfaces/share/ament_index/resource_index/rosidl_interfaces/my_interfaces
[0.924s] -- Up-to-date: /home/wudad10/Fold1/ros2/4_action/install/my_interfaces/include/my_interfaces/my_interfaces
[0.924s] -- Up-to-date: /home/wudad10/Fold1/ros2/4_action/install/my_interfaces/include/my_interfaces/my_interfaces/msg
[0.924s] -- Up-to-date: /home/wudad10/Fold1/ros2/4_action/install/my_interfaces/include/my_interfaces/my_interfaces/msg/rosidl_generator_c__visibility_control.h
[0.924s] -- Up-to-date: /home/wudad10/Fold1/ros2/4_action/install/my_interfaces/include/my_interfaces/my_interfaces/action
[0.924s] -- Up-to-date: /home/wudad10/Fold1/ros2/4_action/install/my_interfaces/include/my_interfaces/my_interfaces/action/detail
[0.924s] -- Up-to-date: /home/wudad10/Fold1/ros2/4_action/install/my_interfaces/include/my_interfaces/my_interfaces/action/detail/count__struct.h
[0.924s] -- Up-to-date: /home/wudad10/Fold1/ros2/4_action/install/my_interfaces/include/my_interfaces/my_interfaces/action/detail/count__functions.c
[0.925s] -- Up-to-date: /home/wudad10/Fold1/ros2/4_action/install/my_interfaces/include/my_interfaces/my_interfaces/action/detail/count__functions.h
[0.926s] -- Up-to-date: /home/wudad10/Fold1/ros2/4_action/install/my_interfaces/include/my_interfaces/my_interfaces/action/detail/count__type_support.h
[0.926s] -- Up-to-date: /home/wudad10/Fold1/ros2/4_action/install/my_interfaces/include/my_interfaces/my_interfaces/action/count.h
[0.926s] -- Up-to-date: /home/wudad10/Fold1/ros2/4_action/install/my_interfaces/share/my_interfaces/environment/library_path.sh
[0.926s] -- Up-to-date: /home/wudad10/Fold1/ros2/4_action/install/my_interfaces/share/my_interfaces/environment/library_path.dsv
[0.927s] -- Up-to-date: /home/wudad10/Fold1/ros2/4_action/install/my_interfaces/lib/libmy_interfaces__rosidl_generator_c.so
[0.927s] -- Up-to-date: /home/wudad10/Fold1/ros2/4_action/install/my_interfaces/include/my_interfaces/my_interfaces
[0.927s] -- Up-to-date: /home/wudad10/Fold1/ros2/4_action/install/my_interfaces/include/my_interfaces/my_interfaces/msg
[0.927s] -- Up-to-date: /home/wudad10/Fold1/ros2/4_action/install/my_interfaces/include/my_interfaces/my_interfaces/msg/rosidl_typesupport_fastrtps_c__visibility_control.h
[0.927s] -- Up-to-date: /home/wudad10/Fold1/ros2/4_action/install/my_interfaces/include/my_interfaces/my_interfaces/action
[0.927s] -- Up-to-date: /home/wudad10/Fold1/ros2/4_action/install/my_interfaces/include/my_interfaces/my_interfaces/action/detail
[0.928s] -- Up-to-date: /home/wudad10/Fold1/ros2/4_action/install/my_interfaces/include/my_interfaces/my_interfaces/action/detail/count__rosidl_typesupport_fastrtps_c.h
[0.928s] -- Up-to-date: /home/wudad10/Fold1/ros2/4_action/install/my_interfaces/lib/libmy_interfaces__rosidl_typesupport_fastrtps_c.so
[0.929s] -- Up-to-date: /home/wudad10/Fold1/ros2/4_action/install/my_interfaces/include/my_interfaces/my_interfaces
[0.930s] -- Up-to-date: /home/wudad10/Fold1/ros2/4_action/install/my_interfaces/include/my_interfaces/my_interfaces/msg
[0.931s] -- Up-to-date: /home/wudad10/Fold1/ros2/4_action/install/my_interfaces/include/my_interfaces/my_interfaces/msg/rosidl_typesupport_introspection_c__visibility_control.h
[0.931s] -- Up-to-date: /home/wudad10/Fold1/ros2/4_action/install/my_interfaces/include/my_interfaces/my_interfaces/action
[0.931s] -- Up-to-date: /home/wudad10/Fold1/ros2/4_action/install/my_interfaces/include/my_interfaces/my_interfaces/action/detail
[0.931s] -- Up-to-date: /home/wudad10/Fold1/ros2/4_action/install/my_interfaces/include/my_interfaces/my_interfaces/action/detail/count__type_support.c
[0.931s] -- Up-to-date: /home/wudad10/Fold1/ros2/4_action/install/my_interfaces/include/my_interfaces/my_interfaces/action/detail/count__rosidl_typesupport_introspection_c.h
[0.931s] -- Up-to-date: /home/wudad10/Fold1/ros2/4_action/install/my_interfaces/lib/libmy_interfaces__rosidl_typesupport_introspection_c.so
[0.933s] -- Up-to-date: /home/wudad10/Fold1/ros2/4_action/install/my_interfaces/lib/libmy_interfaces__rosidl_typesupport_c.so
[0.933s] -- Up-to-date: /home/wudad10/Fold1/ros2/4_action/install/my_interfaces/include/my_interfaces/my_interfaces
[0.933s] -- Up-to-date: /home/wudad10/Fold1/ros2/4_action/install/my_interfaces/include/my_interfaces/my_interfaces/msg
[0.933s] -- Up-to-date: /home/wudad10/Fold1/ros2/4_action/install/my_interfaces/include/my_interfaces/my_interfaces/msg/rosidl_generator_cpp__visibility_control.hpp
[0.933s] -- Up-to-date: /home/wudad10/Fold1/ros2/4_action/install/my_interfaces/include/my_interfaces/my_interfaces/action
[0.933s] -- Up-to-date: /home/wudad10/Fold1/ros2/4_action/install/my_interfaces/include/my_interfaces/my_interfaces/action/detail
[0.934s] -- Up-to-date: /home/wudad10/Fold1/ros2/4_action/install/my_interfaces/include/my_interfaces/my_interfaces/action/detail/count__type_support.hpp
[0.934s] -- Up-to-date: /home/wudad10/Fold1/ros2/4_action/install/my_interfaces/include/my_interfaces/my_interfaces/action/detail/count__builder.hpp
[0.934s] -- Up-to-date: /home/wudad10/Fold1/ros2/4_action/install/my_interfaces/include/my_interfaces/my_interfaces/action/detail/count__struct.hpp
[0.934s] -- Up-to-date: /home/wudad10/Fold1/ros2/4_action/install/my_interfaces/include/my_interfaces/my_interfaces/action/detail/count__traits.hpp
[0.934s] -- Up-to-date: /home/wudad10/Fold1/ros2/4_action/install/my_interfaces/include/my_interfaces/my_interfaces/action/count.hpp
[0.934s] -- Up-to-date: /home/wudad10/Fold1/ros2/4_action/install/my_interfaces/include/my_interfaces/my_interfaces
[0.934s] -- Up-to-date: /home/wudad10/Fold1/ros2/4_action/install/my_interfaces/include/my_interfaces/my_interfaces/msg
[0.934s] -- Up-to-date: /home/wudad10/Fold1/ros2/4_action/install/my_interfaces/include/my_interfaces/my_interfaces/msg/rosidl_typesupport_fastrtps_cpp__visibility_control.h
[0.934s] -- Up-to-date: /home/wudad10/Fold1/ros2/4_action/install/my_interfaces/include/my_interfaces/my_interfaces/action
[0.934s] -- Up-to-date: /home/wudad10/Fold1/ros2/4_action/install/my_interfaces/include/my_interfaces/my_interfaces/action/detail
[0.934s] -- Up-to-date: /home/wudad10/Fold1/ros2/4_action/install/my_interfaces/include/my_interfaces/my_interfaces/action/detail/count__rosidl_typesupport_fastrtps_cpp.hpp
[0.934s] -- Up-to-date: /home/wudad10/Fold1/ros2/4_action/install/my_interfaces/include/my_interfaces/my_interfaces/action/detail/dds_fastrtps
[0.936s] -- Up-to-date: /home/wudad10/Fold1/ros2/4_action/install/my_interfaces/lib/libmy_interfaces__rosidl_typesupport_fastrtps_cpp.so
[0.936s] -- Up-to-date: /home/wudad10/Fold1/ros2/4_action/install/my_interfaces/include/my_interfaces/my_interfaces
[0.936s] -- Up-to-date: /home/wudad10/Fold1/ros2/4_action/install/my_interfaces/include/my_interfaces/my_interfaces/action
[0.936s] -- Up-to-date: /home/wudad10/Fold1/ros2/4_action/install/my_interfaces/include/my_interfaces/my_interfaces/action/detail
[0.936s] -- Up-to-date: /home/wudad10/Fold1/ros2/4_action/install/my_interfaces/include/my_interfaces/my_interfaces/action/detail/count__type_support.cpp
[0.936s] -- Up-to-date: /home/wudad10/Fold1/ros2/4_action/install/my_interfaces/include/my_interfaces/my_interfaces/action/detail/count__rosidl_typesupport_introspection_cpp.hpp
[0.936s] -- Up-to-date: /home/wudad10/Fold1/ros2/4_action/install/my_interfaces/lib/libmy_interfaces__rosidl_typesupport_introspection_cpp.so
[0.937s] -- Up-to-date: /home/wudad10/Fold1/ros2/4_action/install/my_interfaces/lib/libmy_interfaces__rosidl_typesupport_cpp.so
[0.937s] -- Up-to-date: /home/wudad10/Fold1/ros2/4_action/install/my_interfaces/share/my_interfaces/environment/pythonpath.sh
[0.937s] -- Up-to-date: /home/wudad10/Fold1/ros2/4_action/install/my_interfaces/share/my_interfaces/environment/pythonpath.dsv
[0.937s] -- Up-to-date: /home/wudad10/Fold1/ros2/4_action/install/my_interfaces/local/lib/python3.10/dist-packages/my_interfaces-0.0.0-py3.10.egg-info
[0.938s] -- Installing: /home/wudad10/Fold1/ros2/4_action/install/my_interfaces/local/lib/python3.10/dist-packages/my_interfaces-0.0.0-py3.10.egg-info/dependency_links.txt
[0.938s] -- Installing: /home/wudad10/Fold1/ros2/4_action/install/my_interfaces/local/lib/python3.10/dist-packages/my_interfaces-0.0.0-py3.10.egg-info/PKG-INFO
[0.938s] -- Installing: /home/wudad10/Fold1/ros2/4_action/install/my_interfaces/local/lib/python3.10/dist-packages/my_interfaces-0.0.0-py3.10.egg-info/top_level.txt
[0.938s] -- Installing: /home/wudad10/Fold1/ros2/4_action/install/my_interfaces/local/lib/python3.10/dist-packages/my_interfaces-0.0.0-py3.10.egg-info/SOURCES.txt
[0.938s] -- Up-to-date: /home/wudad10/Fold1/ros2/4_action/install/my_interfaces/local/lib/python3.10/dist-packages/my_interfaces
[0.938s] -- Up-to-date: /home/wudad10/Fold1/ros2/4_action/install/my_interfaces/local/lib/python3.10/dist-packages/my_interfaces/libmy_interfaces__rosidl_generator_py.so
[0.939s] -- Up-to-date: /home/wudad10/Fold1/ros2/4_action/install/my_interfaces/local/lib/python3.10/dist-packages/my_interfaces/_my_interfaces_s.ep.rosidl_typesupport_c.c
[0.939s] -- Up-to-date: /home/wudad10/Fold1/ros2/4_action/install/my_interfaces/local/lib/python3.10/dist-packages/my_interfaces/my_interfaces_s__rosidl_typesupport_introspection_c.cpython-310-x86_64-linux-gnu.so
[0.940s] -- Up-to-date: /home/wudad10/Fold1/ros2/4_action/install/my_interfaces/local/lib/python3.10/dist-packages/my_interfaces/_my_interfaces_s.ep.rosidl_typesupport_fastrtps_c.c
[0.940s] -- Up-to-date: /home/wudad10/Fold1/ros2/4_action/install/my_interfaces/local/lib/python3.10/dist-packages/my_interfaces/my_interfaces_s__rosidl_typesupport_fastrtps_c.cpython-310-x86_64-linux-gnu.so
[0.940s] -- Up-to-date: /home/wudad10/Fold1/ros2/4_action/install/my_interfaces/local/lib/python3.10/dist-packages/my_interfaces/_my_interfaces_s.ep.rosidl_typesupport_introspection_c.c
[0.940s] -- Up-to-date: /home/wudad10/Fold1/ros2/4_action/install/my_interfaces/local/lib/python3.10/dist-packages/my_interfaces/my_interfaces_s__rosidl_typesupport_c.cpython-310-x86_64-linux-gnu.so
[0.940s] -- Up-to-date: /home/wudad10/Fold1/ros2/4_action/install/my_interfaces/local/lib/python3.10/dist-packages/my_interfaces/__init__.py
[0.940s] -- Up-to-date: /home/wudad10/Fold1/ros2/4_action/install/my_interfaces/local/lib/python3.10/dist-packages/my_interfaces/action
[0.940s] -- Up-to-date: /home/wudad10/Fold1/ros2/4_action/install/my_interfaces/local/lib/python3.10/dist-packages/my_interfaces/action/_count_s.c
[0.940s] -- Up-to-date: /home/wudad10/Fold1/ros2/4_action/install/my_interfaces/local/lib/python3.10/dist-packages/my_interfaces/action/_count.py
[0.940s] -- Up-to-date: /home/wudad10/Fold1/ros2/4_action/install/my_interfaces/local/lib/python3.10/dist-packages/my_interfaces/action/__init__.py
[0.979s] Listing '/home/wudad10/Fold1/ros2/4_action/install/my_interfaces/local/lib/python3.10/dist-packages/my_interfaces'...
[0.979s] Listing '/home/wudad10/Fold1/ros2/4_action/install/my_interfaces/local/lib/python3.10/dist-packages/my_interfaces/action'...
[0.985s] -- Up-to-date: /home/wudad10/Fold1/ros2/4_action/install/my_interfaces/local/lib/python3.10/dist-packages/my_interfaces/my_interfaces_s__rosidl_typesupport_fastrtps_c.cpython-310-x86_64-linux-gnu.so
[0.986s] -- Up-to-date: /home/wudad10/Fold1/ros2/4_action/install/my_interfaces/local/lib/python3.10/dist-packages/my_interfaces/my_interfaces_s__rosidl_typesupport_introspection_c.cpython-310-x86_64-linux-gnu.so
[0.987s] -- Up-to-date: /home/wudad10/Fold1/ros2/4_action/install/my_interfaces/local/lib/python3.10/dist-packages/my_interfaces/my_interfaces_s__rosidl_typesupport_c.cpython-310-x86_64-linux-gnu.so
[0.987s] -- Up-to-date: /home/wudad10/Fold1/ros2/4_action/install/my_interfaces/lib/libmy_interfaces__rosidl_generator_py.so
[0.988s] -- Up-to-date: /home/wudad10/Fold1/ros2/4_action/install/my_interfaces/share/my_interfaces/action/Count.idl
[0.988s] -- Up-to-date: /home/wudad10/Fold1/ros2/4_action/install/my_interfaces/share/my_interfaces/action/Count.action
[0.988s] -- Up-to-date: /home/wudad10/Fold1/ros2/4_action/install/my_interfaces/share/ament_index/resource_index/package_run_dependencies/my_interfaces
[0.988s] -- Up-to-date: /home/wudad10/Fold1/ros2/4_action/install/my_interfaces/share/ament_index/resource_index/parent_prefix_path/my_interfaces
[0.989s] -- Up-to-date: /home/wudad10/Fold1/ros2/4_action/install/my_interfaces/share/my_interfaces/environment/ament_prefix_path.sh
[0.989s] -- Up-to-date: /home/wudad10/Fold1/ros2/4_action/install/my_interfaces/share/my_interfaces/environment/ament_prefix_path.dsv
[0.989s] -- Up-to-date: /home/wudad10/Fold1/ros2/4_action/install/my_interfaces/share/my_interfaces/environment/path.sh
[0.989s] -- Up-to-date: /home/wudad10/Fold1/ros2/4_action/install/my_interfaces/share/my_interfaces/environment/path.dsv
[0.989s] -- Up-to-date: /home/wudad10/Fold1/ros2/4_action/install/my_interfaces/share/my_interfaces/local_setup.bash
[0.989s] -- Up-to-date: /home/wudad10/Fold1/ros2/4_action/install/my_interfaces/share/my_interfaces/local_setup.sh
[0.989s] -- Up-to-date: /home/wudad10/Fold1/ros2/4_action/install/my_interfaces/share/my_interfaces/local_setup.zsh
[0.989s] -- Up-to-date: /home/wudad10/Fold1/ros2/4_action/install/my_interfaces/share/my_interfaces/local_setup.dsv
[0.990s] -- Installing: /home/wudad10/Fold1/ros2/4_action/install/my_interfaces/share/my_interfaces/package.dsv
[0.990s] -- Up-to-date: /home/wudad10/Fold1/ros2/4_action/install/my_interfaces/share/ament_index/resource_index/packages/my_interfaces
[0.992s] -- Up-to-date: /home/wudad10/Fold1/ros2/4_action/install/my_interfaces/share/my_interfaces/cmake/export_my_interfaces__rosidl_generator_cExport.cmake
[0.992s] -- Up-to-date: /home/wudad10/Fold1/ros2/4_action/install/my_interfaces/share/my_interfaces/cmake/export_my_interfaces__rosidl_generator_cExport-noconfig.cmake
[0.993s] -- Up-to-date: /home/wudad10/Fold1/ros2/4_action/install/my_interfaces/share/my_interfaces/cmake/export_my_interfaces__rosidl_typesupport_fastrtps_cExport.cmake
[0.993s] -- Up-to-date: /home/wudad10/Fold1/ros2/4_action/install/my_interfaces/share/my_interfaces/cmake/export_my_interfaces__rosidl_typesupport_fastrtps_cExport-noconfig.cmake
[0.993s] -- Up-to-date: /home/wudad10/Fold1/ros2/4_action/install/my_interfaces/share/my_interfaces/cmake/my_interfaces__rosidl_typesupport_introspection_cExport.cmake
[0.994s] -- Up-to-date: /home/wudad10/Fold1/ros2/4_action/install/my_interfaces/share/my_interfaces/cmake/my_interfaces__rosidl_typesupport_introspection_cExport-noconfig.cmake
[0.994s] -- Up-to-date: /home/wudad10/Fold1/ros2/4_action/install/my_interfaces/share/my_interfaces/cmake/my_interfaces__rosidl_typesupport_cExport.cmake
[0.994s] -- Up-to-date: /home/wudad10/Fold1/ros2/4_action/install/my_interfaces/share/my_interfaces/cmake/my_interfaces__rosidl_typesupport_cExport-noconfig.cmake
[0.995s] -- Up-to-date: /home/wudad10/Fold1/ros2/4_action/install/my_interfaces/share/my_interfaces/cmake/export_my_interfaces__rosidl_generator_cppExport.cmake
[0.996s] -- Up-to-date: /home/wudad10/Fold1/ros2/4_action/install/my_interfaces/share/my_interfaces/cmake/export_my_interfaces__rosidl_typesupport_fastrtps_cppExport.cmake
[0.996s] -- Up-to-date: /home/wudad10/Fold1/ros2/4_action/install/my_interfaces/share/my_interfaces/cmake/export_my_interfaces__rosidl_typesupport_fastrtps_cppExport-noconfig.cmake
[0.997s] -- Up-to-date: /home/wudad10/Fold1/ros2/4_action/install/my_interfaces/share/my_interfaces/cmake/my_interfaces__rosidl_typesupport_introspection_cppExport.cmake
[0.997s] -- Up-to-date: /home/wudad10/Fold1/ros2/4_action/install/my_interfaces/share/my_interfaces/cmake/my_interfaces__rosidl_typesupport_introspection_cppExport-noconfig.cmake
[0.998s] -- Up-to-date: /home/wudad10/Fold1/ros2/4_action/install/my_interfaces/share/my_interfaces/cmake/my_interfaces__rosidl_typesupport_cppExport.cmake
[0.998s] -- Up-to-date: /home/wudad10/Fold1/ros2/4_action/install/my_interfaces/share/my_interfaces/cmake/my_interfaces__rosidl_typesupport_cppExport-noconfig.cmake
[0.999s] -- Up-to-date: /home/wudad10/Fold1/ros2/4_action/install/my_interfaces/share/my_interfaces/cmake/export_my_interfaces__rosidl_generator_pyExport.cmake
[0.999s] -- Up-to-date: /home/wudad10/Fold1/ros2/4_action/install/my_interfaces/share/my_interfaces/cmake/export_my_interfaces__rosidl_generator_pyExport-noconfig.cmake
[0.999s] -- Up-to-date: /home/wudad10/Fold1/ros2/4_action/install/my_interfaces/share/my_interfaces/cmake/rosidl_cmake-extras.cmake
[0.999s] -- Up-to-date: /home/wudad10/Fold1/ros2/4_action/install/my_interfaces/share/my_interfaces/cmake/ament_cmake_export_dependencies-extras.cmake
[0.999s] -- Up-to-date: /home/wudad10/Fold1/ros2/4_action/install/my_interfaces/share/my_interfaces/cmake/ament_cmake_export_include_directories-extras.cmake
[0.999s] -- Up-to-date: /home/wudad10/Fold1/ros2/4_action/install/my_interfaces/share/my_interfaces/cmake/ament_cmake_export_libraries-extras.cmake
[1.000s] -- Up-to-date: /home/wudad10/Fold1/ros2/4_action/install/my_interfaces/share/my_interfaces/cmake/ament_cmake_export_targets-extras.cmake
[1.000s] -- Up-to-date: /home/wudad10/Fold1/ros2/4_action/install/my_interfaces/share/my_interfaces/cmake/rosidl_cmake_export_typesupport_targets-extras.cmake
[1.000s] -- Up-to-date: /home/wudad10/Fold1/ros2/4_action/install/my_interfaces/share/my_interfaces/cmake/rosidl_cmake_export_typesupport_libraries-extras.cmake
[1.000s] -- Up-to-date: /home/wudad10/Fold1/ros2/4_action/install/my_interfaces/share/my_interfaces/cmake/my_interfacesConfig.cmake
[1.000s] -- Up-to-date: /home/wudad10/Fold1/ros2/4_action/install/my_interfaces/share/my_interfaces/cmake/my_interfacesConfig-version.cmake
[1.000s] -- Up-to-date: /home/wudad10/Fold1/ros2/4_action/install/my_interfaces/share/my_interfaces/package.xml
[1.006s] Invoked command in '/home/wudad10/Fold1/ros2/4_action/build/my_interfaces' returned '0': CMAKE_PREFIX_PATH=${CMAKE_PREFIX_PATH}:/home/wudad10/Fold1/ros2/4_action/install/py_action_server:/home/wudad10/Fold1/ros2/4_action/install/py_action_client:/home/wudad10/Fold1/ros2/3_param/install/py_param_node:/home/wudad10/Fold1/chapter9/fishbot_ws/install/ros_serial2wifi:/home/wudad10/Fold1/chapter9/install/ros_serial2wifi:/opt/ros/humble /usr/bin/cmake --install /home/wudad10/Fold1/ros2/4_action/build/my_interfaces
