[0.111s] DEBUG:colcon:Command line arguments: ['/usr/bin/colcon', 'build']
[0.111s] DEBUG:colcon:Parsed command line arguments: Namespace(log_base=None, log_level=None, verb_name='build', build_base='build', install_base='install', merge_install=False, symlink_install=False, test_result_base=None, continue_on_error=False, executor='parallel', parallel_workers=4, event_handlers=None, ignore_user_meta=False, metas=['./colcon.meta'], base_paths=['.'], packages_ignore=None, packages_ignore_regex=None, paths=None, packages_up_to=None, packages_up_to_regex=None, packages_above=None, packages_above_and_dependencies=None, packages_above_depth=None, packages_select_by_dep=None, packages_skip_by_dep=None, packages_skip_up_to=None, packages_select_build_failed=False, packages_skip_build_finished=False, packages_select_test_failures=False, packages_skip_test_passed=False, packages_select=None, packages_skip=None, packages_select_regex=None, packages_skip_regex=None, packages_start=None, packages_end=None, allow_overriding=[], cmake_args=None, cmake_target=None, cmake_target_skip_unavailable=False, cmake_clean_cache=False, cmake_clean_first=False, cmake_force_configure=False, ament_cmake_args=None, catkin_cmake_args=None, catkin_skip_building_tests=False, verb_parser=<colcon_defaults.argument_parser.defaults.DefaultArgumentsDecorator object at 0x71c4e9d5d360>, verb_extension=<colcon_core.verb.build.BuildVerb object at 0x71c4e9d5ce50>, main=<bound method BuildVerb.main of <colcon_core.verb.build.BuildVerb object at 0x71c4e9d5ce50>>)
[0.265s] Level 1:colcon.colcon_core.package_discovery:discover_packages(colcon_meta) check parameters
[0.265s] Level 1:colcon.colcon_core.package_discovery:discover_packages(recursive) check parameters
[0.265s] Level 1:colcon.colcon_core.package_discovery:discover_packages(ignore) check parameters
[0.265s] Level 1:colcon.colcon_core.package_discovery:discover_packages(path) check parameters
[0.265s] Level 1:colcon.colcon_core.package_discovery:discover_packages(colcon_meta) discover
[0.265s] Level 1:colcon.colcon_core.package_discovery:discover_packages(recursive) discover
[0.265s] INFO:colcon.colcon_core.package_discovery:Crawling recursively for packages in '/home/wudad10/Fold1/ros2/6_tf'
[0.265s] Level 1:colcon.colcon_core.package_identification:_identify(.) by extensions ['ignore', 'ignore_ament_install']
[0.265s] Level 1:colcon.colcon_core.package_identification:_identify(.) by extension 'ignore'
[0.266s] Level 1:colcon.colcon_core.package_identification:_identify(.) by extension 'ignore_ament_install'
[0.266s] Level 1:colcon.colcon_core.package_identification:_identify(.) by extensions ['colcon_pkg']
[0.266s] Level 1:colcon.colcon_core.package_identification:_identify(.) by extension 'colcon_pkg'
[0.266s] Level 1:colcon.colcon_core.package_identification:_identify(.) by extensions ['colcon_meta']
[0.266s] Level 1:colcon.colcon_core.package_identification:_identify(.) by extension 'colcon_meta'
[0.266s] Level 1:colcon.colcon_core.package_identification:_identify(.) by extensions ['ros']
[0.266s] Level 1:colcon.colcon_core.package_identification:_identify(.) by extension 'ros'
[0.276s] Level 1:colcon.colcon_core.package_identification:_identify(.) by extensions ['cmake', 'python']
[0.276s] Level 1:colcon.colcon_core.package_identification:_identify(.) by extension 'cmake'
[0.276s] Level 1:colcon.colcon_core.package_identification:_identify(.) by extension 'python'
[0.276s] Level 1:colcon.colcon_core.package_identification:_identify(.) by extensions ['python_setup_py']
[0.276s] Level 1:colcon.colcon_core.package_identification:_identify(.) by extension 'python_setup_py'
[0.276s] Level 1:colcon.colcon_core.package_identification:_identify(build) by extensions ['ignore', 'ignore_ament_install']
[0.276s] Level 1:colcon.colcon_core.package_identification:_identify(build) by extension 'ignore'
[0.276s] Level 1:colcon.colcon_core.package_identification:_identify(build) ignored
[0.276s] Level 1:colcon.colcon_core.package_identification:_identify(install) by extensions ['ignore', 'ignore_ament_install']
[0.276s] Level 1:colcon.colcon_core.package_identification:_identify(install) by extension 'ignore'
[0.276s] Level 1:colcon.colcon_core.package_identification:_identify(install) ignored
[0.277s] Level 1:colcon.colcon_core.package_identification:_identify(log) by extensions ['ignore', 'ignore_ament_install']
[0.277s] Level 1:colcon.colcon_core.package_identification:_identify(log) by extension 'ignore'
[0.277s] Level 1:colcon.colcon_core.package_identification:_identify(log) ignored
[0.277s] Level 1:colcon.colcon_core.package_identification:_identify(src) by extensions ['ignore', 'ignore_ament_install']
[0.277s] Level 1:colcon.colcon_core.package_identification:_identify(src) by extension 'ignore'
[0.277s] Level 1:colcon.colcon_core.package_identification:_identify(src) by extension 'ignore_ament_install'
[0.277s] Level 1:colcon.colcon_core.package_identification:_identify(src) by extensions ['colcon_pkg']
[0.277s] Level 1:colcon.colcon_core.package_identification:_identify(src) by extension 'colcon_pkg'
[0.277s] Level 1:colcon.colcon_core.package_identification:_identify(src) by extensions ['colcon_meta']
[0.277s] Level 1:colcon.colcon_core.package_identification:_identify(src) by extension 'colcon_meta'
[0.277s] Level 1:colcon.colcon_core.package_identification:_identify(src) by extensions ['ros']
[0.277s] Level 1:colcon.colcon_core.package_identification:_identify(src) by extension 'ros'
[0.277s] Level 1:colcon.colcon_core.package_identification:_identify(src) by extensions ['cmake', 'python']
[0.277s] Level 1:colcon.colcon_core.package_identification:_identify(src) by extension 'cmake'
[0.277s] Level 1:colcon.colcon_core.package_identification:_identify(src) by extension 'python'
[0.277s] Level 1:colcon.colcon_core.package_identification:_identify(src) by extensions ['python_setup_py']
[0.277s] Level 1:colcon.colcon_core.package_identification:_identify(src) by extension 'python_setup_py'
[0.277s] Level 1:colcon.colcon_core.package_identification:_identify(src/cpp_tf) by extensions ['ignore', 'ignore_ament_install']
[0.277s] Level 1:colcon.colcon_core.package_identification:_identify(src/cpp_tf) by extension 'ignore'
[0.277s] Level 1:colcon.colcon_core.package_identification:_identify(src/cpp_tf) by extension 'ignore_ament_install'
[0.278s] Level 1:colcon.colcon_core.package_identification:_identify(src/cpp_tf) by extensions ['colcon_pkg']
[0.278s] Level 1:colcon.colcon_core.package_identification:_identify(src/cpp_tf) by extension 'colcon_pkg'
[0.278s] Level 1:colcon.colcon_core.package_identification:_identify(src/cpp_tf) by extensions ['colcon_meta']
[0.278s] Level 1:colcon.colcon_core.package_identification:_identify(src/cpp_tf) by extension 'colcon_meta'
[0.278s] Level 1:colcon.colcon_core.package_identification:_identify(src/cpp_tf) by extensions ['ros']
[0.278s] Level 1:colcon.colcon_core.package_identification:_identify(src/cpp_tf) by extension 'ros'
[0.280s] DEBUG:colcon.colcon_core.package_identification:Package 'src/cpp_tf' with type 'ros.ament_cmake' and name 'cpp_tf'
[0.280s] Level 1:colcon.colcon_core.package_identification:_identify(src/py_tf) by extensions ['ignore', 'ignore_ament_install']
[0.280s] Level 1:colcon.colcon_core.package_identification:_identify(src/py_tf) by extension 'ignore'
[0.280s] Level 1:colcon.colcon_core.package_identification:_identify(src/py_tf) by extension 'ignore_ament_install'
[0.280s] Level 1:colcon.colcon_core.package_identification:_identify(src/py_tf) by extensions ['colcon_pkg']
[0.281s] Level 1:colcon.colcon_core.package_identification:_identify(src/py_tf) by extension 'colcon_pkg'
[0.281s] Level 1:colcon.colcon_core.package_identification:_identify(src/py_tf) by extensions ['colcon_meta']
[0.281s] Level 1:colcon.colcon_core.package_identification:_identify(src/py_tf) by extension 'colcon_meta'
[0.281s] Level 1:colcon.colcon_core.package_identification:_identify(src/py_tf) by extensions ['ros']
[0.281s] Level 1:colcon.colcon_core.package_identification:_identify(src/py_tf) by extension 'ros'
[0.281s] DEBUG:colcon.colcon_core.package_identification:Package 'src/py_tf' with type 'ros.ament_python' and name 'py_tf'
[0.281s] Level 1:colcon.colcon_core.package_discovery:discover_packages(recursive) using defaults
[0.281s] Level 1:colcon.colcon_core.package_discovery:discover_packages(ignore) discover
[0.281s] Level 1:colcon.colcon_core.package_discovery:discover_packages(ignore) using defaults
[0.281s] Level 1:colcon.colcon_core.package_discovery:discover_packages(path) discover
[0.281s] Level 1:colcon.colcon_core.package_discovery:discover_packages(path) using defaults
[0.313s] Level 1:colcon.colcon_core.package_discovery:discover_packages(prefix_path) check parameters
[0.313s] Level 1:colcon.colcon_core.package_discovery:discover_packages(prefix_path) discover
[0.314s] WARNING:colcon.colcon_core.prefix_path.colcon:The path '/home/wudad10/Fold1/chapter9/install' in the environment variable COLCON_PREFIX_PATH doesn't exist
[0.314s] WARNING:colcon.colcon_ros.prefix_path.ament:The path '/home/wudad10/Fold1/chapter9/install/ydlidar' in the environment variable AMENT_PREFIX_PATH doesn't exist
[0.314s] WARNING:colcon.colcon_ros.prefix_path.ament:The path '/home/wudad10/Fold1/chapter9/install/ros_serial2wifi' in the environment variable AMENT_PREFIX_PATH doesn't exist
[0.314s] WARNING:colcon.colcon_ros.prefix_path.ament:The path '/home/wudad10/Fold1/chapter9/install/micro_ros_agent' in the environment variable AMENT_PREFIX_PATH doesn't exist
[0.314s] WARNING:colcon.colcon_ros.prefix_path.ament:The path '/home/wudad10/Fold1/chapter9/install/micro_ros_msgs' in the environment variable AMENT_PREFIX_PATH doesn't exist
[0.314s] WARNING:colcon.colcon_ros.prefix_path.ament:The path '/home/wudad10/Fold1/chapter9/install/fishbot_description' in the environment variable AMENT_PREFIX_PATH doesn't exist
[0.314s] WARNING:colcon.colcon_ros.prefix_path.ament:The path '/home/wudad10/Fold1/chapter9/install/fishbot_bringup' in the environment variable AMENT_PREFIX_PATH doesn't exist
[0.314s] WARNING:colcon.colcon_ros.prefix_path.catkin:The path '/home/wudad10/Fold1/chapter9/install/ydlidar' in the environment variable CMAKE_PREFIX_PATH doesn't exist
[0.315s] WARNING:colcon.colcon_ros.prefix_path.catkin:The path '/home/wudad10/Fold1/chapter9/install/micro_ros_agent' in the environment variable CMAKE_PREFIX_PATH doesn't exist
[0.315s] WARNING:colcon.colcon_ros.prefix_path.catkin:The path '/home/wudad10/Fold1/chapter9/install/micro_ros_msgs' in the environment variable CMAKE_PREFIX_PATH doesn't exist
[0.315s] WARNING:colcon.colcon_ros.prefix_path.catkin:The path '/home/wudad10/Fold1/chapter9/install/fishbot_description' in the environment variable CMAKE_PREFIX_PATH doesn't exist
[0.315s] WARNING:colcon.colcon_ros.prefix_path.catkin:The path '/home/wudad10/Fold1/chapter9/install/fishbot_bringup' in the environment variable CMAKE_PREFIX_PATH doesn't exist
[0.316s] DEBUG:colcon.colcon_installed_package_information.package_discovery:Found 7 installed packages in /home/wudad10/Fold1/chapter9/fishbot_ws/install
[0.317s] DEBUG:colcon.colcon_installed_package_information.package_discovery:Found 371 installed packages in /opt/ros/humble
[0.319s] Level 1:colcon.colcon_core.package_discovery:discover_packages(prefix_path) using defaults
[0.361s] Level 5:colcon.colcon_core.verb:set package 'cpp_tf' build argument 'cmake_args' from command line to 'None'
[0.361s] Level 5:colcon.colcon_core.verb:set package 'cpp_tf' build argument 'cmake_target' from command line to 'None'
[0.361s] Level 5:colcon.colcon_core.verb:set package 'cpp_tf' build argument 'cmake_target_skip_unavailable' from command line to 'False'
[0.361s] Level 5:colcon.colcon_core.verb:set package 'cpp_tf' build argument 'cmake_clean_cache' from command line to 'False'
[0.361s] Level 5:colcon.colcon_core.verb:set package 'cpp_tf' build argument 'cmake_clean_first' from command line to 'False'
[0.361s] Level 5:colcon.colcon_core.verb:set package 'cpp_tf' build argument 'cmake_force_configure' from command line to 'False'
[0.361s] Level 5:colcon.colcon_core.verb:set package 'cpp_tf' build argument 'ament_cmake_args' from command line to 'None'
[0.361s] Level 5:colcon.colcon_core.verb:set package 'cpp_tf' build argument 'catkin_cmake_args' from command line to 'None'
[0.361s] Level 5:colcon.colcon_core.verb:set package 'cpp_tf' build argument 'catkin_skip_building_tests' from command line to 'False'
[0.361s] DEBUG:colcon.colcon_core.verb:Building package 'cpp_tf' with the following arguments: {'ament_cmake_args': None, 'build_base': '/home/wudad10/Fold1/ros2/6_tf/build/cpp_tf', 'catkin_cmake_args': None, 'catkin_skip_building_tests': False, 'cmake_args': None, 'cmake_clean_cache': False, 'cmake_clean_first': False, 'cmake_force_configure': False, 'cmake_target': None, 'cmake_target_skip_unavailable': False, 'install_base': '/home/wudad10/Fold1/ros2/6_tf/install/cpp_tf', 'merge_install': False, 'path': '/home/wudad10/Fold1/ros2/6_tf/src/cpp_tf', 'symlink_install': False, 'test_result_base': None}
[0.361s] Level 5:colcon.colcon_core.verb:set package 'py_tf' build argument 'cmake_args' from command line to 'None'
[0.361s] Level 5:colcon.colcon_core.verb:set package 'py_tf' build argument 'cmake_target' from command line to 'None'
[0.361s] Level 5:colcon.colcon_core.verb:set package 'py_tf' build argument 'cmake_target_skip_unavailable' from command line to 'False'
[0.361s] Level 5:colcon.colcon_core.verb:set package 'py_tf' build argument 'cmake_clean_cache' from command line to 'False'
[0.361s] Level 5:colcon.colcon_core.verb:set package 'py_tf' build argument 'cmake_clean_first' from command line to 'False'
[0.361s] Level 5:colcon.colcon_core.verb:set package 'py_tf' build argument 'cmake_force_configure' from command line to 'False'
[0.361s] Level 5:colcon.colcon_core.verb:set package 'py_tf' build argument 'ament_cmake_args' from command line to 'None'
[0.361s] Level 5:colcon.colcon_core.verb:set package 'py_tf' build argument 'catkin_cmake_args' from command line to 'None'
[0.361s] Level 5:colcon.colcon_core.verb:set package 'py_tf' build argument 'catkin_skip_building_tests' from command line to 'False'
[0.361s] DEBUG:colcon.colcon_core.verb:Building package 'py_tf' with the following arguments: {'ament_cmake_args': None, 'build_base': '/home/wudad10/Fold1/ros2/6_tf/build/py_tf', 'catkin_cmake_args': None, 'catkin_skip_building_tests': False, 'cmake_args': None, 'cmake_clean_cache': False, 'cmake_clean_first': False, 'cmake_force_configure': False, 'cmake_target': None, 'cmake_target_skip_unavailable': False, 'install_base': '/home/wudad10/Fold1/ros2/6_tf/install/py_tf', 'merge_install': False, 'path': '/home/wudad10/Fold1/ros2/6_tf/src/py_tf', 'symlink_install': False, 'test_result_base': None}
[0.362s] INFO:colcon.colcon_core.executor:Executing jobs using 'parallel' executor
[0.363s] DEBUG:colcon.colcon_parallel_executor.executor.parallel:run_until_complete
[0.364s] INFO:colcon.colcon_ros.task.ament_cmake.build:Building ROS package in '/home/wudad10/Fold1/ros2/6_tf/src/cpp_tf' with build type 'ament_cmake'
[0.364s] INFO:colcon.colcon_cmake.task.cmake.build:Building CMake package in '/home/wudad10/Fold1/ros2/6_tf/src/cpp_tf'
[0.366s] INFO:colcon.colcon_core.plugin_system:Skipping extension 'colcon_core.shell.bat': Not used on non-Windows systems
[0.366s] INFO:colcon.colcon_core.shell:Skip shell extension 'powershell' for command environment: Not usable outside of PowerShell
[0.366s] DEBUG:colcon.colcon_core.shell:Skip shell extension 'dsv' for command environment
[0.371s] INFO:colcon.colcon_ros.task.ament_python.build:Building ROS package in '/home/wudad10/Fold1/ros2/6_tf/src/py_tf' with build type 'ament_python'
[0.372s] Level 1:colcon.colcon_core.shell:create_environment_hook('py_tf', 'ament_prefix_path')
[0.372s] INFO:colcon.colcon_core.shell:Creating environment hook '/home/wudad10/Fold1/ros2/6_tf/install/py_tf/share/py_tf/hook/ament_prefix_path.ps1'
[0.373s] INFO:colcon.colcon_core.shell:Creating environment descriptor '/home/wudad10/Fold1/ros2/6_tf/install/py_tf/share/py_tf/hook/ament_prefix_path.dsv'
[0.374s] INFO:colcon.colcon_core.shell:Creating environment hook '/home/wudad10/Fold1/ros2/6_tf/install/py_tf/share/py_tf/hook/ament_prefix_path.sh'
[0.375s] INFO:colcon.colcon_core.shell:Skip shell extension 'powershell' for command environment: Not usable outside of PowerShell
[0.375s] DEBUG:colcon.colcon_core.shell:Skip shell extension 'dsv' for command environment
[0.387s] DEBUG:colcon.colcon_core.event_handler.log_command:Invoking command in '/home/wudad10/Fold1/ros2/6_tf/build/cpp_tf': CMAKE_PREFIX_PATH=${CMAKE_PREFIX_PATH}:/home/wudad10/Fold1/chapter9/fishbot_ws/install/ros_serial2wifi:/home/wudad10/Fold1/chapter9/install/ros_serial2wifi:/opt/ros/humble /usr/bin/cmake /home/wudad10/Fold1/ros2/6_tf/src/cpp_tf -DCMAKE_INSTALL_PREFIX=/home/wudad10/Fold1/ros2/6_tf/install/cpp_tf
[0.653s] INFO:colcon.colcon_core.task.python.build:Building Python package in '/home/wudad10/Fold1/ros2/6_tf/src/py_tf'
[0.654s] INFO:colcon.colcon_core.shell:Skip shell extension 'powershell' for command environment: Not usable outside of PowerShell
[0.654s] DEBUG:colcon.colcon_core.shell:Skip shell extension 'dsv' for command environment
[1.043s] DEBUG:colcon.colcon_core.event_handler.log_command:Invoked command in '/home/wudad10/Fold1/ros2/6_tf/build/cpp_tf' returned '0': CMAKE_PREFIX_PATH=${CMAKE_PREFIX_PATH}:/home/wudad10/Fold1/chapter9/fishbot_ws/install/ros_serial2wifi:/home/wudad10/Fold1/chapter9/install/ros_serial2wifi:/opt/ros/humble /usr/bin/cmake /home/wudad10/Fold1/ros2/6_tf/src/cpp_tf -DCMAKE_INSTALL_PREFIX=/home/wudad10/Fold1/ros2/6_tf/install/cpp_tf
[1.047s] DEBUG:colcon.colcon_core.event_handler.log_command:Invoking command in '/home/wudad10/Fold1/ros2/6_tf/build/cpp_tf': CMAKE_PREFIX_PATH=${CMAKE_PREFIX_PATH}:/home/wudad10/Fold1/chapter9/fishbot_ws/install/ros_serial2wifi:/home/wudad10/Fold1/chapter9/install/ros_serial2wifi:/opt/ros/humble /usr/bin/cmake --build /home/wudad10/Fold1/ros2/6_tf/build/cpp_tf -- -j4 -l4
[1.121s] DEBUG:colcon.colcon_core.event_handler.log_command:Invoking command in '/home/wudad10/Fold1/ros2/6_tf/src/py_tf': PYTHONPATH=/home/wudad10/Fold1/ros2/6_tf/build/py_tf/prefix_override:/usr/lib/python3/dist-packages/colcon_core/task/python/colcon_distutils_commands:/home/wudad10/Fold1/ros2/6_tf/install/py_tf/lib/python3.10/site-packages:${PYTHONPATH} /usr/bin/python3 -W ignore:setup.py install is deprecated -W ignore:easy_install command is deprecated setup.py egg_info --egg-base ../../build/py_tf build --build-base /home/wudad10/Fold1/ros2/6_tf/build/py_tf/build install --record /home/wudad10/Fold1/ros2/6_tf/build/py_tf/install.log --single-version-externally-managed install_data
[1.451s] DEBUG:colcon.colcon_core.event_handler.log_command:Invoked command in '/home/wudad10/Fold1/ros2/6_tf/src/py_tf' returned '0': PYTHONPATH=/home/wudad10/Fold1/ros2/6_tf/build/py_tf/prefix_override:/usr/lib/python3/dist-packages/colcon_core/task/python/colcon_distutils_commands:/home/wudad10/Fold1/ros2/6_tf/install/py_tf/lib/python3.10/site-packages:${PYTHONPATH} /usr/bin/python3 -W ignore:setup.py install is deprecated -W ignore:easy_install command is deprecated setup.py egg_info --egg-base ../../build/py_tf build --build-base /home/wudad10/Fold1/ros2/6_tf/build/py_tf/build install --record /home/wudad10/Fold1/ros2/6_tf/build/py_tf/install.log --single-version-externally-managed install_data
[1.453s] Level 1:colcon.colcon_core.environment:checking '/home/wudad10/Fold1/ros2/6_tf/install/py_tf' for CMake module files
[1.454s] Level 1:colcon.colcon_core.environment:checking '/home/wudad10/Fold1/ros2/6_tf/install/py_tf' for CMake config files
[1.455s] Level 1:colcon.colcon_core.environment:checking '/home/wudad10/Fold1/ros2/6_tf/install/py_tf/lib'
[1.455s] Level 1:colcon.colcon_core.environment:checking '/home/wudad10/Fold1/ros2/6_tf/install/py_tf/bin'
[1.455s] Level 1:colcon.colcon_core.environment:checking '/home/wudad10/Fold1/ros2/6_tf/install/py_tf/lib/pkgconfig/py_tf.pc'
[1.455s] Level 1:colcon.colcon_core.environment:checking '/home/wudad10/Fold1/ros2/6_tf/install/py_tf/lib/python3.10/site-packages'
[1.455s] Level 1:colcon.colcon_core.shell:create_environment_hook('py_tf', 'pythonpath')
[1.456s] INFO:colcon.colcon_core.shell:Creating environment hook '/home/wudad10/Fold1/ros2/6_tf/install/py_tf/share/py_tf/hook/pythonpath.ps1'
[1.456s] INFO:colcon.colcon_core.shell:Creating environment descriptor '/home/wudad10/Fold1/ros2/6_tf/install/py_tf/share/py_tf/hook/pythonpath.dsv'
[1.457s] INFO:colcon.colcon_core.shell:Creating environment hook '/home/wudad10/Fold1/ros2/6_tf/install/py_tf/share/py_tf/hook/pythonpath.sh'
[1.458s] Level 1:colcon.colcon_core.environment:checking '/home/wudad10/Fold1/ros2/6_tf/install/py_tf/bin'
[1.458s] Level 1:colcon.colcon_core.environment:create_environment_scripts_only(py_tf)
[1.458s] INFO:colcon.colcon_core.shell:Creating package script '/home/wudad10/Fold1/ros2/6_tf/install/py_tf/share/py_tf/package.ps1'
[1.459s] INFO:colcon.colcon_core.shell:Creating package descriptor '/home/wudad10/Fold1/ros2/6_tf/install/py_tf/share/py_tf/package.dsv'
[1.460s] INFO:colcon.colcon_core.shell:Creating package script '/home/wudad10/Fold1/ros2/6_tf/install/py_tf/share/py_tf/package.sh'
[1.461s] INFO:colcon.colcon_core.shell:Creating package script '/home/wudad10/Fold1/ros2/6_tf/install/py_tf/share/py_tf/package.bash'
[1.462s] INFO:colcon.colcon_core.shell:Creating package script '/home/wudad10/Fold1/ros2/6_tf/install/py_tf/share/py_tf/package.zsh'
[1.463s] Level 1:colcon.colcon_core.environment:create_file_with_runtime_dependencies(/home/wudad10/Fold1/ros2/6_tf/install/py_tf/share/colcon-core/packages/py_tf)
[125.747s] DEBUG:colcon.colcon_core.event_handler.log_command:Invoked command in '/home/wudad10/Fold1/ros2/6_tf/build/cpp_tf' returned '2': CMAKE_PREFIX_PATH=${CMAKE_PREFIX_PATH}:/home/wudad10/Fold1/chapter9/fishbot_ws/install/ros_serial2wifi:/home/wudad10/Fold1/chapter9/install/ros_serial2wifi:/opt/ros/humble /usr/bin/cmake --build /home/wudad10/Fold1/ros2/6_tf/build/cpp_tf -- -j4 -l4
[125.749s] Level 1:colcon.colcon_core.environment:create_environment_scripts_only(cpp_tf)
[125.749s] Level 1:colcon.colcon_core.environment:checking '/home/wudad10/Fold1/ros2/6_tf/install/cpp_tf' for CMake module files
[125.751s] Level 1:colcon.colcon_core.environment:checking '/home/wudad10/Fold1/ros2/6_tf/install/cpp_tf' for CMake config files
[125.752s] Level 1:colcon.colcon_core.environment:checking '/home/wudad10/Fold1/ros2/6_tf/install/cpp_tf/bin'
[125.752s] Level 1:colcon.colcon_core.environment:checking '/home/wudad10/Fold1/ros2/6_tf/install/cpp_tf/lib/pkgconfig/cpp_tf.pc'
[125.752s] Level 1:colcon.colcon_core.environment:checking '/home/wudad10/Fold1/ros2/6_tf/install/cpp_tf/lib/python3.10/site-packages'
[125.753s] Level 1:colcon.colcon_core.environment:checking '/home/wudad10/Fold1/ros2/6_tf/install/cpp_tf/bin'
[125.753s] INFO:colcon.colcon_core.shell:Creating package script '/home/wudad10/Fold1/ros2/6_tf/install/cpp_tf/share/cpp_tf/package.ps1'
[125.755s] INFO:colcon.colcon_core.shell:Creating package descriptor '/home/wudad10/Fold1/ros2/6_tf/install/cpp_tf/share/cpp_tf/package.dsv'
[125.757s] INFO:colcon.colcon_core.shell:Creating package script '/home/wudad10/Fold1/ros2/6_tf/install/cpp_tf/share/cpp_tf/package.sh'
[125.758s] INFO:colcon.colcon_core.shell:Creating package script '/home/wudad10/Fold1/ros2/6_tf/install/cpp_tf/share/cpp_tf/package.bash'
[125.759s] INFO:colcon.colcon_core.shell:Creating package script '/home/wudad10/Fold1/ros2/6_tf/install/cpp_tf/share/cpp_tf/package.zsh'
[125.761s] Level 1:colcon.colcon_core.environment:create_file_with_runtime_dependencies(/home/wudad10/Fold1/ros2/6_tf/install/cpp_tf/share/colcon-core/packages/cpp_tf)
[125.771s] DEBUG:colcon.colcon_parallel_executor.executor.parallel:closing loop
[125.772s] DEBUG:colcon.colcon_parallel_executor.executor.parallel:loop closed
[125.772s] DEBUG:colcon.colcon_parallel_executor.executor.parallel:run_until_complete finished with '2'
[125.772s] DEBUG:colcon.colcon_core.event_reactor:joining thread
[125.799s] INFO:colcon.colcon_core.plugin_system:Skipping extension 'colcon_notification.desktop_notification.terminal_notifier': Not used on non-Darwin systems
[125.799s] INFO:colcon.colcon_core.plugin_system:Skipping extension 'colcon_notification.desktop_notification.win32': Not used on non-Windows systems
[125.799s] INFO:colcon.colcon_notification.desktop_notification:Sending desktop notification using 'notify2'
[125.868s] DEBUG:colcon.colcon_core.event_reactor:joined thread
[125.869s] INFO:colcon.colcon_core.shell:Creating prefix script '/home/wudad10/Fold1/ros2/6_tf/install/local_setup.ps1'
[125.871s] INFO:colcon.colcon_core.shell:Creating prefix util module '/home/wudad10/Fold1/ros2/6_tf/install/_local_setup_util_ps1.py'
[125.873s] INFO:colcon.colcon_core.shell:Creating prefix chain script '/home/wudad10/Fold1/ros2/6_tf/install/setup.ps1'
[125.877s] INFO:colcon.colcon_core.shell:Creating prefix script '/home/wudad10/Fold1/ros2/6_tf/install/local_setup.sh'
[125.878s] INFO:colcon.colcon_core.shell:Creating prefix util module '/home/wudad10/Fold1/ros2/6_tf/install/_local_setup_util_sh.py'
[125.879s] INFO:colcon.colcon_core.shell:Creating prefix chain script '/home/wudad10/Fold1/ros2/6_tf/install/setup.sh'
[125.881s] INFO:colcon.colcon_core.shell:Creating prefix script '/home/wudad10/Fold1/ros2/6_tf/install/local_setup.bash'
[125.882s] INFO:colcon.colcon_core.shell:Creating prefix chain script '/home/wudad10/Fold1/ros2/6_tf/install/setup.bash'
[125.884s] INFO:colcon.colcon_core.shell:Creating prefix script '/home/wudad10/Fold1/ros2/6_tf/install/local_setup.zsh'
[125.885s] INFO:colcon.colcon_core.shell:Creating prefix chain script '/home/wudad10/Fold1/ros2/6_tf/install/setup.zsh'
