[0.750s] Invoking command in '/home/wudad10/Fold1/ros2/6_tf/src/py_tf': PYTHONPATH=/home/wudad10/Fold1/ros2/6_tf/build/py_tf/prefix_override:/usr/lib/python3/dist-packages/colcon_core/task/python/colcon_distutils_commands:/home/wudad10/Fold1/ros2/6_tf/install/py_tf/lib/python3.10/site-packages:${PYTHONPATH} /usr/bin/python3 -W ignore:setup.py install is deprecated -W ignore:easy_install command is deprecated setup.py egg_info --egg-base ../../build/py_tf build --build-base /home/wudad10/Fold1/ros2/6_tf/build/py_tf/build install --record /home/wudad10/Fold1/ros2/6_tf/build/py_tf/install.log --single-version-externally-managed install_data
[0.994s] running egg_info
[0.994s] writing ../../build/py_tf/py_tf.egg-info/PKG-INFO
[0.995s] writing dependency_links to ../../build/py_tf/py_tf.egg-info/dependency_links.txt
[0.996s] writing entry points to ../../build/py_tf/py_tf.egg-info/entry_points.txt
[0.996s] writing requirements to ../../build/py_tf/py_tf.egg-info/requires.txt
[0.996s] writing top-level names to ../../build/py_tf/py_tf.egg-info/top_level.txt
[0.999s] reading manifest file '../../build/py_tf/py_tf.egg-info/SOURCES.txt'
[1.000s] writing manifest file '../../build/py_tf/py_tf.egg-info/SOURCES.txt'
[1.000s] running build
[1.001s] running build_py
[1.001s] running install
[1.001s] running install_lib
[1.004s] running install_data
[1.004s] running install_egg_info
[1.004s] removing '/home/wudad10/Fold1/ros2/6_tf/install/py_tf/lib/python3.10/site-packages/py_tf-0.0.0-py3.10.egg-info' (and everything under it)
[1.005s] Copying ../../build/py_tf/py_tf.egg-info to /home/wudad10/Fold1/ros2/6_tf/install/py_tf/lib/python3.10/site-packages/py_tf-0.0.0-py3.10.egg-info
[1.006s] running install_scripts
[1.039s] writing list of installed files to '/home/wudad10/Fold1/ros2/6_tf/build/py_tf/install.log'
[1.079s] Invoked command in '/home/wudad10/Fold1/ros2/6_tf/src/py_tf' returned '0': PYTHONPATH=/home/wudad10/Fold1/ros2/6_tf/build/py_tf/prefix_override:/usr/lib/python3/dist-packages/colcon_core/task/python/colcon_distutils_commands:/home/wudad10/Fold1/ros2/6_tf/install/py_tf/lib/python3.10/site-packages:${PYTHONPATH} /usr/bin/python3 -W ignore:setup.py install is deprecated -W ignore:easy_install command is deprecated setup.py egg_info --egg-base ../../build/py_tf build --build-base /home/wudad10/Fold1/ros2/6_tf/build/py_tf/build install --record /home/wudad10/Fold1/ros2/6_tf/build/py_tf/install.log --single-version-externally-managed install_data
