[35m[1mConsolidate compiler generated dependencies of target cpp_tf_listener[0m
[ 50%] Built target cpp_tf_broadcaster
[ 75%] [32mBuilding CXX object CMakeFiles/cpp_tf_listener.dir/src/cpp_tf_listener.cpp.o[0m
[100%] [32m[1mLinking CXX executable cpp_tf_listener[0m
[100%] Built target cpp_tf_listener
-- Install configuration: ""
-- Installing: /home/wudad10/Fold1/ros2/6_tf/install/cpp_tf/lib/cpp_tf/cpp_tf_broadcaster
-- Set runtime path of "/home/wudad10/Fold1/ros2/6_tf/install/cpp_tf/lib/cpp_tf/cpp_tf_broadcaster" to ""
-- Installing: /home/wudad10/Fold1/ros2/6_tf/install/cpp_tf/lib/cpp_tf/cpp_tf_listener
-- Set runtime path of "/home/wudad10/Fold1/ros2/6_tf/install/cpp_tf/lib/cpp_tf/cpp_tf_listener" to ""
-- Installing: /home/wudad10/Fold1/ros2/6_tf/install/cpp_tf/share/ament_index/resource_index/package_run_dependencies/cpp_tf
-- Installing: /home/wudad10/Fold1/ros2/6_tf/install/cpp_tf/share/ament_index/resource_index/parent_prefix_path/cpp_tf
-- Installing: /home/wudad10/Fold1/ros2/6_tf/install/cpp_tf/share/cpp_tf/environment/ament_prefix_path.sh
-- Installing: /home/wudad10/Fold1/ros2/6_tf/install/cpp_tf/share/cpp_tf/environment/ament_prefix_path.dsv
-- Installing: /home/wudad10/Fold1/ros2/6_tf/install/cpp_tf/share/cpp_tf/environment/path.sh
-- Installing: /home/wudad10/Fold1/ros2/6_tf/install/cpp_tf/share/cpp_tf/environment/path.dsv
-- Installing: /home/wudad10/Fold1/ros2/6_tf/install/cpp_tf/share/cpp_tf/local_setup.bash
-- Installing: /home/wudad10/Fold1/ros2/6_tf/install/cpp_tf/share/cpp_tf/local_setup.sh
-- Installing: /home/wudad10/Fold1/ros2/6_tf/install/cpp_tf/share/cpp_tf/local_setup.zsh
-- Installing: /home/wudad10/Fold1/ros2/6_tf/install/cpp_tf/share/cpp_tf/local_setup.dsv
-- Installing: /home/wudad10/Fold1/ros2/6_tf/install/cpp_tf/share/cpp_tf/package.dsv
-- Installing: /home/wudad10/Fold1/ros2/6_tf/install/cpp_tf/share/ament_index/resource_index/packages/cpp_tf
-- Installing: /home/wudad10/Fold1/ros2/6_tf/install/cpp_tf/share/cpp_tf/cmake/cpp_tfConfig.cmake
-- Installing: /home/wudad10/Fold1/ros2/6_tf/install/cpp_tf/share/cpp_tf/cmake/cpp_tfConfig-version.cmake
-- Installing: /home/wudad10/Fold1/ros2/6_tf/install/cpp_tf/share/cpp_tf/package.xml
