[0.032s] Invoking command in '/home/wudad10/Fold1/ros2/6_tf/build/cpp_tf': CMAKE_PREFIX_PATH=${CMAKE_PREFIX_PATH}:/home/wudad10/Fold1/chapter9/fishbot_ws/install/ros_serial2wifi:/home/wudad10/Fold1/chapter9/install/ros_serial2wifi:/opt/ros/humble /usr/bin/cmake --build /home/wudad10/Fold1/ros2/6_tf/build/cpp_tf -- -j4 -l4
[0.174s] [35m[1mConsolidate compiler generated dependencies of target cpp_tf_listener[0m
[0.259s] [ 50%] Built target cpp_tf_broadcaster
[0.259s] [ 75%] [32mBuilding CXX object CMakeFiles/cpp_tf_listener.dir/src/cpp_tf_listener.cpp.o[0m
[4.243s] [100%] [32m[1mLinking CXX executable cpp_tf_listener[0m
[4.534s] [100%] Built target cpp_tf_listener
[4.554s] Invoked command in '/home/wudad10/Fold1/ros2/6_tf/build/cpp_tf' returned '0': CMAKE_PREFIX_PATH=${CMAKE_PREFIX_PATH}:/home/wudad10/Fold1/chapter9/fishbot_ws/install/ros_serial2wifi:/home/wudad10/Fold1/chapter9/install/ros_serial2wifi:/opt/ros/humble /usr/bin/cmake --build /home/wudad10/Fold1/ros2/6_tf/build/cpp_tf -- -j4 -l4
[4.576s] Invoking command in '/home/wudad10/Fold1/ros2/6_tf/build/cpp_tf': CMAKE_PREFIX_PATH=${CMAKE_PREFIX_PATH}:/home/wudad10/Fold1/chapter9/fishbot_ws/install/ros_serial2wifi:/home/wudad10/Fold1/chapter9/install/ros_serial2wifi:/opt/ros/humble /usr/bin/cmake --install /home/wudad10/Fold1/ros2/6_tf/build/cpp_tf
[4.590s] -- Install configuration: ""
[4.591s] -- Installing: /home/wudad10/Fold1/ros2/6_tf/install/cpp_tf/lib/cpp_tf/cpp_tf_broadcaster
[4.595s] -- Set runtime path of "/home/wudad10/Fold1/ros2/6_tf/install/cpp_tf/lib/cpp_tf/cpp_tf_broadcaster" to ""
[4.595s] -- Installing: /home/wudad10/Fold1/ros2/6_tf/install/cpp_tf/lib/cpp_tf/cpp_tf_listener
[4.596s] -- Set runtime path of "/home/wudad10/Fold1/ros2/6_tf/install/cpp_tf/lib/cpp_tf/cpp_tf_listener" to ""
[4.597s] -- Installing: /home/wudad10/Fold1/ros2/6_tf/install/cpp_tf/share/ament_index/resource_index/package_run_dependencies/cpp_tf
[4.599s] -- Installing: /home/wudad10/Fold1/ros2/6_tf/install/cpp_tf/share/ament_index/resource_index/parent_prefix_path/cpp_tf
[4.601s] -- Installing: /home/wudad10/Fold1/ros2/6_tf/install/cpp_tf/share/cpp_tf/environment/ament_prefix_path.sh
[4.602s] -- Installing: /home/wudad10/Fold1/ros2/6_tf/install/cpp_tf/share/cpp_tf/environment/ament_prefix_path.dsv
[4.602s] -- Installing: /home/wudad10/Fold1/ros2/6_tf/install/cpp_tf/share/cpp_tf/environment/path.sh
[4.603s] -- Installing: /home/wudad10/Fold1/ros2/6_tf/install/cpp_tf/share/cpp_tf/environment/path.dsv
[4.604s] -- Installing: /home/wudad10/Fold1/ros2/6_tf/install/cpp_tf/share/cpp_tf/local_setup.bash
[4.606s] -- Installing: /home/wudad10/Fold1/ros2/6_tf/install/cpp_tf/share/cpp_tf/local_setup.sh
[4.606s] -- Installing: /home/wudad10/Fold1/ros2/6_tf/install/cpp_tf/share/cpp_tf/local_setup.zsh
[4.606s] -- Installing: /home/wudad10/Fold1/ros2/6_tf/install/cpp_tf/share/cpp_tf/local_setup.dsv
[4.607s] -- Installing: /home/wudad10/Fold1/ros2/6_tf/install/cpp_tf/share/cpp_tf/package.dsv
[4.608s] -- Installing: /home/wudad10/Fold1/ros2/6_tf/install/cpp_tf/share/ament_index/resource_index/packages/cpp_tf
[4.609s] -- Installing: /home/wudad10/Fold1/ros2/6_tf/install/cpp_tf/share/cpp_tf/cmake/cpp_tfConfig.cmake
[4.609s] -- Installing: /home/wudad10/Fold1/ros2/6_tf/install/cpp_tf/share/cpp_tf/cmake/cpp_tfConfig-version.cmake
[4.610s] -- Installing: /home/wudad10/Fold1/ros2/6_tf/install/cpp_tf/share/cpp_tf/package.xml
[4.613s] Invoked command in '/home/wudad10/Fold1/ros2/6_tf/build/cpp_tf' returned '0': CMAKE_PREFIX_PATH=${CMAKE_PREFIX_PATH}:/home/wudad10/Fold1/chapter9/fishbot_ws/install/ros_serial2wifi:/home/wudad10/Fold1/chapter9/install/ros_serial2wifi:/opt/ros/humble /usr/bin/cmake --install /home/wudad10/Fold1/ros2/6_tf/build/cpp_tf
