-- Found ament_cmake: 1.3.12 (/opt/ros/humble/share/ament_cmake/cmake)
-- Found rclcpp: 16.0.15 (/opt/ros/humble/share/rclcpp/cmake)
-- Found rosidl_generator_c: 3.1.7 (/opt/ros/humble/share/rosidl_generator_c/cmake)
-- Found rosidl_adapter: 3.1.7 (/opt/ros/humble/share/rosidl_adapter/cmake)
-- Found rosidl_generator_cpp: 3.1.7 (/opt/ros/humble/share/rosidl_generator_cpp/cmake)
-- Using all available rosidl_typesupport_c: rosidl_typesupport_fastrtps_c;rosidl_typesupport_introspection_c
-- Using all available rosidl_typesupport_cpp: rosidl_typesupport_fastrtps_cpp;rosidl_typesupport_introspection_cpp
-- Found rmw_implementation_cmake: 6.1.2 (/opt/ros/humble/share/rmw_implementation_cmake/cmake)
-- Found rmw_fastrtps_cpp: 6.2.9 (/opt/ros/humble/share/rmw_fastrtps_cpp/cmake)
-- Using RMW implementation 'rmw_fastrtps_cpp' as default
-- Found example_interfaces: 0.9.3 (/opt/ros/humble/share/example_interfaces/cmake)
-- Found ament_lint_auto: 0.12.14 (/opt/ros/humble/share/ament_lint_auto/cmake)
-- Added test 'cppcheck' to perform static code analysis on C / C++ code
-- Configured cppcheck include dirs: 
-- Configured cppcheck exclude dirs and/or files: 
-- Added test 'lint_cmake' to check CMake code style
-- Added test 'uncrustify' to check C / C++ code style
-- Configured uncrustify additional arguments: 
-- Added test 'xmllint' to check XML markup files
-- Configuring done
-- Generating done
-- Build files have been written to: /home/wudad10/Fold1/ros2/2_service/build/cpp_server
[ 25%] [32mBuilding CXX object CMakeFiles/cpp_server.dir/src/cpp_server.cpp.o[0m
[ 50%] [32mBuilding CXX object CMakeFiles/cpp_client.dir/src/cpp_client.cpp.o[0m
[ 75%] [32m[1mLinking CXX executable cpp_server[0m
[100%] [32m[1mLinking CXX executable cpp_client[0m
[100%] Built target cpp_client
[100%] Built target cpp_server
-- Install configuration: ""
-- Installing: /home/wudad10/Fold1/ros2/2_service/install/cpp_server/lib/cpp_server/cpp_server
-- Set runtime path of "/home/wudad10/Fold1/ros2/2_service/install/cpp_server/lib/cpp_server/cpp_server" to ""
-- Installing: /home/wudad10/Fold1/ros2/2_service/install/cpp_server/lib/cpp_server/cpp_client
-- Set runtime path of "/home/wudad10/Fold1/ros2/2_service/install/cpp_server/lib/cpp_server/cpp_client" to ""
-- Installing: /home/wudad10/Fold1/ros2/2_service/install/cpp_server/share/ament_index/resource_index/package_run_dependencies/cpp_server
-- Installing: /home/wudad10/Fold1/ros2/2_service/install/cpp_server/share/ament_index/resource_index/parent_prefix_path/cpp_server
-- Installing: /home/wudad10/Fold1/ros2/2_service/install/cpp_server/share/cpp_server/environment/ament_prefix_path.sh
-- Installing: /home/wudad10/Fold1/ros2/2_service/install/cpp_server/share/cpp_server/environment/ament_prefix_path.dsv
-- Installing: /home/wudad10/Fold1/ros2/2_service/install/cpp_server/share/cpp_server/environment/path.sh
-- Installing: /home/wudad10/Fold1/ros2/2_service/install/cpp_server/share/cpp_server/environment/path.dsv
-- Installing: /home/wudad10/Fold1/ros2/2_service/install/cpp_server/share/cpp_server/local_setup.bash
-- Installing: /home/wudad10/Fold1/ros2/2_service/install/cpp_server/share/cpp_server/local_setup.sh
-- Installing: /home/wudad10/Fold1/ros2/2_service/install/cpp_server/share/cpp_server/local_setup.zsh
-- Installing: /home/wudad10/Fold1/ros2/2_service/install/cpp_server/share/cpp_server/local_setup.dsv
-- Installing: /home/wudad10/Fold1/ros2/2_service/install/cpp_server/share/cpp_server/package.dsv
-- Installing: /home/wudad10/Fold1/ros2/2_service/install/cpp_server/share/ament_index/resource_index/packages/cpp_server
-- Installing: /home/wudad10/Fold1/ros2/2_service/install/cpp_server/share/cpp_server/cmake/cpp_serverConfig.cmake
-- Installing: /home/wudad10/Fold1/ros2/2_service/install/cpp_server/share/cpp_server/cmake/cpp_serverConfig-version.cmake
-- Installing: /home/wudad10/Fold1/ros2/2_service/install/cpp_server/share/cpp_server/package.xml
