[0.024s] Invoking command in '/home/wudad10/Fold1/ros2/2_service/build/cpp_server': CMAKE_PREFIX_PATH=${CMAKE_PREFIX_PATH}:/home/wudad10/Fold1/chapter9/fishbot_ws/install/ros_serial2wifi:/home/wudad10/Fold1/chapter9/install/ros_serial2wifi:/opt/ros/humble /usr/bin/cmake --build /home/wudad10/Fold1/ros2/2_service/build/cpp_server -- -j4 -l4
[0.058s] -- Found ament_cmake: 1.3.12 (/opt/ros/humble/share/ament_cmake/cmake)
[0.197s] -- Found rclcpp: 16.0.15 (/opt/ros/humble/share/rclcpp/cmake)
[0.225s] -- Found rosidl_generator_c: 3.1.7 (/opt/ros/humble/share/rosidl_generator_c/cmake)
[0.229s] -- Found rosidl_adapter: 3.1.7 (/opt/ros/humble/share/rosidl_adapter/cmake)
[0.237s] -- Found rosidl_generator_cpp: 3.1.7 (/opt/ros/humble/share/rosidl_generator_cpp/cmake)
[0.248s] -- Using all available rosidl_typesupport_c: rosidl_typesupport_fastrtps_c;rosidl_typesupport_introspection_c
[0.259s] -- Using all available rosidl_typesupport_cpp: rosidl_typesupport_fastrtps_cpp;rosidl_typesupport_introspection_cpp
[0.291s] -- Found rmw_implementation_cmake: 6.1.2 (/opt/ros/humble/share/rmw_implementation_cmake/cmake)
[0.292s] -- Found rmw_fastrtps_cpp: 6.2.9 (/opt/ros/humble/share/rmw_fastrtps_cpp/cmake)
[0.418s] -- Using RMW implementation 'rmw_fastrtps_cpp' as default
[0.469s] -- Found example_interfaces: 0.9.3 (/opt/ros/humble/share/example_interfaces/cmake)
[0.517s] -- Found ament_lint_auto: 0.12.14 (/opt/ros/humble/share/ament_lint_auto/cmake)
[0.604s] -- Added test 'cppcheck' to perform static code analysis on C / C++ code
[0.604s] -- Configured cppcheck include dirs: 
[0.604s] -- Configured cppcheck exclude dirs and/or files: 
[0.605s] -- Added test 'lint_cmake' to check CMake code style
[0.609s] -- Added test 'uncrustify' to check C / C++ code style
[0.609s] -- Configured uncrustify additional arguments: 
[0.609s] -- Added test 'xmllint' to check XML markup files
[0.609s] -- Configuring done
[0.634s] -- Generating done
[0.644s] -- Build files have been written to: /home/wudad10/Fold1/ros2/2_service/build/cpp_server
[0.708s] [ 25%] [32mBuilding CXX object CMakeFiles/cpp_server.dir/src/cpp_server.cpp.o[0m
[0.708s] [ 50%] [32mBuilding CXX object CMakeFiles/cpp_client.dir/src/cpp_client.cpp.o[0m
[5.668s] [ 75%] [32m[1mLinking CXX executable cpp_server[0m
[5.719s] [100%] [32m[1mLinking CXX executable cpp_client[0m
[6.040s] [100%] Built target cpp_client
[6.061s] [100%] Built target cpp_server
[6.083s] Invoked command in '/home/wudad10/Fold1/ros2/2_service/build/cpp_server' returned '0': CMAKE_PREFIX_PATH=${CMAKE_PREFIX_PATH}:/home/wudad10/Fold1/chapter9/fishbot_ws/install/ros_serial2wifi:/home/wudad10/Fold1/chapter9/install/ros_serial2wifi:/opt/ros/humble /usr/bin/cmake --build /home/wudad10/Fold1/ros2/2_service/build/cpp_server -- -j4 -l4
[6.101s] Invoking command in '/home/wudad10/Fold1/ros2/2_service/build/cpp_server': CMAKE_PREFIX_PATH=${CMAKE_PREFIX_PATH}:/home/wudad10/Fold1/chapter9/fishbot_ws/install/ros_serial2wifi:/home/wudad10/Fold1/chapter9/install/ros_serial2wifi:/opt/ros/humble /usr/bin/cmake --install /home/wudad10/Fold1/ros2/2_service/build/cpp_server
[6.114s] -- Install configuration: ""
[6.114s] -- Installing: /home/wudad10/Fold1/ros2/2_service/install/cpp_server/lib/cpp_server/cpp_server
[6.117s] -- Set runtime path of "/home/wudad10/Fold1/ros2/2_service/install/cpp_server/lib/cpp_server/cpp_server" to ""
[6.117s] -- Installing: /home/wudad10/Fold1/ros2/2_service/install/cpp_server/lib/cpp_server/cpp_client
[6.121s] -- Set runtime path of "/home/wudad10/Fold1/ros2/2_service/install/cpp_server/lib/cpp_server/cpp_client" to ""
[6.121s] -- Installing: /home/wudad10/Fold1/ros2/2_service/install/cpp_server/share/ament_index/resource_index/package_run_dependencies/cpp_server
[6.123s] -- Installing: /home/wudad10/Fold1/ros2/2_service/install/cpp_server/share/ament_index/resource_index/parent_prefix_path/cpp_server
[6.126s] -- Installing: /home/wudad10/Fold1/ros2/2_service/install/cpp_server/share/cpp_server/environment/ament_prefix_path.sh
[6.126s] -- Installing: /home/wudad10/Fold1/ros2/2_service/install/cpp_server/share/cpp_server/environment/ament_prefix_path.dsv
[6.128s] -- Installing: /home/wudad10/Fold1/ros2/2_service/install/cpp_server/share/cpp_server/environment/path.sh
[6.129s] -- Installing: /home/wudad10/Fold1/ros2/2_service/install/cpp_server/share/cpp_server/environment/path.dsv
[6.129s] -- Installing: /home/wudad10/Fold1/ros2/2_service/install/cpp_server/share/cpp_server/local_setup.bash
[6.130s] -- Installing: /home/wudad10/Fold1/ros2/2_service/install/cpp_server/share/cpp_server/local_setup.sh
[6.130s] -- Installing: /home/wudad10/Fold1/ros2/2_service/install/cpp_server/share/cpp_server/local_setup.zsh
[6.132s] -- Installing: /home/wudad10/Fold1/ros2/2_service/install/cpp_server/share/cpp_server/local_setup.dsv
[6.133s] -- Installing: /home/wudad10/Fold1/ros2/2_service/install/cpp_server/share/cpp_server/package.dsv
[6.134s] -- Installing: /home/wudad10/Fold1/ros2/2_service/install/cpp_server/share/ament_index/resource_index/packages/cpp_server
[6.134s] -- Installing: /home/wudad10/Fold1/ros2/2_service/install/cpp_server/share/cpp_server/cmake/cpp_serverConfig.cmake
[6.135s] -- Installing: /home/wudad10/Fold1/ros2/2_service/install/cpp_server/share/cpp_server/cmake/cpp_serverConfig-version.cmake
[6.137s] -- Installing: /home/wudad10/Fold1/ros2/2_service/install/cpp_server/share/cpp_server/package.xml
[6.145s] Invoked command in '/home/wudad10/Fold1/ros2/2_service/build/cpp_server' returned '0': CMAKE_PREFIX_PATH=${CMAKE_PREFIX_PATH}:/home/wudad10/Fold1/chapter9/fishbot_ws/install/ros_serial2wifi:/home/wudad10/Fold1/chapter9/install/ros_serial2wifi:/opt/ros/humble /usr/bin/cmake --install /home/wudad10/Fold1/ros2/2_service/build/cpp_server
