[0.041s] Invoking command in '/home/wudad10/Fold1/ros2/4_action/build/cpp_action_client': CMAKE_PREFIX_PATH=${CMAKE_PREFIX_PATH}:/home/wudad10/Fold1/ros2/4_action/install/py_action_server:/home/wudad10/Fold1/ros2/4_action/install/py_action_client:/home/wudad10/Fold1/ros2/3_param/install/py_param_node:/home/wudad10/Fold1/chapter9/fishbot_ws/install/ros_serial2wifi:/home/wudad10/Fold1/chapter9/install/ros_serial2wifi:/opt/ros/humble /usr/bin/cmake --build /home/wudad10/Fold1/ros2/4_action/build/cpp_action_client -- -j4 -l4
[0.142s] [35m[1mConsolidate compiler generated dependencies of target cpp_action_client[0m
[0.217s] [100%] Built target cpp_action_client
[0.515s] Invoked command in '/home/wudad10/Fold1/ros2/4_action/build/cpp_action_client' returned '0': CMAKE_PREFIX_PATH=${CMAKE_PREFIX_PATH}:/home/wudad10/Fold1/ros2/4_action/install/py_action_server:/home/wudad10/Fold1/ros2/4_action/install/py_action_client:/home/wudad10/Fold1/ros2/3_param/install/py_param_node:/home/wudad10/Fold1/chapter9/fishbot_ws/install/ros_serial2wifi:/home/wudad10/Fold1/chapter9/install/ros_serial2wifi:/opt/ros/humble /usr/bin/cmake --build /home/wudad10/Fold1/ros2/4_action/build/cpp_action_client -- -j4 -l4
[0.536s] Invoking command in '/home/wudad10/Fold1/ros2/4_action/build/cpp_action_client': CMAKE_PREFIX_PATH=${CMAKE_PREFIX_PATH}:/home/wudad10/Fold1/ros2/4_action/install/py_action_server:/home/wudad10/Fold1/ros2/4_action/install/py_action_client:/home/wudad10/Fold1/ros2/3_param/install/py_param_node:/home/wudad10/Fold1/chapter9/fishbot_ws/install/ros_serial2wifi:/home/wudad10/Fold1/chapter9/install/ros_serial2wifi:/opt/ros/humble /usr/bin/cmake --install /home/wudad10/Fold1/ros2/4_action/build/cpp_action_client
[0.552s] -- Install configuration: ""
[0.552s] -- Up-to-date: /home/wudad10/Fold1/ros2/4_action/install/cpp_action_client/share/ament_index/resource_index/package_run_dependencies/cpp_action_client
[0.552s] -- Up-to-date: /home/wudad10/Fold1/ros2/4_action/install/cpp_action_client/share/ament_index/resource_index/parent_prefix_path/cpp_action_client
[0.552s] -- Up-to-date: /home/wudad10/Fold1/ros2/4_action/install/cpp_action_client/share/cpp_action_client/environment/ament_prefix_path.sh
[0.552s] -- Up-to-date: /home/wudad10/Fold1/ros2/4_action/install/cpp_action_client/share/cpp_action_client/environment/ament_prefix_path.dsv
[0.552s] -- Up-to-date: /home/wudad10/Fold1/ros2/4_action/install/cpp_action_client/share/cpp_action_client/environment/path.sh
[0.552s] -- Up-to-date: /home/wudad10/Fold1/ros2/4_action/install/cpp_action_client/share/cpp_action_client/environment/path.dsv
[0.552s] -- Up-to-date: /home/wudad10/Fold1/ros2/4_action/install/cpp_action_client/share/cpp_action_client/local_setup.bash
[0.552s] -- Up-to-date: /home/wudad10/Fold1/ros2/4_action/install/cpp_action_client/share/cpp_action_client/local_setup.sh
[0.552s] -- Up-to-date: /home/wudad10/Fold1/ros2/4_action/install/cpp_action_client/share/cpp_action_client/local_setup.zsh
[0.552s] -- Up-to-date: /home/wudad10/Fold1/ros2/4_action/install/cpp_action_client/share/cpp_action_client/local_setup.dsv
[0.553s] -- Installing: /home/wudad10/Fold1/ros2/4_action/install/cpp_action_client/share/cpp_action_client/package.dsv
[0.553s] -- Up-to-date: /home/wudad10/Fold1/ros2/4_action/install/cpp_action_client/share/ament_index/resource_index/packages/cpp_action_client
[0.553s] -- Up-to-date: /home/wudad10/Fold1/ros2/4_action/install/cpp_action_client/share/cpp_action_client/cmake/cpp_action_clientConfig.cmake
[0.553s] -- Up-to-date: /home/wudad10/Fold1/ros2/4_action/install/cpp_action_client/share/cpp_action_client/cmake/cpp_action_clientConfig-version.cmake
[0.553s] -- Up-to-date: /home/wudad10/Fold1/ros2/4_action/install/cpp_action_client/share/cpp_action_client/package.xml
[0.564s] Invoked command in '/home/wudad10/Fold1/ros2/4_action/build/cpp_action_client' returned '0': CMAKE_PREFIX_PATH=${CMAKE_PREFIX_PATH}:/home/wudad10/Fold1/ros2/4_action/install/py_action_server:/home/wudad10/Fold1/ros2/4_action/install/py_action_client:/home/wudad10/Fold1/ros2/3_param/install/py_param_node:/home/wudad10/Fold1/chapter9/fishbot_ws/install/ros_serial2wifi:/home/wudad10/Fold1/chapter9/install/ros_serial2wifi:/opt/ros/humble /usr/bin/cmake --install /home/wudad10/Fold1/ros2/4_action/build/cpp_action_client
