-- Found ament_cmake: 1.3.12 (/opt/ros/humble/share/ament_cmake/cmake)
-- Found ament_lint_auto: 0.12.14 (/opt/ros/humble/share/ament_lint_auto/cmake)
-- Found rclcpp: 16.0.15 (/opt/ros/humble/share/rclcpp/cmake)
-- Found rosidl_generator_c: 3.1.7 (/opt/ros/humble/share/rosidl_generator_c/cmake)
-- Found rosidl_adapter: 3.1.7 (/opt/ros/humble/share/rosidl_adapter/cmake)
-- Found rosidl_generator_cpp: 3.1.7 (/opt/ros/humble/share/rosidl_generator_cpp/cmake)
-- Using all available rosidl_typesupport_c: rosidl_typesupport_fastrtps_c;rosidl_typesupport_introspection_c
-- Using all available rosidl_typesupport_cpp: rosidl_typesupport_fastrtps_cpp;rosidl_typesupport_introspection_cpp
-- Found rmw_implementation_cmake: 6.1.2 (/opt/ros/humble/share/rmw_implementation_cmake/cmake)
-- Found rmw_fastrtps_cpp: 6.2.9 (/opt/ros/humble/share/rmw_fastrtps_cpp/cmake)
-- Using RMW implementation 'rmw_fastrtps_cpp' as default
-- Found tf2: 0.25.16 (/opt/ros/humble/share/tf2/cmake)
-- Found tf2_ros: 0.25.16 (/opt/ros/humble/share/tf2_ros/cmake)
-- Added test 'cppcheck' to perform static code analysis on C / C++ code
-- Configured cppcheck include dirs: 
-- Configured cppcheck exclude dirs and/or files: 
-- Added test 'flake8' to check Python code syntax and style conventions
-- Added test 'lint_cmake' to check CMake code style
-- Added test 'pep257' to check Python code against some of the docstring style conventions in PEP 257
-- Added test 'uncrustify' to check C / C++ code style
-- Configured uncrustify additional arguments: 
-- Added test 'xmllint' to check XML markup files
-- Configuring done
-- Generating done
-- Build files have been written to: /home/wudad10/Fold1/ros2/6_tf/build/cpp_tf
[35m[1mConsolidate compiler generated dependencies of target cpp_tf_listener[0m
[35m[1mConsolidate compiler generated dependencies of target cpp_tf_broadcaster[0m
[ 50%] Built target cpp_tf_listener
[100%] Built target cpp_tf_broadcaster
-- Install configuration: ""
-- Up-to-date: /home/wudad10/Fold1/ros2/6_tf/install/cpp_tf/lib/cpp_tf/cpp_tf_broadcaster
-- Up-to-date: /home/wudad10/Fold1/ros2/6_tf/install/cpp_tf/lib/cpp_tf/cpp_tf_listener
-- Installing: /home/wudad10/Fold1/ros2/6_tf/install/cpp_tf/share/cpp_tf/launch
-- Installing: /home/wudad10/Fold1/ros2/6_tf/install/cpp_tf/share/cpp_tf/launch/cpp_tf.launch.py
-- Up-to-date: /home/wudad10/Fold1/ros2/6_tf/install/cpp_tf/share/ament_index/resource_index/package_run_dependencies/cpp_tf
-- Installing: /home/wudad10/Fold1/ros2/6_tf/install/cpp_tf/share/ament_index/resource_index/parent_prefix_path/cpp_tf
-- Up-to-date: /home/wudad10/Fold1/ros2/6_tf/install/cpp_tf/share/cpp_tf/environment/ament_prefix_path.sh
-- Installing: /home/wudad10/Fold1/ros2/6_tf/install/cpp_tf/share/cpp_tf/environment/ament_prefix_path.dsv
-- Up-to-date: /home/wudad10/Fold1/ros2/6_tf/install/cpp_tf/share/cpp_tf/environment/path.sh
-- Installing: /home/wudad10/Fold1/ros2/6_tf/install/cpp_tf/share/cpp_tf/environment/path.dsv
-- Up-to-date: /home/wudad10/Fold1/ros2/6_tf/install/cpp_tf/share/cpp_tf/local_setup.bash
-- Up-to-date: /home/wudad10/Fold1/ros2/6_tf/install/cpp_tf/share/cpp_tf/local_setup.sh
-- Up-to-date: /home/wudad10/Fold1/ros2/6_tf/install/cpp_tf/share/cpp_tf/local_setup.zsh
-- Installing: /home/wudad10/Fold1/ros2/6_tf/install/cpp_tf/share/cpp_tf/local_setup.dsv
-- Installing: /home/wudad10/Fold1/ros2/6_tf/install/cpp_tf/share/cpp_tf/package.dsv
-- Up-to-date: /home/wudad10/Fold1/ros2/6_tf/install/cpp_tf/share/ament_index/resource_index/packages/cpp_tf
-- Up-to-date: /home/wudad10/Fold1/ros2/6_tf/install/cpp_tf/share/cpp_tf/cmake/cpp_tfConfig.cmake
-- Up-to-date: /home/wudad10/Fold1/ros2/6_tf/install/cpp_tf/share/cpp_tf/cmake/cpp_tfConfig-version.cmake
-- Up-to-date: /home/wudad10/Fold1/ros2/6_tf/install/cpp_tf/share/cpp_tf/package.xml
