[0.025s] Invoking command in '/home/wudad10/Fold1/ros2/6_tf/build/cpp_tf': CMAKE_PREFIX_PATH=${CMAKE_PREFIX_PATH}:/home/wudad10/Fold1/ros2/6_tf/install/py_tf:/home/wudad10/Fold1/chapter9/fishbot_ws/install/ros_serial2wifi:/home/wudad10/Fold1/chapter9/install/ros_serial2wifi:/opt/ros/humble /usr/bin/cmake --build /home/wudad10/Fold1/ros2/6_tf/build/cpp_tf -- -j4 -l4
[0.094s] -- Found ament_cmake: 1.3.12 (/opt/ros/humble/share/ament_cmake/cmake)
[0.261s] -- Found ament_lint_auto: 0.12.14 (/opt/ros/humble/share/ament_lint_auto/cmake)
[0.360s] -- Found rclcpp: 16.0.15 (/opt/ros/humble/share/rclcpp/cmake)
[0.417s] -- Found rosidl_generator_c: 3.1.7 (/opt/ros/humble/share/rosidl_generator_c/cmake)
[0.421s] -- Found rosidl_adapter: 3.1.7 (/opt/ros/humble/share/rosidl_adapter/cmake)
[0.431s] -- Found rosidl_generator_cpp: 3.1.7 (/opt/ros/humble/share/rosidl_generator_cpp/cmake)
[0.449s] -- Using all available rosidl_typesupport_c: rosidl_typesupport_fastrtps_c;rosidl_typesupport_introspection_c
[0.469s] -- Using all available rosidl_typesupport_cpp: rosidl_typesupport_fastrtps_cpp;rosidl_typesupport_introspection_cpp
[0.522s] -- Found rmw_implementation_cmake: 6.1.2 (/opt/ros/humble/share/rmw_implementation_cmake/cmake)
[0.528s] -- Found rmw_fastrtps_cpp: 6.2.9 (/opt/ros/humble/share/rmw_fastrtps_cpp/cmake)
[0.674s] -- Using RMW implementation 'rmw_fastrtps_cpp' as default
[0.758s] -- Found tf2: 0.25.16 (/opt/ros/humble/share/tf2/cmake)
[0.783s] -- Found tf2_ros: 0.25.16 (/opt/ros/humble/share/tf2_ros/cmake)
[0.923s] -- Added test 'cppcheck' to perform static code analysis on C / C++ code
[0.923s] -- Configured cppcheck include dirs: 
[0.924s] -- Configured cppcheck exclude dirs and/or files: 
[0.925s] -- Added test 'flake8' to check Python code syntax and style conventions
[0.925s] -- Added test 'lint_cmake' to check CMake code style
[0.926s] -- Added test 'pep257' to check Python code against some of the docstring style conventions in PEP 257
[0.928s] -- Added test 'uncrustify' to check C / C++ code style
[0.928s] -- Configured uncrustify additional arguments: 
[0.929s] -- Added test 'xmllint' to check XML markup files
[0.932s] -- Configuring done
[0.958s] -- Generating done
[0.965s] -- Build files have been written to: /home/wudad10/Fold1/ros2/6_tf/build/cpp_tf
[0.998s] [35m[1mConsolidate compiler generated dependencies of target cpp_tf_listener[0m
[0.998s] [35m[1mConsolidate compiler generated dependencies of target cpp_tf_broadcaster[0m
[1.038s] [ 50%] Built target cpp_tf_listener
[1.041s] [100%] Built target cpp_tf_broadcaster
[1.061s] Invoked command in '/home/wudad10/Fold1/ros2/6_tf/build/cpp_tf' returned '0': CMAKE_PREFIX_PATH=${CMAKE_PREFIX_PATH}:/home/wudad10/Fold1/ros2/6_tf/install/py_tf:/home/wudad10/Fold1/chapter9/fishbot_ws/install/ros_serial2wifi:/home/wudad10/Fold1/chapter9/install/ros_serial2wifi:/opt/ros/humble /usr/bin/cmake --build /home/wudad10/Fold1/ros2/6_tf/build/cpp_tf -- -j4 -l4
[1.074s] Invoking command in '/home/wudad10/Fold1/ros2/6_tf/build/cpp_tf': CMAKE_PREFIX_PATH=${CMAKE_PREFIX_PATH}:/home/wudad10/Fold1/ros2/6_tf/install/py_tf:/home/wudad10/Fold1/chapter9/fishbot_ws/install/ros_serial2wifi:/home/wudad10/Fold1/chapter9/install/ros_serial2wifi:/opt/ros/humble /usr/bin/cmake --install /home/wudad10/Fold1/ros2/6_tf/build/cpp_tf
[1.083s] -- Install configuration: ""
[1.084s] -- Up-to-date: /home/wudad10/Fold1/ros2/6_tf/install/cpp_tf/lib/cpp_tf/cpp_tf_broadcaster
[1.084s] -- Up-to-date: /home/wudad10/Fold1/ros2/6_tf/install/cpp_tf/lib/cpp_tf/cpp_tf_listener
[1.084s] -- Installing: /home/wudad10/Fold1/ros2/6_tf/install/cpp_tf/share/cpp_tf/launch
[1.084s] -- Installing: /home/wudad10/Fold1/ros2/6_tf/install/cpp_tf/share/cpp_tf/launch/cpp_tf.launch.py
[1.085s] -- Up-to-date: /home/wudad10/Fold1/ros2/6_tf/install/cpp_tf/share/ament_index/resource_index/package_run_dependencies/cpp_tf
[1.085s] -- Installing: /home/wudad10/Fold1/ros2/6_tf/install/cpp_tf/share/ament_index/resource_index/parent_prefix_path/cpp_tf
[1.086s] -- Up-to-date: /home/wudad10/Fold1/ros2/6_tf/install/cpp_tf/share/cpp_tf/environment/ament_prefix_path.sh
[1.086s] -- Installing: /home/wudad10/Fold1/ros2/6_tf/install/cpp_tf/share/cpp_tf/environment/ament_prefix_path.dsv
[1.086s] -- Up-to-date: /home/wudad10/Fold1/ros2/6_tf/install/cpp_tf/share/cpp_tf/environment/path.sh
[1.086s] -- Installing: /home/wudad10/Fold1/ros2/6_tf/install/cpp_tf/share/cpp_tf/environment/path.dsv
[1.086s] -- Up-to-date: /home/wudad10/Fold1/ros2/6_tf/install/cpp_tf/share/cpp_tf/local_setup.bash
[1.086s] -- Up-to-date: /home/wudad10/Fold1/ros2/6_tf/install/cpp_tf/share/cpp_tf/local_setup.sh
[1.086s] -- Up-to-date: /home/wudad10/Fold1/ros2/6_tf/install/cpp_tf/share/cpp_tf/local_setup.zsh
[1.087s] -- Installing: /home/wudad10/Fold1/ros2/6_tf/install/cpp_tf/share/cpp_tf/local_setup.dsv
[1.087s] -- Installing: /home/wudad10/Fold1/ros2/6_tf/install/cpp_tf/share/cpp_tf/package.dsv
[1.087s] -- Up-to-date: /home/wudad10/Fold1/ros2/6_tf/install/cpp_tf/share/ament_index/resource_index/packages/cpp_tf
[1.087s] -- Up-to-date: /home/wudad10/Fold1/ros2/6_tf/install/cpp_tf/share/cpp_tf/cmake/cpp_tfConfig.cmake
[1.087s] -- Up-to-date: /home/wudad10/Fold1/ros2/6_tf/install/cpp_tf/share/cpp_tf/cmake/cpp_tfConfig-version.cmake
[1.087s] -- Up-to-date: /home/wudad10/Fold1/ros2/6_tf/install/cpp_tf/share/cpp_tf/package.xml
[1.090s] Invoked command in '/home/wudad10/Fold1/ros2/6_tf/build/cpp_tf' returned '0': CMAKE_PREFIX_PATH=${CMAKE_PREFIX_PATH}:/home/wudad10/Fold1/ros2/6_tf/install/py_tf:/home/wudad10/Fold1/chapter9/fishbot_ws/install/ros_serial2wifi:/home/wudad10/Fold1/chapter9/install/ros_serial2wifi:/opt/ros/humble /usr/bin/cmake --install /home/wudad10/Fold1/ros2/6_tf/build/cpp_tf
