[0.185s] DEBUG:colcon:Command line arguments: ['/usr/bin/colcon', 'build']
[0.185s] DEBUG:colcon:Parsed command line arguments: Namespace(log_base=None, log_level=None, verb_name='build', build_base='build', install_base='install', merge_install=False, symlink_install=False, test_result_base=None, continue_on_error=False, executor='parallel', parallel_workers=4, event_handlers=None, ignore_user_meta=False, metas=['./colcon.meta'], base_paths=['.'], packages_ignore=None, packages_ignore_regex=None, paths=None, packages_up_to=None, packages_up_to_regex=None, packages_above=None, packages_above_and_dependencies=None, packages_above_depth=None, packages_select_by_dep=None, packages_skip_by_dep=None, packages_skip_up_to=None, packages_select_build_failed=False, packages_skip_build_finished=False, packages_select_test_failures=False, packages_skip_test_passed=False, packages_select=None, packages_skip=None, packages_select_regex=None, packages_skip_regex=None, packages_start=None, packages_end=None, allow_overriding=[], cmake_args=None, cmake_target=None, cmake_target_skip_unavailable=False, cmake_clean_cache=False, cmake_clean_first=False, cmake_force_configure=False, ament_cmake_args=None, catkin_cmake_args=None, catkin_skip_building_tests=False, verb_parser=<colcon_defaults.argument_parser.defaults.DefaultArgumentsDecorator object at 0x7674b486e470>, verb_extension=<colcon_core.verb.build.BuildVerb object at 0x7674b486df60>, main=<bound method BuildVerb.main of <colcon_core.verb.build.BuildVerb object at 0x7674b486df60>>)
[0.437s] Level 1:colcon.colcon_core.package_discovery:discover_packages(colcon_meta) check parameters
[0.437s] Level 1:colcon.colcon_core.package_discovery:discover_packages(recursive) check parameters
[0.437s] Level 1:colcon.colcon_core.package_discovery:discover_packages(ignore) check parameters
[0.437s] Level 1:colcon.colcon_core.package_discovery:discover_packages(path) check parameters
[0.437s] Level 1:colcon.colcon_core.package_discovery:discover_packages(colcon_meta) discover
[0.437s] Level 1:colcon.colcon_core.package_discovery:discover_packages(recursive) discover
[0.437s] INFO:colcon.colcon_core.package_discovery:Crawling recursively for packages in '/home/wudad10/Fold1/ros2/4_action'
[0.437s] Level 1:colcon.colcon_core.package_identification:_identify(.) by extensions ['ignore', 'ignore_ament_install']
[0.438s] Level 1:colcon.colcon_core.package_identification:_identify(.) by extension 'ignore'
[0.438s] Level 1:colcon.colcon_core.package_identification:_identify(.) by extension 'ignore_ament_install'
[0.438s] Level 1:colcon.colcon_core.package_identification:_identify(.) by extensions ['colcon_pkg']
[0.438s] Level 1:colcon.colcon_core.package_identification:_identify(.) by extension 'colcon_pkg'
[0.438s] Level 1:colcon.colcon_core.package_identification:_identify(.) by extensions ['colcon_meta']
[0.438s] Level 1:colcon.colcon_core.package_identification:_identify(.) by extension 'colcon_meta'
[0.438s] Level 1:colcon.colcon_core.package_identification:_identify(.) by extensions ['ros']
[0.438s] Level 1:colcon.colcon_core.package_identification:_identify(.) by extension 'ros'
[0.452s] Level 1:colcon.colcon_core.package_identification:_identify(.) by extensions ['cmake', 'python']
[0.452s] Level 1:colcon.colcon_core.package_identification:_identify(.) by extension 'cmake'
[0.452s] Level 1:colcon.colcon_core.package_identification:_identify(.) by extension 'python'
[0.452s] Level 1:colcon.colcon_core.package_identification:_identify(.) by extensions ['python_setup_py']
[0.452s] Level 1:colcon.colcon_core.package_identification:_identify(.) by extension 'python_setup_py'
[0.452s] Level 1:colcon.colcon_core.package_identification:_identify(build) by extensions ['ignore', 'ignore_ament_install']
[0.452s] Level 1:colcon.colcon_core.package_identification:_identify(build) by extension 'ignore'
[0.452s] Level 1:colcon.colcon_core.package_identification:_identify(build) ignored
[0.452s] Level 1:colcon.colcon_core.package_identification:_identify(install) by extensions ['ignore', 'ignore_ament_install']
[0.452s] Level 1:colcon.colcon_core.package_identification:_identify(install) by extension 'ignore'
[0.452s] Level 1:colcon.colcon_core.package_identification:_identify(install) ignored
[0.452s] Level 1:colcon.colcon_core.package_identification:_identify(log) by extensions ['ignore', 'ignore_ament_install']
[0.452s] Level 1:colcon.colcon_core.package_identification:_identify(log) by extension 'ignore'
[0.452s] Level 1:colcon.colcon_core.package_identification:_identify(log) ignored
[0.452s] Level 1:colcon.colcon_core.package_identification:_identify(src) by extensions ['ignore', 'ignore_ament_install']
[0.453s] Level 1:colcon.colcon_core.package_identification:_identify(src) by extension 'ignore'
[0.453s] Level 1:colcon.colcon_core.package_identification:_identify(src) by extension 'ignore_ament_install'
[0.453s] Level 1:colcon.colcon_core.package_identification:_identify(src) by extensions ['colcon_pkg']
[0.453s] Level 1:colcon.colcon_core.package_identification:_identify(src) by extension 'colcon_pkg'
[0.453s] Level 1:colcon.colcon_core.package_identification:_identify(src) by extensions ['colcon_meta']
[0.453s] Level 1:colcon.colcon_core.package_identification:_identify(src) by extension 'colcon_meta'
[0.453s] Level 1:colcon.colcon_core.package_identification:_identify(src) by extensions ['ros']
[0.453s] Level 1:colcon.colcon_core.package_identification:_identify(src) by extension 'ros'
[0.453s] Level 1:colcon.colcon_core.package_identification:_identify(src) by extensions ['cmake', 'python']
[0.453s] Level 1:colcon.colcon_core.package_identification:_identify(src) by extension 'cmake'
[0.453s] Level 1:colcon.colcon_core.package_identification:_identify(src) by extension 'python'
[0.453s] Level 1:colcon.colcon_core.package_identification:_identify(src) by extensions ['python_setup_py']
[0.453s] Level 1:colcon.colcon_core.package_identification:_identify(src) by extension 'python_setup_py'
[0.453s] Level 1:colcon.colcon_core.package_identification:_identify(src/cpp_action_client) by extensions ['ignore', 'ignore_ament_install']
[0.453s] Level 1:colcon.colcon_core.package_identification:_identify(src/cpp_action_client) by extension 'ignore'
[0.453s] Level 1:colcon.colcon_core.package_identification:_identify(src/cpp_action_client) by extension 'ignore_ament_install'
[0.453s] Level 1:colcon.colcon_core.package_identification:_identify(src/cpp_action_client) by extensions ['colcon_pkg']
[0.453s] Level 1:colcon.colcon_core.package_identification:_identify(src/cpp_action_client) by extension 'colcon_pkg'
[0.453s] Level 1:colcon.colcon_core.package_identification:_identify(src/cpp_action_client) by extensions ['colcon_meta']
[0.453s] Level 1:colcon.colcon_core.package_identification:_identify(src/cpp_action_client) by extension 'colcon_meta'
[0.453s] Level 1:colcon.colcon_core.package_identification:_identify(src/cpp_action_client) by extensions ['ros']
[0.453s] Level 1:colcon.colcon_core.package_identification:_identify(src/cpp_action_client) by extension 'ros'
[0.457s] DEBUG:colcon.colcon_core.package_identification:Package 'src/cpp_action_client' with type 'ros.ament_cmake' and name 'cpp_action_client'
[0.458s] Level 1:colcon.colcon_core.package_identification:_identify(src/cpp_action_server) by extensions ['ignore', 'ignore_ament_install']
[0.458s] Level 1:colcon.colcon_core.package_identification:_identify(src/cpp_action_server) by extension 'ignore'
[0.458s] Level 1:colcon.colcon_core.package_identification:_identify(src/cpp_action_server) by extension 'ignore_ament_install'
[0.458s] Level 1:colcon.colcon_core.package_identification:_identify(src/cpp_action_server) by extensions ['colcon_pkg']
[0.458s] Level 1:colcon.colcon_core.package_identification:_identify(src/cpp_action_server) by extension 'colcon_pkg'
[0.458s] Level 1:colcon.colcon_core.package_identification:_identify(src/cpp_action_server) by extensions ['colcon_meta']
[0.458s] Level 1:colcon.colcon_core.package_identification:_identify(src/cpp_action_server) by extension 'colcon_meta'
[0.458s] Level 1:colcon.colcon_core.package_identification:_identify(src/cpp_action_server) by extensions ['ros']
[0.458s] Level 1:colcon.colcon_core.package_identification:_identify(src/cpp_action_server) by extension 'ros'
[0.459s] DEBUG:colcon.colcon_core.package_identification:Package 'src/cpp_action_server' with type 'ros.ament_cmake' and name 'cpp_action_server'
[0.459s] Level 1:colcon.colcon_core.package_identification:_identify(src/my_interfaces) by extensions ['ignore', 'ignore_ament_install']
[0.459s] Level 1:colcon.colcon_core.package_identification:_identify(src/my_interfaces) by extension 'ignore'
[0.459s] Level 1:colcon.colcon_core.package_identification:_identify(src/my_interfaces) by extension 'ignore_ament_install'
[0.459s] Level 1:colcon.colcon_core.package_identification:_identify(src/my_interfaces) by extensions ['colcon_pkg']
[0.459s] Level 1:colcon.colcon_core.package_identification:_identify(src/my_interfaces) by extension 'colcon_pkg'
[0.459s] Level 1:colcon.colcon_core.package_identification:_identify(src/my_interfaces) by extensions ['colcon_meta']
[0.459s] Level 1:colcon.colcon_core.package_identification:_identify(src/my_interfaces) by extension 'colcon_meta'
[0.460s] Level 1:colcon.colcon_core.package_identification:_identify(src/my_interfaces) by extensions ['ros']
[0.460s] Level 1:colcon.colcon_core.package_identification:_identify(src/my_interfaces) by extension 'ros'
[0.461s] DEBUG:colcon.colcon_core.package_identification:Package 'src/my_interfaces' with type 'ros.ament_cmake' and name 'my_interfaces'
[0.461s] Level 1:colcon.colcon_core.package_identification:_identify(src/py_action_client) by extensions ['ignore', 'ignore_ament_install']
[0.461s] Level 1:colcon.colcon_core.package_identification:_identify(src/py_action_client) by extension 'ignore'
[0.461s] Level 1:colcon.colcon_core.package_identification:_identify(src/py_action_client) by extension 'ignore_ament_install'
[0.461s] Level 1:colcon.colcon_core.package_identification:_identify(src/py_action_client) by extensions ['colcon_pkg']
[0.461s] Level 1:colcon.colcon_core.package_identification:_identify(src/py_action_client) by extension 'colcon_pkg'
[0.461s] Level 1:colcon.colcon_core.package_identification:_identify(src/py_action_client) by extensions ['colcon_meta']
[0.461s] Level 1:colcon.colcon_core.package_identification:_identify(src/py_action_client) by extension 'colcon_meta'
[0.461s] Level 1:colcon.colcon_core.package_identification:_identify(src/py_action_client) by extensions ['ros']
[0.461s] Level 1:colcon.colcon_core.package_identification:_identify(src/py_action_client) by extension 'ros'
[0.462s] DEBUG:colcon.colcon_core.package_identification:Package 'src/py_action_client' with type 'ros.ament_python' and name 'py_action_client'
[0.462s] Level 1:colcon.colcon_core.package_identification:_identify(src/py_action_server) by extensions ['ignore', 'ignore_ament_install']
[0.463s] Level 1:colcon.colcon_core.package_identification:_identify(src/py_action_server) by extension 'ignore'
[0.463s] Level 1:colcon.colcon_core.package_identification:_identify(src/py_action_server) by extension 'ignore_ament_install'
[0.463s] Level 1:colcon.colcon_core.package_identification:_identify(src/py_action_server) by extensions ['colcon_pkg']
[0.463s] Level 1:colcon.colcon_core.package_identification:_identify(src/py_action_server) by extension 'colcon_pkg'
[0.463s] Level 1:colcon.colcon_core.package_identification:_identify(src/py_action_server) by extensions ['colcon_meta']
[0.463s] Level 1:colcon.colcon_core.package_identification:_identify(src/py_action_server) by extension 'colcon_meta'
[0.463s] Level 1:colcon.colcon_core.package_identification:_identify(src/py_action_server) by extensions ['ros']
[0.463s] Level 1:colcon.colcon_core.package_identification:_identify(src/py_action_server) by extension 'ros'
[0.464s] DEBUG:colcon.colcon_core.package_identification:Package 'src/py_action_server' with type 'ros.ament_python' and name 'py_action_server'
[0.464s] Level 1:colcon.colcon_core.package_discovery:discover_packages(recursive) using defaults
[0.464s] Level 1:colcon.colcon_core.package_discovery:discover_packages(ignore) discover
[0.464s] Level 1:colcon.colcon_core.package_discovery:discover_packages(ignore) using defaults
[0.464s] Level 1:colcon.colcon_core.package_discovery:discover_packages(path) discover
[0.464s] Level 1:colcon.colcon_core.package_discovery:discover_packages(path) using defaults
[0.509s] Level 1:colcon.colcon_core.package_discovery:discover_packages(prefix_path) check parameters
[0.509s] Level 1:colcon.colcon_core.package_discovery:discover_packages(prefix_path) discover
[0.511s] WARNING:colcon.colcon_core.prefix_path.colcon:The path '/home/wudad10/Fold1/ros2/4_action/src/install' in the environment variable COLCON_PREFIX_PATH doesn't exist
[0.512s] WARNING:colcon.colcon_core.prefix_path.colcon:The path '/home/wudad10/Fold1/chapter9/install' in the environment variable COLCON_PREFIX_PATH doesn't exist
[0.512s] WARNING:colcon.colcon_ros.prefix_path.ament:The path '/home/wudad10/Fold1/chapter9/install/ydlidar' in the environment variable AMENT_PREFIX_PATH doesn't exist
[0.512s] WARNING:colcon.colcon_ros.prefix_path.ament:The path '/home/wudad10/Fold1/chapter9/install/ros_serial2wifi' in the environment variable AMENT_PREFIX_PATH doesn't exist
[0.512s] WARNING:colcon.colcon_ros.prefix_path.ament:The path '/home/wudad10/Fold1/chapter9/install/micro_ros_agent' in the environment variable AMENT_PREFIX_PATH doesn't exist
[0.513s] WARNING:colcon.colcon_ros.prefix_path.ament:The path '/home/wudad10/Fold1/chapter9/install/micro_ros_msgs' in the environment variable AMENT_PREFIX_PATH doesn't exist
[0.513s] WARNING:colcon.colcon_ros.prefix_path.ament:The path '/home/wudad10/Fold1/chapter9/install/fishbot_description' in the environment variable AMENT_PREFIX_PATH doesn't exist
[0.513s] WARNING:colcon.colcon_ros.prefix_path.ament:The path '/home/wudad10/Fold1/chapter9/install/fishbot_bringup' in the environment variable AMENT_PREFIX_PATH doesn't exist
[0.513s] WARNING:colcon.colcon_ros.prefix_path.catkin:The path '/home/wudad10/Fold1/chapter9/install/ydlidar' in the environment variable CMAKE_PREFIX_PATH doesn't exist
[0.513s] WARNING:colcon.colcon_ros.prefix_path.catkin:The path '/home/wudad10/Fold1/chapter9/install/micro_ros_agent' in the environment variable CMAKE_PREFIX_PATH doesn't exist
[0.513s] WARNING:colcon.colcon_ros.prefix_path.catkin:The path '/home/wudad10/Fold1/chapter9/install/micro_ros_msgs' in the environment variable CMAKE_PREFIX_PATH doesn't exist
[0.513s] WARNING:colcon.colcon_ros.prefix_path.catkin:The path '/home/wudad10/Fold1/chapter9/install/fishbot_description' in the environment variable CMAKE_PREFIX_PATH doesn't exist
[0.513s] WARNING:colcon.colcon_ros.prefix_path.catkin:The path '/home/wudad10/Fold1/chapter9/install/fishbot_bringup' in the environment variable CMAKE_PREFIX_PATH doesn't exist
[0.515s] DEBUG:colcon.colcon_installed_package_information.package_discovery:Found 5 installed packages in /home/wudad10/Fold1/ros2/4_action/install
[0.515s] DEBUG:colcon.colcon_installed_package_information.package_discovery:Found 2 installed packages in /home/wudad10/Fold1/ros2/3_param/install
[0.516s] DEBUG:colcon.colcon_installed_package_information.package_discovery:Found 7 installed packages in /home/wudad10/Fold1/chapter9/fishbot_ws/install
[0.518s] DEBUG:colcon.colcon_installed_package_information.package_discovery:Found 371 installed packages in /opt/ros/humble
[0.519s] Level 1:colcon.colcon_core.package_discovery:discover_packages(prefix_path) using defaults
[0.568s] Level 5:colcon.colcon_core.verb:set package 'cpp_action_client' build argument 'cmake_args' from command line to 'None'
[0.568s] Level 5:colcon.colcon_core.verb:set package 'cpp_action_client' build argument 'cmake_target' from command line to 'None'
[0.568s] Level 5:colcon.colcon_core.verb:set package 'cpp_action_client' build argument 'cmake_target_skip_unavailable' from command line to 'False'
[0.568s] Level 5:colcon.colcon_core.verb:set package 'cpp_action_client' build argument 'cmake_clean_cache' from command line to 'False'
[0.568s] Level 5:colcon.colcon_core.verb:set package 'cpp_action_client' build argument 'cmake_clean_first' from command line to 'False'
[0.568s] Level 5:colcon.colcon_core.verb:set package 'cpp_action_client' build argument 'cmake_force_configure' from command line to 'False'
[0.568s] Level 5:colcon.colcon_core.verb:set package 'cpp_action_client' build argument 'ament_cmake_args' from command line to 'None'
[0.568s] Level 5:colcon.colcon_core.verb:set package 'cpp_action_client' build argument 'catkin_cmake_args' from command line to 'None'
[0.568s] Level 5:colcon.colcon_core.verb:set package 'cpp_action_client' build argument 'catkin_skip_building_tests' from command line to 'False'
[0.568s] DEBUG:colcon.colcon_core.verb:Building package 'cpp_action_client' with the following arguments: {'ament_cmake_args': None, 'build_base': '/home/wudad10/Fold1/ros2/4_action/build/cpp_action_client', 'catkin_cmake_args': None, 'catkin_skip_building_tests': False, 'cmake_args': None, 'cmake_clean_cache': False, 'cmake_clean_first': False, 'cmake_force_configure': False, 'cmake_target': None, 'cmake_target_skip_unavailable': False, 'install_base': '/home/wudad10/Fold1/ros2/4_action/install/cpp_action_client', 'merge_install': False, 'path': '/home/wudad10/Fold1/ros2/4_action/src/cpp_action_client', 'symlink_install': False, 'test_result_base': None}
[0.568s] Level 5:colcon.colcon_core.verb:set package 'cpp_action_server' build argument 'cmake_args' from command line to 'None'
[0.569s] Level 5:colcon.colcon_core.verb:set package 'cpp_action_server' build argument 'cmake_target' from command line to 'None'
[0.569s] Level 5:colcon.colcon_core.verb:set package 'cpp_action_server' build argument 'cmake_target_skip_unavailable' from command line to 'False'
[0.569s] Level 5:colcon.colcon_core.verb:set package 'cpp_action_server' build argument 'cmake_clean_cache' from command line to 'False'
[0.569s] Level 5:colcon.colcon_core.verb:set package 'cpp_action_server' build argument 'cmake_clean_first' from command line to 'False'
[0.569s] Level 5:colcon.colcon_core.verb:set package 'cpp_action_server' build argument 'cmake_force_configure' from command line to 'False'
[0.569s] Level 5:colcon.colcon_core.verb:set package 'cpp_action_server' build argument 'ament_cmake_args' from command line to 'None'
[0.569s] Level 5:colcon.colcon_core.verb:set package 'cpp_action_server' build argument 'catkin_cmake_args' from command line to 'None'
[0.569s] Level 5:colcon.colcon_core.verb:set package 'cpp_action_server' build argument 'catkin_skip_building_tests' from command line to 'False'
[0.569s] DEBUG:colcon.colcon_core.verb:Building package 'cpp_action_server' with the following arguments: {'ament_cmake_args': None, 'build_base': '/home/wudad10/Fold1/ros2/4_action/build/cpp_action_server', 'catkin_cmake_args': None, 'catkin_skip_building_tests': False, 'cmake_args': None, 'cmake_clean_cache': False, 'cmake_clean_first': False, 'cmake_force_configure': False, 'cmake_target': None, 'cmake_target_skip_unavailable': False, 'install_base': '/home/wudad10/Fold1/ros2/4_action/install/cpp_action_server', 'merge_install': False, 'path': '/home/wudad10/Fold1/ros2/4_action/src/cpp_action_server', 'symlink_install': False, 'test_result_base': None}
[0.569s] Level 5:colcon.colcon_core.verb:set package 'my_interfaces' build argument 'cmake_args' from command line to 'None'
[0.569s] Level 5:colcon.colcon_core.verb:set package 'my_interfaces' build argument 'cmake_target' from command line to 'None'
[0.569s] Level 5:colcon.colcon_core.verb:set package 'my_interfaces' build argument 'cmake_target_skip_unavailable' from command line to 'False'
[0.569s] Level 5:colcon.colcon_core.verb:set package 'my_interfaces' build argument 'cmake_clean_cache' from command line to 'False'
[0.569s] Level 5:colcon.colcon_core.verb:set package 'my_interfaces' build argument 'cmake_clean_first' from command line to 'False'
[0.569s] Level 5:colcon.colcon_core.verb:set package 'my_interfaces' build argument 'cmake_force_configure' from command line to 'False'
[0.569s] Level 5:colcon.colcon_core.verb:set package 'my_interfaces' build argument 'ament_cmake_args' from command line to 'None'
[0.569s] Level 5:colcon.colcon_core.verb:set package 'my_interfaces' build argument 'catkin_cmake_args' from command line to 'None'
[0.569s] Level 5:colcon.colcon_core.verb:set package 'my_interfaces' build argument 'catkin_skip_building_tests' from command line to 'False'
[0.569s] DEBUG:colcon.colcon_core.verb:Building package 'my_interfaces' with the following arguments: {'ament_cmake_args': None, 'build_base': '/home/wudad10/Fold1/ros2/4_action/build/my_interfaces', 'catkin_cmake_args': None, 'catkin_skip_building_tests': False, 'cmake_args': None, 'cmake_clean_cache': False, 'cmake_clean_first': False, 'cmake_force_configure': False, 'cmake_target': None, 'cmake_target_skip_unavailable': False, 'install_base': '/home/wudad10/Fold1/ros2/4_action/install/my_interfaces', 'merge_install': False, 'path': '/home/wudad10/Fold1/ros2/4_action/src/my_interfaces', 'symlink_install': False, 'test_result_base': None}
[0.570s] Level 5:colcon.colcon_core.verb:set package 'py_action_client' build argument 'cmake_args' from command line to 'None'
[0.570s] Level 5:colcon.colcon_core.verb:set package 'py_action_client' build argument 'cmake_target' from command line to 'None'
[0.570s] Level 5:colcon.colcon_core.verb:set package 'py_action_client' build argument 'cmake_target_skip_unavailable' from command line to 'False'
[0.570s] Level 5:colcon.colcon_core.verb:set package 'py_action_client' build argument 'cmake_clean_cache' from command line to 'False'
[0.570s] Level 5:colcon.colcon_core.verb:set package 'py_action_client' build argument 'cmake_clean_first' from command line to 'False'
[0.570s] Level 5:colcon.colcon_core.verb:set package 'py_action_client' build argument 'cmake_force_configure' from command line to 'False'
[0.570s] Level 5:colcon.colcon_core.verb:set package 'py_action_client' build argument 'ament_cmake_args' from command line to 'None'
[0.570s] Level 5:colcon.colcon_core.verb:set package 'py_action_client' build argument 'catkin_cmake_args' from command line to 'None'
[0.570s] Level 5:colcon.colcon_core.verb:set package 'py_action_client' build argument 'catkin_skip_building_tests' from command line to 'False'
[0.570s] DEBUG:colcon.colcon_core.verb:Building package 'py_action_client' with the following arguments: {'ament_cmake_args': None, 'build_base': '/home/wudad10/Fold1/ros2/4_action/build/py_action_client', 'catkin_cmake_args': None, 'catkin_skip_building_tests': False, 'cmake_args': None, 'cmake_clean_cache': False, 'cmake_clean_first': False, 'cmake_force_configure': False, 'cmake_target': None, 'cmake_target_skip_unavailable': False, 'install_base': '/home/wudad10/Fold1/ros2/4_action/install/py_action_client', 'merge_install': False, 'path': '/home/wudad10/Fold1/ros2/4_action/src/py_action_client', 'symlink_install': False, 'test_result_base': None}
[0.570s] Level 5:colcon.colcon_core.verb:set package 'py_action_server' build argument 'cmake_args' from command line to 'None'
[0.570s] Level 5:colcon.colcon_core.verb:set package 'py_action_server' build argument 'cmake_target' from command line to 'None'
[0.570s] Level 5:colcon.colcon_core.verb:set package 'py_action_server' build argument 'cmake_target_skip_unavailable' from command line to 'False'
[0.570s] Level 5:colcon.colcon_core.verb:set package 'py_action_server' build argument 'cmake_clean_cache' from command line to 'False'
[0.570s] Level 5:colcon.colcon_core.verb:set package 'py_action_server' build argument 'cmake_clean_first' from command line to 'False'
[0.570s] Level 5:colcon.colcon_core.verb:set package 'py_action_server' build argument 'cmake_force_configure' from command line to 'False'
[0.570s] Level 5:colcon.colcon_core.verb:set package 'py_action_server' build argument 'ament_cmake_args' from command line to 'None'
[0.570s] Level 5:colcon.colcon_core.verb:set package 'py_action_server' build argument 'catkin_cmake_args' from command line to 'None'
[0.570s] Level 5:colcon.colcon_core.verb:set package 'py_action_server' build argument 'catkin_skip_building_tests' from command line to 'False'
[0.570s] DEBUG:colcon.colcon_core.verb:Building package 'py_action_server' with the following arguments: {'ament_cmake_args': None, 'build_base': '/home/wudad10/Fold1/ros2/4_action/build/py_action_server', 'catkin_cmake_args': None, 'catkin_skip_building_tests': False, 'cmake_args': None, 'cmake_clean_cache': False, 'cmake_clean_first': False, 'cmake_force_configure': False, 'cmake_target': None, 'cmake_target_skip_unavailable': False, 'install_base': '/home/wudad10/Fold1/ros2/4_action/install/py_action_server', 'merge_install': False, 'path': '/home/wudad10/Fold1/ros2/4_action/src/py_action_server', 'symlink_install': False, 'test_result_base': None}
[0.571s] INFO:colcon.colcon_core.executor:Executing jobs using 'parallel' executor
[0.572s] DEBUG:colcon.colcon_parallel_executor.executor.parallel:run_until_complete
[0.573s] INFO:colcon.colcon_ros.task.ament_cmake.build:Building ROS package in '/home/wudad10/Fold1/ros2/4_action/src/cpp_action_client' with build type 'ament_cmake'
[0.573s] INFO:colcon.colcon_cmake.task.cmake.build:Building CMake package in '/home/wudad10/Fold1/ros2/4_action/src/cpp_action_client'
[0.578s] INFO:colcon.colcon_core.plugin_system:Skipping extension 'colcon_core.shell.bat': Not used on non-Windows systems
[0.579s] INFO:colcon.colcon_core.shell:Skip shell extension 'powershell' for command environment: Not usable outside of PowerShell
[0.579s] DEBUG:colcon.colcon_core.shell:Skip shell extension 'dsv' for command environment
[0.586s] INFO:colcon.colcon_ros.task.ament_cmake.build:Building ROS package in '/home/wudad10/Fold1/ros2/4_action/src/cpp_action_server' with build type 'ament_cmake'
[0.586s] INFO:colcon.colcon_cmake.task.cmake.build:Building CMake package in '/home/wudad10/Fold1/ros2/4_action/src/cpp_action_server'
[0.586s] INFO:colcon.colcon_core.shell:Skip shell extension 'powershell' for command environment: Not usable outside of PowerShell
[0.586s] DEBUG:colcon.colcon_core.shell:Skip shell extension 'dsv' for command environment
[0.592s] INFO:colcon.colcon_ros.task.ament_cmake.build:Building ROS package in '/home/wudad10/Fold1/ros2/4_action/src/my_interfaces' with build type 'ament_cmake'
[0.592s] INFO:colcon.colcon_cmake.task.cmake.build:Building CMake package in '/home/wudad10/Fold1/ros2/4_action/src/my_interfaces'
[0.593s] INFO:colcon.colcon_core.shell:Skip shell extension 'powershell' for command environment: Not usable outside of PowerShell
[0.593s] DEBUG:colcon.colcon_core.shell:Skip shell extension 'dsv' for command environment
[0.598s] INFO:colcon.colcon_ros.task.ament_python.build:Building ROS package in '/home/wudad10/Fold1/ros2/4_action/src/py_action_client' with build type 'ament_python'
[0.599s] Level 1:colcon.colcon_core.shell:create_environment_hook('py_action_client', 'ament_prefix_path')
[0.599s] INFO:colcon.colcon_core.shell:Creating environment hook '/home/wudad10/Fold1/ros2/4_action/install/py_action_client/share/py_action_client/hook/ament_prefix_path.ps1'
[0.600s] INFO:colcon.colcon_core.shell:Creating environment descriptor '/home/wudad10/Fold1/ros2/4_action/install/py_action_client/share/py_action_client/hook/ament_prefix_path.dsv'
[0.601s] INFO:colcon.colcon_core.shell:Creating environment hook '/home/wudad10/Fold1/ros2/4_action/install/py_action_client/share/py_action_client/hook/ament_prefix_path.sh'
[0.602s] INFO:colcon.colcon_core.shell:Skip shell extension 'powershell' for command environment: Not usable outside of PowerShell
[0.602s] DEBUG:colcon.colcon_core.shell:Skip shell extension 'dsv' for command environment
[0.615s] DEBUG:colcon.colcon_core.event_handler.log_command:Invoking command in '/home/wudad10/Fold1/ros2/4_action/build/cpp_action_client': CMAKE_PREFIX_PATH=${CMAKE_PREFIX_PATH}:/home/wudad10/Fold1/ros2/4_action/install/py_action_server:/home/wudad10/Fold1/ros2/4_action/install/py_action_client:/home/wudad10/Fold1/ros2/3_param/install/py_param_node:/home/wudad10/Fold1/chapter9/fishbot_ws/install/ros_serial2wifi:/home/wudad10/Fold1/chapter9/install/ros_serial2wifi:/opt/ros/humble /usr/bin/cmake --build /home/wudad10/Fold1/ros2/4_action/build/cpp_action_client -- -j4 -l4
[0.623s] DEBUG:colcon.colcon_core.event_handler.log_command:Invoking command in '/home/wudad10/Fold1/ros2/4_action/build/cpp_action_server': CMAKE_PREFIX_PATH=${CMAKE_PREFIX_PATH}:/home/wudad10/Fold1/ros2/4_action/install/py_action_server:/home/wudad10/Fold1/ros2/4_action/install/py_action_client:/home/wudad10/Fold1/ros2/3_param/install/py_param_node:/home/wudad10/Fold1/chapter9/fishbot_ws/install/ros_serial2wifi:/home/wudad10/Fold1/chapter9/install/ros_serial2wifi:/opt/ros/humble /usr/bin/cmake --build /home/wudad10/Fold1/ros2/4_action/build/cpp_action_server -- -j4 -l4
[0.636s] DEBUG:colcon.colcon_core.event_handler.log_command:Invoking command in '/home/wudad10/Fold1/ros2/4_action/build/my_interfaces': CMAKE_PREFIX_PATH=${CMAKE_PREFIX_PATH}:/home/wudad10/Fold1/ros2/4_action/install/py_action_server:/home/wudad10/Fold1/ros2/4_action/install/py_action_client:/home/wudad10/Fold1/ros2/3_param/install/py_param_node:/home/wudad10/Fold1/chapter9/fishbot_ws/install/ros_serial2wifi:/home/wudad10/Fold1/chapter9/install/ros_serial2wifi:/opt/ros/humble /usr/bin/cmake --build /home/wudad10/Fold1/ros2/4_action/build/my_interfaces -- -j4 -l4
[1.070s] INFO:colcon.colcon_core.task.python.build:Building Python package in '/home/wudad10/Fold1/ros2/4_action/src/py_action_client'
[1.071s] INFO:colcon.colcon_core.shell:Skip shell extension 'powershell' for command environment: Not usable outside of PowerShell
[1.071s] DEBUG:colcon.colcon_core.shell:Skip shell extension 'dsv' for command environment
[1.089s] DEBUG:colcon.colcon_core.event_handler.log_command:Invoked command in '/home/wudad10/Fold1/ros2/4_action/build/cpp_action_client' returned '0': CMAKE_PREFIX_PATH=${CMAKE_PREFIX_PATH}:/home/wudad10/Fold1/ros2/4_action/install/py_action_server:/home/wudad10/Fold1/ros2/4_action/install/py_action_client:/home/wudad10/Fold1/ros2/3_param/install/py_param_node:/home/wudad10/Fold1/chapter9/fishbot_ws/install/ros_serial2wifi:/home/wudad10/Fold1/chapter9/install/ros_serial2wifi:/opt/ros/humble /usr/bin/cmake --build /home/wudad10/Fold1/ros2/4_action/build/cpp_action_client -- -j4 -l4
[1.110s] DEBUG:colcon.colcon_core.event_handler.log_command:Invoking command in '/home/wudad10/Fold1/ros2/4_action/build/cpp_action_client': CMAKE_PREFIX_PATH=${CMAKE_PREFIX_PATH}:/home/wudad10/Fold1/ros2/4_action/install/py_action_server:/home/wudad10/Fold1/ros2/4_action/install/py_action_client:/home/wudad10/Fold1/ros2/3_param/install/py_param_node:/home/wudad10/Fold1/chapter9/fishbot_ws/install/ros_serial2wifi:/home/wudad10/Fold1/chapter9/install/ros_serial2wifi:/opt/ros/humble /usr/bin/cmake --install /home/wudad10/Fold1/ros2/4_action/build/cpp_action_client
[1.118s] DEBUG:colcon.colcon_core.event_handler.log_command:Invoked command in '/home/wudad10/Fold1/ros2/4_action/build/cpp_action_server' returned '0': CMAKE_PREFIX_PATH=${CMAKE_PREFIX_PATH}:/home/wudad10/Fold1/ros2/4_action/install/py_action_server:/home/wudad10/Fold1/ros2/4_action/install/py_action_client:/home/wudad10/Fold1/ros2/3_param/install/py_param_node:/home/wudad10/Fold1/chapter9/fishbot_ws/install/ros_serial2wifi:/home/wudad10/Fold1/chapter9/install/ros_serial2wifi:/opt/ros/humble /usr/bin/cmake --build /home/wudad10/Fold1/ros2/4_action/build/cpp_action_server -- -j4 -l4
[1.119s] DEBUG:colcon.colcon_core.event_handler.log_command:Invoking command in '/home/wudad10/Fold1/ros2/4_action/build/cpp_action_server': CMAKE_PREFIX_PATH=${CMAKE_PREFIX_PATH}:/home/wudad10/Fold1/ros2/4_action/install/py_action_server:/home/wudad10/Fold1/ros2/4_action/install/py_action_client:/home/wudad10/Fold1/ros2/3_param/install/py_param_node:/home/wudad10/Fold1/chapter9/fishbot_ws/install/ros_serial2wifi:/home/wudad10/Fold1/chapter9/install/ros_serial2wifi:/opt/ros/humble /usr/bin/cmake --install /home/wudad10/Fold1/ros2/4_action/build/cpp_action_server
[1.135s] Level 1:colcon.colcon_core.environment:create_environment_scripts_only(cpp_action_client)
[1.138s] DEBUG:colcon.colcon_core.event_handler.log_command:Invoked command in '/home/wudad10/Fold1/ros2/4_action/build/cpp_action_client' returned '0': CMAKE_PREFIX_PATH=${CMAKE_PREFIX_PATH}:/home/wudad10/Fold1/ros2/4_action/install/py_action_server:/home/wudad10/Fold1/ros2/4_action/install/py_action_client:/home/wudad10/Fold1/ros2/3_param/install/py_param_node:/home/wudad10/Fold1/chapter9/fishbot_ws/install/ros_serial2wifi:/home/wudad10/Fold1/chapter9/install/ros_serial2wifi:/opt/ros/humble /usr/bin/cmake --install /home/wudad10/Fold1/ros2/4_action/build/cpp_action_client
[1.153s] Level 1:colcon.colcon_core.environment:checking '/home/wudad10/Fold1/ros2/4_action/install/cpp_action_client' for CMake module files
[1.154s] Level 1:colcon.colcon_core.environment:checking '/home/wudad10/Fold1/ros2/4_action/install/cpp_action_client' for CMake config files
[1.154s] Level 1:colcon.colcon_core.shell:create_environment_hook('cpp_action_client', 'cmake_prefix_path')
[1.154s] INFO:colcon.colcon_core.shell:Creating environment hook '/home/wudad10/Fold1/ros2/4_action/install/cpp_action_client/share/cpp_action_client/hook/cmake_prefix_path.ps1'
[1.155s] INFO:colcon.colcon_core.shell:Creating environment descriptor '/home/wudad10/Fold1/ros2/4_action/install/cpp_action_client/share/cpp_action_client/hook/cmake_prefix_path.dsv'
[1.156s] INFO:colcon.colcon_core.shell:Creating environment hook '/home/wudad10/Fold1/ros2/4_action/install/cpp_action_client/share/cpp_action_client/hook/cmake_prefix_path.sh'
[1.157s] Level 1:colcon.colcon_core.environment:checking '/home/wudad10/Fold1/ros2/4_action/install/cpp_action_client/bin'
[1.158s] Level 1:colcon.colcon_core.environment:checking '/home/wudad10/Fold1/ros2/4_action/install/cpp_action_client/lib/pkgconfig/cpp_action_client.pc'
[1.158s] Level 1:colcon.colcon_core.environment:checking '/home/wudad10/Fold1/ros2/4_action/install/cpp_action_client/lib/python3.10/site-packages'
[1.158s] Level 1:colcon.colcon_core.environment:checking '/home/wudad10/Fold1/ros2/4_action/install/cpp_action_client/bin'
[1.159s] INFO:colcon.colcon_core.shell:Creating package script '/home/wudad10/Fold1/ros2/4_action/install/cpp_action_client/share/cpp_action_client/package.ps1'
[1.160s] INFO:colcon.colcon_core.shell:Creating package descriptor '/home/wudad10/Fold1/ros2/4_action/install/cpp_action_client/share/cpp_action_client/package.dsv'
[1.161s] INFO:colcon.colcon_core.shell:Creating package script '/home/wudad10/Fold1/ros2/4_action/install/cpp_action_client/share/cpp_action_client/package.sh'
[1.162s] INFO:colcon.colcon_core.shell:Creating package script '/home/wudad10/Fold1/ros2/4_action/install/cpp_action_client/share/cpp_action_client/package.bash'
[1.164s] INFO:colcon.colcon_core.shell:Creating package script '/home/wudad10/Fold1/ros2/4_action/install/cpp_action_client/share/cpp_action_client/package.zsh'
[1.165s] Level 1:colcon.colcon_core.environment:create_file_with_runtime_dependencies(/home/wudad10/Fold1/ros2/4_action/install/cpp_action_client/share/colcon-core/packages/cpp_action_client)
[1.166s] Level 1:colcon.colcon_core.environment:create_environment_scripts_only(cpp_action_client)
[1.166s] Level 1:colcon.colcon_core.environment:checking '/home/wudad10/Fold1/ros2/4_action/install/cpp_action_client' for CMake module files
[1.167s] Level 1:colcon.colcon_core.environment:checking '/home/wudad10/Fold1/ros2/4_action/install/cpp_action_client' for CMake config files
[1.167s] Level 1:colcon.colcon_core.shell:create_environment_hook('cpp_action_client', 'cmake_prefix_path')
[1.168s] INFO:colcon.colcon_core.shell:Creating environment hook '/home/wudad10/Fold1/ros2/4_action/install/cpp_action_client/share/cpp_action_client/hook/cmake_prefix_path.ps1'
[1.168s] INFO:colcon.colcon_core.shell:Creating environment descriptor '/home/wudad10/Fold1/ros2/4_action/install/cpp_action_client/share/cpp_action_client/hook/cmake_prefix_path.dsv'
[1.169s] INFO:colcon.colcon_core.shell:Creating environment hook '/home/wudad10/Fold1/ros2/4_action/install/cpp_action_client/share/cpp_action_client/hook/cmake_prefix_path.sh'
[1.170s] Level 1:colcon.colcon_core.environment:checking '/home/wudad10/Fold1/ros2/4_action/install/cpp_action_client/bin'
[1.171s] Level 1:colcon.colcon_core.environment:checking '/home/wudad10/Fold1/ros2/4_action/install/cpp_action_client/lib/pkgconfig/cpp_action_client.pc'
[1.171s] Level 1:colcon.colcon_core.environment:checking '/home/wudad10/Fold1/ros2/4_action/install/cpp_action_client/lib/python3.10/site-packages'
[1.171s] Level 1:colcon.colcon_core.environment:checking '/home/wudad10/Fold1/ros2/4_action/install/cpp_action_client/bin'
[1.172s] INFO:colcon.colcon_core.shell:Creating package script '/home/wudad10/Fold1/ros2/4_action/install/cpp_action_client/share/cpp_action_client/package.ps1'
[1.173s] INFO:colcon.colcon_core.shell:Creating package descriptor '/home/wudad10/Fold1/ros2/4_action/install/cpp_action_client/share/cpp_action_client/package.dsv'
[1.174s] INFO:colcon.colcon_core.shell:Creating package script '/home/wudad10/Fold1/ros2/4_action/install/cpp_action_client/share/cpp_action_client/package.sh'
[1.174s] INFO:colcon.colcon_core.shell:Creating package script '/home/wudad10/Fold1/ros2/4_action/install/cpp_action_client/share/cpp_action_client/package.bash'
[1.175s] INFO:colcon.colcon_core.shell:Creating package script '/home/wudad10/Fold1/ros2/4_action/install/cpp_action_client/share/cpp_action_client/package.zsh'
[1.176s] Level 1:colcon.colcon_core.environment:create_file_with_runtime_dependencies(/home/wudad10/Fold1/ros2/4_action/install/cpp_action_client/share/colcon-core/packages/cpp_action_client)
[1.177s] INFO:colcon.colcon_ros.task.ament_python.build:Building ROS package in '/home/wudad10/Fold1/ros2/4_action/src/py_action_server' with build type 'ament_python'
[1.178s] Level 1:colcon.colcon_core.shell:create_environment_hook('py_action_server', 'ament_prefix_path')
[1.178s] INFO:colcon.colcon_core.shell:Creating environment hook '/home/wudad10/Fold1/ros2/4_action/install/py_action_server/share/py_action_server/hook/ament_prefix_path.ps1'
[1.179s] INFO:colcon.colcon_core.shell:Creating environment descriptor '/home/wudad10/Fold1/ros2/4_action/install/py_action_server/share/py_action_server/hook/ament_prefix_path.dsv'
[1.180s] INFO:colcon.colcon_core.shell:Creating environment hook '/home/wudad10/Fold1/ros2/4_action/install/py_action_server/share/py_action_server/hook/ament_prefix_path.sh'
[1.181s] INFO:colcon.colcon_core.shell:Skip shell extension 'powershell' for command environment: Not usable outside of PowerShell
[1.181s] DEBUG:colcon.colcon_core.shell:Skip shell extension 'dsv' for command environment
[1.188s] Level 1:colcon.colcon_core.environment:create_environment_scripts_only(cpp_action_server)
[1.189s] Level 1:colcon.colcon_core.environment:checking '/home/wudad10/Fold1/ros2/4_action/install/cpp_action_server' for CMake module files
[1.189s] DEBUG:colcon.colcon_core.event_handler.log_command:Invoked command in '/home/wudad10/Fold1/ros2/4_action/build/cpp_action_server' returned '0': CMAKE_PREFIX_PATH=${CMAKE_PREFIX_PATH}:/home/wudad10/Fold1/ros2/4_action/install/py_action_server:/home/wudad10/Fold1/ros2/4_action/install/py_action_client:/home/wudad10/Fold1/ros2/3_param/install/py_param_node:/home/wudad10/Fold1/chapter9/fishbot_ws/install/ros_serial2wifi:/home/wudad10/Fold1/chapter9/install/ros_serial2wifi:/opt/ros/humble /usr/bin/cmake --install /home/wudad10/Fold1/ros2/4_action/build/cpp_action_server
[1.190s] Level 1:colcon.colcon_core.environment:checking '/home/wudad10/Fold1/ros2/4_action/install/cpp_action_server' for CMake config files
[1.191s] Level 1:colcon.colcon_core.shell:create_environment_hook('cpp_action_server', 'cmake_prefix_path')
[1.191s] INFO:colcon.colcon_core.shell:Creating environment hook '/home/wudad10/Fold1/ros2/4_action/install/cpp_action_server/share/cpp_action_server/hook/cmake_prefix_path.ps1'
[1.192s] INFO:colcon.colcon_core.shell:Creating environment descriptor '/home/wudad10/Fold1/ros2/4_action/install/cpp_action_server/share/cpp_action_server/hook/cmake_prefix_path.dsv'
[1.193s] INFO:colcon.colcon_core.shell:Creating environment hook '/home/wudad10/Fold1/ros2/4_action/install/cpp_action_server/share/cpp_action_server/hook/cmake_prefix_path.sh'
[1.194s] Level 1:colcon.colcon_core.environment:checking '/home/wudad10/Fold1/ros2/4_action/install/cpp_action_server/bin'
[1.194s] Level 1:colcon.colcon_core.environment:checking '/home/wudad10/Fold1/ros2/4_action/install/cpp_action_server/lib/pkgconfig/cpp_action_server.pc'
[1.194s] Level 1:colcon.colcon_core.environment:checking '/home/wudad10/Fold1/ros2/4_action/install/cpp_action_server/lib/python3.10/site-packages'
[1.195s] Level 1:colcon.colcon_core.environment:checking '/home/wudad10/Fold1/ros2/4_action/install/cpp_action_server/bin'
[1.196s] INFO:colcon.colcon_core.shell:Creating package script '/home/wudad10/Fold1/ros2/4_action/install/cpp_action_server/share/cpp_action_server/package.ps1'
[1.196s] INFO:colcon.colcon_core.shell:Creating package descriptor '/home/wudad10/Fold1/ros2/4_action/install/cpp_action_server/share/cpp_action_server/package.dsv'
[1.197s] INFO:colcon.colcon_core.shell:Creating package script '/home/wudad10/Fold1/ros2/4_action/install/cpp_action_server/share/cpp_action_server/package.sh'
[1.199s] INFO:colcon.colcon_core.shell:Creating package script '/home/wudad10/Fold1/ros2/4_action/install/cpp_action_server/share/cpp_action_server/package.bash'
[1.200s] INFO:colcon.colcon_core.shell:Creating package script '/home/wudad10/Fold1/ros2/4_action/install/cpp_action_server/share/cpp_action_server/package.zsh'
[1.201s] Level 1:colcon.colcon_core.environment:create_file_with_runtime_dependencies(/home/wudad10/Fold1/ros2/4_action/install/cpp_action_server/share/colcon-core/packages/cpp_action_server)
[1.201s] Level 1:colcon.colcon_core.environment:create_environment_scripts_only(cpp_action_server)
[1.201s] Level 1:colcon.colcon_core.environment:checking '/home/wudad10/Fold1/ros2/4_action/install/cpp_action_server' for CMake module files
[1.202s] Level 1:colcon.colcon_core.environment:checking '/home/wudad10/Fold1/ros2/4_action/install/cpp_action_server' for CMake config files
[1.202s] Level 1:colcon.colcon_core.shell:create_environment_hook('cpp_action_server', 'cmake_prefix_path')
[1.202s] INFO:colcon.colcon_core.shell:Creating environment hook '/home/wudad10/Fold1/ros2/4_action/install/cpp_action_server/share/cpp_action_server/hook/cmake_prefix_path.ps1'
[1.203s] INFO:colcon.colcon_core.shell:Creating environment descriptor '/home/wudad10/Fold1/ros2/4_action/install/cpp_action_server/share/cpp_action_server/hook/cmake_prefix_path.dsv'
[1.203s] INFO:colcon.colcon_core.shell:Creating environment hook '/home/wudad10/Fold1/ros2/4_action/install/cpp_action_server/share/cpp_action_server/hook/cmake_prefix_path.sh'
[1.204s] Level 1:colcon.colcon_core.environment:checking '/home/wudad10/Fold1/ros2/4_action/install/cpp_action_server/bin'
[1.204s] Level 1:colcon.colcon_core.environment:checking '/home/wudad10/Fold1/ros2/4_action/install/cpp_action_server/lib/pkgconfig/cpp_action_server.pc'
[1.204s] Level 1:colcon.colcon_core.environment:checking '/home/wudad10/Fold1/ros2/4_action/install/cpp_action_server/lib/python3.10/site-packages'
[1.205s] Level 1:colcon.colcon_core.environment:checking '/home/wudad10/Fold1/ros2/4_action/install/cpp_action_server/bin'
[1.205s] INFO:colcon.colcon_core.shell:Creating package script '/home/wudad10/Fold1/ros2/4_action/install/cpp_action_server/share/cpp_action_server/package.ps1'
[1.206s] INFO:colcon.colcon_core.shell:Creating package descriptor '/home/wudad10/Fold1/ros2/4_action/install/cpp_action_server/share/cpp_action_server/package.dsv'
[1.207s] INFO:colcon.colcon_core.shell:Creating package script '/home/wudad10/Fold1/ros2/4_action/install/cpp_action_server/share/cpp_action_server/package.sh'
[1.208s] INFO:colcon.colcon_core.shell:Creating package script '/home/wudad10/Fold1/ros2/4_action/install/cpp_action_server/share/cpp_action_server/package.bash'
[1.208s] INFO:colcon.colcon_core.shell:Creating package script '/home/wudad10/Fold1/ros2/4_action/install/cpp_action_server/share/cpp_action_server/package.zsh'
[1.209s] Level 1:colcon.colcon_core.environment:create_file_with_runtime_dependencies(/home/wudad10/Fold1/ros2/4_action/install/cpp_action_server/share/colcon-core/packages/cpp_action_server)
[1.491s] INFO:colcon.colcon_core.task.python.build:Building Python package in '/home/wudad10/Fold1/ros2/4_action/src/py_action_server'
[1.491s] INFO:colcon.colcon_core.shell:Skip shell extension 'powershell' for command environment: Not usable outside of PowerShell
[1.491s] DEBUG:colcon.colcon_core.shell:Skip shell extension 'dsv' for command environment
[1.501s] DEBUG:colcon.colcon_core.event_handler.log_command:Invoked command in '/home/wudad10/Fold1/ros2/4_action/build/my_interfaces' returned '0': CMAKE_PREFIX_PATH=${CMAKE_PREFIX_PATH}:/home/wudad10/Fold1/ros2/4_action/install/py_action_server:/home/wudad10/Fold1/ros2/4_action/install/py_action_client:/home/wudad10/Fold1/ros2/3_param/install/py_param_node:/home/wudad10/Fold1/chapter9/fishbot_ws/install/ros_serial2wifi:/home/wudad10/Fold1/chapter9/install/ros_serial2wifi:/opt/ros/humble /usr/bin/cmake --build /home/wudad10/Fold1/ros2/4_action/build/my_interfaces -- -j4 -l4
[1.508s] DEBUG:colcon.colcon_core.event_handler.log_command:Invoking command in '/home/wudad10/Fold1/ros2/4_action/build/my_interfaces': CMAKE_PREFIX_PATH=${CMAKE_PREFIX_PATH}:/home/wudad10/Fold1/ros2/4_action/install/py_action_server:/home/wudad10/Fold1/ros2/4_action/install/py_action_client:/home/wudad10/Fold1/ros2/3_param/install/py_param_node:/home/wudad10/Fold1/chapter9/fishbot_ws/install/ros_serial2wifi:/home/wudad10/Fold1/chapter9/install/ros_serial2wifi:/opt/ros/humble /usr/bin/cmake --install /home/wudad10/Fold1/ros2/4_action/build/my_interfaces
[1.597s] Level 1:colcon.colcon_core.environment:create_environment_scripts_only(my_interfaces)
[1.598s] Level 1:colcon.colcon_core.environment:checking '/home/wudad10/Fold1/ros2/4_action/install/my_interfaces' for CMake module files
[1.599s] Level 1:colcon.colcon_core.environment:checking '/home/wudad10/Fold1/ros2/4_action/install/my_interfaces' for CMake config files
[1.600s] DEBUG:colcon.colcon_core.event_handler.log_command:Invoked command in '/home/wudad10/Fold1/ros2/4_action/build/my_interfaces' returned '0': CMAKE_PREFIX_PATH=${CMAKE_PREFIX_PATH}:/home/wudad10/Fold1/ros2/4_action/install/py_action_server:/home/wudad10/Fold1/ros2/4_action/install/py_action_client:/home/wudad10/Fold1/ros2/3_param/install/py_param_node:/home/wudad10/Fold1/chapter9/fishbot_ws/install/ros_serial2wifi:/home/wudad10/Fold1/chapter9/install/ros_serial2wifi:/opt/ros/humble /usr/bin/cmake --install /home/wudad10/Fold1/ros2/4_action/build/my_interfaces
[1.601s] Level 1:colcon.colcon_core.shell:create_environment_hook('my_interfaces', 'cmake_prefix_path')
[1.601s] INFO:colcon.colcon_core.shell:Creating environment hook '/home/wudad10/Fold1/ros2/4_action/install/my_interfaces/share/my_interfaces/hook/cmake_prefix_path.ps1'
[1.602s] INFO:colcon.colcon_core.shell:Creating environment descriptor '/home/wudad10/Fold1/ros2/4_action/install/my_interfaces/share/my_interfaces/hook/cmake_prefix_path.dsv'
[1.603s] INFO:colcon.colcon_core.shell:Creating environment hook '/home/wudad10/Fold1/ros2/4_action/install/my_interfaces/share/my_interfaces/hook/cmake_prefix_path.sh'
[1.604s] Level 1:colcon.colcon_core.environment:checking '/home/wudad10/Fold1/ros2/4_action/install/my_interfaces/lib'
[1.604s] Level 1:colcon.colcon_core.shell:create_environment_hook('my_interfaces', 'ld_library_path_lib')
[1.605s] INFO:colcon.colcon_core.shell:Creating environment hook '/home/wudad10/Fold1/ros2/4_action/install/my_interfaces/share/my_interfaces/hook/ld_library_path_lib.ps1'
[1.606s] INFO:colcon.colcon_core.shell:Creating environment descriptor '/home/wudad10/Fold1/ros2/4_action/install/my_interfaces/share/my_interfaces/hook/ld_library_path_lib.dsv'
[1.606s] INFO:colcon.colcon_core.shell:Creating environment hook '/home/wudad10/Fold1/ros2/4_action/install/my_interfaces/share/my_interfaces/hook/ld_library_path_lib.sh'
[1.608s] Level 1:colcon.colcon_core.environment:checking '/home/wudad10/Fold1/ros2/4_action/install/my_interfaces/bin'
[1.608s] Level 1:colcon.colcon_core.environment:checking '/home/wudad10/Fold1/ros2/4_action/install/my_interfaces/lib/pkgconfig/my_interfaces.pc'
[1.608s] Level 1:colcon.colcon_core.environment:checking '/home/wudad10/Fold1/ros2/4_action/install/my_interfaces/lib/python3.10/site-packages'
[1.608s] Level 1:colcon.colcon_core.environment:checking '/home/wudad10/Fold1/ros2/4_action/install/my_interfaces/bin'
[1.609s] INFO:colcon.colcon_core.shell:Creating package script '/home/wudad10/Fold1/ros2/4_action/install/my_interfaces/share/my_interfaces/package.ps1'
[1.610s] INFO:colcon.colcon_core.shell:Creating package descriptor '/home/wudad10/Fold1/ros2/4_action/install/my_interfaces/share/my_interfaces/package.dsv'
[1.611s] INFO:colcon.colcon_core.shell:Creating package script '/home/wudad10/Fold1/ros2/4_action/install/my_interfaces/share/my_interfaces/package.sh'
[1.611s] INFO:colcon.colcon_core.shell:Creating package script '/home/wudad10/Fold1/ros2/4_action/install/my_interfaces/share/my_interfaces/package.bash'
[1.612s] INFO:colcon.colcon_core.shell:Creating package script '/home/wudad10/Fold1/ros2/4_action/install/my_interfaces/share/my_interfaces/package.zsh'
[1.613s] Level 1:colcon.colcon_core.environment:create_file_with_runtime_dependencies(/home/wudad10/Fold1/ros2/4_action/install/my_interfaces/share/colcon-core/packages/my_interfaces)
[1.613s] Level 1:colcon.colcon_core.environment:create_environment_scripts_only(my_interfaces)
[1.614s] Level 1:colcon.colcon_core.environment:checking '/home/wudad10/Fold1/ros2/4_action/install/my_interfaces' for CMake module files
[1.615s] Level 1:colcon.colcon_core.environment:checking '/home/wudad10/Fold1/ros2/4_action/install/my_interfaces' for CMake config files
[1.615s] Level 1:colcon.colcon_core.shell:create_environment_hook('my_interfaces', 'cmake_prefix_path')
[1.616s] INFO:colcon.colcon_core.shell:Creating environment hook '/home/wudad10/Fold1/ros2/4_action/install/my_interfaces/share/my_interfaces/hook/cmake_prefix_path.ps1'
[1.617s] INFO:colcon.colcon_core.shell:Creating environment descriptor '/home/wudad10/Fold1/ros2/4_action/install/my_interfaces/share/my_interfaces/hook/cmake_prefix_path.dsv'
[1.617s] INFO:colcon.colcon_core.shell:Creating environment hook '/home/wudad10/Fold1/ros2/4_action/install/my_interfaces/share/my_interfaces/hook/cmake_prefix_path.sh'
[1.618s] Level 1:colcon.colcon_core.environment:checking '/home/wudad10/Fold1/ros2/4_action/install/my_interfaces/lib'
[1.618s] Level 1:colcon.colcon_core.shell:create_environment_hook('my_interfaces', 'ld_library_path_lib')
[1.618s] INFO:colcon.colcon_core.shell:Creating environment hook '/home/wudad10/Fold1/ros2/4_action/install/my_interfaces/share/my_interfaces/hook/ld_library_path_lib.ps1'
[1.619s] INFO:colcon.colcon_core.shell:Creating environment descriptor '/home/wudad10/Fold1/ros2/4_action/install/my_interfaces/share/my_interfaces/hook/ld_library_path_lib.dsv'
[1.620s] INFO:colcon.colcon_core.shell:Creating environment hook '/home/wudad10/Fold1/ros2/4_action/install/my_interfaces/share/my_interfaces/hook/ld_library_path_lib.sh'
[1.620s] Level 1:colcon.colcon_core.environment:checking '/home/wudad10/Fold1/ros2/4_action/install/my_interfaces/bin'
[1.620s] Level 1:colcon.colcon_core.environment:checking '/home/wudad10/Fold1/ros2/4_action/install/my_interfaces/lib/pkgconfig/my_interfaces.pc'
[1.620s] Level 1:colcon.colcon_core.environment:checking '/home/wudad10/Fold1/ros2/4_action/install/my_interfaces/lib/python3.10/site-packages'
[1.621s] Level 1:colcon.colcon_core.environment:checking '/home/wudad10/Fold1/ros2/4_action/install/my_interfaces/bin'
[1.621s] INFO:colcon.colcon_core.shell:Creating package script '/home/wudad10/Fold1/ros2/4_action/install/my_interfaces/share/my_interfaces/package.ps1'
[1.622s] INFO:colcon.colcon_core.shell:Creating package descriptor '/home/wudad10/Fold1/ros2/4_action/install/my_interfaces/share/my_interfaces/package.dsv'
[1.623s] INFO:colcon.colcon_core.shell:Creating package script '/home/wudad10/Fold1/ros2/4_action/install/my_interfaces/share/my_interfaces/package.sh'
[1.623s] INFO:colcon.colcon_core.shell:Creating package script '/home/wudad10/Fold1/ros2/4_action/install/my_interfaces/share/my_interfaces/package.bash'
[1.624s] INFO:colcon.colcon_core.shell:Creating package script '/home/wudad10/Fold1/ros2/4_action/install/my_interfaces/share/my_interfaces/package.zsh'
[1.625s] Level 1:colcon.colcon_core.environment:create_file_with_runtime_dependencies(/home/wudad10/Fold1/ros2/4_action/install/my_interfaces/share/colcon-core/packages/my_interfaces)
[1.721s] DEBUG:colcon.colcon_core.event_handler.log_command:Invoking command in '/home/wudad10/Fold1/ros2/4_action/src/py_action_client': PYTHONPATH=/home/wudad10/Fold1/ros2/4_action/build/py_action_client/prefix_override:/usr/lib/python3/dist-packages/colcon_core/task/python/colcon_distutils_commands:/home/wudad10/Fold1/ros2/4_action/install/py_action_client/lib/python3.10/site-packages:${PYTHONPATH} /usr/bin/python3 -W ignore:setup.py install is deprecated -W ignore:easy_install command is deprecated setup.py egg_info --egg-base ../../build/py_action_client build --build-base /home/wudad10/Fold1/ros2/4_action/build/py_action_client/build install --record /home/wudad10/Fold1/ros2/4_action/build/py_action_client/install.log --single-version-externally-managed install_data
[1.890s] DEBUG:colcon.colcon_core.event_handler.log_command:Invoking command in '/home/wudad10/Fold1/ros2/4_action/src/py_action_server': PYTHONPATH=/home/wudad10/Fold1/ros2/4_action/build/py_action_server/prefix_override:/usr/lib/python3/dist-packages/colcon_core/task/python/colcon_distutils_commands:/home/wudad10/Fold1/ros2/4_action/install/py_action_server/lib/python3.10/site-packages:${PYTHONPATH} /usr/bin/python3 -W ignore:setup.py install is deprecated -W ignore:easy_install command is deprecated setup.py egg_info --egg-base ../../build/py_action_server build --build-base /home/wudad10/Fold1/ros2/4_action/build/py_action_server/build install --record /home/wudad10/Fold1/ros2/4_action/build/py_action_server/install.log --single-version-externally-managed install_data
[2.020s] Level 1:colcon.colcon_core.environment:checking '/home/wudad10/Fold1/ros2/4_action/install/py_action_client' for CMake module files
[2.021s] DEBUG:colcon.colcon_core.event_handler.log_command:Invoked command in '/home/wudad10/Fold1/ros2/4_action/src/py_action_client' returned '0': PYTHONPATH=/home/wudad10/Fold1/ros2/4_action/build/py_action_client/prefix_override:/usr/lib/python3/dist-packages/colcon_core/task/python/colcon_distutils_commands:/home/wudad10/Fold1/ros2/4_action/install/py_action_client/lib/python3.10/site-packages:${PYTHONPATH} /usr/bin/python3 -W ignore:setup.py install is deprecated -W ignore:easy_install command is deprecated setup.py egg_info --egg-base ../../build/py_action_client build --build-base /home/wudad10/Fold1/ros2/4_action/build/py_action_client/build install --record /home/wudad10/Fold1/ros2/4_action/build/py_action_client/install.log --single-version-externally-managed install_data
[2.021s] Level 1:colcon.colcon_core.environment:checking '/home/wudad10/Fold1/ros2/4_action/install/py_action_client' for CMake config files
[2.022s] Level 1:colcon.colcon_core.environment:checking '/home/wudad10/Fold1/ros2/4_action/install/py_action_client/lib'
[2.023s] Level 1:colcon.colcon_core.environment:checking '/home/wudad10/Fold1/ros2/4_action/install/py_action_client/bin'
[2.023s] Level 1:colcon.colcon_core.environment:checking '/home/wudad10/Fold1/ros2/4_action/install/py_action_client/lib/pkgconfig/py_action_client.pc'
[2.023s] Level 1:colcon.colcon_core.environment:checking '/home/wudad10/Fold1/ros2/4_action/install/py_action_client/lib/python3.10/site-packages'
[2.023s] Level 1:colcon.colcon_core.shell:create_environment_hook('py_action_client', 'pythonpath')
[2.024s] INFO:colcon.colcon_core.shell:Creating environment hook '/home/wudad10/Fold1/ros2/4_action/install/py_action_client/share/py_action_client/hook/pythonpath.ps1'
[2.025s] INFO:colcon.colcon_core.shell:Creating environment descriptor '/home/wudad10/Fold1/ros2/4_action/install/py_action_client/share/py_action_client/hook/pythonpath.dsv'
[2.026s] INFO:colcon.colcon_core.shell:Creating environment hook '/home/wudad10/Fold1/ros2/4_action/install/py_action_client/share/py_action_client/hook/pythonpath.sh'
[2.027s] Level 1:colcon.colcon_core.environment:checking '/home/wudad10/Fold1/ros2/4_action/install/py_action_client/bin'
[2.027s] Level 1:colcon.colcon_core.environment:create_environment_scripts_only(py_action_client)
[2.028s] INFO:colcon.colcon_core.shell:Creating package script '/home/wudad10/Fold1/ros2/4_action/install/py_action_client/share/py_action_client/package.ps1'
[2.030s] INFO:colcon.colcon_core.shell:Creating package descriptor '/home/wudad10/Fold1/ros2/4_action/install/py_action_client/share/py_action_client/package.dsv'
[2.031s] INFO:colcon.colcon_core.shell:Creating package script '/home/wudad10/Fold1/ros2/4_action/install/py_action_client/share/py_action_client/package.sh'
[2.032s] INFO:colcon.colcon_core.shell:Creating package script '/home/wudad10/Fold1/ros2/4_action/install/py_action_client/share/py_action_client/package.bash'
[2.033s] INFO:colcon.colcon_core.shell:Creating package script '/home/wudad10/Fold1/ros2/4_action/install/py_action_client/share/py_action_client/package.zsh'
[2.034s] Level 1:colcon.colcon_core.environment:create_file_with_runtime_dependencies(/home/wudad10/Fold1/ros2/4_action/install/py_action_client/share/colcon-core/packages/py_action_client)
[2.201s] Level 1:colcon.colcon_core.environment:checking '/home/wudad10/Fold1/ros2/4_action/install/py_action_server' for CMake module files
[2.202s] Level 1:colcon.colcon_core.environment:checking '/home/wudad10/Fold1/ros2/4_action/install/py_action_server' for CMake config files
[2.203s] Level 1:colcon.colcon_core.environment:checking '/home/wudad10/Fold1/ros2/4_action/install/py_action_server/lib'
[2.203s] Level 1:colcon.colcon_core.environment:checking '/home/wudad10/Fold1/ros2/4_action/install/py_action_server/bin'
[2.203s] Level 1:colcon.colcon_core.environment:checking '/home/wudad10/Fold1/ros2/4_action/install/py_action_server/lib/pkgconfig/py_action_server.pc'
[2.201s] DEBUG:colcon.colcon_core.event_handler.log_command:Invoked command in '/home/wudad10/Fold1/ros2/4_action/src/py_action_server' returned '0': PYTHONPATH=/home/wudad10/Fold1/ros2/4_action/build/py_action_server/prefix_override:/usr/lib/python3/dist-packages/colcon_core/task/python/colcon_distutils_commands:/home/wudad10/Fold1/ros2/4_action/install/py_action_server/lib/python3.10/site-packages:${PYTHONPATH} /usr/bin/python3 -W ignore:setup.py install is deprecated -W ignore:easy_install command is deprecated setup.py egg_info --egg-base ../../build/py_action_server build --build-base /home/wudad10/Fold1/ros2/4_action/build/py_action_server/build install --record /home/wudad10/Fold1/ros2/4_action/build/py_action_server/install.log --single-version-externally-managed install_data
[2.203s] Level 1:colcon.colcon_core.environment:checking '/home/wudad10/Fold1/ros2/4_action/install/py_action_server/lib/python3.10/site-packages'
[2.203s] Level 1:colcon.colcon_core.shell:create_environment_hook('py_action_server', 'pythonpath')
[2.204s] INFO:colcon.colcon_core.shell:Creating environment hook '/home/wudad10/Fold1/ros2/4_action/install/py_action_server/share/py_action_server/hook/pythonpath.ps1'
[2.204s] INFO:colcon.colcon_core.shell:Creating environment descriptor '/home/wudad10/Fold1/ros2/4_action/install/py_action_server/share/py_action_server/hook/pythonpath.dsv'
[2.205s] INFO:colcon.colcon_core.shell:Creating environment hook '/home/wudad10/Fold1/ros2/4_action/install/py_action_server/share/py_action_server/hook/pythonpath.sh'
[2.206s] Level 1:colcon.colcon_core.environment:checking '/home/wudad10/Fold1/ros2/4_action/install/py_action_server/bin'
[2.206s] Level 1:colcon.colcon_core.environment:create_environment_scripts_only(py_action_server)
[2.206s] INFO:colcon.colcon_core.shell:Creating package script '/home/wudad10/Fold1/ros2/4_action/install/py_action_server/share/py_action_server/package.ps1'
[2.207s] INFO:colcon.colcon_core.shell:Creating package descriptor '/home/wudad10/Fold1/ros2/4_action/install/py_action_server/share/py_action_server/package.dsv'
[2.208s] INFO:colcon.colcon_core.shell:Creating package script '/home/wudad10/Fold1/ros2/4_action/install/py_action_server/share/py_action_server/package.sh'
[2.209s] INFO:colcon.colcon_core.shell:Creating package script '/home/wudad10/Fold1/ros2/4_action/install/py_action_server/share/py_action_server/package.bash'
[2.210s] INFO:colcon.colcon_core.shell:Creating package script '/home/wudad10/Fold1/ros2/4_action/install/py_action_server/share/py_action_server/package.zsh'
[2.210s] Level 1:colcon.colcon_core.environment:create_file_with_runtime_dependencies(/home/wudad10/Fold1/ros2/4_action/install/py_action_server/share/colcon-core/packages/py_action_server)
[2.211s] DEBUG:colcon.colcon_parallel_executor.executor.parallel:closing loop
[2.211s] DEBUG:colcon.colcon_parallel_executor.executor.parallel:loop closed
[2.211s] DEBUG:colcon.colcon_parallel_executor.executor.parallel:run_until_complete finished with '0'
[2.211s] DEBUG:colcon.colcon_core.event_reactor:joining thread
[2.219s] INFO:colcon.colcon_core.plugin_system:Skipping extension 'colcon_notification.desktop_notification.terminal_notifier': Not used on non-Darwin systems
[2.219s] INFO:colcon.colcon_core.plugin_system:Skipping extension 'colcon_notification.desktop_notification.win32': Not used on non-Windows systems
[2.219s] INFO:colcon.colcon_notification.desktop_notification:Sending desktop notification using 'notify2'
[2.238s] DEBUG:colcon.colcon_core.event_reactor:joined thread
[2.238s] INFO:colcon.colcon_core.shell:Creating prefix script '/home/wudad10/Fold1/ros2/4_action/install/local_setup.ps1'
[2.240s] INFO:colcon.colcon_core.shell:Creating prefix util module '/home/wudad10/Fold1/ros2/4_action/install/_local_setup_util_ps1.py'
[2.242s] INFO:colcon.colcon_core.shell:Creating prefix chain script '/home/wudad10/Fold1/ros2/4_action/install/setup.ps1'
[2.244s] INFO:colcon.colcon_core.shell:Creating prefix script '/home/wudad10/Fold1/ros2/4_action/install/local_setup.sh'
[2.244s] INFO:colcon.colcon_core.shell:Creating prefix util module '/home/wudad10/Fold1/ros2/4_action/install/_local_setup_util_sh.py'
[2.245s] INFO:colcon.colcon_core.shell:Creating prefix chain script '/home/wudad10/Fold1/ros2/4_action/install/setup.sh'
[2.247s] INFO:colcon.colcon_core.shell:Creating prefix script '/home/wudad10/Fold1/ros2/4_action/install/local_setup.bash'
[2.248s] INFO:colcon.colcon_core.shell:Creating prefix chain script '/home/wudad10/Fold1/ros2/4_action/install/setup.bash'
[2.250s] INFO:colcon.colcon_core.shell:Creating prefix script '/home/wudad10/Fold1/ros2/4_action/install/local_setup.zsh'
[2.251s] INFO:colcon.colcon_core.shell:Creating prefix chain script '/home/wudad10/Fold1/ros2/4_action/install/setup.zsh'
