[0.272s] DEBUG:colcon:Command line arguments: ['/usr/bin/colcon', 'build']
[0.272s] DEBUG:colcon:Parsed command line arguments: Namespace(log_base=None, log_level=None, verb_name='build', build_base='build', install_base='install', merge_install=False, symlink_install=False, test_result_base=None, continue_on_error=False, executor='parallel', parallel_workers=4, event_handlers=None, ignore_user_meta=False, metas=['./colcon.meta'], base_paths=['.'], packages_ignore=None, packages_ignore_regex=None, paths=None, packages_up_to=None, packages_up_to_regex=None, packages_above=None, packages_above_and_dependencies=None, packages_above_depth=None, packages_select_by_dep=None, packages_skip_by_dep=None, packages_skip_up_to=None, packages_select_build_failed=False, packages_skip_build_finished=False, packages_select_test_failures=False, packages_skip_test_passed=False, packages_select=None, packages_skip=None, packages_select_regex=None, packages_skip_regex=None, packages_start=None, packages_end=None, allow_overriding=[], cmake_args=None, cmake_target=None, cmake_target_skip_unavailable=False, cmake_clean_cache=False, cmake_clean_first=False, cmake_force_configure=False, ament_cmake_args=None, catkin_cmake_args=None, catkin_skip_building_tests=False, verb_parser=<colcon_defaults.argument_parser.defaults.DefaultArgumentsDecorator object at 0x719d11ed5360>, verb_extension=<colcon_core.verb.build.BuildVerb object at 0x719d11ed4e50>, main=<bound method BuildVerb.main of <colcon_core.verb.build.BuildVerb object at 0x719d11ed4e50>>)
[0.564s] Level 1:colcon.colcon_core.package_discovery:discover_packages(colcon_meta) check parameters
[0.564s] Level 1:colcon.colcon_core.package_discovery:discover_packages(recursive) check parameters
[0.564s] Level 1:colcon.colcon_core.package_discovery:discover_packages(ignore) check parameters
[0.564s] Level 1:colcon.colcon_core.package_discovery:discover_packages(path) check parameters
[0.564s] Level 1:colcon.colcon_core.package_discovery:discover_packages(colcon_meta) discover
[0.564s] Level 1:colcon.colcon_core.package_discovery:discover_packages(recursive) discover
[0.564s] INFO:colcon.colcon_core.package_discovery:Crawling recursively for packages in '/home/wudad10/Fold1/ros2/6_tf'
[0.564s] Level 1:colcon.colcon_core.package_identification:_identify(.) by extensions ['ignore', 'ignore_ament_install']
[0.564s] Level 1:colcon.colcon_core.package_identification:_identify(.) by extension 'ignore'
[0.564s] Level 1:colcon.colcon_core.package_identification:_identify(.) by extension 'ignore_ament_install'
[0.564s] Level 1:colcon.colcon_core.package_identification:_identify(.) by extensions ['colcon_pkg']
[0.565s] Level 1:colcon.colcon_core.package_identification:_identify(.) by extension 'colcon_pkg'
[0.565s] Level 1:colcon.colcon_core.package_identification:_identify(.) by extensions ['colcon_meta']
[0.565s] Level 1:colcon.colcon_core.package_identification:_identify(.) by extension 'colcon_meta'
[0.565s] Level 1:colcon.colcon_core.package_identification:_identify(.) by extensions ['ros']
[0.565s] Level 1:colcon.colcon_core.package_identification:_identify(.) by extension 'ros'
[0.579s] Level 1:colcon.colcon_core.package_identification:_identify(.) by extensions ['cmake', 'python']
[0.579s] Level 1:colcon.colcon_core.package_identification:_identify(.) by extension 'cmake'
[0.579s] Level 1:colcon.colcon_core.package_identification:_identify(.) by extension 'python'
[0.579s] Level 1:colcon.colcon_core.package_identification:_identify(.) by extensions ['python_setup_py']
[0.579s] Level 1:colcon.colcon_core.package_identification:_identify(.) by extension 'python_setup_py'
[0.579s] Level 1:colcon.colcon_core.package_identification:_identify(build) by extensions ['ignore', 'ignore_ament_install']
[0.579s] Level 1:colcon.colcon_core.package_identification:_identify(build) by extension 'ignore'
[0.579s] Level 1:colcon.colcon_core.package_identification:_identify(build) ignored
[0.579s] Level 1:colcon.colcon_core.package_identification:_identify(install) by extensions ['ignore', 'ignore_ament_install']
[0.579s] Level 1:colcon.colcon_core.package_identification:_identify(install) by extension 'ignore'
[0.580s] Level 1:colcon.colcon_core.package_identification:_identify(install) ignored
[0.580s] Level 1:colcon.colcon_core.package_identification:_identify(log) by extensions ['ignore', 'ignore_ament_install']
[0.580s] Level 1:colcon.colcon_core.package_identification:_identify(log) by extension 'ignore'
[0.580s] Level 1:colcon.colcon_core.package_identification:_identify(log) ignored
[0.580s] Level 1:colcon.colcon_core.package_identification:_identify(src) by extensions ['ignore', 'ignore_ament_install']
[0.580s] Level 1:colcon.colcon_core.package_identification:_identify(src) by extension 'ignore'
[0.580s] Level 1:colcon.colcon_core.package_identification:_identify(src) by extension 'ignore_ament_install'
[0.580s] Level 1:colcon.colcon_core.package_identification:_identify(src) by extensions ['colcon_pkg']
[0.580s] Level 1:colcon.colcon_core.package_identification:_identify(src) by extension 'colcon_pkg'
[0.580s] Level 1:colcon.colcon_core.package_identification:_identify(src) by extensions ['colcon_meta']
[0.580s] Level 1:colcon.colcon_core.package_identification:_identify(src) by extension 'colcon_meta'
[0.580s] Level 1:colcon.colcon_core.package_identification:_identify(src) by extensions ['ros']
[0.580s] Level 1:colcon.colcon_core.package_identification:_identify(src) by extension 'ros'
[0.580s] Level 1:colcon.colcon_core.package_identification:_identify(src) by extensions ['cmake', 'python']
[0.580s] Level 1:colcon.colcon_core.package_identification:_identify(src) by extension 'cmake'
[0.580s] Level 1:colcon.colcon_core.package_identification:_identify(src) by extension 'python'
[0.580s] Level 1:colcon.colcon_core.package_identification:_identify(src) by extensions ['python_setup_py']
[0.580s] Level 1:colcon.colcon_core.package_identification:_identify(src) by extension 'python_setup_py'
[0.581s] Level 1:colcon.colcon_core.package_identification:_identify(src/cpp_tf) by extensions ['ignore', 'ignore_ament_install']
[0.581s] Level 1:colcon.colcon_core.package_identification:_identify(src/cpp_tf) by extension 'ignore'
[0.581s] Level 1:colcon.colcon_core.package_identification:_identify(src/cpp_tf) by extension 'ignore_ament_install'
[0.581s] Level 1:colcon.colcon_core.package_identification:_identify(src/cpp_tf) by extensions ['colcon_pkg']
[0.581s] Level 1:colcon.colcon_core.package_identification:_identify(src/cpp_tf) by extension 'colcon_pkg'
[0.581s] Level 1:colcon.colcon_core.package_identification:_identify(src/cpp_tf) by extensions ['colcon_meta']
[0.581s] Level 1:colcon.colcon_core.package_identification:_identify(src/cpp_tf) by extension 'colcon_meta'
[0.581s] Level 1:colcon.colcon_core.package_identification:_identify(src/cpp_tf) by extensions ['ros']
[0.581s] Level 1:colcon.colcon_core.package_identification:_identify(src/cpp_tf) by extension 'ros'
[0.584s] DEBUG:colcon.colcon_core.package_identification:Package 'src/cpp_tf' with type 'ros.ament_cmake' and name 'cpp_tf'
[0.585s] Level 1:colcon.colcon_core.package_identification:_identify(src/py_tf) by extensions ['ignore', 'ignore_ament_install']
[0.585s] Level 1:colcon.colcon_core.package_identification:_identify(src/py_tf) by extension 'ignore'
[0.585s] Level 1:colcon.colcon_core.package_identification:_identify(src/py_tf) by extension 'ignore_ament_install'
[0.585s] Level 1:colcon.colcon_core.package_identification:_identify(src/py_tf) by extensions ['colcon_pkg']
[0.585s] Level 1:colcon.colcon_core.package_identification:_identify(src/py_tf) by extension 'colcon_pkg'
[0.585s] Level 1:colcon.colcon_core.package_identification:_identify(src/py_tf) by extensions ['colcon_meta']
[0.585s] Level 1:colcon.colcon_core.package_identification:_identify(src/py_tf) by extension 'colcon_meta'
[0.585s] Level 1:colcon.colcon_core.package_identification:_identify(src/py_tf) by extensions ['ros']
[0.585s] Level 1:colcon.colcon_core.package_identification:_identify(src/py_tf) by extension 'ros'
[0.586s] DEBUG:colcon.colcon_core.package_identification:Package 'src/py_tf' with type 'ros.ament_python' and name 'py_tf'
[0.586s] Level 1:colcon.colcon_core.package_discovery:discover_packages(recursive) using defaults
[0.586s] Level 1:colcon.colcon_core.package_discovery:discover_packages(ignore) discover
[0.586s] Level 1:colcon.colcon_core.package_discovery:discover_packages(ignore) using defaults
[0.587s] Level 1:colcon.colcon_core.package_discovery:discover_packages(path) discover
[0.587s] Level 1:colcon.colcon_core.package_discovery:discover_packages(path) using defaults
[0.633s] Level 1:colcon.colcon_core.package_discovery:discover_packages(prefix_path) check parameters
[0.633s] Level 1:colcon.colcon_core.package_discovery:discover_packages(prefix_path) discover
[0.635s] WARNING:colcon.colcon_core.prefix_path.colcon:The path '/home/wudad10/Fold1/chapter9/install' in the environment variable COLCON_PREFIX_PATH doesn't exist
[0.637s] WARNING:colcon.colcon_ros.prefix_path.ament:The path '/home/wudad10/Fold1/chapter9/install/ydlidar' in the environment variable AMENT_PREFIX_PATH doesn't exist
[0.638s] WARNING:colcon.colcon_ros.prefix_path.ament:The path '/home/wudad10/Fold1/chapter9/install/ros_serial2wifi' in the environment variable AMENT_PREFIX_PATH doesn't exist
[0.638s] WARNING:colcon.colcon_ros.prefix_path.ament:The path '/home/wudad10/Fold1/chapter9/install/micro_ros_agent' in the environment variable AMENT_PREFIX_PATH doesn't exist
[0.638s] WARNING:colcon.colcon_ros.prefix_path.ament:The path '/home/wudad10/Fold1/chapter9/install/micro_ros_msgs' in the environment variable AMENT_PREFIX_PATH doesn't exist
[0.638s] WARNING:colcon.colcon_ros.prefix_path.ament:The path '/home/wudad10/Fold1/chapter9/install/fishbot_description' in the environment variable AMENT_PREFIX_PATH doesn't exist
[0.638s] WARNING:colcon.colcon_ros.prefix_path.ament:The path '/home/wudad10/Fold1/chapter9/install/fishbot_bringup' in the environment variable AMENT_PREFIX_PATH doesn't exist
[0.638s] WARNING:colcon.colcon_ros.prefix_path.catkin:The path '/home/wudad10/Fold1/chapter9/install/ydlidar' in the environment variable CMAKE_PREFIX_PATH doesn't exist
[0.638s] WARNING:colcon.colcon_ros.prefix_path.catkin:The path '/home/wudad10/Fold1/chapter9/install/micro_ros_agent' in the environment variable CMAKE_PREFIX_PATH doesn't exist
[0.639s] WARNING:colcon.colcon_ros.prefix_path.catkin:The path '/home/wudad10/Fold1/chapter9/install/micro_ros_msgs' in the environment variable CMAKE_PREFIX_PATH doesn't exist
[0.639s] WARNING:colcon.colcon_ros.prefix_path.catkin:The path '/home/wudad10/Fold1/chapter9/install/fishbot_description' in the environment variable CMAKE_PREFIX_PATH doesn't exist
[0.639s] WARNING:colcon.colcon_ros.prefix_path.catkin:The path '/home/wudad10/Fold1/chapter9/install/fishbot_bringup' in the environment variable CMAKE_PREFIX_PATH doesn't exist
[0.649s] DEBUG:colcon.colcon_installed_package_information.package_discovery:Found 7 installed packages in /home/wudad10/Fold1/chapter9/fishbot_ws/install
[0.655s] DEBUG:colcon.colcon_installed_package_information.package_discovery:Found 371 installed packages in /opt/ros/humble
[0.659s] Level 1:colcon.colcon_core.package_discovery:discover_packages(prefix_path) using defaults
[0.788s] Level 5:colcon.colcon_core.verb:set package 'cpp_tf' build argument 'cmake_args' from command line to 'None'
[0.788s] Level 5:colcon.colcon_core.verb:set package 'cpp_tf' build argument 'cmake_target' from command line to 'None'
[0.788s] Level 5:colcon.colcon_core.verb:set package 'cpp_tf' build argument 'cmake_target_skip_unavailable' from command line to 'False'
[0.788s] Level 5:colcon.colcon_core.verb:set package 'cpp_tf' build argument 'cmake_clean_cache' from command line to 'False'
[0.788s] Level 5:colcon.colcon_core.verb:set package 'cpp_tf' build argument 'cmake_clean_first' from command line to 'False'
[0.788s] Level 5:colcon.colcon_core.verb:set package 'cpp_tf' build argument 'cmake_force_configure' from command line to 'False'
[0.788s] Level 5:colcon.colcon_core.verb:set package 'cpp_tf' build argument 'ament_cmake_args' from command line to 'None'
[0.788s] Level 5:colcon.colcon_core.verb:set package 'cpp_tf' build argument 'catkin_cmake_args' from command line to 'None'
[0.788s] Level 5:colcon.colcon_core.verb:set package 'cpp_tf' build argument 'catkin_skip_building_tests' from command line to 'False'
[0.788s] DEBUG:colcon.colcon_core.verb:Building package 'cpp_tf' with the following arguments: {'ament_cmake_args': None, 'build_base': '/home/wudad10/Fold1/ros2/6_tf/build/cpp_tf', 'catkin_cmake_args': None, 'catkin_skip_building_tests': False, 'cmake_args': None, 'cmake_clean_cache': False, 'cmake_clean_first': False, 'cmake_force_configure': False, 'cmake_target': None, 'cmake_target_skip_unavailable': False, 'install_base': '/home/wudad10/Fold1/ros2/6_tf/install/cpp_tf', 'merge_install': False, 'path': '/home/wudad10/Fold1/ros2/6_tf/src/cpp_tf', 'symlink_install': False, 'test_result_base': None}
[0.788s] Level 5:colcon.colcon_core.verb:set package 'py_tf' build argument 'cmake_args' from command line to 'None'
[0.789s] Level 5:colcon.colcon_core.verb:set package 'py_tf' build argument 'cmake_target' from command line to 'None'
[0.789s] Level 5:colcon.colcon_core.verb:set package 'py_tf' build argument 'cmake_target_skip_unavailable' from command line to 'False'
[0.789s] Level 5:colcon.colcon_core.verb:set package 'py_tf' build argument 'cmake_clean_cache' from command line to 'False'
[0.789s] Level 5:colcon.colcon_core.verb:set package 'py_tf' build argument 'cmake_clean_first' from command line to 'False'
[0.789s] Level 5:colcon.colcon_core.verb:set package 'py_tf' build argument 'cmake_force_configure' from command line to 'False'
[0.789s] Level 5:colcon.colcon_core.verb:set package 'py_tf' build argument 'ament_cmake_args' from command line to 'None'
[0.789s] Level 5:colcon.colcon_core.verb:set package 'py_tf' build argument 'catkin_cmake_args' from command line to 'None'
[0.789s] Level 5:colcon.colcon_core.verb:set package 'py_tf' build argument 'catkin_skip_building_tests' from command line to 'False'
[0.789s] DEBUG:colcon.colcon_core.verb:Building package 'py_tf' with the following arguments: {'ament_cmake_args': None, 'build_base': '/home/wudad10/Fold1/ros2/6_tf/build/py_tf', 'catkin_cmake_args': None, 'catkin_skip_building_tests': False, 'cmake_args': None, 'cmake_clean_cache': False, 'cmake_clean_first': False, 'cmake_force_configure': False, 'cmake_target': None, 'cmake_target_skip_unavailable': False, 'install_base': '/home/wudad10/Fold1/ros2/6_tf/install/py_tf', 'merge_install': False, 'path': '/home/wudad10/Fold1/ros2/6_tf/src/py_tf', 'symlink_install': False, 'test_result_base': None}
[0.789s] INFO:colcon.colcon_core.executor:Executing jobs using 'parallel' executor
[0.790s] DEBUG:colcon.colcon_parallel_executor.executor.parallel:run_until_complete
[0.791s] INFO:colcon.colcon_ros.task.ament_cmake.build:Building ROS package in '/home/wudad10/Fold1/ros2/6_tf/src/cpp_tf' with build type 'ament_cmake'
[0.791s] INFO:colcon.colcon_cmake.task.cmake.build:Building CMake package in '/home/wudad10/Fold1/ros2/6_tf/src/cpp_tf'
[0.797s] INFO:colcon.colcon_core.plugin_system:Skipping extension 'colcon_core.shell.bat': Not used on non-Windows systems
[0.797s] INFO:colcon.colcon_core.shell:Skip shell extension 'powershell' for command environment: Not usable outside of PowerShell
[0.797s] DEBUG:colcon.colcon_core.shell:Skip shell extension 'dsv' for command environment
[0.803s] INFO:colcon.colcon_ros.task.ament_python.build:Building ROS package in '/home/wudad10/Fold1/ros2/6_tf/src/py_tf' with build type 'ament_python'
[0.803s] Level 1:colcon.colcon_core.shell:create_environment_hook('py_tf', 'ament_prefix_path')
[0.804s] INFO:colcon.colcon_core.shell:Creating environment hook '/home/wudad10/Fold1/ros2/6_tf/install/py_tf/share/py_tf/hook/ament_prefix_path.ps1'
[0.806s] INFO:colcon.colcon_core.shell:Creating environment descriptor '/home/wudad10/Fold1/ros2/6_tf/install/py_tf/share/py_tf/hook/ament_prefix_path.dsv'
[0.808s] INFO:colcon.colcon_core.shell:Creating environment hook '/home/wudad10/Fold1/ros2/6_tf/install/py_tf/share/py_tf/hook/ament_prefix_path.sh'
[0.810s] INFO:colcon.colcon_core.shell:Skip shell extension 'powershell' for command environment: Not usable outside of PowerShell
[0.810s] DEBUG:colcon.colcon_core.shell:Skip shell extension 'dsv' for command environment
[0.823s] DEBUG:colcon.colcon_core.event_handler.log_command:Invoking command in '/home/wudad10/Fold1/ros2/6_tf/build/cpp_tf': CMAKE_PREFIX_PATH=${CMAKE_PREFIX_PATH}:/home/wudad10/Fold1/chapter9/fishbot_ws/install/ros_serial2wifi:/home/wudad10/Fold1/chapter9/install/ros_serial2wifi:/opt/ros/humble /usr/bin/cmake --build /home/wudad10/Fold1/ros2/6_tf/build/cpp_tf -- -j4 -l4
[1.134s] INFO:colcon.colcon_core.task.python.build:Building Python package in '/home/wudad10/Fold1/ros2/6_tf/src/py_tf'
[1.135s] INFO:colcon.colcon_core.shell:Skip shell extension 'powershell' for command environment: Not usable outside of PowerShell
[1.135s] DEBUG:colcon.colcon_core.shell:Skip shell extension 'dsv' for command environment
[1.706s] DEBUG:colcon.colcon_core.event_handler.log_command:Invoking command in '/home/wudad10/Fold1/ros2/6_tf/src/py_tf': PYTHONPATH=/home/wudad10/Fold1/ros2/6_tf/build/py_tf/prefix_override:/usr/lib/python3/dist-packages/colcon_core/task/python/colcon_distutils_commands:/home/wudad10/Fold1/ros2/6_tf/install/py_tf/lib/python3.10/site-packages:${PYTHONPATH} /usr/bin/python3 -W ignore:setup.py install is deprecated -W ignore:easy_install command is deprecated setup.py egg_info --egg-base ../../build/py_tf build --build-base /home/wudad10/Fold1/ros2/6_tf/build/py_tf/build install --record /home/wudad10/Fold1/ros2/6_tf/build/py_tf/install.log --single-version-externally-managed install_data
[2.010s] DEBUG:colcon.colcon_core.event_handler.log_command:Invoked command in '/home/wudad10/Fold1/ros2/6_tf/src/py_tf' returned '0': PYTHONPATH=/home/wudad10/Fold1/ros2/6_tf/build/py_tf/prefix_override:/usr/lib/python3/dist-packages/colcon_core/task/python/colcon_distutils_commands:/home/wudad10/Fold1/ros2/6_tf/install/py_tf/lib/python3.10/site-packages:${PYTHONPATH} /usr/bin/python3 -W ignore:setup.py install is deprecated -W ignore:easy_install command is deprecated setup.py egg_info --egg-base ../../build/py_tf build --build-base /home/wudad10/Fold1/ros2/6_tf/build/py_tf/build install --record /home/wudad10/Fold1/ros2/6_tf/build/py_tf/install.log --single-version-externally-managed install_data
[2.023s] Level 1:colcon.colcon_core.environment:checking '/home/wudad10/Fold1/ros2/6_tf/install/py_tf' for CMake module files
[2.023s] Level 1:colcon.colcon_core.environment:checking '/home/wudad10/Fold1/ros2/6_tf/install/py_tf' for CMake config files
[2.025s] Level 1:colcon.colcon_core.environment:checking '/home/wudad10/Fold1/ros2/6_tf/install/py_tf/lib'
[2.026s] Level 1:colcon.colcon_core.environment:checking '/home/wudad10/Fold1/ros2/6_tf/install/py_tf/bin'
[2.026s] Level 1:colcon.colcon_core.environment:checking '/home/wudad10/Fold1/ros2/6_tf/install/py_tf/lib/pkgconfig/py_tf.pc'
[2.026s] Level 1:colcon.colcon_core.environment:checking '/home/wudad10/Fold1/ros2/6_tf/install/py_tf/lib/python3.10/site-packages'
[2.026s] Level 1:colcon.colcon_core.shell:create_environment_hook('py_tf', 'pythonpath')
[2.026s] INFO:colcon.colcon_core.shell:Creating environment hook '/home/wudad10/Fold1/ros2/6_tf/install/py_tf/share/py_tf/hook/pythonpath.ps1'
[2.027s] INFO:colcon.colcon_core.shell:Creating environment descriptor '/home/wudad10/Fold1/ros2/6_tf/install/py_tf/share/py_tf/hook/pythonpath.dsv'
[2.027s] INFO:colcon.colcon_core.shell:Creating environment hook '/home/wudad10/Fold1/ros2/6_tf/install/py_tf/share/py_tf/hook/pythonpath.sh'
[2.028s] Level 1:colcon.colcon_core.environment:checking '/home/wudad10/Fold1/ros2/6_tf/install/py_tf/bin'
[2.028s] Level 1:colcon.colcon_core.environment:create_environment_scripts_only(py_tf)
[2.029s] INFO:colcon.colcon_core.shell:Creating package script '/home/wudad10/Fold1/ros2/6_tf/install/py_tf/share/py_tf/package.ps1'
[2.030s] INFO:colcon.colcon_core.shell:Creating package descriptor '/home/wudad10/Fold1/ros2/6_tf/install/py_tf/share/py_tf/package.dsv'
[2.031s] INFO:colcon.colcon_core.shell:Creating package script '/home/wudad10/Fold1/ros2/6_tf/install/py_tf/share/py_tf/package.sh'
[2.032s] INFO:colcon.colcon_core.shell:Creating package script '/home/wudad10/Fold1/ros2/6_tf/install/py_tf/share/py_tf/package.bash'
[2.034s] INFO:colcon.colcon_core.shell:Creating package script '/home/wudad10/Fold1/ros2/6_tf/install/py_tf/share/py_tf/package.zsh'
[2.036s] Level 1:colcon.colcon_core.environment:create_file_with_runtime_dependencies(/home/wudad10/Fold1/ros2/6_tf/install/py_tf/share/colcon-core/packages/py_tf)
[5.345s] DEBUG:colcon.colcon_core.event_handler.log_command:Invoked command in '/home/wudad10/Fold1/ros2/6_tf/build/cpp_tf' returned '0': CMAKE_PREFIX_PATH=${CMAKE_PREFIX_PATH}:/home/wudad10/Fold1/chapter9/fishbot_ws/install/ros_serial2wifi:/home/wudad10/Fold1/chapter9/install/ros_serial2wifi:/opt/ros/humble /usr/bin/cmake --build /home/wudad10/Fold1/ros2/6_tf/build/cpp_tf -- -j4 -l4
[5.367s] DEBUG:colcon.colcon_core.event_handler.log_command:Invoking command in '/home/wudad10/Fold1/ros2/6_tf/build/cpp_tf': CMAKE_PREFIX_PATH=${CMAKE_PREFIX_PATH}:/home/wudad10/Fold1/chapter9/fishbot_ws/install/ros_serial2wifi:/home/wudad10/Fold1/chapter9/install/ros_serial2wifi:/opt/ros/humble /usr/bin/cmake --install /home/wudad10/Fold1/ros2/6_tf/build/cpp_tf
[5.404s] Level 1:colcon.colcon_core.environment:create_environment_scripts_only(cpp_tf)
[5.405s] Level 1:colcon.colcon_core.environment:checking '/home/wudad10/Fold1/ros2/6_tf/install/cpp_tf' for CMake module files
[5.405s] Level 1:colcon.colcon_core.environment:checking '/home/wudad10/Fold1/ros2/6_tf/install/cpp_tf' for CMake config files
[5.406s] Level 1:colcon.colcon_core.shell:create_environment_hook('cpp_tf', 'cmake_prefix_path')
[5.404s] DEBUG:colcon.colcon_core.event_handler.log_command:Invoked command in '/home/wudad10/Fold1/ros2/6_tf/build/cpp_tf' returned '0': CMAKE_PREFIX_PATH=${CMAKE_PREFIX_PATH}:/home/wudad10/Fold1/chapter9/fishbot_ws/install/ros_serial2wifi:/home/wudad10/Fold1/chapter9/install/ros_serial2wifi:/opt/ros/humble /usr/bin/cmake --install /home/wudad10/Fold1/ros2/6_tf/build/cpp_tf
[5.406s] INFO:colcon.colcon_core.shell:Creating environment hook '/home/wudad10/Fold1/ros2/6_tf/install/cpp_tf/share/cpp_tf/hook/cmake_prefix_path.ps1'
[5.413s] INFO:colcon.colcon_core.shell:Creating environment descriptor '/home/wudad10/Fold1/ros2/6_tf/install/cpp_tf/share/cpp_tf/hook/cmake_prefix_path.dsv'
[5.414s] INFO:colcon.colcon_core.shell:Creating environment hook '/home/wudad10/Fold1/ros2/6_tf/install/cpp_tf/share/cpp_tf/hook/cmake_prefix_path.sh'
[5.418s] Level 1:colcon.colcon_core.environment:checking '/home/wudad10/Fold1/ros2/6_tf/install/cpp_tf/lib'
[5.418s] Level 1:colcon.colcon_core.environment:checking '/home/wudad10/Fold1/ros2/6_tf/install/cpp_tf/bin'
[5.419s] Level 1:colcon.colcon_core.environment:checking '/home/wudad10/Fold1/ros2/6_tf/install/cpp_tf/lib/pkgconfig/cpp_tf.pc'
[5.419s] Level 1:colcon.colcon_core.environment:checking '/home/wudad10/Fold1/ros2/6_tf/install/cpp_tf/lib/python3.10/site-packages'
[5.419s] Level 1:colcon.colcon_core.environment:checking '/home/wudad10/Fold1/ros2/6_tf/install/cpp_tf/bin'
[5.419s] INFO:colcon.colcon_core.shell:Creating package script '/home/wudad10/Fold1/ros2/6_tf/install/cpp_tf/share/cpp_tf/package.ps1'
[5.421s] INFO:colcon.colcon_core.shell:Creating package descriptor '/home/wudad10/Fold1/ros2/6_tf/install/cpp_tf/share/cpp_tf/package.dsv'
[5.423s] INFO:colcon.colcon_core.shell:Creating package script '/home/wudad10/Fold1/ros2/6_tf/install/cpp_tf/share/cpp_tf/package.sh'
[5.428s] INFO:colcon.colcon_core.shell:Creating package script '/home/wudad10/Fold1/ros2/6_tf/install/cpp_tf/share/cpp_tf/package.bash'
[5.433s] INFO:colcon.colcon_core.shell:Creating package script '/home/wudad10/Fold1/ros2/6_tf/install/cpp_tf/share/cpp_tf/package.zsh'
[5.434s] Level 1:colcon.colcon_core.environment:create_file_with_runtime_dependencies(/home/wudad10/Fold1/ros2/6_tf/install/cpp_tf/share/colcon-core/packages/cpp_tf)
[5.435s] Level 1:colcon.colcon_core.environment:create_environment_scripts_only(cpp_tf)
[5.436s] Level 1:colcon.colcon_core.environment:checking '/home/wudad10/Fold1/ros2/6_tf/install/cpp_tf' for CMake module files
[5.436s] Level 1:colcon.colcon_core.environment:checking '/home/wudad10/Fold1/ros2/6_tf/install/cpp_tf' for CMake config files
[5.437s] Level 1:colcon.colcon_core.shell:create_environment_hook('cpp_tf', 'cmake_prefix_path')
[5.437s] INFO:colcon.colcon_core.shell:Creating environment hook '/home/wudad10/Fold1/ros2/6_tf/install/cpp_tf/share/cpp_tf/hook/cmake_prefix_path.ps1'
[5.443s] INFO:colcon.colcon_core.shell:Creating environment descriptor '/home/wudad10/Fold1/ros2/6_tf/install/cpp_tf/share/cpp_tf/hook/cmake_prefix_path.dsv'
[5.444s] INFO:colcon.colcon_core.shell:Creating environment hook '/home/wudad10/Fold1/ros2/6_tf/install/cpp_tf/share/cpp_tf/hook/cmake_prefix_path.sh'
[5.445s] Level 1:colcon.colcon_core.environment:checking '/home/wudad10/Fold1/ros2/6_tf/install/cpp_tf/lib'
[5.445s] Level 1:colcon.colcon_core.environment:checking '/home/wudad10/Fold1/ros2/6_tf/install/cpp_tf/bin'
[5.445s] Level 1:colcon.colcon_core.environment:checking '/home/wudad10/Fold1/ros2/6_tf/install/cpp_tf/lib/pkgconfig/cpp_tf.pc'
[5.445s] Level 1:colcon.colcon_core.environment:checking '/home/wudad10/Fold1/ros2/6_tf/install/cpp_tf/lib/python3.10/site-packages'
[5.445s] Level 1:colcon.colcon_core.environment:checking '/home/wudad10/Fold1/ros2/6_tf/install/cpp_tf/bin'
[5.446s] INFO:colcon.colcon_core.shell:Creating package script '/home/wudad10/Fold1/ros2/6_tf/install/cpp_tf/share/cpp_tf/package.ps1'
[5.447s] INFO:colcon.colcon_core.shell:Creating package descriptor '/home/wudad10/Fold1/ros2/6_tf/install/cpp_tf/share/cpp_tf/package.dsv'
[5.447s] INFO:colcon.colcon_core.shell:Creating package script '/home/wudad10/Fold1/ros2/6_tf/install/cpp_tf/share/cpp_tf/package.sh'
[5.448s] INFO:colcon.colcon_core.shell:Creating package script '/home/wudad10/Fold1/ros2/6_tf/install/cpp_tf/share/cpp_tf/package.bash'
[5.449s] INFO:colcon.colcon_core.shell:Creating package script '/home/wudad10/Fold1/ros2/6_tf/install/cpp_tf/share/cpp_tf/package.zsh'
[5.449s] Level 1:colcon.colcon_core.environment:create_file_with_runtime_dependencies(/home/wudad10/Fold1/ros2/6_tf/install/cpp_tf/share/colcon-core/packages/cpp_tf)
[5.450s] DEBUG:colcon.colcon_parallel_executor.executor.parallel:closing loop
[5.450s] DEBUG:colcon.colcon_parallel_executor.executor.parallel:loop closed
[5.450s] DEBUG:colcon.colcon_parallel_executor.executor.parallel:run_until_complete finished with '0'
[5.450s] DEBUG:colcon.colcon_core.event_reactor:joining thread
[5.487s] INFO:colcon.colcon_core.plugin_system:Skipping extension 'colcon_notification.desktop_notification.terminal_notifier': Not used on non-Darwin systems
[5.488s] INFO:colcon.colcon_core.plugin_system:Skipping extension 'colcon_notification.desktop_notification.win32': Not used on non-Windows systems
[5.488s] INFO:colcon.colcon_notification.desktop_notification:Sending desktop notification using 'notify2'
[5.593s] DEBUG:colcon.colcon_core.event_reactor:joined thread
[5.594s] INFO:colcon.colcon_core.shell:Creating prefix script '/home/wudad10/Fold1/ros2/6_tf/install/local_setup.ps1'
[5.597s] INFO:colcon.colcon_core.shell:Creating prefix util module '/home/wudad10/Fold1/ros2/6_tf/install/_local_setup_util_ps1.py'
[5.603s] INFO:colcon.colcon_core.shell:Creating prefix chain script '/home/wudad10/Fold1/ros2/6_tf/install/setup.ps1'
[5.606s] INFO:colcon.colcon_core.shell:Creating prefix script '/home/wudad10/Fold1/ros2/6_tf/install/local_setup.sh'
[5.610s] INFO:colcon.colcon_core.shell:Creating prefix util module '/home/wudad10/Fold1/ros2/6_tf/install/_local_setup_util_sh.py'
[5.610s] INFO:colcon.colcon_core.shell:Creating prefix chain script '/home/wudad10/Fold1/ros2/6_tf/install/setup.sh'
[5.612s] INFO:colcon.colcon_core.shell:Creating prefix script '/home/wudad10/Fold1/ros2/6_tf/install/local_setup.bash'
[5.614s] INFO:colcon.colcon_core.shell:Creating prefix chain script '/home/wudad10/Fold1/ros2/6_tf/install/setup.bash'
[5.617s] INFO:colcon.colcon_core.shell:Creating prefix script '/home/wudad10/Fold1/ros2/6_tf/install/local_setup.zsh'
[5.620s] INFO:colcon.colcon_core.shell:Creating prefix chain script '/home/wudad10/Fold1/ros2/6_tf/install/setup.zsh'
