-- Found ament_cmake: 1.3.12 (/opt/ros/humble/share/ament_cmake/cmake)
-- Found rclcpp: 16.0.15 (/opt/ros/humble/share/rclcpp/cmake)
-- Found rosidl_generator_c: 3.1.7 (/opt/ros/humble/share/rosidl_generator_c/cmake)
-- Found rosidl_adapter: 3.1.7 (/opt/ros/humble/share/rosidl_adapter/cmake)
-- Found rosidl_generator_cpp: 3.1.7 (/opt/ros/humble/share/rosidl_generator_cpp/cmake)
-- Using all available rosidl_typesupport_c: rosidl_typesupport_fastrtps_c;rosidl_typesupport_introspection_c
-- Using all available rosidl_typesupport_cpp: rosidl_typesupport_fastrtps_cpp;rosidl_typesupport_introspection_cpp
-- Found rmw_implementation_cmake: 6.1.2 (/opt/ros/humble/share/rmw_implementation_cmake/cmake)
-- Found rmw_fastrtps_cpp: 6.2.9 (/opt/ros/humble/share/rmw_fastrtps_cpp/cmake)
-- Using RMW implementation 'rmw_fastrtps_cpp' as default
-- Found ament_lint_auto: 0.12.14 (/opt/ros/humble/share/ament_lint_auto/cmake)
-- Added test 'cppcheck' to perform static code analysis on C / C++ code
-- Configured cppcheck include dirs: 
-- Configured cppcheck exclude dirs and/or files: 
-- Added test 'lint_cmake' to check CMake code style
-- Added test 'uncrustify' to check C / C++ code style
-- Configured uncrustify additional arguments: 
-- Added test 'xmllint' to check XML markup files
-- Configuring done
-- Generating done
-- Build files have been written to: /home/wudad10/Fold1/ros2/1_topic/cpp_publisher/build/cpp_publisher
[ 50%] [32mBuilding CXX object CMakeFiles/cpp_talker.dir/src/cpp_publisher.cpp.o[0m
[100%] [32m[1mLinking CXX executable cpp_talker[0m
[100%] Built target cpp_talker
-- Install configuration: ""
-- Installing: /home/wudad10/Fold1/ros2/1_topic/cpp_publisher/install/cpp_publisher/lib/cpp_publisher/cpp_talker
-- Set runtime path of "/home/wudad10/Fold1/ros2/1_topic/cpp_publisher/install/cpp_publisher/lib/cpp_publisher/cpp_talker" to ""
-- Up-to-date: /home/wudad10/Fold1/ros2/1_topic/cpp_publisher/install/cpp_publisher/share/ament_index/resource_index/package_run_dependencies/cpp_publisher
-- Up-to-date: /home/wudad10/Fold1/ros2/1_topic/cpp_publisher/install/cpp_publisher/share/ament_index/resource_index/parent_prefix_path/cpp_publisher
-- Up-to-date: /home/wudad10/Fold1/ros2/1_topic/cpp_publisher/install/cpp_publisher/share/cpp_publisher/environment/ament_prefix_path.sh
-- Installing: /home/wudad10/Fold1/ros2/1_topic/cpp_publisher/install/cpp_publisher/share/cpp_publisher/environment/ament_prefix_path.dsv
-- Up-to-date: /home/wudad10/Fold1/ros2/1_topic/cpp_publisher/install/cpp_publisher/share/cpp_publisher/environment/path.sh
-- Installing: /home/wudad10/Fold1/ros2/1_topic/cpp_publisher/install/cpp_publisher/share/cpp_publisher/environment/path.dsv
-- Up-to-date: /home/wudad10/Fold1/ros2/1_topic/cpp_publisher/install/cpp_publisher/share/cpp_publisher/local_setup.bash
-- Up-to-date: /home/wudad10/Fold1/ros2/1_topic/cpp_publisher/install/cpp_publisher/share/cpp_publisher/local_setup.sh
-- Up-to-date: /home/wudad10/Fold1/ros2/1_topic/cpp_publisher/install/cpp_publisher/share/cpp_publisher/local_setup.zsh
-- Installing: /home/wudad10/Fold1/ros2/1_topic/cpp_publisher/install/cpp_publisher/share/cpp_publisher/local_setup.dsv
-- Installing: /home/wudad10/Fold1/ros2/1_topic/cpp_publisher/install/cpp_publisher/share/cpp_publisher/package.dsv
-- Up-to-date: /home/wudad10/Fold1/ros2/1_topic/cpp_publisher/install/cpp_publisher/share/ament_index/resource_index/packages/cpp_publisher
-- Up-to-date: /home/wudad10/Fold1/ros2/1_topic/cpp_publisher/install/cpp_publisher/share/cpp_publisher/cmake/cpp_publisherConfig.cmake
-- Up-to-date: /home/wudad10/Fold1/ros2/1_topic/cpp_publisher/install/cpp_publisher/share/cpp_publisher/cmake/cpp_publisherConfig-version.cmake
-- Up-to-date: /home/wudad10/Fold1/ros2/1_topic/cpp_publisher/install/cpp_publisher/share/cpp_publisher/package.xml
