[0.015s] Invoking command in '/home/wudad10/Fold1/ros2/1_topic/cpp_publisher/build/cpp_publisher': CMAKE_PREFIX_PATH=${CMAKE_PREFIX_PATH}:/home/wudad10/Fold1/chapter9/fishbot_ws/install/ros_serial2wifi:/home/wudad10/Fold1/chapter9/install/ros_serial2wifi:/opt/ros/humble /usr/bin/cmake --build /home/wudad10/Fold1/ros2/1_topic/cpp_publisher/build/cpp_publisher -- -j4 -l4
[0.043s] -- Found ament_cmake: 1.3.12 (/opt/ros/humble/share/ament_cmake/cmake)
[0.174s] -- Found rclcpp: 16.0.15 (/opt/ros/humble/share/rclcpp/cmake)
[0.203s] -- Found rosidl_generator_c: 3.1.7 (/opt/ros/humble/share/rosidl_generator_c/cmake)
[0.205s] -- Found rosidl_adapter: 3.1.7 (/opt/ros/humble/share/rosidl_adapter/cmake)
[0.211s] -- Found rosidl_generator_cpp: 3.1.7 (/opt/ros/humble/share/rosidl_generator_cpp/cmake)
[0.220s] -- Using all available rosidl_typesupport_c: rosidl_typesupport_fastrtps_c;rosidl_typesupport_introspection_c
[0.232s] -- Using all available rosidl_typesupport_cpp: rosidl_typesupport_fastrtps_cpp;rosidl_typesupport_introspection_cpp
[0.263s] -- Found rmw_implementation_cmake: 6.1.2 (/opt/ros/humble/share/rmw_implementation_cmake/cmake)
[0.265s] -- Found rmw_fastrtps_cpp: 6.2.9 (/opt/ros/humble/share/rmw_fastrtps_cpp/cmake)
[0.384s] -- Using RMW implementation 'rmw_fastrtps_cpp' as default
[0.440s] -- Found ament_lint_auto: 0.12.14 (/opt/ros/humble/share/ament_lint_auto/cmake)
[0.541s] -- Added test 'cppcheck' to perform static code analysis on C / C++ code
[0.541s] -- Configured cppcheck include dirs: 
[0.542s] -- Configured cppcheck exclude dirs and/or files: 
[0.543s] -- Added test 'lint_cmake' to check CMake code style
[0.545s] -- Added test 'uncrustify' to check C / C++ code style
[0.545s] -- Configured uncrustify additional arguments: 
[0.546s] -- Added test 'xmllint' to check XML markup files
[0.550s] -- Configuring done
[0.567s] -- Generating done
[0.573s] -- Build files have been written to: /home/wudad10/Fold1/ros2/1_topic/cpp_publisher/build/cpp_publisher
[0.623s] [ 50%] [32mBuilding CXX object CMakeFiles/cpp_talker.dir/src/cpp_publisher.cpp.o[0m
[5.604s] [100%] [32m[1mLinking CXX executable cpp_talker[0m
[5.879s] [100%] Built target cpp_talker
[5.899s] Invoked command in '/home/wudad10/Fold1/ros2/1_topic/cpp_publisher/build/cpp_publisher' returned '0': CMAKE_PREFIX_PATH=${CMAKE_PREFIX_PATH}:/home/wudad10/Fold1/chapter9/fishbot_ws/install/ros_serial2wifi:/home/wudad10/Fold1/chapter9/install/ros_serial2wifi:/opt/ros/humble /usr/bin/cmake --build /home/wudad10/Fold1/ros2/1_topic/cpp_publisher/build/cpp_publisher -- -j4 -l4
[5.911s] Invoking command in '/home/wudad10/Fold1/ros2/1_topic/cpp_publisher/build/cpp_publisher': CMAKE_PREFIX_PATH=${CMAKE_PREFIX_PATH}:/home/wudad10/Fold1/chapter9/fishbot_ws/install/ros_serial2wifi:/home/wudad10/Fold1/chapter9/install/ros_serial2wifi:/opt/ros/humble /usr/bin/cmake --install /home/wudad10/Fold1/ros2/1_topic/cpp_publisher/build/cpp_publisher
[5.922s] -- Install configuration: ""
[5.922s] -- Installing: /home/wudad10/Fold1/ros2/1_topic/cpp_publisher/install/cpp_publisher/lib/cpp_publisher/cpp_talker
[5.923s] -- Set runtime path of "/home/wudad10/Fold1/ros2/1_topic/cpp_publisher/install/cpp_publisher/lib/cpp_publisher/cpp_talker" to ""
[5.923s] -- Up-to-date: /home/wudad10/Fold1/ros2/1_topic/cpp_publisher/install/cpp_publisher/share/ament_index/resource_index/package_run_dependencies/cpp_publisher
[5.924s] -- Up-to-date: /home/wudad10/Fold1/ros2/1_topic/cpp_publisher/install/cpp_publisher/share/ament_index/resource_index/parent_prefix_path/cpp_publisher
[5.924s] -- Up-to-date: /home/wudad10/Fold1/ros2/1_topic/cpp_publisher/install/cpp_publisher/share/cpp_publisher/environment/ament_prefix_path.sh
[5.924s] -- Installing: /home/wudad10/Fold1/ros2/1_topic/cpp_publisher/install/cpp_publisher/share/cpp_publisher/environment/ament_prefix_path.dsv
[5.924s] -- Up-to-date: /home/wudad10/Fold1/ros2/1_topic/cpp_publisher/install/cpp_publisher/share/cpp_publisher/environment/path.sh
[5.924s] -- Installing: /home/wudad10/Fold1/ros2/1_topic/cpp_publisher/install/cpp_publisher/share/cpp_publisher/environment/path.dsv
[5.924s] -- Up-to-date: /home/wudad10/Fold1/ros2/1_topic/cpp_publisher/install/cpp_publisher/share/cpp_publisher/local_setup.bash
[5.924s] -- Up-to-date: /home/wudad10/Fold1/ros2/1_topic/cpp_publisher/install/cpp_publisher/share/cpp_publisher/local_setup.sh
[5.924s] -- Up-to-date: /home/wudad10/Fold1/ros2/1_topic/cpp_publisher/install/cpp_publisher/share/cpp_publisher/local_setup.zsh
[5.924s] -- Installing: /home/wudad10/Fold1/ros2/1_topic/cpp_publisher/install/cpp_publisher/share/cpp_publisher/local_setup.dsv
[5.924s] -- Installing: /home/wudad10/Fold1/ros2/1_topic/cpp_publisher/install/cpp_publisher/share/cpp_publisher/package.dsv
[5.925s] -- Up-to-date: /home/wudad10/Fold1/ros2/1_topic/cpp_publisher/install/cpp_publisher/share/ament_index/resource_index/packages/cpp_publisher
[5.925s] -- Up-to-date: /home/wudad10/Fold1/ros2/1_topic/cpp_publisher/install/cpp_publisher/share/cpp_publisher/cmake/cpp_publisherConfig.cmake
[5.925s] -- Up-to-date: /home/wudad10/Fold1/ros2/1_topic/cpp_publisher/install/cpp_publisher/share/cpp_publisher/cmake/cpp_publisherConfig-version.cmake
[5.925s] -- Up-to-date: /home/wudad10/Fold1/ros2/1_topic/cpp_publisher/install/cpp_publisher/share/cpp_publisher/package.xml
[5.928s] Invoked command in '/home/wudad10/Fold1/ros2/1_topic/cpp_publisher/build/cpp_publisher' returned '0': CMAKE_PREFIX_PATH=${CMAKE_PREFIX_PATH}:/home/wudad10/Fold1/chapter9/fishbot_ws/install/ros_serial2wifi:/home/wudad10/Fold1/chapter9/install/ros_serial2wifi:/opt/ros/humble /usr/bin/cmake --install /home/wudad10/Fold1/ros2/1_topic/cpp_publisher/build/cpp_publisher
