[0.112s] DEBUG:colcon:Command line arguments: ['/usr/bin/colcon', 'build']
[0.113s] DEBUG:colcon:Parsed command line arguments: Namespace(log_base=None, log_level=None, verb_name='build', build_base='build', install_base='install', merge_install=False, symlink_install=False, test_result_base=None, continue_on_error=False, executor='parallel', parallel_workers=4, event_handlers=None, ignore_user_meta=False, metas=['./colcon.meta'], base_paths=['.'], packages_ignore=None, packages_ignore_regex=None, paths=None, packages_up_to=None, packages_up_to_regex=None, packages_above=None, packages_above_and_dependencies=None, packages_above_depth=None, packages_select_by_dep=None, packages_skip_by_dep=None, packages_skip_up_to=None, packages_select_build_failed=False, packages_skip_build_finished=False, packages_select_test_failures=False, packages_skip_test_passed=False, packages_select=None, packages_skip=None, packages_select_regex=None, packages_skip_regex=None, packages_start=None, packages_end=None, allow_overriding=[], cmake_args=None, cmake_target=None, cmake_target_skip_unavailable=False, cmake_clean_cache=False, cmake_clean_first=False, cmake_force_configure=False, ament_cmake_args=None, catkin_cmake_args=None, catkin_skip_building_tests=False, verb_parser=<colcon_defaults.argument_parser.defaults.DefaultArgumentsDecorator object at 0x7d17081ce470>, verb_extension=<colcon_core.verb.build.BuildVerb object at 0x7d17081cdf60>, main=<bound method BuildVerb.main of <colcon_core.verb.build.BuildVerb object at 0x7d17081cdf60>>)
[0.272s] Level 1:colcon.colcon_core.package_discovery:discover_packages(colcon_meta) check parameters
[0.272s] Level 1:colcon.colcon_core.package_discovery:discover_packages(recursive) check parameters
[0.272s] Level 1:colcon.colcon_core.package_discovery:discover_packages(ignore) check parameters
[0.272s] Level 1:colcon.colcon_core.package_discovery:discover_packages(path) check parameters
[0.272s] Level 1:colcon.colcon_core.package_discovery:discover_packages(colcon_meta) discover
[0.273s] Level 1:colcon.colcon_core.package_discovery:discover_packages(recursive) discover
[0.273s] INFO:colcon.colcon_core.package_discovery:Crawling recursively for packages in '/home/wudad10/Fold1/ros2/4_action'
[0.273s] Level 1:colcon.colcon_core.package_identification:_identify(.) by extensions ['ignore', 'ignore_ament_install']
[0.273s] Level 1:colcon.colcon_core.package_identification:_identify(.) by extension 'ignore'
[0.273s] Level 1:colcon.colcon_core.package_identification:_identify(.) by extension 'ignore_ament_install'
[0.273s] Level 1:colcon.colcon_core.package_identification:_identify(.) by extensions ['colcon_pkg']
[0.273s] Level 1:colcon.colcon_core.package_identification:_identify(.) by extension 'colcon_pkg'
[0.273s] Level 1:colcon.colcon_core.package_identification:_identify(.) by extensions ['colcon_meta']
[0.273s] Level 1:colcon.colcon_core.package_identification:_identify(.) by extension 'colcon_meta'
[0.273s] Level 1:colcon.colcon_core.package_identification:_identify(.) by extensions ['ros']
[0.273s] Level 1:colcon.colcon_core.package_identification:_identify(.) by extension 'ros'
[0.283s] Level 1:colcon.colcon_core.package_identification:_identify(.) by extensions ['cmake', 'python']
[0.283s] Level 1:colcon.colcon_core.package_identification:_identify(.) by extension 'cmake'
[0.283s] Level 1:colcon.colcon_core.package_identification:_identify(.) by extension 'python'
[0.283s] Level 1:colcon.colcon_core.package_identification:_identify(.) by extensions ['python_setup_py']
[0.283s] Level 1:colcon.colcon_core.package_identification:_identify(.) by extension 'python_setup_py'
[0.283s] Level 1:colcon.colcon_core.package_identification:_identify(build) by extensions ['ignore', 'ignore_ament_install']
[0.284s] Level 1:colcon.colcon_core.package_identification:_identify(build) by extension 'ignore'
[0.284s] Level 1:colcon.colcon_core.package_identification:_identify(build) ignored
[0.284s] Level 1:colcon.colcon_core.package_identification:_identify(install) by extensions ['ignore', 'ignore_ament_install']
[0.284s] Level 1:colcon.colcon_core.package_identification:_identify(install) by extension 'ignore'
[0.284s] Level 1:colcon.colcon_core.package_identification:_identify(install) ignored
[0.284s] Level 1:colcon.colcon_core.package_identification:_identify(log) by extensions ['ignore', 'ignore_ament_install']
[0.284s] Level 1:colcon.colcon_core.package_identification:_identify(log) by extension 'ignore'
[0.284s] Level 1:colcon.colcon_core.package_identification:_identify(log) ignored
[0.284s] Level 1:colcon.colcon_core.package_identification:_identify(src) by extensions ['ignore', 'ignore_ament_install']
[0.284s] Level 1:colcon.colcon_core.package_identification:_identify(src) by extension 'ignore'
[0.284s] Level 1:colcon.colcon_core.package_identification:_identify(src) by extension 'ignore_ament_install'
[0.284s] Level 1:colcon.colcon_core.package_identification:_identify(src) by extensions ['colcon_pkg']
[0.284s] Level 1:colcon.colcon_core.package_identification:_identify(src) by extension 'colcon_pkg'
[0.284s] Level 1:colcon.colcon_core.package_identification:_identify(src) by extensions ['colcon_meta']
[0.284s] Level 1:colcon.colcon_core.package_identification:_identify(src) by extension 'colcon_meta'
[0.284s] Level 1:colcon.colcon_core.package_identification:_identify(src) by extensions ['ros']
[0.284s] Level 1:colcon.colcon_core.package_identification:_identify(src) by extension 'ros'
[0.284s] Level 1:colcon.colcon_core.package_identification:_identify(src) by extensions ['cmake', 'python']
[0.284s] Level 1:colcon.colcon_core.package_identification:_identify(src) by extension 'cmake'
[0.284s] Level 1:colcon.colcon_core.package_identification:_identify(src) by extension 'python'
[0.284s] Level 1:colcon.colcon_core.package_identification:_identify(src) by extensions ['python_setup_py']
[0.285s] Level 1:colcon.colcon_core.package_identification:_identify(src) by extension 'python_setup_py'
[0.285s] Level 1:colcon.colcon_core.package_identification:_identify(src/cpp_action_client) by extensions ['ignore', 'ignore_ament_install']
[0.285s] Level 1:colcon.colcon_core.package_identification:_identify(src/cpp_action_client) by extension 'ignore'
[0.285s] Level 1:colcon.colcon_core.package_identification:_identify(src/cpp_action_client) by extension 'ignore_ament_install'
[0.285s] Level 1:colcon.colcon_core.package_identification:_identify(src/cpp_action_client) by extensions ['colcon_pkg']
[0.285s] Level 1:colcon.colcon_core.package_identification:_identify(src/cpp_action_client) by extension 'colcon_pkg'
[0.285s] Level 1:colcon.colcon_core.package_identification:_identify(src/cpp_action_client) by extensions ['colcon_meta']
[0.285s] Level 1:colcon.colcon_core.package_identification:_identify(src/cpp_action_client) by extension 'colcon_meta'
[0.285s] Level 1:colcon.colcon_core.package_identification:_identify(src/cpp_action_client) by extensions ['ros']
[0.285s] Level 1:colcon.colcon_core.package_identification:_identify(src/cpp_action_client) by extension 'ros'
[0.287s] DEBUG:colcon.colcon_core.package_identification:Package 'src/cpp_action_client' with type 'ros.ament_cmake' and name 'cpp_action_client'
[0.287s] Level 1:colcon.colcon_core.package_identification:_identify(src/cpp_action_server) by extensions ['ignore', 'ignore_ament_install']
[0.287s] Level 1:colcon.colcon_core.package_identification:_identify(src/cpp_action_server) by extension 'ignore'
[0.287s] Level 1:colcon.colcon_core.package_identification:_identify(src/cpp_action_server) by extension 'ignore_ament_install'
[0.287s] Level 1:colcon.colcon_core.package_identification:_identify(src/cpp_action_server) by extensions ['colcon_pkg']
[0.287s] Level 1:colcon.colcon_core.package_identification:_identify(src/cpp_action_server) by extension 'colcon_pkg'
[0.287s] Level 1:colcon.colcon_core.package_identification:_identify(src/cpp_action_server) by extensions ['colcon_meta']
[0.287s] Level 1:colcon.colcon_core.package_identification:_identify(src/cpp_action_server) by extension 'colcon_meta'
[0.287s] Level 1:colcon.colcon_core.package_identification:_identify(src/cpp_action_server) by extensions ['ros']
[0.287s] Level 1:colcon.colcon_core.package_identification:_identify(src/cpp_action_server) by extension 'ros'
[0.288s] DEBUG:colcon.colcon_core.package_identification:Package 'src/cpp_action_server' with type 'ros.ament_cmake' and name 'cpp_action_server'
[0.288s] Level 1:colcon.colcon_core.package_identification:_identify(src/my_interfaces) by extensions ['ignore', 'ignore_ament_install']
[0.288s] Level 1:colcon.colcon_core.package_identification:_identify(src/my_interfaces) by extension 'ignore'
[0.288s] Level 1:colcon.colcon_core.package_identification:_identify(src/my_interfaces) by extension 'ignore_ament_install'
[0.288s] Level 1:colcon.colcon_core.package_identification:_identify(src/my_interfaces) by extensions ['colcon_pkg']
[0.288s] Level 1:colcon.colcon_core.package_identification:_identify(src/my_interfaces) by extension 'colcon_pkg'
[0.288s] Level 1:colcon.colcon_core.package_identification:_identify(src/my_interfaces) by extensions ['colcon_meta']
[0.288s] Level 1:colcon.colcon_core.package_identification:_identify(src/my_interfaces) by extension 'colcon_meta'
[0.288s] Level 1:colcon.colcon_core.package_identification:_identify(src/my_interfaces) by extensions ['ros']
[0.288s] Level 1:colcon.colcon_core.package_identification:_identify(src/my_interfaces) by extension 'ros'
[0.289s] DEBUG:colcon.colcon_core.package_identification:Package 'src/my_interfaces' with type 'ros.ament_cmake' and name 'my_interfaces'
[0.289s] Level 1:colcon.colcon_core.package_identification:_identify(src/py_action_client) by extensions ['ignore', 'ignore_ament_install']
[0.289s] Level 1:colcon.colcon_core.package_identification:_identify(src/py_action_client) by extension 'ignore'
[0.289s] Level 1:colcon.colcon_core.package_identification:_identify(src/py_action_client) by extension 'ignore_ament_install'
[0.289s] Level 1:colcon.colcon_core.package_identification:_identify(src/py_action_client) by extensions ['colcon_pkg']
[0.289s] Level 1:colcon.colcon_core.package_identification:_identify(src/py_action_client) by extension 'colcon_pkg'
[0.289s] Level 1:colcon.colcon_core.package_identification:_identify(src/py_action_client) by extensions ['colcon_meta']
[0.289s] Level 1:colcon.colcon_core.package_identification:_identify(src/py_action_client) by extension 'colcon_meta'
[0.289s] Level 1:colcon.colcon_core.package_identification:_identify(src/py_action_client) by extensions ['ros']
[0.289s] Level 1:colcon.colcon_core.package_identification:_identify(src/py_action_client) by extension 'ros'
[0.290s] DEBUG:colcon.colcon_core.package_identification:Package 'src/py_action_client' with type 'ros.ament_python' and name 'py_action_client'
[0.290s] Level 1:colcon.colcon_core.package_identification:_identify(src/py_action_server) by extensions ['ignore', 'ignore_ament_install']
[0.290s] Level 1:colcon.colcon_core.package_identification:_identify(src/py_action_server) by extension 'ignore'
[0.290s] Level 1:colcon.colcon_core.package_identification:_identify(src/py_action_server) by extension 'ignore_ament_install'
[0.290s] Level 1:colcon.colcon_core.package_identification:_identify(src/py_action_server) by extensions ['colcon_pkg']
[0.290s] Level 1:colcon.colcon_core.package_identification:_identify(src/py_action_server) by extension 'colcon_pkg'
[0.290s] Level 1:colcon.colcon_core.package_identification:_identify(src/py_action_server) by extensions ['colcon_meta']
[0.290s] Level 1:colcon.colcon_core.package_identification:_identify(src/py_action_server) by extension 'colcon_meta'
[0.290s] Level 1:colcon.colcon_core.package_identification:_identify(src/py_action_server) by extensions ['ros']
[0.290s] Level 1:colcon.colcon_core.package_identification:_identify(src/py_action_server) by extension 'ros'
[0.291s] DEBUG:colcon.colcon_core.package_identification:Package 'src/py_action_server' with type 'ros.ament_python' and name 'py_action_server'
[0.291s] Level 1:colcon.colcon_core.package_discovery:discover_packages(recursive) using defaults
[0.291s] Level 1:colcon.colcon_core.package_discovery:discover_packages(ignore) discover
[0.291s] Level 1:colcon.colcon_core.package_discovery:discover_packages(ignore) using defaults
[0.291s] Level 1:colcon.colcon_core.package_discovery:discover_packages(path) discover
[0.291s] Level 1:colcon.colcon_core.package_discovery:discover_packages(path) using defaults
[0.321s] Level 1:colcon.colcon_core.package_discovery:discover_packages(prefix_path) check parameters
[0.321s] Level 1:colcon.colcon_core.package_discovery:discover_packages(prefix_path) discover
[0.322s] WARNING:colcon.colcon_core.prefix_path.colcon:The path '/home/wudad10/Fold1/ros2/4_action/src/install' in the environment variable COLCON_PREFIX_PATH doesn't exist
[0.322s] WARNING:colcon.colcon_core.prefix_path.colcon:The path '/home/wudad10/Fold1/chapter9/install' in the environment variable COLCON_PREFIX_PATH doesn't exist
[0.323s] WARNING:colcon.colcon_ros.prefix_path.ament:The path '/home/wudad10/Fold1/chapter9/install/ydlidar' in the environment variable AMENT_PREFIX_PATH doesn't exist
[0.323s] WARNING:colcon.colcon_ros.prefix_path.ament:The path '/home/wudad10/Fold1/chapter9/install/ros_serial2wifi' in the environment variable AMENT_PREFIX_PATH doesn't exist
[0.323s] WARNING:colcon.colcon_ros.prefix_path.ament:The path '/home/wudad10/Fold1/chapter9/install/micro_ros_agent' in the environment variable AMENT_PREFIX_PATH doesn't exist
[0.323s] WARNING:colcon.colcon_ros.prefix_path.ament:The path '/home/wudad10/Fold1/chapter9/install/micro_ros_msgs' in the environment variable AMENT_PREFIX_PATH doesn't exist
[0.323s] WARNING:colcon.colcon_ros.prefix_path.ament:The path '/home/wudad10/Fold1/chapter9/install/fishbot_description' in the environment variable AMENT_PREFIX_PATH doesn't exist
[0.323s] WARNING:colcon.colcon_ros.prefix_path.ament:The path '/home/wudad10/Fold1/chapter9/install/fishbot_bringup' in the environment variable AMENT_PREFIX_PATH doesn't exist
[0.323s] WARNING:colcon.colcon_ros.prefix_path.catkin:The path '/home/wudad10/Fold1/chapter9/install/ydlidar' in the environment variable CMAKE_PREFIX_PATH doesn't exist
[0.323s] WARNING:colcon.colcon_ros.prefix_path.catkin:The path '/home/wudad10/Fold1/chapter9/install/micro_ros_agent' in the environment variable CMAKE_PREFIX_PATH doesn't exist
[0.323s] WARNING:colcon.colcon_ros.prefix_path.catkin:The path '/home/wudad10/Fold1/chapter9/install/micro_ros_msgs' in the environment variable CMAKE_PREFIX_PATH doesn't exist
[0.323s] WARNING:colcon.colcon_ros.prefix_path.catkin:The path '/home/wudad10/Fold1/chapter9/install/fishbot_description' in the environment variable CMAKE_PREFIX_PATH doesn't exist
[0.323s] WARNING:colcon.colcon_ros.prefix_path.catkin:The path '/home/wudad10/Fold1/chapter9/install/fishbot_bringup' in the environment variable CMAKE_PREFIX_PATH doesn't exist
[0.324s] DEBUG:colcon.colcon_installed_package_information.package_discovery:Found 5 installed packages in /home/wudad10/Fold1/ros2/4_action/install
[0.325s] DEBUG:colcon.colcon_installed_package_information.package_discovery:Found 2 installed packages in /home/wudad10/Fold1/ros2/3_param/install
[0.325s] DEBUG:colcon.colcon_installed_package_information.package_discovery:Found 7 installed packages in /home/wudad10/Fold1/chapter9/fishbot_ws/install
[0.327s] DEBUG:colcon.colcon_installed_package_information.package_discovery:Found 371 installed packages in /opt/ros/humble
[0.328s] Level 1:colcon.colcon_core.package_discovery:discover_packages(prefix_path) using defaults
[0.369s] Level 5:colcon.colcon_core.verb:set package 'cpp_action_client' build argument 'cmake_args' from command line to 'None'
[0.369s] Level 5:colcon.colcon_core.verb:set package 'cpp_action_client' build argument 'cmake_target' from command line to 'None'
[0.369s] Level 5:colcon.colcon_core.verb:set package 'cpp_action_client' build argument 'cmake_target_skip_unavailable' from command line to 'False'
[0.370s] Level 5:colcon.colcon_core.verb:set package 'cpp_action_client' build argument 'cmake_clean_cache' from command line to 'False'
[0.370s] Level 5:colcon.colcon_core.verb:set package 'cpp_action_client' build argument 'cmake_clean_first' from command line to 'False'
[0.370s] Level 5:colcon.colcon_core.verb:set package 'cpp_action_client' build argument 'cmake_force_configure' from command line to 'False'
[0.370s] Level 5:colcon.colcon_core.verb:set package 'cpp_action_client' build argument 'ament_cmake_args' from command line to 'None'
[0.370s] Level 5:colcon.colcon_core.verb:set package 'cpp_action_client' build argument 'catkin_cmake_args' from command line to 'None'
[0.370s] Level 5:colcon.colcon_core.verb:set package 'cpp_action_client' build argument 'catkin_skip_building_tests' from command line to 'False'
[0.370s] DEBUG:colcon.colcon_core.verb:Building package 'cpp_action_client' with the following arguments: {'ament_cmake_args': None, 'build_base': '/home/wudad10/Fold1/ros2/4_action/build/cpp_action_client', 'catkin_cmake_args': None, 'catkin_skip_building_tests': False, 'cmake_args': None, 'cmake_clean_cache': False, 'cmake_clean_first': False, 'cmake_force_configure': False, 'cmake_target': None, 'cmake_target_skip_unavailable': False, 'install_base': '/home/wudad10/Fold1/ros2/4_action/install/cpp_action_client', 'merge_install': False, 'path': '/home/wudad10/Fold1/ros2/4_action/src/cpp_action_client', 'symlink_install': False, 'test_result_base': None}
[0.370s] Level 5:colcon.colcon_core.verb:set package 'cpp_action_server' build argument 'cmake_args' from command line to 'None'
[0.370s] Level 5:colcon.colcon_core.verb:set package 'cpp_action_server' build argument 'cmake_target' from command line to 'None'
[0.370s] Level 5:colcon.colcon_core.verb:set package 'cpp_action_server' build argument 'cmake_target_skip_unavailable' from command line to 'False'
[0.370s] Level 5:colcon.colcon_core.verb:set package 'cpp_action_server' build argument 'cmake_clean_cache' from command line to 'False'
[0.370s] Level 5:colcon.colcon_core.verb:set package 'cpp_action_server' build argument 'cmake_clean_first' from command line to 'False'
[0.370s] Level 5:colcon.colcon_core.verb:set package 'cpp_action_server' build argument 'cmake_force_configure' from command line to 'False'
[0.370s] Level 5:colcon.colcon_core.verb:set package 'cpp_action_server' build argument 'ament_cmake_args' from command line to 'None'
[0.370s] Level 5:colcon.colcon_core.verb:set package 'cpp_action_server' build argument 'catkin_cmake_args' from command line to 'None'
[0.370s] Level 5:colcon.colcon_core.verb:set package 'cpp_action_server' build argument 'catkin_skip_building_tests' from command line to 'False'
[0.370s] DEBUG:colcon.colcon_core.verb:Building package 'cpp_action_server' with the following arguments: {'ament_cmake_args': None, 'build_base': '/home/wudad10/Fold1/ros2/4_action/build/cpp_action_server', 'catkin_cmake_args': None, 'catkin_skip_building_tests': False, 'cmake_args': None, 'cmake_clean_cache': False, 'cmake_clean_first': False, 'cmake_force_configure': False, 'cmake_target': None, 'cmake_target_skip_unavailable': False, 'install_base': '/home/wudad10/Fold1/ros2/4_action/install/cpp_action_server', 'merge_install': False, 'path': '/home/wudad10/Fold1/ros2/4_action/src/cpp_action_server', 'symlink_install': False, 'test_result_base': None}
[0.370s] Level 5:colcon.colcon_core.verb:set package 'my_interfaces' build argument 'cmake_args' from command line to 'None'
[0.370s] Level 5:colcon.colcon_core.verb:set package 'my_interfaces' build argument 'cmake_target' from command line to 'None'
[0.370s] Level 5:colcon.colcon_core.verb:set package 'my_interfaces' build argument 'cmake_target_skip_unavailable' from command line to 'False'
[0.370s] Level 5:colcon.colcon_core.verb:set package 'my_interfaces' build argument 'cmake_clean_cache' from command line to 'False'
[0.370s] Level 5:colcon.colcon_core.verb:set package 'my_interfaces' build argument 'cmake_clean_first' from command line to 'False'
[0.370s] Level 5:colcon.colcon_core.verb:set package 'my_interfaces' build argument 'cmake_force_configure' from command line to 'False'
[0.370s] Level 5:colcon.colcon_core.verb:set package 'my_interfaces' build argument 'ament_cmake_args' from command line to 'None'
[0.371s] Level 5:colcon.colcon_core.verb:set package 'my_interfaces' build argument 'catkin_cmake_args' from command line to 'None'
[0.371s] Level 5:colcon.colcon_core.verb:set package 'my_interfaces' build argument 'catkin_skip_building_tests' from command line to 'False'
[0.371s] DEBUG:colcon.colcon_core.verb:Building package 'my_interfaces' with the following arguments: {'ament_cmake_args': None, 'build_base': '/home/wudad10/Fold1/ros2/4_action/build/my_interfaces', 'catkin_cmake_args': None, 'catkin_skip_building_tests': False, 'cmake_args': None, 'cmake_clean_cache': False, 'cmake_clean_first': False, 'cmake_force_configure': False, 'cmake_target': None, 'cmake_target_skip_unavailable': False, 'install_base': '/home/wudad10/Fold1/ros2/4_action/install/my_interfaces', 'merge_install': False, 'path': '/home/wudad10/Fold1/ros2/4_action/src/my_interfaces', 'symlink_install': False, 'test_result_base': None}
[0.371s] Level 5:colcon.colcon_core.verb:set package 'py_action_client' build argument 'cmake_args' from command line to 'None'
[0.371s] Level 5:colcon.colcon_core.verb:set package 'py_action_client' build argument 'cmake_target' from command line to 'None'
[0.371s] Level 5:colcon.colcon_core.verb:set package 'py_action_client' build argument 'cmake_target_skip_unavailable' from command line to 'False'
[0.371s] Level 5:colcon.colcon_core.verb:set package 'py_action_client' build argument 'cmake_clean_cache' from command line to 'False'
[0.371s] Level 5:colcon.colcon_core.verb:set package 'py_action_client' build argument 'cmake_clean_first' from command line to 'False'
[0.371s] Level 5:colcon.colcon_core.verb:set package 'py_action_client' build argument 'cmake_force_configure' from command line to 'False'
[0.371s] Level 5:colcon.colcon_core.verb:set package 'py_action_client' build argument 'ament_cmake_args' from command line to 'None'
[0.371s] Level 5:colcon.colcon_core.verb:set package 'py_action_client' build argument 'catkin_cmake_args' from command line to 'None'
[0.371s] Level 5:colcon.colcon_core.verb:set package 'py_action_client' build argument 'catkin_skip_building_tests' from command line to 'False'
[0.371s] DEBUG:colcon.colcon_core.verb:Building package 'py_action_client' with the following arguments: {'ament_cmake_args': None, 'build_base': '/home/wudad10/Fold1/ros2/4_action/build/py_action_client', 'catkin_cmake_args': None, 'catkin_skip_building_tests': False, 'cmake_args': None, 'cmake_clean_cache': False, 'cmake_clean_first': False, 'cmake_force_configure': False, 'cmake_target': None, 'cmake_target_skip_unavailable': False, 'install_base': '/home/wudad10/Fold1/ros2/4_action/install/py_action_client', 'merge_install': False, 'path': '/home/wudad10/Fold1/ros2/4_action/src/py_action_client', 'symlink_install': False, 'test_result_base': None}
[0.371s] Level 5:colcon.colcon_core.verb:set package 'py_action_server' build argument 'cmake_args' from command line to 'None'
[0.371s] Level 5:colcon.colcon_core.verb:set package 'py_action_server' build argument 'cmake_target' from command line to 'None'
[0.372s] Level 5:colcon.colcon_core.verb:set package 'py_action_server' build argument 'cmake_target_skip_unavailable' from command line to 'False'
[0.372s] Level 5:colcon.colcon_core.verb:set package 'py_action_server' build argument 'cmake_clean_cache' from command line to 'False'
[0.372s] Level 5:colcon.colcon_core.verb:set package 'py_action_server' build argument 'cmake_clean_first' from command line to 'False'
[0.372s] Level 5:colcon.colcon_core.verb:set package 'py_action_server' build argument 'cmake_force_configure' from command line to 'False'
[0.372s] Level 5:colcon.colcon_core.verb:set package 'py_action_server' build argument 'ament_cmake_args' from command line to 'None'
[0.372s] Level 5:colcon.colcon_core.verb:set package 'py_action_server' build argument 'catkin_cmake_args' from command line to 'None'
[0.372s] Level 5:colcon.colcon_core.verb:set package 'py_action_server' build argument 'catkin_skip_building_tests' from command line to 'False'
[0.372s] DEBUG:colcon.colcon_core.verb:Building package 'py_action_server' with the following arguments: {'ament_cmake_args': None, 'build_base': '/home/wudad10/Fold1/ros2/4_action/build/py_action_server', 'catkin_cmake_args': None, 'catkin_skip_building_tests': False, 'cmake_args': None, 'cmake_clean_cache': False, 'cmake_clean_first': False, 'cmake_force_configure': False, 'cmake_target': None, 'cmake_target_skip_unavailable': False, 'install_base': '/home/wudad10/Fold1/ros2/4_action/install/py_action_server', 'merge_install': False, 'path': '/home/wudad10/Fold1/ros2/4_action/src/py_action_server', 'symlink_install': False, 'test_result_base': None}
[0.372s] INFO:colcon.colcon_core.executor:Executing jobs using 'parallel' executor
[0.373s] DEBUG:colcon.colcon_parallel_executor.executor.parallel:run_until_complete
[0.373s] INFO:colcon.colcon_ros.task.ament_cmake.build:Building ROS package in '/home/wudad10/Fold1/ros2/4_action/src/cpp_action_client' with build type 'ament_cmake'
[0.373s] INFO:colcon.colcon_cmake.task.cmake.build:Building CMake package in '/home/wudad10/Fold1/ros2/4_action/src/cpp_action_client'
[0.377s] INFO:colcon.colcon_core.plugin_system:Skipping extension 'colcon_core.shell.bat': Not used on non-Windows systems
[0.377s] INFO:colcon.colcon_core.shell:Skip shell extension 'powershell' for command environment: Not usable outside of PowerShell
[0.377s] DEBUG:colcon.colcon_core.shell:Skip shell extension 'dsv' for command environment
[0.383s] INFO:colcon.colcon_ros.task.ament_cmake.build:Building ROS package in '/home/wudad10/Fold1/ros2/4_action/src/cpp_action_server' with build type 'ament_cmake'
[0.383s] INFO:colcon.colcon_cmake.task.cmake.build:Building CMake package in '/home/wudad10/Fold1/ros2/4_action/src/cpp_action_server'
[0.383s] INFO:colcon.colcon_core.shell:Skip shell extension 'powershell' for command environment: Not usable outside of PowerShell
[0.384s] DEBUG:colcon.colcon_core.shell:Skip shell extension 'dsv' for command environment
[0.391s] INFO:colcon.colcon_ros.task.ament_cmake.build:Building ROS package in '/home/wudad10/Fold1/ros2/4_action/src/my_interfaces' with build type 'ament_cmake'
[0.391s] INFO:colcon.colcon_cmake.task.cmake.build:Building CMake package in '/home/wudad10/Fold1/ros2/4_action/src/my_interfaces'
[0.391s] INFO:colcon.colcon_core.shell:Skip shell extension 'powershell' for command environment: Not usable outside of PowerShell
[0.391s] DEBUG:colcon.colcon_core.shell:Skip shell extension 'dsv' for command environment
[0.397s] INFO:colcon.colcon_ros.task.ament_python.build:Building ROS package in '/home/wudad10/Fold1/ros2/4_action/src/py_action_client' with build type 'ament_python'
[0.397s] Level 1:colcon.colcon_core.shell:create_environment_hook('py_action_client', 'ament_prefix_path')
[0.398s] INFO:colcon.colcon_core.shell:Creating environment hook '/home/wudad10/Fold1/ros2/4_action/install/py_action_client/share/py_action_client/hook/ament_prefix_path.ps1'
[0.398s] INFO:colcon.colcon_core.shell:Creating environment descriptor '/home/wudad10/Fold1/ros2/4_action/install/py_action_client/share/py_action_client/hook/ament_prefix_path.dsv'
[0.399s] INFO:colcon.colcon_core.shell:Creating environment hook '/home/wudad10/Fold1/ros2/4_action/install/py_action_client/share/py_action_client/hook/ament_prefix_path.sh'
[0.401s] INFO:colcon.colcon_core.shell:Skip shell extension 'powershell' for command environment: Not usable outside of PowerShell
[0.401s] DEBUG:colcon.colcon_core.shell:Skip shell extension 'dsv' for command environment
[0.412s] DEBUG:colcon.colcon_core.event_handler.log_command:Invoking command in '/home/wudad10/Fold1/ros2/4_action/build/cpp_action_client': CMAKE_PREFIX_PATH=${CMAKE_PREFIX_PATH}:/home/wudad10/Fold1/ros2/4_action/install/py_action_server:/home/wudad10/Fold1/ros2/4_action/install/py_action_client:/home/wudad10/Fold1/ros2/3_param/install/py_param_node:/home/wudad10/Fold1/chapter9/fishbot_ws/install/ros_serial2wifi:/home/wudad10/Fold1/chapter9/install/ros_serial2wifi:/opt/ros/humble /usr/bin/cmake --build /home/wudad10/Fold1/ros2/4_action/build/cpp_action_client -- -j4 -l4
[0.418s] DEBUG:colcon.colcon_core.event_handler.log_command:Invoking command in '/home/wudad10/Fold1/ros2/4_action/build/cpp_action_server': CMAKE_PREFIX_PATH=${CMAKE_PREFIX_PATH}:/home/wudad10/Fold1/ros2/4_action/install/py_action_server:/home/wudad10/Fold1/ros2/4_action/install/py_action_client:/home/wudad10/Fold1/ros2/3_param/install/py_param_node:/home/wudad10/Fold1/chapter9/fishbot_ws/install/ros_serial2wifi:/home/wudad10/Fold1/chapter9/install/ros_serial2wifi:/opt/ros/humble /usr/bin/cmake --build /home/wudad10/Fold1/ros2/4_action/build/cpp_action_server -- -j4 -l4
[0.423s] DEBUG:colcon.colcon_core.event_handler.log_command:Invoking command in '/home/wudad10/Fold1/ros2/4_action/build/my_interfaces': CMAKE_PREFIX_PATH=${CMAKE_PREFIX_PATH}:/home/wudad10/Fold1/ros2/4_action/install/py_action_server:/home/wudad10/Fold1/ros2/4_action/install/py_action_client:/home/wudad10/Fold1/ros2/3_param/install/py_param_node:/home/wudad10/Fold1/chapter9/fishbot_ws/install/ros_serial2wifi:/home/wudad10/Fold1/chapter9/install/ros_serial2wifi:/opt/ros/humble /usr/bin/cmake --build /home/wudad10/Fold1/ros2/4_action/build/my_interfaces -- -j4 -l4
[0.838s] INFO:colcon.colcon_core.task.python.build:Building Python package in '/home/wudad10/Fold1/ros2/4_action/src/py_action_client'
[0.838s] INFO:colcon.colcon_core.shell:Skip shell extension 'powershell' for command environment: Not usable outside of PowerShell
[0.838s] DEBUG:colcon.colcon_core.shell:Skip shell extension 'dsv' for command environment
[0.847s] DEBUG:colcon.colcon_core.event_handler.log_command:Invoked command in '/home/wudad10/Fold1/ros2/4_action/build/cpp_action_server' returned '0': CMAKE_PREFIX_PATH=${CMAKE_PREFIX_PATH}:/home/wudad10/Fold1/ros2/4_action/install/py_action_server:/home/wudad10/Fold1/ros2/4_action/install/py_action_client:/home/wudad10/Fold1/ros2/3_param/install/py_param_node:/home/wudad10/Fold1/chapter9/fishbot_ws/install/ros_serial2wifi:/home/wudad10/Fold1/chapter9/install/ros_serial2wifi:/opt/ros/humble /usr/bin/cmake --build /home/wudad10/Fold1/ros2/4_action/build/cpp_action_server -- -j4 -l4
[0.862s] DEBUG:colcon.colcon_core.event_handler.log_command:Invoking command in '/home/wudad10/Fold1/ros2/4_action/build/cpp_action_server': CMAKE_PREFIX_PATH=${CMAKE_PREFIX_PATH}:/home/wudad10/Fold1/ros2/4_action/install/py_action_server:/home/wudad10/Fold1/ros2/4_action/install/py_action_client:/home/wudad10/Fold1/ros2/3_param/install/py_param_node:/home/wudad10/Fold1/chapter9/fishbot_ws/install/ros_serial2wifi:/home/wudad10/Fold1/chapter9/install/ros_serial2wifi:/opt/ros/humble /usr/bin/cmake --install /home/wudad10/Fold1/ros2/4_action/build/cpp_action_server
[0.863s] DEBUG:colcon.colcon_core.event_handler.log_command:Invoked command in '/home/wudad10/Fold1/ros2/4_action/build/cpp_action_client' returned '0': CMAKE_PREFIX_PATH=${CMAKE_PREFIX_PATH}:/home/wudad10/Fold1/ros2/4_action/install/py_action_server:/home/wudad10/Fold1/ros2/4_action/install/py_action_client:/home/wudad10/Fold1/ros2/3_param/install/py_param_node:/home/wudad10/Fold1/chapter9/fishbot_ws/install/ros_serial2wifi:/home/wudad10/Fold1/chapter9/install/ros_serial2wifi:/opt/ros/humble /usr/bin/cmake --build /home/wudad10/Fold1/ros2/4_action/build/cpp_action_client -- -j4 -l4
[0.869s] DEBUG:colcon.colcon_core.event_handler.log_command:Invoking command in '/home/wudad10/Fold1/ros2/4_action/build/cpp_action_client': CMAKE_PREFIX_PATH=${CMAKE_PREFIX_PATH}:/home/wudad10/Fold1/ros2/4_action/install/py_action_server:/home/wudad10/Fold1/ros2/4_action/install/py_action_client:/home/wudad10/Fold1/ros2/3_param/install/py_param_node:/home/wudad10/Fold1/chapter9/fishbot_ws/install/ros_serial2wifi:/home/wudad10/Fold1/chapter9/install/ros_serial2wifi:/opt/ros/humble /usr/bin/cmake --install /home/wudad10/Fold1/ros2/4_action/build/cpp_action_client
[0.882s] Level 1:colcon.colcon_core.environment:create_environment_scripts_only(cpp_action_client)
[0.885s] DEBUG:colcon.colcon_core.event_handler.log_command:Invoked command in '/home/wudad10/Fold1/ros2/4_action/build/cpp_action_client' returned '0': CMAKE_PREFIX_PATH=${CMAKE_PREFIX_PATH}:/home/wudad10/Fold1/ros2/4_action/install/py_action_server:/home/wudad10/Fold1/ros2/4_action/install/py_action_client:/home/wudad10/Fold1/ros2/3_param/install/py_param_node:/home/wudad10/Fold1/chapter9/fishbot_ws/install/ros_serial2wifi:/home/wudad10/Fold1/chapter9/install/ros_serial2wifi:/opt/ros/humble /usr/bin/cmake --install /home/wudad10/Fold1/ros2/4_action/build/cpp_action_client
[0.888s] Level 1:colcon.colcon_core.environment:checking '/home/wudad10/Fold1/ros2/4_action/install/cpp_action_client' for CMake module files
[0.888s] Level 1:colcon.colcon_core.environment:checking '/home/wudad10/Fold1/ros2/4_action/install/cpp_action_client' for CMake config files
[0.888s] Level 1:colcon.colcon_core.shell:create_environment_hook('cpp_action_client', 'cmake_prefix_path')
[0.889s] INFO:colcon.colcon_core.shell:Creating environment hook '/home/wudad10/Fold1/ros2/4_action/install/cpp_action_client/share/cpp_action_client/hook/cmake_prefix_path.ps1'
[0.890s] INFO:colcon.colcon_core.shell:Creating environment descriptor '/home/wudad10/Fold1/ros2/4_action/install/cpp_action_client/share/cpp_action_client/hook/cmake_prefix_path.dsv'
[0.890s] INFO:colcon.colcon_core.shell:Creating environment hook '/home/wudad10/Fold1/ros2/4_action/install/cpp_action_client/share/cpp_action_client/hook/cmake_prefix_path.sh'
[0.892s] Level 1:colcon.colcon_core.environment:checking '/home/wudad10/Fold1/ros2/4_action/install/cpp_action_client/bin'
[0.892s] Level 1:colcon.colcon_core.environment:checking '/home/wudad10/Fold1/ros2/4_action/install/cpp_action_client/lib/pkgconfig/cpp_action_client.pc'
[0.892s] Level 1:colcon.colcon_core.environment:checking '/home/wudad10/Fold1/ros2/4_action/install/cpp_action_client/lib/python3.10/site-packages'
[0.893s] Level 1:colcon.colcon_core.environment:checking '/home/wudad10/Fold1/ros2/4_action/install/cpp_action_client/bin'
[0.893s] INFO:colcon.colcon_core.shell:Creating package script '/home/wudad10/Fold1/ros2/4_action/install/cpp_action_client/share/cpp_action_client/package.ps1'
[0.894s] INFO:colcon.colcon_core.shell:Creating package descriptor '/home/wudad10/Fold1/ros2/4_action/install/cpp_action_client/share/cpp_action_client/package.dsv'
[0.895s] INFO:colcon.colcon_core.shell:Creating package script '/home/wudad10/Fold1/ros2/4_action/install/cpp_action_client/share/cpp_action_client/package.sh'
[0.896s] INFO:colcon.colcon_core.shell:Creating package script '/home/wudad10/Fold1/ros2/4_action/install/cpp_action_client/share/cpp_action_client/package.bash'
[0.897s] INFO:colcon.colcon_core.shell:Creating package script '/home/wudad10/Fold1/ros2/4_action/install/cpp_action_client/share/cpp_action_client/package.zsh'
[0.898s] Level 1:colcon.colcon_core.environment:create_file_with_runtime_dependencies(/home/wudad10/Fold1/ros2/4_action/install/cpp_action_client/share/colcon-core/packages/cpp_action_client)
[0.899s] Level 1:colcon.colcon_core.environment:create_environment_scripts_only(cpp_action_client)
[0.899s] Level 1:colcon.colcon_core.environment:checking '/home/wudad10/Fold1/ros2/4_action/install/cpp_action_client' for CMake module files
[0.900s] Level 1:colcon.colcon_core.environment:checking '/home/wudad10/Fold1/ros2/4_action/install/cpp_action_client' for CMake config files
[0.901s] Level 1:colcon.colcon_core.shell:create_environment_hook('cpp_action_client', 'cmake_prefix_path')
[0.901s] INFO:colcon.colcon_core.shell:Creating environment hook '/home/wudad10/Fold1/ros2/4_action/install/cpp_action_client/share/cpp_action_client/hook/cmake_prefix_path.ps1'
[0.902s] INFO:colcon.colcon_core.shell:Creating environment descriptor '/home/wudad10/Fold1/ros2/4_action/install/cpp_action_client/share/cpp_action_client/hook/cmake_prefix_path.dsv'
[0.902s] INFO:colcon.colcon_core.shell:Creating environment hook '/home/wudad10/Fold1/ros2/4_action/install/cpp_action_client/share/cpp_action_client/hook/cmake_prefix_path.sh'
[0.903s] Level 1:colcon.colcon_core.environment:checking '/home/wudad10/Fold1/ros2/4_action/install/cpp_action_client/bin'
[0.903s] Level 1:colcon.colcon_core.environment:checking '/home/wudad10/Fold1/ros2/4_action/install/cpp_action_client/lib/pkgconfig/cpp_action_client.pc'
[0.903s] Level 1:colcon.colcon_core.environment:checking '/home/wudad10/Fold1/ros2/4_action/install/cpp_action_client/lib/python3.10/site-packages'
[0.903s] Level 1:colcon.colcon_core.environment:checking '/home/wudad10/Fold1/ros2/4_action/install/cpp_action_client/bin'
[0.904s] INFO:colcon.colcon_core.shell:Creating package script '/home/wudad10/Fold1/ros2/4_action/install/cpp_action_client/share/cpp_action_client/package.ps1'
[0.904s] INFO:colcon.colcon_core.shell:Creating package descriptor '/home/wudad10/Fold1/ros2/4_action/install/cpp_action_client/share/cpp_action_client/package.dsv'
[0.905s] INFO:colcon.colcon_core.shell:Creating package script '/home/wudad10/Fold1/ros2/4_action/install/cpp_action_client/share/cpp_action_client/package.sh'
[0.906s] INFO:colcon.colcon_core.shell:Creating package script '/home/wudad10/Fold1/ros2/4_action/install/cpp_action_client/share/cpp_action_client/package.bash'
[0.907s] INFO:colcon.colcon_core.shell:Creating package script '/home/wudad10/Fold1/ros2/4_action/install/cpp_action_client/share/cpp_action_client/package.zsh'
[0.907s] Level 1:colcon.colcon_core.environment:create_file_with_runtime_dependencies(/home/wudad10/Fold1/ros2/4_action/install/cpp_action_client/share/colcon-core/packages/cpp_action_client)
[0.907s] Level 1:colcon.colcon_core.environment:create_environment_scripts_only(cpp_action_server)
[0.908s] Level 1:colcon.colcon_core.environment:checking '/home/wudad10/Fold1/ros2/4_action/install/cpp_action_server' for CMake module files
[0.908s] Level 1:colcon.colcon_core.environment:checking '/home/wudad10/Fold1/ros2/4_action/install/cpp_action_server' for CMake config files
[0.908s] Level 1:colcon.colcon_core.shell:create_environment_hook('cpp_action_server', 'cmake_prefix_path')
[0.908s] INFO:colcon.colcon_core.shell:Creating environment hook '/home/wudad10/Fold1/ros2/4_action/install/cpp_action_server/share/cpp_action_server/hook/cmake_prefix_path.ps1'
[0.909s] DEBUG:colcon.colcon_core.event_handler.log_command:Invoked command in '/home/wudad10/Fold1/ros2/4_action/build/cpp_action_server' returned '0': CMAKE_PREFIX_PATH=${CMAKE_PREFIX_PATH}:/home/wudad10/Fold1/ros2/4_action/install/py_action_server:/home/wudad10/Fold1/ros2/4_action/install/py_action_client:/home/wudad10/Fold1/ros2/3_param/install/py_param_node:/home/wudad10/Fold1/chapter9/fishbot_ws/install/ros_serial2wifi:/home/wudad10/Fold1/chapter9/install/ros_serial2wifi:/opt/ros/humble /usr/bin/cmake --install /home/wudad10/Fold1/ros2/4_action/build/cpp_action_server
[0.910s] INFO:colcon.colcon_core.shell:Creating environment descriptor '/home/wudad10/Fold1/ros2/4_action/install/cpp_action_server/share/cpp_action_server/hook/cmake_prefix_path.dsv'
[0.911s] INFO:colcon.colcon_core.shell:Creating environment hook '/home/wudad10/Fold1/ros2/4_action/install/cpp_action_server/share/cpp_action_server/hook/cmake_prefix_path.sh'
[0.911s] Level 1:colcon.colcon_core.environment:checking '/home/wudad10/Fold1/ros2/4_action/install/cpp_action_server/bin'
[0.912s] Level 1:colcon.colcon_core.environment:checking '/home/wudad10/Fold1/ros2/4_action/install/cpp_action_server/lib/pkgconfig/cpp_action_server.pc'
[0.912s] Level 1:colcon.colcon_core.environment:checking '/home/wudad10/Fold1/ros2/4_action/install/cpp_action_server/lib/python3.10/site-packages'
[0.912s] Level 1:colcon.colcon_core.environment:checking '/home/wudad10/Fold1/ros2/4_action/install/cpp_action_server/bin'
[0.912s] INFO:colcon.colcon_core.shell:Creating package script '/home/wudad10/Fold1/ros2/4_action/install/cpp_action_server/share/cpp_action_server/package.ps1'
[0.913s] INFO:colcon.colcon_core.shell:Creating package descriptor '/home/wudad10/Fold1/ros2/4_action/install/cpp_action_server/share/cpp_action_server/package.dsv'
[0.914s] INFO:colcon.colcon_core.shell:Creating package script '/home/wudad10/Fold1/ros2/4_action/install/cpp_action_server/share/cpp_action_server/package.sh'
[0.914s] INFO:colcon.colcon_core.shell:Creating package script '/home/wudad10/Fold1/ros2/4_action/install/cpp_action_server/share/cpp_action_server/package.bash'
[0.915s] INFO:colcon.colcon_core.shell:Creating package script '/home/wudad10/Fold1/ros2/4_action/install/cpp_action_server/share/cpp_action_server/package.zsh'
[0.916s] Level 1:colcon.colcon_core.environment:create_file_with_runtime_dependencies(/home/wudad10/Fold1/ros2/4_action/install/cpp_action_server/share/colcon-core/packages/cpp_action_server)
[0.917s] Level 1:colcon.colcon_core.environment:create_environment_scripts_only(cpp_action_server)
[0.917s] Level 1:colcon.colcon_core.environment:checking '/home/wudad10/Fold1/ros2/4_action/install/cpp_action_server' for CMake module files
[0.917s] Level 1:colcon.colcon_core.environment:checking '/home/wudad10/Fold1/ros2/4_action/install/cpp_action_server' for CMake config files
[0.918s] Level 1:colcon.colcon_core.shell:create_environment_hook('cpp_action_server', 'cmake_prefix_path')
[0.918s] INFO:colcon.colcon_core.shell:Creating environment hook '/home/wudad10/Fold1/ros2/4_action/install/cpp_action_server/share/cpp_action_server/hook/cmake_prefix_path.ps1'
[0.918s] INFO:colcon.colcon_core.shell:Creating environment descriptor '/home/wudad10/Fold1/ros2/4_action/install/cpp_action_server/share/cpp_action_server/hook/cmake_prefix_path.dsv'
[0.919s] INFO:colcon.colcon_core.shell:Creating environment hook '/home/wudad10/Fold1/ros2/4_action/install/cpp_action_server/share/cpp_action_server/hook/cmake_prefix_path.sh'
[0.920s] Level 1:colcon.colcon_core.environment:checking '/home/wudad10/Fold1/ros2/4_action/install/cpp_action_server/bin'
[0.920s] Level 1:colcon.colcon_core.environment:checking '/home/wudad10/Fold1/ros2/4_action/install/cpp_action_server/lib/pkgconfig/cpp_action_server.pc'
[0.920s] Level 1:colcon.colcon_core.environment:checking '/home/wudad10/Fold1/ros2/4_action/install/cpp_action_server/lib/python3.10/site-packages'
[0.920s] Level 1:colcon.colcon_core.environment:checking '/home/wudad10/Fold1/ros2/4_action/install/cpp_action_server/bin'
[0.921s] INFO:colcon.colcon_core.shell:Creating package script '/home/wudad10/Fold1/ros2/4_action/install/cpp_action_server/share/cpp_action_server/package.ps1'
[0.922s] INFO:colcon.colcon_core.shell:Creating package descriptor '/home/wudad10/Fold1/ros2/4_action/install/cpp_action_server/share/cpp_action_server/package.dsv'
[0.922s] INFO:colcon.colcon_core.shell:Creating package script '/home/wudad10/Fold1/ros2/4_action/install/cpp_action_server/share/cpp_action_server/package.sh'
[0.923s] INFO:colcon.colcon_core.shell:Creating package script '/home/wudad10/Fold1/ros2/4_action/install/cpp_action_server/share/cpp_action_server/package.bash'
[0.924s] INFO:colcon.colcon_core.shell:Creating package script '/home/wudad10/Fold1/ros2/4_action/install/cpp_action_server/share/cpp_action_server/package.zsh'
[0.925s] Level 1:colcon.colcon_core.environment:create_file_with_runtime_dependencies(/home/wudad10/Fold1/ros2/4_action/install/cpp_action_server/share/colcon-core/packages/cpp_action_server)
[0.925s] INFO:colcon.colcon_ros.task.ament_python.build:Building ROS package in '/home/wudad10/Fold1/ros2/4_action/src/py_action_server' with build type 'ament_python'
[0.925s] Level 1:colcon.colcon_core.shell:create_environment_hook('py_action_server', 'ament_prefix_path')
[0.925s] INFO:colcon.colcon_core.shell:Creating environment hook '/home/wudad10/Fold1/ros2/4_action/install/py_action_server/share/py_action_server/hook/ament_prefix_path.ps1'
[0.926s] INFO:colcon.colcon_core.shell:Creating environment descriptor '/home/wudad10/Fold1/ros2/4_action/install/py_action_server/share/py_action_server/hook/ament_prefix_path.dsv'
[0.927s] INFO:colcon.colcon_core.shell:Creating environment hook '/home/wudad10/Fold1/ros2/4_action/install/py_action_server/share/py_action_server/hook/ament_prefix_path.sh'
[0.928s] INFO:colcon.colcon_core.shell:Skip shell extension 'powershell' for command environment: Not usable outside of PowerShell
[0.928s] DEBUG:colcon.colcon_core.shell:Skip shell extension 'dsv' for command environment
[0.938s] DEBUG:colcon.colcon_core.event_handler.log_command:Invoked command in '/home/wudad10/Fold1/ros2/4_action/build/my_interfaces' returned '0': CMAKE_PREFIX_PATH=${CMAKE_PREFIX_PATH}:/home/wudad10/Fold1/ros2/4_action/install/py_action_server:/home/wudad10/Fold1/ros2/4_action/install/py_action_client:/home/wudad10/Fold1/ros2/3_param/install/py_param_node:/home/wudad10/Fold1/chapter9/fishbot_ws/install/ros_serial2wifi:/home/wudad10/Fold1/chapter9/install/ros_serial2wifi:/opt/ros/humble /usr/bin/cmake --build /home/wudad10/Fold1/ros2/4_action/build/my_interfaces -- -j4 -l4
[0.951s] DEBUG:colcon.colcon_core.event_handler.log_command:Invoking command in '/home/wudad10/Fold1/ros2/4_action/build/my_interfaces': CMAKE_PREFIX_PATH=${CMAKE_PREFIX_PATH}:/home/wudad10/Fold1/ros2/4_action/install/py_action_server:/home/wudad10/Fold1/ros2/4_action/install/py_action_client:/home/wudad10/Fold1/ros2/3_param/install/py_param_node:/home/wudad10/Fold1/chapter9/fishbot_ws/install/ros_serial2wifi:/home/wudad10/Fold1/chapter9/install/ros_serial2wifi:/opt/ros/humble /usr/bin/cmake --install /home/wudad10/Fold1/ros2/4_action/build/my_interfaces
[1.270s] INFO:colcon.colcon_core.task.python.build:Building Python package in '/home/wudad10/Fold1/ros2/4_action/src/py_action_server'
[1.270s] INFO:colcon.colcon_core.shell:Skip shell extension 'powershell' for command environment: Not usable outside of PowerShell
[1.270s] DEBUG:colcon.colcon_core.shell:Skip shell extension 'dsv' for command environment
[1.277s] Level 1:colcon.colcon_core.environment:create_environment_scripts_only(my_interfaces)
[1.278s] Level 1:colcon.colcon_core.environment:checking '/home/wudad10/Fold1/ros2/4_action/install/my_interfaces' for CMake module files
[1.279s] DEBUG:colcon.colcon_core.event_handler.log_command:Invoked command in '/home/wudad10/Fold1/ros2/4_action/build/my_interfaces' returned '0': CMAKE_PREFIX_PATH=${CMAKE_PREFIX_PATH}:/home/wudad10/Fold1/ros2/4_action/install/py_action_server:/home/wudad10/Fold1/ros2/4_action/install/py_action_client:/home/wudad10/Fold1/ros2/3_param/install/py_param_node:/home/wudad10/Fold1/chapter9/fishbot_ws/install/ros_serial2wifi:/home/wudad10/Fold1/chapter9/install/ros_serial2wifi:/opt/ros/humble /usr/bin/cmake --install /home/wudad10/Fold1/ros2/4_action/build/my_interfaces
[1.279s] Level 1:colcon.colcon_core.environment:checking '/home/wudad10/Fold1/ros2/4_action/install/my_interfaces' for CMake config files
[1.280s] Level 1:colcon.colcon_core.shell:create_environment_hook('my_interfaces', 'cmake_prefix_path')
[1.281s] INFO:colcon.colcon_core.shell:Creating environment hook '/home/wudad10/Fold1/ros2/4_action/install/my_interfaces/share/my_interfaces/hook/cmake_prefix_path.ps1'
[1.282s] INFO:colcon.colcon_core.shell:Creating environment descriptor '/home/wudad10/Fold1/ros2/4_action/install/my_interfaces/share/my_interfaces/hook/cmake_prefix_path.dsv'
[1.282s] INFO:colcon.colcon_core.shell:Creating environment hook '/home/wudad10/Fold1/ros2/4_action/install/my_interfaces/share/my_interfaces/hook/cmake_prefix_path.sh'
[1.283s] Level 1:colcon.colcon_core.environment:checking '/home/wudad10/Fold1/ros2/4_action/install/my_interfaces/lib'
[1.284s] Level 1:colcon.colcon_core.shell:create_environment_hook('my_interfaces', 'ld_library_path_lib')
[1.284s] INFO:colcon.colcon_core.shell:Creating environment hook '/home/wudad10/Fold1/ros2/4_action/install/my_interfaces/share/my_interfaces/hook/ld_library_path_lib.ps1'
[1.285s] INFO:colcon.colcon_core.shell:Creating environment descriptor '/home/wudad10/Fold1/ros2/4_action/install/my_interfaces/share/my_interfaces/hook/ld_library_path_lib.dsv'
[1.286s] INFO:colcon.colcon_core.shell:Creating environment hook '/home/wudad10/Fold1/ros2/4_action/install/my_interfaces/share/my_interfaces/hook/ld_library_path_lib.sh'
[1.287s] Level 1:colcon.colcon_core.environment:checking '/home/wudad10/Fold1/ros2/4_action/install/my_interfaces/bin'
[1.287s] Level 1:colcon.colcon_core.environment:checking '/home/wudad10/Fold1/ros2/4_action/install/my_interfaces/lib/pkgconfig/my_interfaces.pc'
[1.287s] Level 1:colcon.colcon_core.environment:checking '/home/wudad10/Fold1/ros2/4_action/install/my_interfaces/lib/python3.10/site-packages'
[1.287s] Level 1:colcon.colcon_core.environment:checking '/home/wudad10/Fold1/ros2/4_action/install/my_interfaces/bin'
[1.288s] INFO:colcon.colcon_core.shell:Creating package script '/home/wudad10/Fold1/ros2/4_action/install/my_interfaces/share/my_interfaces/package.ps1'
[1.288s] INFO:colcon.colcon_core.shell:Creating package descriptor '/home/wudad10/Fold1/ros2/4_action/install/my_interfaces/share/my_interfaces/package.dsv'
[1.289s] INFO:colcon.colcon_core.shell:Creating package script '/home/wudad10/Fold1/ros2/4_action/install/my_interfaces/share/my_interfaces/package.sh'
[1.290s] INFO:colcon.colcon_core.shell:Creating package script '/home/wudad10/Fold1/ros2/4_action/install/my_interfaces/share/my_interfaces/package.bash'
[1.291s] INFO:colcon.colcon_core.shell:Creating package script '/home/wudad10/Fold1/ros2/4_action/install/my_interfaces/share/my_interfaces/package.zsh'
[1.291s] Level 1:colcon.colcon_core.environment:create_file_with_runtime_dependencies(/home/wudad10/Fold1/ros2/4_action/install/my_interfaces/share/colcon-core/packages/my_interfaces)
[1.292s] Level 1:colcon.colcon_core.environment:create_environment_scripts_only(my_interfaces)
[1.293s] Level 1:colcon.colcon_core.environment:checking '/home/wudad10/Fold1/ros2/4_action/install/my_interfaces' for CMake module files
[1.293s] Level 1:colcon.colcon_core.environment:checking '/home/wudad10/Fold1/ros2/4_action/install/my_interfaces' for CMake config files
[1.294s] Level 1:colcon.colcon_core.shell:create_environment_hook('my_interfaces', 'cmake_prefix_path')
[1.294s] INFO:colcon.colcon_core.shell:Creating environment hook '/home/wudad10/Fold1/ros2/4_action/install/my_interfaces/share/my_interfaces/hook/cmake_prefix_path.ps1'
[1.295s] INFO:colcon.colcon_core.shell:Creating environment descriptor '/home/wudad10/Fold1/ros2/4_action/install/my_interfaces/share/my_interfaces/hook/cmake_prefix_path.dsv'
[1.295s] INFO:colcon.colcon_core.shell:Creating environment hook '/home/wudad10/Fold1/ros2/4_action/install/my_interfaces/share/my_interfaces/hook/cmake_prefix_path.sh'
[1.296s] Level 1:colcon.colcon_core.environment:checking '/home/wudad10/Fold1/ros2/4_action/install/my_interfaces/lib'
[1.296s] Level 1:colcon.colcon_core.shell:create_environment_hook('my_interfaces', 'ld_library_path_lib')
[1.296s] INFO:colcon.colcon_core.shell:Creating environment hook '/home/wudad10/Fold1/ros2/4_action/install/my_interfaces/share/my_interfaces/hook/ld_library_path_lib.ps1'
[1.297s] INFO:colcon.colcon_core.shell:Creating environment descriptor '/home/wudad10/Fold1/ros2/4_action/install/my_interfaces/share/my_interfaces/hook/ld_library_path_lib.dsv'
[1.297s] INFO:colcon.colcon_core.shell:Creating environment hook '/home/wudad10/Fold1/ros2/4_action/install/my_interfaces/share/my_interfaces/hook/ld_library_path_lib.sh'
[1.298s] Level 1:colcon.colcon_core.environment:checking '/home/wudad10/Fold1/ros2/4_action/install/my_interfaces/bin'
[1.298s] Level 1:colcon.colcon_core.environment:checking '/home/wudad10/Fold1/ros2/4_action/install/my_interfaces/lib/pkgconfig/my_interfaces.pc'
[1.298s] Level 1:colcon.colcon_core.environment:checking '/home/wudad10/Fold1/ros2/4_action/install/my_interfaces/lib/python3.10/site-packages'
[1.299s] Level 1:colcon.colcon_core.environment:checking '/home/wudad10/Fold1/ros2/4_action/install/my_interfaces/bin'
[1.299s] INFO:colcon.colcon_core.shell:Creating package script '/home/wudad10/Fold1/ros2/4_action/install/my_interfaces/share/my_interfaces/package.ps1'
[1.300s] INFO:colcon.colcon_core.shell:Creating package descriptor '/home/wudad10/Fold1/ros2/4_action/install/my_interfaces/share/my_interfaces/package.dsv'
[1.300s] INFO:colcon.colcon_core.shell:Creating package script '/home/wudad10/Fold1/ros2/4_action/install/my_interfaces/share/my_interfaces/package.sh'
[1.301s] INFO:colcon.colcon_core.shell:Creating package script '/home/wudad10/Fold1/ros2/4_action/install/my_interfaces/share/my_interfaces/package.bash'
[1.302s] INFO:colcon.colcon_core.shell:Creating package script '/home/wudad10/Fold1/ros2/4_action/install/my_interfaces/share/my_interfaces/package.zsh'
[1.302s] Level 1:colcon.colcon_core.environment:create_file_with_runtime_dependencies(/home/wudad10/Fold1/ros2/4_action/install/my_interfaces/share/colcon-core/packages/my_interfaces)
[1.313s] DEBUG:colcon.colcon_core.event_handler.log_command:Invoking command in '/home/wudad10/Fold1/ros2/4_action/src/py_action_client': PYTHONPATH=/home/wudad10/Fold1/ros2/4_action/build/py_action_client/prefix_override:/usr/lib/python3/dist-packages/colcon_core/task/python/colcon_distutils_commands:/home/wudad10/Fold1/ros2/4_action/install/py_action_client/lib/python3.10/site-packages:${PYTHONPATH} /usr/bin/python3 -W ignore:setup.py install is deprecated -W ignore:easy_install command is deprecated setup.py egg_info --egg-base ../../build/py_action_client build --build-base /home/wudad10/Fold1/ros2/4_action/build/py_action_client/build install --record /home/wudad10/Fold1/ros2/4_action/build/py_action_client/install.log --single-version-externally-managed install_data
[1.600s] Level 1:colcon.colcon_core.environment:checking '/home/wudad10/Fold1/ros2/4_action/install/py_action_client' for CMake module files
[1.601s] Level 1:colcon.colcon_core.environment:checking '/home/wudad10/Fold1/ros2/4_action/install/py_action_client' for CMake config files
[1.601s] Level 1:colcon.colcon_core.environment:checking '/home/wudad10/Fold1/ros2/4_action/install/py_action_client/lib'
[1.602s] Level 1:colcon.colcon_core.environment:checking '/home/wudad10/Fold1/ros2/4_action/install/py_action_client/bin'
[1.602s] Level 1:colcon.colcon_core.environment:checking '/home/wudad10/Fold1/ros2/4_action/install/py_action_client/lib/pkgconfig/py_action_client.pc'
[1.602s] Level 1:colcon.colcon_core.environment:checking '/home/wudad10/Fold1/ros2/4_action/install/py_action_client/lib/python3.10/site-packages'
[1.602s] Level 1:colcon.colcon_core.shell:create_environment_hook('py_action_client', 'pythonpath')
[1.602s] INFO:colcon.colcon_core.shell:Creating environment hook '/home/wudad10/Fold1/ros2/4_action/install/py_action_client/share/py_action_client/hook/pythonpath.ps1'
[1.603s] DEBUG:colcon.colcon_core.event_handler.log_command:Invoked command in '/home/wudad10/Fold1/ros2/4_action/src/py_action_client' returned '0': PYTHONPATH=/home/wudad10/Fold1/ros2/4_action/build/py_action_client/prefix_override:/usr/lib/python3/dist-packages/colcon_core/task/python/colcon_distutils_commands:/home/wudad10/Fold1/ros2/4_action/install/py_action_client/lib/python3.10/site-packages:${PYTHONPATH} /usr/bin/python3 -W ignore:setup.py install is deprecated -W ignore:easy_install command is deprecated setup.py egg_info --egg-base ../../build/py_action_client build --build-base /home/wudad10/Fold1/ros2/4_action/build/py_action_client/build install --record /home/wudad10/Fold1/ros2/4_action/build/py_action_client/install.log --single-version-externally-managed install_data
[1.603s] INFO:colcon.colcon_core.shell:Creating environment descriptor '/home/wudad10/Fold1/ros2/4_action/install/py_action_client/share/py_action_client/hook/pythonpath.dsv'
[1.603s] INFO:colcon.colcon_core.shell:Creating environment hook '/home/wudad10/Fold1/ros2/4_action/install/py_action_client/share/py_action_client/hook/pythonpath.sh'
[1.604s] Level 1:colcon.colcon_core.environment:checking '/home/wudad10/Fold1/ros2/4_action/install/py_action_client/bin'
[1.604s] Level 1:colcon.colcon_core.environment:create_environment_scripts_only(py_action_client)
[1.605s] INFO:colcon.colcon_core.shell:Creating package script '/home/wudad10/Fold1/ros2/4_action/install/py_action_client/share/py_action_client/package.ps1'
[1.605s] INFO:colcon.colcon_core.shell:Creating package descriptor '/home/wudad10/Fold1/ros2/4_action/install/py_action_client/share/py_action_client/package.dsv'
[1.606s] INFO:colcon.colcon_core.shell:Creating package script '/home/wudad10/Fold1/ros2/4_action/install/py_action_client/share/py_action_client/package.sh'
[1.607s] INFO:colcon.colcon_core.shell:Creating package script '/home/wudad10/Fold1/ros2/4_action/install/py_action_client/share/py_action_client/package.bash'
[1.607s] INFO:colcon.colcon_core.shell:Creating package script '/home/wudad10/Fold1/ros2/4_action/install/py_action_client/share/py_action_client/package.zsh'
[1.608s] Level 1:colcon.colcon_core.environment:create_file_with_runtime_dependencies(/home/wudad10/Fold1/ros2/4_action/install/py_action_client/share/colcon-core/packages/py_action_client)
[1.675s] DEBUG:colcon.colcon_core.event_handler.log_command:Invoking command in '/home/wudad10/Fold1/ros2/4_action/src/py_action_server': PYTHONPATH=/home/wudad10/Fold1/ros2/4_action/build/py_action_server/prefix_override:/usr/lib/python3/dist-packages/colcon_core/task/python/colcon_distutils_commands:/home/wudad10/Fold1/ros2/4_action/install/py_action_server/lib/python3.10/site-packages:${PYTHONPATH} /usr/bin/python3 -W ignore:setup.py install is deprecated -W ignore:easy_install command is deprecated setup.py egg_info --egg-base ../../build/py_action_server build --build-base /home/wudad10/Fold1/ros2/4_action/build/py_action_server/build install --record /home/wudad10/Fold1/ros2/4_action/build/py_action_server/install.log --single-version-externally-managed install_data
[1.969s] Level 1:colcon.colcon_core.environment:checking '/home/wudad10/Fold1/ros2/4_action/install/py_action_server' for CMake module files
[1.969s] DEBUG:colcon.colcon_core.event_handler.log_command:Invoked command in '/home/wudad10/Fold1/ros2/4_action/src/py_action_server' returned '0': PYTHONPATH=/home/wudad10/Fold1/ros2/4_action/build/py_action_server/prefix_override:/usr/lib/python3/dist-packages/colcon_core/task/python/colcon_distutils_commands:/home/wudad10/Fold1/ros2/4_action/install/py_action_server/lib/python3.10/site-packages:${PYTHONPATH} /usr/bin/python3 -W ignore:setup.py install is deprecated -W ignore:easy_install command is deprecated setup.py egg_info --egg-base ../../build/py_action_server build --build-base /home/wudad10/Fold1/ros2/4_action/build/py_action_server/build install --record /home/wudad10/Fold1/ros2/4_action/build/py_action_server/install.log --single-version-externally-managed install_data
[1.970s] Level 1:colcon.colcon_core.environment:checking '/home/wudad10/Fold1/ros2/4_action/install/py_action_server' for CMake config files
[1.970s] Level 1:colcon.colcon_core.environment:checking '/home/wudad10/Fold1/ros2/4_action/install/py_action_server/lib'
[1.970s] Level 1:colcon.colcon_core.environment:checking '/home/wudad10/Fold1/ros2/4_action/install/py_action_server/bin'
[1.970s] Level 1:colcon.colcon_core.environment:checking '/home/wudad10/Fold1/ros2/4_action/install/py_action_server/lib/pkgconfig/py_action_server.pc'
[1.970s] Level 1:colcon.colcon_core.environment:checking '/home/wudad10/Fold1/ros2/4_action/install/py_action_server/lib/python3.10/site-packages'
[1.971s] Level 1:colcon.colcon_core.shell:create_environment_hook('py_action_server', 'pythonpath')
[1.971s] INFO:colcon.colcon_core.shell:Creating environment hook '/home/wudad10/Fold1/ros2/4_action/install/py_action_server/share/py_action_server/hook/pythonpath.ps1'
[1.971s] INFO:colcon.colcon_core.shell:Creating environment descriptor '/home/wudad10/Fold1/ros2/4_action/install/py_action_server/share/py_action_server/hook/pythonpath.dsv'
[1.972s] INFO:colcon.colcon_core.shell:Creating environment hook '/home/wudad10/Fold1/ros2/4_action/install/py_action_server/share/py_action_server/hook/pythonpath.sh'
[1.973s] Level 1:colcon.colcon_core.environment:checking '/home/wudad10/Fold1/ros2/4_action/install/py_action_server/bin'
[1.973s] Level 1:colcon.colcon_core.environment:create_environment_scripts_only(py_action_server)
[1.973s] INFO:colcon.colcon_core.shell:Creating package script '/home/wudad10/Fold1/ros2/4_action/install/py_action_server/share/py_action_server/package.ps1'
[1.974s] INFO:colcon.colcon_core.shell:Creating package descriptor '/home/wudad10/Fold1/ros2/4_action/install/py_action_server/share/py_action_server/package.dsv'
[1.975s] INFO:colcon.colcon_core.shell:Creating package script '/home/wudad10/Fold1/ros2/4_action/install/py_action_server/share/py_action_server/package.sh'
[1.975s] INFO:colcon.colcon_core.shell:Creating package script '/home/wudad10/Fold1/ros2/4_action/install/py_action_server/share/py_action_server/package.bash'
[1.976s] INFO:colcon.colcon_core.shell:Creating package script '/home/wudad10/Fold1/ros2/4_action/install/py_action_server/share/py_action_server/package.zsh'
[1.976s] Level 1:colcon.colcon_core.environment:create_file_with_runtime_dependencies(/home/wudad10/Fold1/ros2/4_action/install/py_action_server/share/colcon-core/packages/py_action_server)
[1.977s] DEBUG:colcon.colcon_parallel_executor.executor.parallel:closing loop
[1.977s] DEBUG:colcon.colcon_parallel_executor.executor.parallel:loop closed
[1.978s] DEBUG:colcon.colcon_parallel_executor.executor.parallel:run_until_complete finished with '0'
[1.978s] DEBUG:colcon.colcon_core.event_reactor:joining thread
[1.983s] INFO:colcon.colcon_core.plugin_system:Skipping extension 'colcon_notification.desktop_notification.terminal_notifier': Not used on non-Darwin systems
[1.983s] INFO:colcon.colcon_core.plugin_system:Skipping extension 'colcon_notification.desktop_notification.win32': Not used on non-Windows systems
[1.983s] INFO:colcon.colcon_notification.desktop_notification:Sending desktop notification using 'notify2'
[1.999s] DEBUG:colcon.colcon_core.event_reactor:joined thread
[2.000s] INFO:colcon.colcon_core.shell:Creating prefix script '/home/wudad10/Fold1/ros2/4_action/install/local_setup.ps1'
[2.001s] INFO:colcon.colcon_core.shell:Creating prefix util module '/home/wudad10/Fold1/ros2/4_action/install/_local_setup_util_ps1.py'
[2.003s] INFO:colcon.colcon_core.shell:Creating prefix chain script '/home/wudad10/Fold1/ros2/4_action/install/setup.ps1'
[2.005s] INFO:colcon.colcon_core.shell:Creating prefix script '/home/wudad10/Fold1/ros2/4_action/install/local_setup.sh'
[2.006s] INFO:colcon.colcon_core.shell:Creating prefix util module '/home/wudad10/Fold1/ros2/4_action/install/_local_setup_util_sh.py'
[2.007s] INFO:colcon.colcon_core.shell:Creating prefix chain script '/home/wudad10/Fold1/ros2/4_action/install/setup.sh'
[2.009s] INFO:colcon.colcon_core.shell:Creating prefix script '/home/wudad10/Fold1/ros2/4_action/install/local_setup.bash'
[2.010s] INFO:colcon.colcon_core.shell:Creating prefix chain script '/home/wudad10/Fold1/ros2/4_action/install/setup.bash'
[2.012s] INFO:colcon.colcon_core.shell:Creating prefix script '/home/wudad10/Fold1/ros2/4_action/install/local_setup.zsh'
[2.012s] INFO:colcon.colcon_core.shell:Creating prefix chain script '/home/wudad10/Fold1/ros2/4_action/install/setup.zsh'
