[0.026s] Invoking command in '/home/wudad10/Fold1/ros2/3_param/build/cpp_param_node': CMAKE_PREFIX_PATH=${CMAKE_PREFIX_PATH}:/home/wudad10/Fold1/chapter9/fishbot_ws/install/ros_serial2wifi:/home/wudad10/Fold1/chapter9/install/ros_serial2wifi:/opt/ros/humble /usr/bin/cmake --build /home/wudad10/Fold1/ros2/3_param/build/cpp_param_node -- -j4 -l4
[0.059s] -- Found ament_cmake: 1.3.12 (/opt/ros/humble/share/ament_cmake/cmake)
[0.192s] -- Found ament_lint_auto: 0.12.14 (/opt/ros/humble/share/ament_lint_auto/cmake)
[0.262s] -- Found rclcpp: 16.0.15 (/opt/ros/humble/share/rclcpp/cmake)
[0.289s] -- Found rosidl_generator_c: 3.1.7 (/opt/ros/humble/share/rosidl_generator_c/cmake)
[0.295s] -- Found rosidl_adapter: 3.1.7 (/opt/ros/humble/share/rosidl_adapter/cmake)
[0.298s] -- Found rosidl_generator_cpp: 3.1.7 (/opt/ros/humble/share/rosidl_generator_cpp/cmake)
[0.309s] -- Using all available rosidl_typesupport_c: rosidl_typesupport_fastrtps_c;rosidl_typesupport_introspection_c
[0.330s] -- Using all available rosidl_typesupport_cpp: rosidl_typesupport_fastrtps_cpp;rosidl_typesupport_introspection_cpp
[0.365s] -- Found rmw_implementation_cmake: 6.1.2 (/opt/ros/humble/share/rmw_implementation_cmake/cmake)
[0.367s] -- Found rmw_fastrtps_cpp: 6.2.9 (/opt/ros/humble/share/rmw_fastrtps_cpp/cmake)
[0.485s] -- Using RMW implementation 'rmw_fastrtps_cpp' as default
[0.535s] -- Added test 'cppcheck' to perform static code analysis on C / C++ code
[0.535s] -- Configured cppcheck include dirs: 
[0.535s] -- Configured cppcheck exclude dirs and/or files: 
[0.535s] -- Added test 'lint_cmake' to check CMake code style
[0.536s] -- Added test 'uncrustify' to check C / C++ code style
[0.536s] -- Configured uncrustify additional arguments: 
[0.536s] -- Added test 'xmllint' to check XML markup files
[0.537s] -- Configuring done
[0.551s] -- Generating done
[0.556s] -- Build files have been written to: /home/wudad10/Fold1/ros2/3_param/build/cpp_param_node
[0.588s] [35m[1mConsolidate compiler generated dependencies of target cpp_param_node[0m
[0.605s] [ 50%] [32mBuilding CXX object CMakeFiles/cpp_param_node.dir/src/cpp_param_node.cpp.o[0m
[3.749s] [100%] [32m[1mLinking CXX executable cpp_param_node[0m
[3.901s] [100%] Built target cpp_param_node
[3.917s] Invoked command in '/home/wudad10/Fold1/ros2/3_param/build/cpp_param_node' returned '0': CMAKE_PREFIX_PATH=${CMAKE_PREFIX_PATH}:/home/wudad10/Fold1/chapter9/fishbot_ws/install/ros_serial2wifi:/home/wudad10/Fold1/chapter9/install/ros_serial2wifi:/opt/ros/humble /usr/bin/cmake --build /home/wudad10/Fold1/ros2/3_param/build/cpp_param_node -- -j4 -l4
[3.931s] Invoking command in '/home/wudad10/Fold1/ros2/3_param/build/cpp_param_node': CMAKE_PREFIX_PATH=${CMAKE_PREFIX_PATH}:/home/wudad10/Fold1/chapter9/fishbot_ws/install/ros_serial2wifi:/home/wudad10/Fold1/chapter9/install/ros_serial2wifi:/opt/ros/humble /usr/bin/cmake --install /home/wudad10/Fold1/ros2/3_param/build/cpp_param_node
[3.940s] -- Install configuration: ""
[3.941s] -- Installing: /home/wudad10/Fold1/ros2/3_param/install/cpp_param_node/lib/cpp_param_node/cpp_param_node
[3.941s] -- Set runtime path of "/home/wudad10/Fold1/ros2/3_param/install/cpp_param_node/lib/cpp_param_node/cpp_param_node" to ""
[3.942s] -- Installing: /home/wudad10/Fold1/ros2/3_param/install/cpp_param_node/share/ament_index/resource_index/package_run_dependencies/cpp_param_node
[3.943s] -- Installing: /home/wudad10/Fold1/ros2/3_param/install/cpp_param_node/share/ament_index/resource_index/parent_prefix_path/cpp_param_node
[3.943s] -- Installing: /home/wudad10/Fold1/ros2/3_param/install/cpp_param_node/share/cpp_param_node/environment/ament_prefix_path.sh
[3.944s] -- Installing: /home/wudad10/Fold1/ros2/3_param/install/cpp_param_node/share/cpp_param_node/environment/ament_prefix_path.dsv
[3.945s] -- Installing: /home/wudad10/Fold1/ros2/3_param/install/cpp_param_node/share/cpp_param_node/environment/path.sh
[3.946s] -- Installing: /home/wudad10/Fold1/ros2/3_param/install/cpp_param_node/share/cpp_param_node/environment/path.dsv
[3.947s] -- Installing: /home/wudad10/Fold1/ros2/3_param/install/cpp_param_node/share/cpp_param_node/local_setup.bash
[3.948s] -- Installing: /home/wudad10/Fold1/ros2/3_param/install/cpp_param_node/share/cpp_param_node/local_setup.sh
[3.949s] -- Installing: /home/wudad10/Fold1/ros2/3_param/install/cpp_param_node/share/cpp_param_node/local_setup.zsh
[3.949s] -- Installing: /home/wudad10/Fold1/ros2/3_param/install/cpp_param_node/share/cpp_param_node/local_setup.dsv
[3.950s] -- Installing: /home/wudad10/Fold1/ros2/3_param/install/cpp_param_node/share/cpp_param_node/package.dsv
[3.951s] -- Installing: /home/wudad10/Fold1/ros2/3_param/install/cpp_param_node/share/ament_index/resource_index/packages/cpp_param_node
[3.951s] -- Installing: /home/wudad10/Fold1/ros2/3_param/install/cpp_param_node/share/cpp_param_node/cmake/cpp_param_nodeConfig.cmake
[3.952s] -- Installing: /home/wudad10/Fold1/ros2/3_param/install/cpp_param_node/share/cpp_param_node/cmake/cpp_param_nodeConfig-version.cmake
[3.953s] -- Installing: /home/wudad10/Fold1/ros2/3_param/install/cpp_param_node/share/cpp_param_node/package.xml
[3.957s] Invoked command in '/home/wudad10/Fold1/ros2/3_param/build/cpp_param_node' returned '0': CMAKE_PREFIX_PATH=${CMAKE_PREFIX_PATH}:/home/wudad10/Fold1/chapter9/fishbot_ws/install/ros_serial2wifi:/home/wudad10/Fold1/chapter9/install/ros_serial2wifi:/opt/ros/humble /usr/bin/cmake --install /home/wudad10/Fold1/ros2/3_param/build/cpp_param_node
