[0.030s] Invoking command in '/home/wudad10/Fold1/ros2/6_tf/build/cpp_tf': CMAKE_PREFIX_PATH=${CMAKE_PREFIX_PATH}:/home/wudad10/Fold1/chapter9/fishbot_ws/install/ros_serial2wifi:/home/wudad10/Fold1/chapter9/install/ros_serial2wifi:/opt/ros/humble /usr/bin/cmake /home/wudad10/Fold1/ros2/6_tf/src/cpp_tf -DCMAKE_INSTALL_PREFIX=/home/wudad10/Fold1/ros2/6_tf/install/cpp_tf
[0.307s] -- The C compiler identification is GNU 11.4.0
[0.464s] -- The CXX compiler identification is GNU 11.4.0
[0.478s] -- Detecting C compiler ABI info
[0.581s] -- Detecting C compiler ABI info - done
[0.591s] -- Check for working C compiler: /usr/bin/cc - skipped
[0.592s] -- Detecting C compile features
[0.592s] -- Detecting C compile features - done
[0.597s] -- Detecting CXX compiler ABI info
[0.713s] -- Detecting CXX compiler ABI info - done
[0.720s] -- Check for working CXX compiler: /usr/bin/c++ - skipped
[0.720s] -- Detecting CXX compile features
[0.721s] -- Detecting CXX compile features - done
[0.729s] -- Found ament_cmake: 1.3.12 (/opt/ros/humble/share/ament_cmake/cmake)
[0.920s] -- Found Python3: /usr/bin/python3 (found version "3.10.12") found components: Interpreter 
[1.082s] -- Found ament_lint_auto: 0.12.14 (/opt/ros/humble/share/ament_lint_auto/cmake)
[1.183s] -- Found rclcpp: 16.0.15 (/opt/ros/humble/share/rclcpp/cmake)
[1.304s] -- Found rosidl_generator_c: 3.1.7 (/opt/ros/humble/share/rosidl_generator_c/cmake)
[1.316s] -- Found rosidl_adapter: 3.1.7 (/opt/ros/humble/share/rosidl_adapter/cmake)
[1.337s] -- Found rosidl_generator_cpp: 3.1.7 (/opt/ros/humble/share/rosidl_generator_cpp/cmake)
[1.363s] -- Using all available rosidl_typesupport_c: rosidl_typesupport_fastrtps_c;rosidl_typesupport_introspection_c
[1.392s] -- Using all available rosidl_typesupport_cpp: rosidl_typesupport_fastrtps_cpp;rosidl_typesupport_introspection_cpp
[1.480s] -- Found rmw_implementation_cmake: 6.1.2 (/opt/ros/humble/share/rmw_implementation_cmake/cmake)
[1.487s] -- Found rmw_fastrtps_cpp: 6.2.9 (/opt/ros/humble/share/rmw_fastrtps_cpp/cmake)
[1.648s] -- Found OpenSSL: /usr/lib/x86_64-linux-gnu/libcrypto.so (found version "3.0.2")  
[1.683s] -- Found FastRTPS: /opt/ros/humble/include  
[1.730s] -- Using RMW implementation 'rmw_fastrtps_cpp' as default
[1.750s] -- Looking for pthread.h
[1.850s] -- Looking for pthread.h - found
[1.850s] -- Performing Test CMAKE_HAVE_LIBC_PTHREAD
[1.945s] -- Performing Test CMAKE_HAVE_LIBC_PTHREAD - Success
[1.946s] -- Found Threads: TRUE  
[2.037s] -- Found tf2: 0.25.16 (/opt/ros/humble/share/tf2/cmake)
[2.086s] -- Found tf2_ros: 0.25.16 (/opt/ros/humble/share/tf2_ros/cmake)
[2.253s] [31mCMake Error at CMakeLists.txt:60 (install):
[2.253s]   install TARGETS given target "tf_broadcaster" which does not exist.
[2.253s] 
[2.253s] [0m
[2.260s] -- Added test 'cppcheck' to perform static code analysis on C / C++ code
[2.260s] -- Configured cppcheck include dirs: 
[2.260s] -- Configured cppcheck exclude dirs and/or files: 
[2.261s] -- Added test 'flake8' to check Python code syntax and style conventions
[2.262s] -- Added test 'lint_cmake' to check CMake code style
[2.264s] -- Added test 'pep257' to check Python code against some of the docstring style conventions in PEP 257
[2.265s] -- Added test 'uncrustify' to check C / C++ code style
[2.266s] -- Configured uncrustify additional arguments: 
[2.267s] -- Added test 'xmllint' to check XML markup files
[2.270s] -- Configuring incomplete, errors occurred!
[2.270s] See also "/home/wudad10/Fold1/ros2/6_tf/build/cpp_tf/CMakeFiles/CMakeOutput.log".
[2.281s] Invoked command in '/home/wudad10/Fold1/ros2/6_tf/build/cpp_tf' returned '1': CMAKE_PREFIX_PATH=${CMAKE_PREFIX_PATH}:/home/wudad10/Fold1/chapter9/fishbot_ws/install/ros_serial2wifi:/home/wudad10/Fold1/chapter9/install/ros_serial2wifi:/opt/ros/humble /usr/bin/cmake /home/wudad10/Fold1/ros2/6_tf/src/cpp_tf -DCMAKE_INSTALL_PREFIX=/home/wudad10/Fold1/ros2/6_tf/install/cpp_tf
