[0.042s] Invoking command in '/home/wudad10/Fold1/ros2/4_action/build/cpp_action_client': CMAKE_PREFIX_PATH=${CMAKE_PREFIX_PATH}:/home/wudad10/Fold1/ros2/3_param/install/py_param_node:/home/wudad10/Fold1/chapter9/fishbot_ws/install/ros_serial2wifi:/home/wudad10/Fold1/chapter9/install/ros_serial2wifi:/opt/ros/humble /usr/bin/cmake /home/wudad10/Fold1/ros2/4_action/src/cpp_action_client -DCMAKE_INSTALL_PREFIX=/home/wudad10/Fold1/ros2/4_action/install/cpp_action_client
[0.239s] -- The C compiler identification is GNU 11.4.0
[0.479s] -- The CXX compiler identification is GNU 11.4.0
[0.502s] -- Detecting C compiler ABI info
[0.672s] -- Detecting C compiler ABI info - done
[0.699s] -- Check for working C compiler: /usr/bin/cc - skipped
[0.699s] -- Detecting C compile features
[0.699s] -- Detecting C compile features - done
[0.708s] -- Detecting CXX compiler ABI info
[0.868s] -- Detecting CXX compiler ABI info - done
[0.881s] -- Check for working CXX compiler: /usr/bin/c++ - skipped
[0.889s] -- Detecting CXX compile features
[0.889s] -- Detecting CXX compile features - done
[0.900s] -- Found ament_cmake: 1.3.12 (/opt/ros/humble/share/ament_cmake/cmake)
[1.185s] -- Found Python3: /usr/bin/python3 (found version "3.10.12") found components: Interpreter 
[1.406s] -- Found ament_lint_auto: 0.12.14 (/opt/ros/humble/share/ament_lint_auto/cmake)
[1.523s] -- Found rclcpp_action: 16.0.15 (/opt/ros/humble/share/rclcpp_action/cmake)
[1.593s] -- Found rosidl_generator_c: 3.1.7 (/opt/ros/humble/share/rosidl_generator_c/cmake)
[1.600s] -- Found rosidl_adapter: 3.1.7 (/opt/ros/humble/share/rosidl_adapter/cmake)
[1.616s] -- Found rosidl_generator_cpp: 3.1.7 (/opt/ros/humble/share/rosidl_generator_cpp/cmake)
[1.636s] -- Using all available rosidl_typesupport_c: rosidl_typesupport_fastrtps_c;rosidl_typesupport_introspection_c
[1.663s] -- Using all available rosidl_typesupport_cpp: rosidl_typesupport_fastrtps_cpp;rosidl_typesupport_introspection_cpp
[1.815s] -- Found rmw_implementation_cmake: 6.1.2 (/opt/ros/humble/share/rmw_implementation_cmake/cmake)
[1.822s] -- Found rmw_fastrtps_cpp: 6.2.9 (/opt/ros/humble/share/rmw_fastrtps_cpp/cmake)
[1.973s] -- Found OpenSSL: /usr/lib/x86_64-linux-gnu/libcrypto.so (found version "3.0.2")  
[2.010s] -- Found FastRTPS: /opt/ros/humble/include  
[2.063s] -- Using RMW implementation 'rmw_fastrtps_cpp' as default
[2.083s] -- Looking for pthread.h
[2.208s] -- Looking for pthread.h - found
[2.209s] -- Performing Test CMAKE_HAVE_LIBC_PTHREAD
[2.320s] -- Performing Test CMAKE_HAVE_LIBC_PTHREAD - Success
[2.320s] -- Found Threads: TRUE  
[2.454s] -- Found my_interfaces: 0.0.0 (/home/wudad10/Fold1/ros2/4_action/install/my_interfaces/share/my_interfaces/cmake)
[2.522s] -- Added test 'cppcheck' to perform static code analysis on C / C++ code
[2.522s] -- Configured cppcheck include dirs: 
[2.522s] -- Configured cppcheck exclude dirs and/or files: 
[2.522s] -- Added test 'lint_cmake' to check CMake code style
[2.531s] -- Added test 'uncrustify' to check C / C++ code style
[2.531s] -- Configured uncrustify additional arguments: 
[2.531s] -- Added test 'xmllint' to check XML markup files
[2.540s] -- Configuring done
[2.573s] -- Generating done
[2.577s] -- Build files have been written to: /home/wudad10/Fold1/ros2/4_action/build/cpp_action_client
[2.596s] Invoked command in '/home/wudad10/Fold1/ros2/4_action/build/cpp_action_client' returned '0': CMAKE_PREFIX_PATH=${CMAKE_PREFIX_PATH}:/home/wudad10/Fold1/ros2/3_param/install/py_param_node:/home/wudad10/Fold1/chapter9/fishbot_ws/install/ros_serial2wifi:/home/wudad10/Fold1/chapter9/install/ros_serial2wifi:/opt/ros/humble /usr/bin/cmake /home/wudad10/Fold1/ros2/4_action/src/cpp_action_client -DCMAKE_INSTALL_PREFIX=/home/wudad10/Fold1/ros2/4_action/install/cpp_action_client
[2.597s] Invoking command in '/home/wudad10/Fold1/ros2/4_action/build/cpp_action_client': CMAKE_PREFIX_PATH=${CMAKE_PREFIX_PATH}:/home/wudad10/Fold1/ros2/3_param/install/py_param_node:/home/wudad10/Fold1/chapter9/fishbot_ws/install/ros_serial2wifi:/home/wudad10/Fold1/chapter9/install/ros_serial2wifi:/opt/ros/humble /usr/bin/cmake --build /home/wudad10/Fold1/ros2/4_action/build/cpp_action_client -- -j4 -l4
[2.702s] [ 50%] [32mBuilding CXX object CMakeFiles/cpp_action_client.dir/src/client.cpp.o[0m
[7.378s] [100%] [32m[1mLinking CXX executable cpp_action_client[0m
[7.698s] [100%] Built target cpp_action_client
[7.732s] Invoked command in '/home/wudad10/Fold1/ros2/4_action/build/cpp_action_client' returned '0': CMAKE_PREFIX_PATH=${CMAKE_PREFIX_PATH}:/home/wudad10/Fold1/ros2/3_param/install/py_param_node:/home/wudad10/Fold1/chapter9/fishbot_ws/install/ros_serial2wifi:/home/wudad10/Fold1/chapter9/install/ros_serial2wifi:/opt/ros/humble /usr/bin/cmake --build /home/wudad10/Fold1/ros2/4_action/build/cpp_action_client -- -j4 -l4
[7.736s] Invoking command in '/home/wudad10/Fold1/ros2/4_action/build/cpp_action_client': CMAKE_PREFIX_PATH=${CMAKE_PREFIX_PATH}:/home/wudad10/Fold1/ros2/3_param/install/py_param_node:/home/wudad10/Fold1/chapter9/fishbot_ws/install/ros_serial2wifi:/home/wudad10/Fold1/chapter9/install/ros_serial2wifi:/opt/ros/humble /usr/bin/cmake --install /home/wudad10/Fold1/ros2/4_action/build/cpp_action_client
[7.747s] -- Install configuration: ""
[7.748s] -- Installing: /home/wudad10/Fold1/ros2/4_action/install/cpp_action_client/share/ament_index/resource_index/package_run_dependencies/cpp_action_client
[7.748s] -- Installing: /home/wudad10/Fold1/ros2/4_action/install/cpp_action_client/share/ament_index/resource_index/parent_prefix_path/cpp_action_client
[7.749s] -- Installing: /home/wudad10/Fold1/ros2/4_action/install/cpp_action_client/share/cpp_action_client/environment/ament_prefix_path.sh
[7.749s] -- Installing: /home/wudad10/Fold1/ros2/4_action/install/cpp_action_client/share/cpp_action_client/environment/ament_prefix_path.dsv
[7.749s] -- Installing: /home/wudad10/Fold1/ros2/4_action/install/cpp_action_client/share/cpp_action_client/environment/path.sh
[7.750s] -- Installing: /home/wudad10/Fold1/ros2/4_action/install/cpp_action_client/share/cpp_action_client/environment/path.dsv
[7.750s] -- Installing: /home/wudad10/Fold1/ros2/4_action/install/cpp_action_client/share/cpp_action_client/local_setup.bash
[7.751s] -- Installing: /home/wudad10/Fold1/ros2/4_action/install/cpp_action_client/share/cpp_action_client/local_setup.sh
[7.752s] -- Installing: /home/wudad10/Fold1/ros2/4_action/install/cpp_action_client/share/cpp_action_client/local_setup.zsh
[7.752s] -- Installing: /home/wudad10/Fold1/ros2/4_action/install/cpp_action_client/share/cpp_action_client/local_setup.dsv
[7.752s] -- Installing: /home/wudad10/Fold1/ros2/4_action/install/cpp_action_client/share/cpp_action_client/package.dsv
[7.752s] -- Installing: /home/wudad10/Fold1/ros2/4_action/install/cpp_action_client/share/ament_index/resource_index/packages/cpp_action_client
[7.753s] -- Installing: /home/wudad10/Fold1/ros2/4_action/install/cpp_action_client/share/cpp_action_client/cmake/cpp_action_clientConfig.cmake
[7.753s] -- Installing: /home/wudad10/Fold1/ros2/4_action/install/cpp_action_client/share/cpp_action_client/cmake/cpp_action_clientConfig-version.cmake
[7.754s] -- Installing: /home/wudad10/Fold1/ros2/4_action/install/cpp_action_client/share/cpp_action_client/package.xml
[7.778s] Invoked command in '/home/wudad10/Fold1/ros2/4_action/build/cpp_action_client' returned '0': CMAKE_PREFIX_PATH=${CMAKE_PREFIX_PATH}:/home/wudad10/Fold1/ros2/3_param/install/py_param_node:/home/wudad10/Fold1/chapter9/fishbot_ws/install/ros_serial2wifi:/home/wudad10/Fold1/chapter9/install/ros_serial2wifi:/opt/ros/humble /usr/bin/cmake --install /home/wudad10/Fold1/ros2/4_action/build/cpp_action_client
