running egg_info
creating ../../build/counter_pkg/counter_pkg.egg-info
writing ../../build/counter_pkg/counter_pkg.egg-info/PKG-INFO
writing dependency_links to ../../build/counter_pkg/counter_pkg.egg-info/dependency_links.txt
writing entry points to ../../build/counter_pkg/counter_pkg.egg-info/entry_points.txt
writing requirements to ../../build/counter_pkg/counter_pkg.egg-info/requires.txt
writing top-level names to ../../build/counter_pkg/counter_pkg.egg-info/top_level.txt
writing manifest file '../../build/counter_pkg/counter_pkg.egg-info/SOURCES.txt'
reading manifest file '../../build/counter_pkg/counter_pkg.egg-info/SOURCES.txt'
writing manifest file '../../build/counter_pkg/counter_pkg.egg-info/SOURCES.txt'
running build
running build_py
creating /home/wudad10/Fold1/counter/build/counter_pkg/build
creating /home/wudad10/Fold1/counter/build/counter_pkg/build/lib
creating /home/wudad10/Fold1/counter/build/counter_pkg/build/lib/counter_pkg
copying counter_pkg/counter_node.py -> /home/wudad10/Fold1/counter/build/counter_pkg/build/lib/counter_pkg
copying counter_pkg/__init__.py -> /home/wudad10/Fold1/counter/build/counter_pkg/build/lib/counter_pkg
running install
running install_lib
creating /home/wudad10/Fold1/counter/install/counter_pkg/lib/python3.10/site-packages/counter_pkg
copying /home/wudad10/Fold1/counter/build/counter_pkg/build/lib/counter_pkg/counter_node.py -> /home/wudad10/Fold1/counter/install/counter_pkg/lib/python3.10/site-packages/counter_pkg
copying /home/wudad10/Fold1/counter/build/counter_pkg/build/lib/counter_pkg/__init__.py -> /home/wudad10/Fold1/counter/install/counter_pkg/lib/python3.10/site-packages/counter_pkg
byte-compiling /home/wudad10/Fold1/counter/install/counter_pkg/lib/python3.10/site-packages/counter_pkg/counter_node.py to counter_node.cpython-310.pyc
byte-compiling /home/wudad10/Fold1/counter/install/counter_pkg/lib/python3.10/site-packages/counter_pkg/__init__.py to __init__.cpython-310.pyc
running install_data
creating /home/wudad10/Fold1/counter/install/counter_pkg/share/ament_index
creating /home/wudad10/Fold1/counter/install/counter_pkg/share/ament_index/resource_index
creating /home/wudad10/Fold1/counter/install/counter_pkg/share/ament_index/resource_index/packages
copying resource/counter_pkg -> /home/wudad10/Fold1/counter/install/counter_pkg/share/ament_index/resource_index/packages
copying package.xml -> /home/wudad10/Fold1/counter/install/counter_pkg/share/counter_pkg
running install_egg_info
Copying ../../build/counter_pkg/counter_pkg.egg-info to /home/wudad10/Fold1/counter/install/counter_pkg/lib/python3.10/site-packages/counter_pkg-0.0.0-py3.10.egg-info
running install_scripts
Installing counter_node script to /home/wudad10/Fold1/counter/install/counter_pkg/lib/counter_pkg
writing list of installed files to '/home/wudad10/Fold1/counter/build/counter_pkg/install.log'
