[0.669s] Invoking command in '/home/wudad10/Fold1/counter/src/counter_pkg': PYTHONPATH=/home/wudad10/Fold1/counter/build/counter_pkg/prefix_override:/usr/lib/python3/dist-packages/colcon_core/task/python/colcon_distutils_commands:/home/wudad10/Fold1/counter/install/counter_pkg/lib/python3.10/site-packages:${PYTHONPATH} /usr/bin/python3 -W ignore:setup.py install is deprecated -W ignore:easy_install command is deprecated setup.py egg_info --egg-base ../../build/counter_pkg build --build-base /home/wudad10/Fold1/counter/build/counter_pkg/build install --record /home/wudad10/Fold1/counter/build/counter_pkg/install.log --single-version-externally-managed install_data
[0.882s] running egg_info
[0.883s] creating ../../build/counter_pkg/counter_pkg.egg-info
[0.883s] writing ../../build/counter_pkg/counter_pkg.egg-info/PKG-INFO
[0.883s] writing dependency_links to ../../build/counter_pkg/counter_pkg.egg-info/dependency_links.txt
[0.883s] writing entry points to ../../build/counter_pkg/counter_pkg.egg-info/entry_points.txt
[0.883s] writing requirements to ../../build/counter_pkg/counter_pkg.egg-info/requires.txt
[0.883s] writing top-level names to ../../build/counter_pkg/counter_pkg.egg-info/top_level.txt
[0.883s] writing manifest file '../../build/counter_pkg/counter_pkg.egg-info/SOURCES.txt'
[0.885s] reading manifest file '../../build/counter_pkg/counter_pkg.egg-info/SOURCES.txt'
[0.886s] writing manifest file '../../build/counter_pkg/counter_pkg.egg-info/SOURCES.txt'
[0.886s] running build
[0.886s] running build_py
[0.886s] creating /home/wudad10/Fold1/counter/build/counter_pkg/build
[0.886s] creating /home/wudad10/Fold1/counter/build/counter_pkg/build/lib
[0.886s] creating /home/wudad10/Fold1/counter/build/counter_pkg/build/lib/counter_pkg
[0.887s] copying counter_pkg/counter_node.py -> /home/wudad10/Fold1/counter/build/counter_pkg/build/lib/counter_pkg
[0.887s] copying counter_pkg/__init__.py -> /home/wudad10/Fold1/counter/build/counter_pkg/build/lib/counter_pkg
[0.887s] running install
[0.888s] running install_lib
[0.888s] creating /home/wudad10/Fold1/counter/install/counter_pkg/lib/python3.10/site-packages/counter_pkg
[0.888s] copying /home/wudad10/Fold1/counter/build/counter_pkg/build/lib/counter_pkg/counter_node.py -> /home/wudad10/Fold1/counter/install/counter_pkg/lib/python3.10/site-packages/counter_pkg
[0.889s] copying /home/wudad10/Fold1/counter/build/counter_pkg/build/lib/counter_pkg/__init__.py -> /home/wudad10/Fold1/counter/install/counter_pkg/lib/python3.10/site-packages/counter_pkg
[0.889s] byte-compiling /home/wudad10/Fold1/counter/install/counter_pkg/lib/python3.10/site-packages/counter_pkg/counter_node.py to counter_node.cpython-310.pyc
[0.890s] byte-compiling /home/wudad10/Fold1/counter/install/counter_pkg/lib/python3.10/site-packages/counter_pkg/__init__.py to __init__.cpython-310.pyc
[0.890s] running install_data
[0.890s] creating /home/wudad10/Fold1/counter/install/counter_pkg/share/ament_index
[0.890s] creating /home/wudad10/Fold1/counter/install/counter_pkg/share/ament_index/resource_index
[0.890s] creating /home/wudad10/Fold1/counter/install/counter_pkg/share/ament_index/resource_index/packages
[0.890s] copying resource/counter_pkg -> /home/wudad10/Fold1/counter/install/counter_pkg/share/ament_index/resource_index/packages
[0.890s] copying package.xml -> /home/wudad10/Fold1/counter/install/counter_pkg/share/counter_pkg
[0.890s] running install_egg_info
[0.892s] Copying ../../build/counter_pkg/counter_pkg.egg-info to /home/wudad10/Fold1/counter/install/counter_pkg/lib/python3.10/site-packages/counter_pkg-0.0.0-py3.10.egg-info
[0.893s] running install_scripts
[0.913s] Installing counter_node script to /home/wudad10/Fold1/counter/install/counter_pkg/lib/counter_pkg
[0.913s] writing list of installed files to '/home/wudad10/Fold1/counter/build/counter_pkg/install.log'
[0.944s] Invoked command in '/home/wudad10/Fold1/counter/src/counter_pkg' returned '0': PYTHONPATH=/home/wudad10/Fold1/counter/build/counter_pkg/prefix_override:/usr/lib/python3/dist-packages/colcon_core/task/python/colcon_distutils_commands:/home/wudad10/Fold1/counter/install/counter_pkg/lib/python3.10/site-packages:${PYTHONPATH} /usr/bin/python3 -W ignore:setup.py install is deprecated -W ignore:easy_install command is deprecated setup.py egg_info --egg-base ../../build/counter_pkg build --build-base /home/wudad10/Fold1/counter/build/counter_pkg/build install --record /home/wudad10/Fold1/counter/build/counter_pkg/install.log --single-version-externally-managed install_data
