-- Found ament_cmake: 1.3.12 (/opt/ros/humble/share/ament_cmake/cmake)
-- Found ament_lint_auto: 0.12.14 (/opt/ros/humble/share/ament_lint_auto/cmake)
-- Found rclcpp_action: 16.0.15 (/opt/ros/humble/share/rclcpp_action/cmake)
-- Found rosidl_generator_c: 3.1.7 (/opt/ros/humble/share/rosidl_generator_c/cmake)
-- Found rosidl_adapter: 3.1.7 (/opt/ros/humble/share/rosidl_adapter/cmake)
-- Found rosidl_generator_cpp: 3.1.7 (/opt/ros/humble/share/rosidl_generator_cpp/cmake)
-- Using all available rosidl_typesupport_c: rosidl_typesupport_fastrtps_c;rosidl_typesupport_introspection_c
-- Using all available rosidl_typesupport_cpp: rosidl_typesupport_fastrtps_cpp;rosidl_typesupport_introspection_cpp
-- Found rmw_implementation_cmake: 6.1.2 (/opt/ros/humble/share/rmw_implementation_cmake/cmake)
-- Found rmw_fastrtps_cpp: 6.2.9 (/opt/ros/humble/share/rmw_fastrtps_cpp/cmake)
-- Using RMW implementation 'rmw_fastrtps_cpp' as default
-- Found my_interfaces: 0.0.0 (/home/wudad10/Fold1/ros2/4_action/install/my_interfaces/share/my_interfaces/cmake)
-- Added test 'cppcheck' to perform static code analysis on C / C++ code
-- Configured cppcheck include dirs: 
-- Configured cppcheck exclude dirs and/or files: 
-- Added test 'lint_cmake' to check CMake code style
-- Added test 'uncrustify' to check C / C++ code style
-- Configured uncrustify additional arguments: 
-- Added test 'xmllint' to check XML markup files
-- Configuring done
-- Generating done
-- Build files have been written to: /home/wudad10/Fold1/ros2/4_action/build/cpp_action_client
[35m[1mConsolidate compiler generated dependencies of target cpp_action_client[0m
[ 50%] [32m[1mLinking CXX executable cpp_action_client[0m
[100%] Built target cpp_action_client
-- Install configuration: ""
-- Installing: /home/wudad10/Fold1/ros2/4_action/install/cpp_action_client/lib/cpp_action_client/cpp_action_client
-- Set runtime path of "/home/wudad10/Fold1/ros2/4_action/install/cpp_action_client/lib/cpp_action_client/cpp_action_client" to ""
-- Up-to-date: /home/wudad10/Fold1/ros2/4_action/install/cpp_action_client/share/ament_index/resource_index/package_run_dependencies/cpp_action_client
-- Installing: /home/wudad10/Fold1/ros2/4_action/install/cpp_action_client/share/ament_index/resource_index/parent_prefix_path/cpp_action_client
-- Up-to-date: /home/wudad10/Fold1/ros2/4_action/install/cpp_action_client/share/cpp_action_client/environment/ament_prefix_path.sh
-- Installing: /home/wudad10/Fold1/ros2/4_action/install/cpp_action_client/share/cpp_action_client/environment/ament_prefix_path.dsv
-- Up-to-date: /home/wudad10/Fold1/ros2/4_action/install/cpp_action_client/share/cpp_action_client/environment/path.sh
-- Installing: /home/wudad10/Fold1/ros2/4_action/install/cpp_action_client/share/cpp_action_client/environment/path.dsv
-- Up-to-date: /home/wudad10/Fold1/ros2/4_action/install/cpp_action_client/share/cpp_action_client/local_setup.bash
-- Up-to-date: /home/wudad10/Fold1/ros2/4_action/install/cpp_action_client/share/cpp_action_client/local_setup.sh
-- Up-to-date: /home/wudad10/Fold1/ros2/4_action/install/cpp_action_client/share/cpp_action_client/local_setup.zsh
-- Installing: /home/wudad10/Fold1/ros2/4_action/install/cpp_action_client/share/cpp_action_client/local_setup.dsv
-- Installing: /home/wudad10/Fold1/ros2/4_action/install/cpp_action_client/share/cpp_action_client/package.dsv
-- Up-to-date: /home/wudad10/Fold1/ros2/4_action/install/cpp_action_client/share/ament_index/resource_index/packages/cpp_action_client
-- Up-to-date: /home/wudad10/Fold1/ros2/4_action/install/cpp_action_client/share/cpp_action_client/cmake/cpp_action_clientConfig.cmake
-- Up-to-date: /home/wudad10/Fold1/ros2/4_action/install/cpp_action_client/share/cpp_action_client/cmake/cpp_action_clientConfig-version.cmake
-- Up-to-date: /home/wudad10/Fold1/ros2/4_action/install/cpp_action_client/share/cpp_action_client/package.xml
