[0.041s] Invoking command in '/home/wudad10/Fold1/ros2/4_action/build/cpp_action_client': CMAKE_PREFIX_PATH=${CMAKE_PREFIX_PATH}:/home/wudad10/Fold1/ros2/4_action/install/py_action_server:/home/wudad10/Fold1/ros2/4_action/install/py_action_client:/home/wudad10/Fold1/ros2/3_param/install/py_param_node:/home/wudad10/Fold1/chapter9/fishbot_ws/install/ros_serial2wifi:/home/wudad10/Fold1/chapter9/install/ros_serial2wifi:/opt/ros/humble /usr/bin/cmake --build /home/wudad10/Fold1/ros2/4_action/build/cpp_action_client -- -j4 -l4
[0.090s] -- Found ament_cmake: 1.3.12 (/opt/ros/humble/share/ament_cmake/cmake)
[0.397s] -- Found ament_lint_auto: 0.12.14 (/opt/ros/humble/share/ament_lint_auto/cmake)
[0.521s] -- Found rclcpp_action: 16.0.15 (/opt/ros/humble/share/rclcpp_action/cmake)
[0.619s] -- Found rosidl_generator_c: 3.1.7 (/opt/ros/humble/share/rosidl_generator_c/cmake)
[0.627s] -- Found rosidl_adapter: 3.1.7 (/opt/ros/humble/share/rosidl_adapter/cmake)
[0.645s] -- Found rosidl_generator_cpp: 3.1.7 (/opt/ros/humble/share/rosidl_generator_cpp/cmake)
[0.674s] -- Using all available rosidl_typesupport_c: rosidl_typesupport_fastrtps_c;rosidl_typesupport_introspection_c
[0.716s] -- Using all available rosidl_typesupport_cpp: rosidl_typesupport_fastrtps_cpp;rosidl_typesupport_introspection_cpp
[0.834s] -- Found rmw_implementation_cmake: 6.1.2 (/opt/ros/humble/share/rmw_implementation_cmake/cmake)
[0.835s] -- Found rmw_fastrtps_cpp: 6.2.9 (/opt/ros/humble/share/rmw_fastrtps_cpp/cmake)
[1.005s] -- Using RMW implementation 'rmw_fastrtps_cpp' as default
[1.163s] -- Found my_interfaces: 0.0.0 (/home/wudad10/Fold1/ros2/4_action/install/my_interfaces/share/my_interfaces/cmake)
[1.194s] -- Added test 'cppcheck' to perform static code analysis on C / C++ code
[1.196s] -- Configured cppcheck include dirs: 
[1.196s] -- Configured cppcheck exclude dirs and/or files: 
[1.197s] -- Added test 'lint_cmake' to check CMake code style
[1.197s] -- Added test 'uncrustify' to check C / C++ code style
[1.197s] -- Configured uncrustify additional arguments: 
[1.200s] -- Added test 'xmllint' to check XML markup files
[1.201s] -- Configuring done
[1.226s] -- Generating done
[1.239s] -- Build files have been written to: /home/wudad10/Fold1/ros2/4_action/build/cpp_action_client
[1.295s] [35m[1mConsolidate compiler generated dependencies of target cpp_action_client[0m
[1.320s] [ 50%] [32m[1mLinking CXX executable cpp_action_client[0m
[1.574s] [100%] Built target cpp_action_client
[1.594s] Invoked command in '/home/wudad10/Fold1/ros2/4_action/build/cpp_action_client' returned '0': CMAKE_PREFIX_PATH=${CMAKE_PREFIX_PATH}:/home/wudad10/Fold1/ros2/4_action/install/py_action_server:/home/wudad10/Fold1/ros2/4_action/install/py_action_client:/home/wudad10/Fold1/ros2/3_param/install/py_param_node:/home/wudad10/Fold1/chapter9/fishbot_ws/install/ros_serial2wifi:/home/wudad10/Fold1/chapter9/install/ros_serial2wifi:/opt/ros/humble /usr/bin/cmake --build /home/wudad10/Fold1/ros2/4_action/build/cpp_action_client -- -j4 -l4
[1.594s] Invoking command in '/home/wudad10/Fold1/ros2/4_action/build/cpp_action_client': CMAKE_PREFIX_PATH=${CMAKE_PREFIX_PATH}:/home/wudad10/Fold1/ros2/4_action/install/py_action_server:/home/wudad10/Fold1/ros2/4_action/install/py_action_client:/home/wudad10/Fold1/ros2/3_param/install/py_param_node:/home/wudad10/Fold1/chapter9/fishbot_ws/install/ros_serial2wifi:/home/wudad10/Fold1/chapter9/install/ros_serial2wifi:/opt/ros/humble /usr/bin/cmake --install /home/wudad10/Fold1/ros2/4_action/build/cpp_action_client
[1.606s] -- Install configuration: ""
[1.606s] -- Installing: /home/wudad10/Fold1/ros2/4_action/install/cpp_action_client/lib/cpp_action_client/cpp_action_client
[1.606s] -- Set runtime path of "/home/wudad10/Fold1/ros2/4_action/install/cpp_action_client/lib/cpp_action_client/cpp_action_client" to ""
[1.606s] -- Up-to-date: /home/wudad10/Fold1/ros2/4_action/install/cpp_action_client/share/ament_index/resource_index/package_run_dependencies/cpp_action_client
[1.606s] -- Installing: /home/wudad10/Fold1/ros2/4_action/install/cpp_action_client/share/ament_index/resource_index/parent_prefix_path/cpp_action_client
[1.606s] -- Up-to-date: /home/wudad10/Fold1/ros2/4_action/install/cpp_action_client/share/cpp_action_client/environment/ament_prefix_path.sh
[1.607s] -- Installing: /home/wudad10/Fold1/ros2/4_action/install/cpp_action_client/share/cpp_action_client/environment/ament_prefix_path.dsv
[1.607s] -- Up-to-date: /home/wudad10/Fold1/ros2/4_action/install/cpp_action_client/share/cpp_action_client/environment/path.sh
[1.607s] -- Installing: /home/wudad10/Fold1/ros2/4_action/install/cpp_action_client/share/cpp_action_client/environment/path.dsv
[1.607s] -- Up-to-date: /home/wudad10/Fold1/ros2/4_action/install/cpp_action_client/share/cpp_action_client/local_setup.bash
[1.607s] -- Up-to-date: /home/wudad10/Fold1/ros2/4_action/install/cpp_action_client/share/cpp_action_client/local_setup.sh
[1.607s] -- Up-to-date: /home/wudad10/Fold1/ros2/4_action/install/cpp_action_client/share/cpp_action_client/local_setup.zsh
[1.607s] -- Installing: /home/wudad10/Fold1/ros2/4_action/install/cpp_action_client/share/cpp_action_client/local_setup.dsv
[1.607s] -- Installing: /home/wudad10/Fold1/ros2/4_action/install/cpp_action_client/share/cpp_action_client/package.dsv
[1.607s] -- Up-to-date: /home/wudad10/Fold1/ros2/4_action/install/cpp_action_client/share/ament_index/resource_index/packages/cpp_action_client
[1.607s] -- Up-to-date: /home/wudad10/Fold1/ros2/4_action/install/cpp_action_client/share/cpp_action_client/cmake/cpp_action_clientConfig.cmake
[1.607s] -- Up-to-date: /home/wudad10/Fold1/ros2/4_action/install/cpp_action_client/share/cpp_action_client/cmake/cpp_action_clientConfig-version.cmake
[1.607s] -- Up-to-date: /home/wudad10/Fold1/ros2/4_action/install/cpp_action_client/share/cpp_action_client/package.xml
[1.627s] Invoked command in '/home/wudad10/Fold1/ros2/4_action/build/cpp_action_client' returned '0': CMAKE_PREFIX_PATH=${CMAKE_PREFIX_PATH}:/home/wudad10/Fold1/ros2/4_action/install/py_action_server:/home/wudad10/Fold1/ros2/4_action/install/py_action_client:/home/wudad10/Fold1/ros2/3_param/install/py_param_node:/home/wudad10/Fold1/chapter9/fishbot_ws/install/ros_serial2wifi:/home/wudad10/Fold1/chapter9/install/ros_serial2wifi:/opt/ros/humble /usr/bin/cmake --install /home/wudad10/Fold1/ros2/4_action/build/cpp_action_client
