[0.015s] Invoking command in '/home/wudad10/Fold1/ros2/4_action/build/my_interfaces': CMAKE_PREFIX_PATH=${CMAKE_PREFIX_PATH}:/home/wudad10/Fold1/ros2/3_param/install/py_param_node:/home/wudad10/Fold1/chapter9/fishbot_ws/install/ros_serial2wifi:/home/wudad10/Fold1/chapter9/install/ros_serial2wifi:/opt/ros/humble /usr/bin/cmake /home/wudad10/Fold1/ros2/4_action/src/my_interfaces -DCMAKE_INSTALL_PREFIX=/home/wudad10/Fold1/ros2/4_action/install/my_interfaces
[0.083s] -- The C compiler identification is GNU 11.4.0
[0.150s] -- The CXX compiler identification is GNU 11.4.0
[0.158s] -- Detecting C compiler ABI info
[0.246s] -- Detecting C compiler ABI info - done
[0.252s] -- Check for working C compiler: /usr/bin/cc - skipped
[0.253s] -- Detecting C compile features
[0.253s] -- Detecting C compile features - done
[0.256s] -- Detecting CXX compiler ABI info
[0.358s] -- Detecting CXX compiler ABI info - done
[0.364s] -- Check for working CXX compiler: /usr/bin/c++ - skipped
[0.365s] -- Detecting CXX compile features
[0.365s] -- Detecting CXX compile features - done
[0.369s] -- Found ament_cmake: 1.3.12 (/opt/ros/humble/share/ament_cmake/cmake)
[0.542s] -- Found Python3: /usr/bin/python3 (found version "3.10.12") found components: Interpreter 
[0.659s] -- Found ament_lint_auto: 0.12.14 (/opt/ros/humble/share/ament_lint_auto/cmake)
[0.755s] -- Found rosidl_default_generators: 1.2.0 (/opt/ros/humble/share/rosidl_default_generators/cmake)
[0.761s] -- Using all available rosidl_typesupport_c: rosidl_typesupport_fastrtps_c;rosidl_typesupport_introspection_c
[0.771s] -- Found rosidl_adapter: 3.1.7 (/opt/ros/humble/share/rosidl_adapter/cmake)
[0.821s] -- Using all available rosidl_typesupport_cpp: rosidl_typesupport_fastrtps_cpp;rosidl_typesupport_introspection_cpp
[1.136s] -- Found ament_cmake_ros: 0.10.0 (/opt/ros/humble/share/ament_cmake_ros/cmake)
[1.352s] -- Using all available rosidl_typesupport_c: rosidl_typesupport_fastrtps_c;rosidl_typesupport_introspection_c
[1.638s] -- Using all available rosidl_typesupport_cpp: rosidl_typesupport_fastrtps_cpp;rosidl_typesupport_introspection_cpp
[1.664s] -- Found PythonInterp: /usr/bin/python3 (found suitable version "3.10.12", minimum required is "3.6") 
[1.667s] -- Found python_cmake_module: 0.10.0 (/opt/ros/humble/share/python_cmake_module/cmake)
[1.699s] -- Found PythonLibs: /usr/lib/x86_64-linux-gnu/libpython3.10.so (found suitable version "3.10.12", minimum required is "3.5") 
[1.699s] -- Using PYTHON_EXECUTABLE: /usr/bin/python3
[1.699s] -- Using PYTHON_INCLUDE_DIRS: /usr/include/python3.10
[1.699s] -- Using PYTHON_LIBRARIES: /usr/lib/x86_64-linux-gnu/libpython3.10.so
[1.729s] -- Found PythonExtra: .so  
[1.788s] -- Added test 'lint_cmake' to check CMake code style
[1.788s] -- Added test 'xmllint' to check XML markup files
[1.793s] -- Configuring done
[1.837s] -- Generating done
[1.850s] -- Build files have been written to: /home/wudad10/Fold1/ros2/4_action/build/my_interfaces
[1.882s] Invoked command in '/home/wudad10/Fold1/ros2/4_action/build/my_interfaces' returned '0': CMAKE_PREFIX_PATH=${CMAKE_PREFIX_PATH}:/home/wudad10/Fold1/ros2/3_param/install/py_param_node:/home/wudad10/Fold1/chapter9/fishbot_ws/install/ros_serial2wifi:/home/wudad10/Fold1/chapter9/install/ros_serial2wifi:/opt/ros/humble /usr/bin/cmake /home/wudad10/Fold1/ros2/4_action/src/my_interfaces -DCMAKE_INSTALL_PREFIX=/home/wudad10/Fold1/ros2/4_action/install/my_interfaces
[1.891s] Invoking command in '/home/wudad10/Fold1/ros2/4_action/build/my_interfaces': CMAKE_PREFIX_PATH=${CMAKE_PREFIX_PATH}:/home/wudad10/Fold1/ros2/3_param/install/py_param_node:/home/wudad10/Fold1/chapter9/fishbot_ws/install/ros_serial2wifi:/home/wudad10/Fold1/chapter9/install/ros_serial2wifi:/opt/ros/humble /usr/bin/cmake --build /home/wudad10/Fold1/ros2/4_action/build/my_interfaces -- -j4 -l4
[1.979s] [  3%] [34m[1mGenerating C code for ROS interfaces[0m
[1.990s] [  6%] [34m[1mGenerating C++ code for ROS interfaces[0m
[2.047s] [  6%] Built target ament_cmake_python_copy_my_interfaces
[2.315s] running egg_info
[2.317s] creating my_interfaces.egg-info
[2.318s] writing my_interfaces.egg-info/PKG-INFO
[2.318s] writing dependency_links to my_interfaces.egg-info/dependency_links.txt
[2.318s] writing top-level names to my_interfaces.egg-info/top_level.txt
[2.318s] writing manifest file 'my_interfaces.egg-info/SOURCES.txt'
[2.319s] reading manifest file 'my_interfaces.egg-info/SOURCES.txt'
[2.320s] writing manifest file 'my_interfaces.egg-info/SOURCES.txt'
[2.366s] [  6%] Built target ament_cmake_python_build_my_interfaces_egg
[2.512s] [  6%] Built target my_interfaces__cpp
[2.528s] [  9%] [34m[1mGenerating C++ type support dispatch for ROS interfaces[0m
[2.528s] [ 12%] [34m[1mGenerating C++ type support for eProsima Fast-RTPS[0m
[2.530s] [ 16%] [34m[1mGenerating C++ introspection for ROS interfaces[0m
[2.615s] [ 19%] [32mBuilding C object CMakeFiles/my_interfaces__rosidl_generator_c.dir/rosidl_generator_c/my_interfaces/action/detail/count__functions.c.o[0m
[2.751s] [ 22%] [32m[1mLinking C shared library libmy_interfaces__rosidl_generator_c.so[0m
[2.804s] [ 22%] Built target my_interfaces__rosidl_generator_c
[2.817s] [ 25%] [34m[1mGenerating C type support for eProsima Fast-RTPS[0m
[2.818s] [ 29%] [32mBuilding CXX object CMakeFiles/my_interfaces__rosidl_typesupport_cpp.dir/rosidl_typesupport_cpp/my_interfaces/action/count__type_support.cpp.o[0m
[3.130s] [ 32%] [32mBuilding CXX object CMakeFiles/my_interfaces__rosidl_typesupport_fastrtps_cpp.dir/rosidl_typesupport_fastrtps_cpp/my_interfaces/action/detail/dds_fastrtps/count__type_support.cpp.o[0m
[3.136s] [ 35%] [32mBuilding CXX object CMakeFiles/my_interfaces__rosidl_typesupport_introspection_cpp.dir/rosidl_typesupport_introspection_cpp/my_interfaces/action/detail/count__type_support.cpp.o[0m
[3.248s] [ 38%] [32mBuilding CXX object CMakeFiles/my_interfaces__rosidl_typesupport_fastrtps_c.dir/rosidl_typesupport_fastrtps_c/my_interfaces/action/detail/count__type_support_c.cpp.o[0m
[3.390s] [ 41%] [32m[1mLinking CXX shared library libmy_interfaces__rosidl_typesupport_cpp.so[0m
[3.446s] [ 41%] Built target my_interfaces__rosidl_typesupport_cpp
[3.459s] [ 45%] [34m[1mGenerating C introspection for ROS interfaces[0m
[3.686s] [ 48%] [32m[1mLinking CXX shared library libmy_interfaces__rosidl_typesupport_fastrtps_c.so[0m
[3.819s] [ 48%] Built target my_interfaces__rosidl_typesupport_fastrtps_c
[3.837s] [ 51%] [34m[1mGenerating C type support dispatch for ROS interfaces[0m
[3.909s] [ 54%] [32m[1mLinking CXX shared library libmy_interfaces__rosidl_typesupport_fastrtps_cpp.so[0m
[3.930s] [ 58%] [32m[1mLinking CXX shared library libmy_interfaces__rosidl_typesupport_introspection_cpp.so[0m
[3.953s] [ 61%] [32mBuilding C object CMakeFiles/my_interfaces__rosidl_typesupport_introspection_c.dir/rosidl_typesupport_introspection_c/my_interfaces/action/detail/count__type_support.c.o[0m
[4.023s] [ 64%] [32m[1mLinking C shared library libmy_interfaces__rosidl_typesupport_introspection_c.so[0m
[4.052s] [ 64%] Built target my_interfaces__rosidl_typesupport_fastrtps_cpp
[4.059s] [ 64%] Built target my_interfaces__rosidl_typesupport_introspection_cpp
[4.069s] [ 64%] Built target my_interfaces__rosidl_typesupport_introspection_c
[4.204s] [ 67%] [32mBuilding CXX object CMakeFiles/my_interfaces__rosidl_typesupport_c.dir/rosidl_typesupport_c/my_interfaces/action/count__type_support.cpp.o[0m
[4.259s] [ 70%] [32m[1mLinking CXX shared library libmy_interfaces__rosidl_typesupport_c.so[0m
[4.310s] [ 70%] Built target my_interfaces__rosidl_typesupport_c
[4.337s] [ 70%] Built target my_interfaces
[4.365s] [ 74%] [34m[1mGenerating Python code for ROS interfaces[0m
[5.021s] [ 74%] Built target my_interfaces__py
[5.049s] [ 77%] [32mBuilding C object CMakeFiles/my_interfaces__rosidl_generator_py.dir/rosidl_generator_py/my_interfaces/action/_count_s.c.o[0m
[5.236s] [ 80%] [32m[1mLinking C shared library rosidl_generator_py/my_interfaces/libmy_interfaces__rosidl_generator_py.so[0m
[5.288s] [ 80%] Built target my_interfaces__rosidl_generator_py
[5.314s] [ 83%] [32mBuilding C object CMakeFiles/my_interfaces__rosidl_typesupport_introspection_c__pyext.dir/rosidl_generator_py/my_interfaces/_my_interfaces_s.ep.rosidl_typesupport_introspection_c.c.o[0m
[5.314s] [ 87%] [32mBuilding C object CMakeFiles/my_interfaces__rosidl_typesupport_fastrtps_c__pyext.dir/rosidl_generator_py/my_interfaces/_my_interfaces_s.ep.rosidl_typesupport_fastrtps_c.c.o[0m
[5.316s] [ 90%] [32mBuilding C object CMakeFiles/my_interfaces__rosidl_typesupport_c__pyext.dir/rosidl_generator_py/my_interfaces/_my_interfaces_s.ep.rosidl_typesupport_c.c.o[0m
[5.440s] [ 93%] [32m[1mLinking C shared library rosidl_generator_py/my_interfaces/my_interfaces_s__rosidl_typesupport_introspection_c.cpython-310-x86_64-linux-gnu.so[0m
[5.443s] [ 96%] [32m[1mLinking C shared library rosidl_generator_py/my_interfaces/my_interfaces_s__rosidl_typesupport_fastrtps_c.cpython-310-x86_64-linux-gnu.so[0m
[5.455s] [100%] [32m[1mLinking C shared library rosidl_generator_py/my_interfaces/my_interfaces_s__rosidl_typesupport_c.cpython-310-x86_64-linux-gnu.so[0m
[5.500s] [100%] Built target my_interfaces__rosidl_typesupport_fastrtps_c__pyext
[5.505s] [100%] Built target my_interfaces__rosidl_typesupport_introspection_c__pyext
[5.509s] [100%] Built target my_interfaces__rosidl_typesupport_c__pyext
[5.526s] Invoked command in '/home/wudad10/Fold1/ros2/4_action/build/my_interfaces' returned '0': CMAKE_PREFIX_PATH=${CMAKE_PREFIX_PATH}:/home/wudad10/Fold1/ros2/3_param/install/py_param_node:/home/wudad10/Fold1/chapter9/fishbot_ws/install/ros_serial2wifi:/home/wudad10/Fold1/chapter9/install/ros_serial2wifi:/opt/ros/humble /usr/bin/cmake --build /home/wudad10/Fold1/ros2/4_action/build/my_interfaces -- -j4 -l4
[5.539s] Invoking command in '/home/wudad10/Fold1/ros2/4_action/build/my_interfaces': CMAKE_PREFIX_PATH=${CMAKE_PREFIX_PATH}:/home/wudad10/Fold1/ros2/3_param/install/py_param_node:/home/wudad10/Fold1/chapter9/fishbot_ws/install/ros_serial2wifi:/home/wudad10/Fold1/chapter9/install/ros_serial2wifi:/opt/ros/humble /usr/bin/cmake --install /home/wudad10/Fold1/ros2/4_action/build/my_interfaces
[5.548s] -- Install configuration: ""
[5.549s] -- Installing: /home/wudad10/Fold1/ros2/4_action/install/my_interfaces/share/ament_index/resource_index/rosidl_interfaces/my_interfaces
[5.549s] -- Installing: /home/wudad10/Fold1/ros2/4_action/install/my_interfaces/include/my_interfaces/my_interfaces
[5.549s] -- Installing: /home/wudad10/Fold1/ros2/4_action/install/my_interfaces/include/my_interfaces/my_interfaces/msg
[5.549s] -- Installing: /home/wudad10/Fold1/ros2/4_action/install/my_interfaces/include/my_interfaces/my_interfaces/msg/rosidl_generator_c__visibility_control.h
[5.549s] -- Installing: /home/wudad10/Fold1/ros2/4_action/install/my_interfaces/include/my_interfaces/my_interfaces/action
[5.549s] -- Installing: /home/wudad10/Fold1/ros2/4_action/install/my_interfaces/include/my_interfaces/my_interfaces/action/detail
[5.549s] -- Installing: /home/wudad10/Fold1/ros2/4_action/install/my_interfaces/include/my_interfaces/my_interfaces/action/detail/count__struct.h
[5.550s] -- Installing: /home/wudad10/Fold1/ros2/4_action/install/my_interfaces/include/my_interfaces/my_interfaces/action/detail/count__functions.c
[5.550s] -- Installing: /home/wudad10/Fold1/ros2/4_action/install/my_interfaces/include/my_interfaces/my_interfaces/action/detail/count__functions.h
[5.550s] -- Installing: /home/wudad10/Fold1/ros2/4_action/install/my_interfaces/include/my_interfaces/my_interfaces/action/detail/count__type_support.h
[5.550s] -- Installing: /home/wudad10/Fold1/ros2/4_action/install/my_interfaces/include/my_interfaces/my_interfaces/action/count.h
[5.550s] -- Installing: /home/wudad10/Fold1/ros2/4_action/install/my_interfaces/share/my_interfaces/environment/library_path.sh
[5.550s] -- Installing: /home/wudad10/Fold1/ros2/4_action/install/my_interfaces/share/my_interfaces/environment/library_path.dsv
[5.551s] -- Installing: /home/wudad10/Fold1/ros2/4_action/install/my_interfaces/lib/libmy_interfaces__rosidl_generator_c.so
[5.551s] -- Set runtime path of "/home/wudad10/Fold1/ros2/4_action/install/my_interfaces/lib/libmy_interfaces__rosidl_generator_c.so" to ""
[5.552s] -- Up-to-date: /home/wudad10/Fold1/ros2/4_action/install/my_interfaces/include/my_interfaces/my_interfaces
[5.552s] -- Up-to-date: /home/wudad10/Fold1/ros2/4_action/install/my_interfaces/include/my_interfaces/my_interfaces/msg
[5.552s] -- Installing: /home/wudad10/Fold1/ros2/4_action/install/my_interfaces/include/my_interfaces/my_interfaces/msg/rosidl_typesupport_fastrtps_c__visibility_control.h
[5.552s] -- Up-to-date: /home/wudad10/Fold1/ros2/4_action/install/my_interfaces/include/my_interfaces/my_interfaces/action
[5.552s] -- Up-to-date: /home/wudad10/Fold1/ros2/4_action/install/my_interfaces/include/my_interfaces/my_interfaces/action/detail
[5.552s] -- Installing: /home/wudad10/Fold1/ros2/4_action/install/my_interfaces/include/my_interfaces/my_interfaces/action/detail/count__rosidl_typesupport_fastrtps_c.h
[5.552s] -- Installing: /home/wudad10/Fold1/ros2/4_action/install/my_interfaces/lib/libmy_interfaces__rosidl_typesupport_fastrtps_c.so
[5.553s] -- Set runtime path of "/home/wudad10/Fold1/ros2/4_action/install/my_interfaces/lib/libmy_interfaces__rosidl_typesupport_fastrtps_c.so" to ""
[5.553s] -- Up-to-date: /home/wudad10/Fold1/ros2/4_action/install/my_interfaces/include/my_interfaces/my_interfaces
[5.553s] -- Up-to-date: /home/wudad10/Fold1/ros2/4_action/install/my_interfaces/include/my_interfaces/my_interfaces/msg
[5.553s] -- Installing: /home/wudad10/Fold1/ros2/4_action/install/my_interfaces/include/my_interfaces/my_interfaces/msg/rosidl_typesupport_introspection_c__visibility_control.h
[5.553s] -- Up-to-date: /home/wudad10/Fold1/ros2/4_action/install/my_interfaces/include/my_interfaces/my_interfaces/action
[5.553s] -- Up-to-date: /home/wudad10/Fold1/ros2/4_action/install/my_interfaces/include/my_interfaces/my_interfaces/action/detail
[5.553s] -- Installing: /home/wudad10/Fold1/ros2/4_action/install/my_interfaces/include/my_interfaces/my_interfaces/action/detail/count__type_support.c
[5.553s] -- Installing: /home/wudad10/Fold1/ros2/4_action/install/my_interfaces/include/my_interfaces/my_interfaces/action/detail/count__rosidl_typesupport_introspection_c.h
[5.553s] -- Installing: /home/wudad10/Fold1/ros2/4_action/install/my_interfaces/lib/libmy_interfaces__rosidl_typesupport_introspection_c.so
[5.554s] -- Set runtime path of "/home/wudad10/Fold1/ros2/4_action/install/my_interfaces/lib/libmy_interfaces__rosidl_typesupport_introspection_c.so" to ""
[5.555s] -- Installing: /home/wudad10/Fold1/ros2/4_action/install/my_interfaces/lib/libmy_interfaces__rosidl_typesupport_c.so
[5.555s] -- Set runtime path of "/home/wudad10/Fold1/ros2/4_action/install/my_interfaces/lib/libmy_interfaces__rosidl_typesupport_c.so" to ""
[5.555s] -- Up-to-date: /home/wudad10/Fold1/ros2/4_action/install/my_interfaces/include/my_interfaces/my_interfaces
[5.555s] -- Up-to-date: /home/wudad10/Fold1/ros2/4_action/install/my_interfaces/include/my_interfaces/my_interfaces/msg
[5.555s] -- Installing: /home/wudad10/Fold1/ros2/4_action/install/my_interfaces/include/my_interfaces/my_interfaces/msg/rosidl_generator_cpp__visibility_control.hpp
[5.556s] -- Up-to-date: /home/wudad10/Fold1/ros2/4_action/install/my_interfaces/include/my_interfaces/my_interfaces/action
[5.556s] -- Up-to-date: /home/wudad10/Fold1/ros2/4_action/install/my_interfaces/include/my_interfaces/my_interfaces/action/detail
[5.556s] -- Installing: /home/wudad10/Fold1/ros2/4_action/install/my_interfaces/include/my_interfaces/my_interfaces/action/detail/count__type_support.hpp
[5.556s] -- Installing: /home/wudad10/Fold1/ros2/4_action/install/my_interfaces/include/my_interfaces/my_interfaces/action/detail/count__builder.hpp
[5.556s] -- Installing: /home/wudad10/Fold1/ros2/4_action/install/my_interfaces/include/my_interfaces/my_interfaces/action/detail/count__struct.hpp
[5.556s] -- Installing: /home/wudad10/Fold1/ros2/4_action/install/my_interfaces/include/my_interfaces/my_interfaces/action/detail/count__traits.hpp
[5.556s] -- Installing: /home/wudad10/Fold1/ros2/4_action/install/my_interfaces/include/my_interfaces/my_interfaces/action/count.hpp
[5.556s] -- Up-to-date: /home/wudad10/Fold1/ros2/4_action/install/my_interfaces/include/my_interfaces/my_interfaces
[5.556s] -- Up-to-date: /home/wudad10/Fold1/ros2/4_action/install/my_interfaces/include/my_interfaces/my_interfaces/msg
[5.556s] -- Installing: /home/wudad10/Fold1/ros2/4_action/install/my_interfaces/include/my_interfaces/my_interfaces/msg/rosidl_typesupport_fastrtps_cpp__visibility_control.h
[5.557s] -- Up-to-date: /home/wudad10/Fold1/ros2/4_action/install/my_interfaces/include/my_interfaces/my_interfaces/action
[5.558s] -- Up-to-date: /home/wudad10/Fold1/ros2/4_action/install/my_interfaces/include/my_interfaces/my_interfaces/action/detail
[5.558s] -- Installing: /home/wudad10/Fold1/ros2/4_action/install/my_interfaces/include/my_interfaces/my_interfaces/action/detail/count__rosidl_typesupport_fastrtps_cpp.hpp
[5.558s] -- Installing: /home/wudad10/Fold1/ros2/4_action/install/my_interfaces/include/my_interfaces/my_interfaces/action/detail/dds_fastrtps
[5.558s] -- Installing: /home/wudad10/Fold1/ros2/4_action/install/my_interfaces/lib/libmy_interfaces__rosidl_typesupport_fastrtps_cpp.so
[5.558s] -- Set runtime path of "/home/wudad10/Fold1/ros2/4_action/install/my_interfaces/lib/libmy_interfaces__rosidl_typesupport_fastrtps_cpp.so" to ""
[5.558s] -- Up-to-date: /home/wudad10/Fold1/ros2/4_action/install/my_interfaces/include/my_interfaces/my_interfaces
[5.558s] -- Up-to-date: /home/wudad10/Fold1/ros2/4_action/install/my_interfaces/include/my_interfaces/my_interfaces/action
[5.558s] -- Up-to-date: /home/wudad10/Fold1/ros2/4_action/install/my_interfaces/include/my_interfaces/my_interfaces/action/detail
[5.558s] -- Installing: /home/wudad10/Fold1/ros2/4_action/install/my_interfaces/include/my_interfaces/my_interfaces/action/detail/count__type_support.cpp
[5.559s] -- Installing: /home/wudad10/Fold1/ros2/4_action/install/my_interfaces/include/my_interfaces/my_interfaces/action/detail/count__rosidl_typesupport_introspection_cpp.hpp
[5.559s] -- Installing: /home/wudad10/Fold1/ros2/4_action/install/my_interfaces/lib/libmy_interfaces__rosidl_typesupport_introspection_cpp.so
[5.559s] -- Set runtime path of "/home/wudad10/Fold1/ros2/4_action/install/my_interfaces/lib/libmy_interfaces__rosidl_typesupport_introspection_cpp.so" to ""
[5.559s] -- Installing: /home/wudad10/Fold1/ros2/4_action/install/my_interfaces/lib/libmy_interfaces__rosidl_typesupport_cpp.so
[5.559s] -- Set runtime path of "/home/wudad10/Fold1/ros2/4_action/install/my_interfaces/lib/libmy_interfaces__rosidl_typesupport_cpp.so" to ""
[5.559s] -- Installing: /home/wudad10/Fold1/ros2/4_action/install/my_interfaces/share/my_interfaces/environment/pythonpath.sh
[5.560s] -- Installing: /home/wudad10/Fold1/ros2/4_action/install/my_interfaces/share/my_interfaces/environment/pythonpath.dsv
[5.560s] -- Installing: /home/wudad10/Fold1/ros2/4_action/install/my_interfaces/local/lib/python3.10/dist-packages/my_interfaces-0.0.0-py3.10.egg-info
[5.560s] -- Installing: /home/wudad10/Fold1/ros2/4_action/install/my_interfaces/local/lib/python3.10/dist-packages/my_interfaces-0.0.0-py3.10.egg-info/dependency_links.txt
[5.560s] -- Installing: /home/wudad10/Fold1/ros2/4_action/install/my_interfaces/local/lib/python3.10/dist-packages/my_interfaces-0.0.0-py3.10.egg-info/PKG-INFO
[5.560s] -- Installing: /home/wudad10/Fold1/ros2/4_action/install/my_interfaces/local/lib/python3.10/dist-packages/my_interfaces-0.0.0-py3.10.egg-info/top_level.txt
[5.561s] -- Installing: /home/wudad10/Fold1/ros2/4_action/install/my_interfaces/local/lib/python3.10/dist-packages/my_interfaces-0.0.0-py3.10.egg-info/SOURCES.txt
[5.561s] -- Installing: /home/wudad10/Fold1/ros2/4_action/install/my_interfaces/local/lib/python3.10/dist-packages/my_interfaces
[5.561s] -- Installing: /home/wudad10/Fold1/ros2/4_action/install/my_interfaces/local/lib/python3.10/dist-packages/my_interfaces/libmy_interfaces__rosidl_generator_py.so
[5.561s] -- Installing: /home/wudad10/Fold1/ros2/4_action/install/my_interfaces/local/lib/python3.10/dist-packages/my_interfaces/_my_interfaces_s.ep.rosidl_typesupport_c.c
[5.561s] -- Installing: /home/wudad10/Fold1/ros2/4_action/install/my_interfaces/local/lib/python3.10/dist-packages/my_interfaces/my_interfaces_s__rosidl_typesupport_introspection_c.cpython-310-x86_64-linux-gnu.so
[5.561s] -- Installing: /home/wudad10/Fold1/ros2/4_action/install/my_interfaces/local/lib/python3.10/dist-packages/my_interfaces/_my_interfaces_s.ep.rosidl_typesupport_fastrtps_c.c
[5.562s] -- Installing: /home/wudad10/Fold1/ros2/4_action/install/my_interfaces/local/lib/python3.10/dist-packages/my_interfaces/my_interfaces_s__rosidl_typesupport_fastrtps_c.cpython-310-x86_64-linux-gnu.so
[5.562s] -- Installing: /home/wudad10/Fold1/ros2/4_action/install/my_interfaces/local/lib/python3.10/dist-packages/my_interfaces/_my_interfaces_s.ep.rosidl_typesupport_introspection_c.c
[5.562s] -- Installing: /home/wudad10/Fold1/ros2/4_action/install/my_interfaces/local/lib/python3.10/dist-packages/my_interfaces/my_interfaces_s__rosidl_typesupport_c.cpython-310-x86_64-linux-gnu.so
[5.562s] -- Installing: /home/wudad10/Fold1/ros2/4_action/install/my_interfaces/local/lib/python3.10/dist-packages/my_interfaces/__init__.py
[5.562s] -- Installing: /home/wudad10/Fold1/ros2/4_action/install/my_interfaces/local/lib/python3.10/dist-packages/my_interfaces/action
[5.563s] -- Installing: /home/wudad10/Fold1/ros2/4_action/install/my_interfaces/local/lib/python3.10/dist-packages/my_interfaces/action/_count_s.c
[5.563s] -- Installing: /home/wudad10/Fold1/ros2/4_action/install/my_interfaces/local/lib/python3.10/dist-packages/my_interfaces/action/_count.py
[5.563s] -- Installing: /home/wudad10/Fold1/ros2/4_action/install/my_interfaces/local/lib/python3.10/dist-packages/my_interfaces/action/__init__.py
[5.607s] Listing '/home/wudad10/Fold1/ros2/4_action/install/my_interfaces/local/lib/python3.10/dist-packages/my_interfaces'...
[5.607s] Compiling '/home/wudad10/Fold1/ros2/4_action/install/my_interfaces/local/lib/python3.10/dist-packages/my_interfaces/__init__.py'...
[5.607s] Listing '/home/wudad10/Fold1/ros2/4_action/install/my_interfaces/local/lib/python3.10/dist-packages/my_interfaces/action'...
[5.607s] Compiling '/home/wudad10/Fold1/ros2/4_action/install/my_interfaces/local/lib/python3.10/dist-packages/my_interfaces/action/__init__.py'...
[5.607s] Compiling '/home/wudad10/Fold1/ros2/4_action/install/my_interfaces/local/lib/python3.10/dist-packages/my_interfaces/action/_count.py'...
[5.613s] -- Installing: /home/wudad10/Fold1/ros2/4_action/install/my_interfaces/local/lib/python3.10/dist-packages/my_interfaces/my_interfaces_s__rosidl_typesupport_fastrtps_c.cpython-310-x86_64-linux-gnu.so
[5.614s] -- Set runtime path of "/home/wudad10/Fold1/ros2/4_action/install/my_interfaces/local/lib/python3.10/dist-packages/my_interfaces/my_interfaces_s__rosidl_typesupport_fastrtps_c.cpython-310-x86_64-linux-gnu.so" to ""
[5.614s] -- Installing: /home/wudad10/Fold1/ros2/4_action/install/my_interfaces/local/lib/python3.10/dist-packages/my_interfaces/my_interfaces_s__rosidl_typesupport_introspection_c.cpython-310-x86_64-linux-gnu.so
[5.614s] -- Set runtime path of "/home/wudad10/Fold1/ros2/4_action/install/my_interfaces/local/lib/python3.10/dist-packages/my_interfaces/my_interfaces_s__rosidl_typesupport_introspection_c.cpython-310-x86_64-linux-gnu.so" to ""
[5.614s] -- Installing: /home/wudad10/Fold1/ros2/4_action/install/my_interfaces/local/lib/python3.10/dist-packages/my_interfaces/my_interfaces_s__rosidl_typesupport_c.cpython-310-x86_64-linux-gnu.so
[5.615s] -- Set runtime path of "/home/wudad10/Fold1/ros2/4_action/install/my_interfaces/local/lib/python3.10/dist-packages/my_interfaces/my_interfaces_s__rosidl_typesupport_c.cpython-310-x86_64-linux-gnu.so" to ""
[5.615s] -- Installing: /home/wudad10/Fold1/ros2/4_action/install/my_interfaces/lib/libmy_interfaces__rosidl_generator_py.so
[5.616s] -- Set runtime path of "/home/wudad10/Fold1/ros2/4_action/install/my_interfaces/lib/libmy_interfaces__rosidl_generator_py.so" to ""
[5.616s] -- Installing: /home/wudad10/Fold1/ros2/4_action/install/my_interfaces/share/my_interfaces/action/Count.idl
[5.616s] -- Installing: /home/wudad10/Fold1/ros2/4_action/install/my_interfaces/share/my_interfaces/action/Count.action
[5.617s] -- Installing: /home/wudad10/Fold1/ros2/4_action/install/my_interfaces/share/ament_index/resource_index/package_run_dependencies/my_interfaces
[5.617s] -- Installing: /home/wudad10/Fold1/ros2/4_action/install/my_interfaces/share/ament_index/resource_index/parent_prefix_path/my_interfaces
[5.617s] -- Installing: /home/wudad10/Fold1/ros2/4_action/install/my_interfaces/share/my_interfaces/environment/ament_prefix_path.sh
[5.617s] -- Installing: /home/wudad10/Fold1/ros2/4_action/install/my_interfaces/share/my_interfaces/environment/ament_prefix_path.dsv
[5.617s] -- Installing: /home/wudad10/Fold1/ros2/4_action/install/my_interfaces/share/my_interfaces/environment/path.sh
[5.617s] -- Installing: /home/wudad10/Fold1/ros2/4_action/install/my_interfaces/share/my_interfaces/environment/path.dsv
[5.618s] -- Installing: /home/wudad10/Fold1/ros2/4_action/install/my_interfaces/share/my_interfaces/local_setup.bash
[5.618s] -- Installing: /home/wudad10/Fold1/ros2/4_action/install/my_interfaces/share/my_interfaces/local_setup.sh
[5.618s] -- Installing: /home/wudad10/Fold1/ros2/4_action/install/my_interfaces/share/my_interfaces/local_setup.zsh
[5.618s] -- Installing: /home/wudad10/Fold1/ros2/4_action/install/my_interfaces/share/my_interfaces/local_setup.dsv
[5.618s] -- Installing: /home/wudad10/Fold1/ros2/4_action/install/my_interfaces/share/my_interfaces/package.dsv
[5.619s] -- Installing: /home/wudad10/Fold1/ros2/4_action/install/my_interfaces/share/ament_index/resource_index/packages/my_interfaces
[5.619s] -- Installing: /home/wudad10/Fold1/ros2/4_action/install/my_interfaces/share/my_interfaces/cmake/export_my_interfaces__rosidl_generator_cExport.cmake
[5.619s] -- Installing: /home/wudad10/Fold1/ros2/4_action/install/my_interfaces/share/my_interfaces/cmake/export_my_interfaces__rosidl_generator_cExport-noconfig.cmake
[5.619s] -- Installing: /home/wudad10/Fold1/ros2/4_action/install/my_interfaces/share/my_interfaces/cmake/export_my_interfaces__rosidl_typesupport_fastrtps_cExport.cmake
[5.619s] -- Installing: /home/wudad10/Fold1/ros2/4_action/install/my_interfaces/share/my_interfaces/cmake/export_my_interfaces__rosidl_typesupport_fastrtps_cExport-noconfig.cmake
[5.620s] -- Installing: /home/wudad10/Fold1/ros2/4_action/install/my_interfaces/share/my_interfaces/cmake/my_interfaces__rosidl_typesupport_introspection_cExport.cmake
[5.620s] -- Installing: /home/wudad10/Fold1/ros2/4_action/install/my_interfaces/share/my_interfaces/cmake/my_interfaces__rosidl_typesupport_introspection_cExport-noconfig.cmake
[5.620s] -- Installing: /home/wudad10/Fold1/ros2/4_action/install/my_interfaces/share/my_interfaces/cmake/my_interfaces__rosidl_typesupport_cExport.cmake
[5.620s] -- Installing: /home/wudad10/Fold1/ros2/4_action/install/my_interfaces/share/my_interfaces/cmake/my_interfaces__rosidl_typesupport_cExport-noconfig.cmake
[5.621s] -- Installing: /home/wudad10/Fold1/ros2/4_action/install/my_interfaces/share/my_interfaces/cmake/export_my_interfaces__rosidl_generator_cppExport.cmake
[5.621s] -- Installing: /home/wudad10/Fold1/ros2/4_action/install/my_interfaces/share/my_interfaces/cmake/export_my_interfaces__rosidl_typesupport_fastrtps_cppExport.cmake
[5.621s] -- Installing: /home/wudad10/Fold1/ros2/4_action/install/my_interfaces/share/my_interfaces/cmake/export_my_interfaces__rosidl_typesupport_fastrtps_cppExport-noconfig.cmake
[5.621s] -- Installing: /home/wudad10/Fold1/ros2/4_action/install/my_interfaces/share/my_interfaces/cmake/my_interfaces__rosidl_typesupport_introspection_cppExport.cmake
[5.621s] -- Installing: /home/wudad10/Fold1/ros2/4_action/install/my_interfaces/share/my_interfaces/cmake/my_interfaces__rosidl_typesupport_introspection_cppExport-noconfig.cmake
[5.622s] -- Installing: /home/wudad10/Fold1/ros2/4_action/install/my_interfaces/share/my_interfaces/cmake/my_interfaces__rosidl_typesupport_cppExport.cmake
[5.622s] -- Installing: /home/wudad10/Fold1/ros2/4_action/install/my_interfaces/share/my_interfaces/cmake/my_interfaces__rosidl_typesupport_cppExport-noconfig.cmake
[5.622s] -- Installing: /home/wudad10/Fold1/ros2/4_action/install/my_interfaces/share/my_interfaces/cmake/export_my_interfaces__rosidl_generator_pyExport.cmake
[5.622s] -- Installing: /home/wudad10/Fold1/ros2/4_action/install/my_interfaces/share/my_interfaces/cmake/export_my_interfaces__rosidl_generator_pyExport-noconfig.cmake
[5.622s] -- Installing: /home/wudad10/Fold1/ros2/4_action/install/my_interfaces/share/my_interfaces/cmake/rosidl_cmake-extras.cmake
[5.623s] -- Installing: /home/wudad10/Fold1/ros2/4_action/install/my_interfaces/share/my_interfaces/cmake/ament_cmake_export_dependencies-extras.cmake
[5.623s] -- Installing: /home/wudad10/Fold1/ros2/4_action/install/my_interfaces/share/my_interfaces/cmake/ament_cmake_export_include_directories-extras.cmake
[5.623s] -- Installing: /home/wudad10/Fold1/ros2/4_action/install/my_interfaces/share/my_interfaces/cmake/ament_cmake_export_libraries-extras.cmake
[5.623s] -- Installing: /home/wudad10/Fold1/ros2/4_action/install/my_interfaces/share/my_interfaces/cmake/ament_cmake_export_targets-extras.cmake
[5.624s] -- Installing: /home/wudad10/Fold1/ros2/4_action/install/my_interfaces/share/my_interfaces/cmake/rosidl_cmake_export_typesupport_targets-extras.cmake
[5.624s] -- Installing: /home/wudad10/Fold1/ros2/4_action/install/my_interfaces/share/my_interfaces/cmake/rosidl_cmake_export_typesupport_libraries-extras.cmake
[5.624s] -- Installing: /home/wudad10/Fold1/ros2/4_action/install/my_interfaces/share/my_interfaces/cmake/my_interfacesConfig.cmake
[5.624s] -- Installing: /home/wudad10/Fold1/ros2/4_action/install/my_interfaces/share/my_interfaces/cmake/my_interfacesConfig-version.cmake
[5.624s] -- Installing: /home/wudad10/Fold1/ros2/4_action/install/my_interfaces/share/my_interfaces/package.xml
[5.628s] Invoked command in '/home/wudad10/Fold1/ros2/4_action/build/my_interfaces' returned '0': CMAKE_PREFIX_PATH=${CMAKE_PREFIX_PATH}:/home/wudad10/Fold1/ros2/3_param/install/py_param_node:/home/wudad10/Fold1/chapter9/fishbot_ws/install/ros_serial2wifi:/home/wudad10/Fold1/chapter9/install/ros_serial2wifi:/opt/ros/humble /usr/bin/cmake --install /home/wudad10/Fold1/ros2/4_action/build/my_interfaces
