[0.022s] Invoking command in '/home/wudad10/Fold1/ros2/1_topic/my_interfaces/build/my_interfaces': CMAKE_PREFIX_PATH=${CMAKE_PREFIX_PATH}:/home/wudad10/Fold1/chapter9/fishbot_ws/install/ros_serial2wifi:/home/wudad10/Fold1/chapter9/install/ros_serial2wifi:/opt/ros/humble /usr/bin/cmake /home/wudad10/Fold1/ros2/1_topic/my_interfaces/src/my_interfaces -DCMAKE_INSTALL_PREFIX=/home/wudad10/Fold1/ros2/1_topic/my_interfaces/install/my_interfaces
[0.213s] -- The C compiler identification is GNU 11.4.0
[0.355s] -- The CXX compiler identification is GNU 11.4.0
[0.370s] -- Detecting C compiler ABI info
[0.469s] -- Detecting C compiler ABI info - done
[0.473s] -- Check for working C compiler: /usr/bin/cc - skipped
[0.474s] -- Detecting C compile features
[0.475s] -- Detecting C compile features - done
[0.480s] -- Detecting CXX compiler ABI info
[0.584s] -- Detecting CXX compiler ABI info - done
[0.590s] -- Check for working CXX compiler: /usr/bin/c++ - skipped
[0.590s] -- Detecting CXX compile features
[0.591s] -- Detecting CXX compile features - done
[0.610s] -- Found ament_cmake: 1.3.12 (/opt/ros/humble/share/ament_cmake/cmake)
[0.792s] -- Found Python3: /usr/bin/python3 (found version "3.10.12") found components: Interpreter 
[0.949s] -- Found ament_lint_auto: 0.12.14 (/opt/ros/humble/share/ament_lint_auto/cmake)
[1.052s] -- Found rosidl_default_generators: 1.2.0 (/opt/ros/humble/share/rosidl_default_generators/cmake)
[1.062s] -- Using all available rosidl_typesupport_c: rosidl_typesupport_fastrtps_c;rosidl_typesupport_introspection_c
[1.078s] -- Found rosidl_adapter: 3.1.7 (/opt/ros/humble/share/rosidl_adapter/cmake)
[1.170s] -- Using all available rosidl_typesupport_cpp: rosidl_typesupport_fastrtps_cpp;rosidl_typesupport_introspection_cpp
[1.440s] -- Found ament_cmake_ros: 0.10.0 (/opt/ros/humble/share/ament_cmake_ros/cmake)
[1.647s] -- Using all available rosidl_typesupport_c: rosidl_typesupport_fastrtps_c;rosidl_typesupport_introspection_c
[1.902s] -- Using all available rosidl_typesupport_cpp: rosidl_typesupport_fastrtps_cpp;rosidl_typesupport_introspection_cpp
[1.928s] -- Found PythonInterp: /usr/bin/python3 (found suitable version "3.10.12", minimum required is "3.6") 
[1.933s] -- Found python_cmake_module: 0.10.0 (/opt/ros/humble/share/python_cmake_module/cmake)
[1.965s] -- Found PythonLibs: /usr/lib/x86_64-linux-gnu/libpython3.10.so (found suitable version "3.10.12", minimum required is "3.5") 
[1.965s] -- Using PYTHON_EXECUTABLE: /usr/bin/python3
[1.965s] -- Using PYTHON_INCLUDE_DIRS: /usr/include/python3.10
[1.965s] -- Using PYTHON_LIBRARIES: /usr/lib/x86_64-linux-gnu/libpython3.10.so
[1.988s] -- Found PythonExtra: .so  
[2.041s] -- Added test 'lint_cmake' to check CMake code style
[2.044s] -- Added test 'xmllint' to check XML markup files
[2.059s] -- Configuring done
[2.095s] -- Generating done
[2.106s] -- Build files have been written to: /home/wudad10/Fold1/ros2/1_topic/my_interfaces/build/my_interfaces
[2.114s] Invoked command in '/home/wudad10/Fold1/ros2/1_topic/my_interfaces/build/my_interfaces' returned '0': CMAKE_PREFIX_PATH=${CMAKE_PREFIX_PATH}:/home/wudad10/Fold1/chapter9/fishbot_ws/install/ros_serial2wifi:/home/wudad10/Fold1/chapter9/install/ros_serial2wifi:/opt/ros/humble /usr/bin/cmake /home/wudad10/Fold1/ros2/1_topic/my_interfaces/src/my_interfaces -DCMAKE_INSTALL_PREFIX=/home/wudad10/Fold1/ros2/1_topic/my_interfaces/install/my_interfaces
[2.118s] Invoking command in '/home/wudad10/Fold1/ros2/1_topic/my_interfaces/build/my_interfaces': CMAKE_PREFIX_PATH=${CMAKE_PREFIX_PATH}:/home/wudad10/Fold1/chapter9/fishbot_ws/install/ros_serial2wifi:/home/wudad10/Fold1/chapter9/install/ros_serial2wifi:/opt/ros/humble /usr/bin/cmake --build /home/wudad10/Fold1/ros2/1_topic/my_interfaces/build/my_interfaces -- -j4 -l4
[2.166s] [  3%] [34m[1mGenerating C code for ROS interfaces[0m
[2.180s] [  6%] [34m[1mGenerating C++ code for ROS interfaces[0m
[2.192s] [  6%] Built target ament_cmake_python_copy_my_interfaces
[2.540s] running egg_info
[2.541s] creating my_interfaces.egg-info
[2.541s] writing my_interfaces.egg-info/PKG-INFO
[2.541s] writing dependency_links to my_interfaces.egg-info/dependency_links.txt
[2.541s] writing top-level names to my_interfaces.egg-info/top_level.txt
[2.541s] writing manifest file 'my_interfaces.egg-info/SOURCES.txt'
[2.549s] reading manifest file 'my_interfaces.egg-info/SOURCES.txt'
[2.549s] writing manifest file 'my_interfaces.egg-info/SOURCES.txt'
[2.557s] [  6%] Built target my_interfaces__cpp
[2.560s] [  9%] [32mBuilding C object CMakeFiles/my_interfaces__rosidl_generator_c.dir/rosidl_generator_c/my_interfaces/msg/detail/my_msg__functions.c.o[0m
[2.582s] [ 12%] [34m[1mGenerating C++ type support dispatch for ROS interfaces[0m
[2.600s] [ 16%] [34m[1mGenerating C++ type support for eProsima Fast-RTPS[0m
[2.602s] [ 16%] Built target ament_cmake_python_build_my_interfaces_egg
[2.633s] [ 19%] [34m[1mGenerating C++ introspection for ROS interfaces[0m
[2.720s] [ 22%] [32m[1mLinking C shared library libmy_interfaces__rosidl_generator_c.so[0m
[2.821s] [ 22%] Built target my_interfaces__rosidl_generator_c
[2.850s] [ 25%] [34m[1mGenerating C type support for eProsima Fast-RTPS[0m
[2.941s] [ 29%] [32mBuilding CXX object CMakeFiles/my_interfaces__rosidl_typesupport_introspection_cpp.dir/rosidl_typesupport_introspection_cpp/my_interfaces/msg/detail/my_msg__type_support.cpp.o[0m
[2.945s] [ 32%] [32mBuilding CXX object CMakeFiles/my_interfaces__rosidl_typesupport_cpp.dir/rosidl_typesupport_cpp/my_interfaces/msg/my_msg__type_support.cpp.o[0m
[2.971s] [ 35%] [32mBuilding CXX object CMakeFiles/my_interfaces__rosidl_typesupport_fastrtps_cpp.dir/rosidl_typesupport_fastrtps_cpp/my_interfaces/msg/detail/dds_fastrtps/my_msg__type_support.cpp.o[0m
[3.190s] [ 38%] [32mBuilding CXX object CMakeFiles/my_interfaces__rosidl_typesupport_fastrtps_c.dir/rosidl_typesupport_fastrtps_c/my_interfaces/msg/detail/my_msg__type_support_c.cpp.o[0m
[3.313s] [ 41%] [32m[1mLinking CXX shared library libmy_interfaces__rosidl_typesupport_cpp.so[0m
[3.378s] [ 41%] Built target my_interfaces__rosidl_typesupport_cpp
[3.405s] [ 45%] [34m[1mGenerating C introspection for ROS interfaces[0m
[3.479s] [ 48%] [32m[1mLinking CXX shared library libmy_interfaces__rosidl_typesupport_fastrtps_cpp.so[0m
[3.480s] [ 51%] [32m[1mLinking CXX shared library libmy_interfaces__rosidl_typesupport_introspection_cpp.so[0m
[3.590s] [ 51%] Built target my_interfaces__rosidl_typesupport_introspection_cpp
[3.607s] [ 54%] [34m[1mGenerating C type support dispatch for ROS interfaces[0m
[3.633s] [ 54%] Built target my_interfaces__rosidl_typesupport_fastrtps_cpp
[3.678s] [ 58%] [32m[1mLinking CXX shared library libmy_interfaces__rosidl_typesupport_fastrtps_c.so[0m
[3.711s] [ 61%] [32mBuilding C object CMakeFiles/my_interfaces__rosidl_typesupport_introspection_c.dir/rosidl_typesupport_introspection_c/my_interfaces/msg/detail/my_msg__type_support.c.o[0m
[3.763s] [ 64%] [32m[1mLinking C shared library libmy_interfaces__rosidl_typesupport_introspection_c.so[0m
[3.782s] [ 64%] Built target my_interfaces__rosidl_typesupport_fastrtps_c
[3.805s] [ 64%] Built target my_interfaces__rosidl_typesupport_introspection_c
[3.847s] [ 67%] [32mBuilding CXX object CMakeFiles/my_interfaces__rosidl_typesupport_c.dir/rosidl_typesupport_c/my_interfaces/msg/my_msg__type_support.cpp.o[0m
[3.884s] [ 70%] [32m[1mLinking CXX shared library libmy_interfaces__rosidl_typesupport_c.so[0m
[3.931s] [ 70%] Built target my_interfaces__rosidl_typesupport_c
[3.958s] [ 70%] Built target my_interfaces
[3.986s] [ 74%] [34m[1mGenerating Python code for ROS interfaces[0m
[4.293s] [ 74%] Built target my_interfaces__py
[4.321s] [ 77%] [32mBuilding C object CMakeFiles/my_interfaces__rosidl_generator_py.dir/rosidl_generator_py/my_interfaces/msg/_my_msg_s.c.o[0m
[4.472s] [ 80%] [32m[1mLinking C shared library rosidl_generator_py/my_interfaces/libmy_interfaces__rosidl_generator_py.so[0m
[4.524s] [ 80%] Built target my_interfaces__rosidl_generator_py
[4.551s] [ 83%] [32mBuilding C object CMakeFiles/my_interfaces__rosidl_typesupport_fastrtps_c__pyext.dir/rosidl_generator_py/my_interfaces/_my_interfaces_s.ep.rosidl_typesupport_fastrtps_c.c.o[0m
[4.561s] [ 87%] [32mBuilding C object CMakeFiles/my_interfaces__rosidl_typesupport_introspection_c__pyext.dir/rosidl_generator_py/my_interfaces/_my_interfaces_s.ep.rosidl_typesupport_introspection_c.c.o[0m
[4.567s] [ 90%] [32mBuilding C object CMakeFiles/my_interfaces__rosidl_typesupport_c__pyext.dir/rosidl_generator_py/my_interfaces/_my_interfaces_s.ep.rosidl_typesupport_c.c.o[0m
[4.661s] [ 93%] [32m[1mLinking C shared library rosidl_generator_py/my_interfaces/my_interfaces_s__rosidl_typesupport_introspection_c.cpython-310-x86_64-linux-gnu.so[0m
[4.663s] [ 96%] [32m[1mLinking C shared library rosidl_generator_py/my_interfaces/my_interfaces_s__rosidl_typesupport_fastrtps_c.cpython-310-x86_64-linux-gnu.so[0m
[4.670s] [100%] [32m[1mLinking C shared library rosidl_generator_py/my_interfaces/my_interfaces_s__rosidl_typesupport_c.cpython-310-x86_64-linux-gnu.so[0m
[4.707s] [100%] Built target my_interfaces__rosidl_typesupport_fastrtps_c__pyext
[4.711s] [100%] Built target my_interfaces__rosidl_typesupport_introspection_c__pyext
[4.716s] [100%] Built target my_interfaces__rosidl_typesupport_c__pyext
[4.733s] Invoked command in '/home/wudad10/Fold1/ros2/1_topic/my_interfaces/build/my_interfaces' returned '0': CMAKE_PREFIX_PATH=${CMAKE_PREFIX_PATH}:/home/wudad10/Fold1/chapter9/fishbot_ws/install/ros_serial2wifi:/home/wudad10/Fold1/chapter9/install/ros_serial2wifi:/opt/ros/humble /usr/bin/cmake --build /home/wudad10/Fold1/ros2/1_topic/my_interfaces/build/my_interfaces -- -j4 -l4
[4.753s] Invoking command in '/home/wudad10/Fold1/ros2/1_topic/my_interfaces/build/my_interfaces': CMAKE_PREFIX_PATH=${CMAKE_PREFIX_PATH}:/home/wudad10/Fold1/chapter9/fishbot_ws/install/ros_serial2wifi:/home/wudad10/Fold1/chapter9/install/ros_serial2wifi:/opt/ros/humble /usr/bin/cmake --install /home/wudad10/Fold1/ros2/1_topic/my_interfaces/build/my_interfaces
[4.764s] -- Install configuration: ""
[4.765s] -- Installing: /home/wudad10/Fold1/ros2/1_topic/my_interfaces/install/my_interfaces/share/ament_index/resource_index/rosidl_interfaces/my_interfaces
[4.765s] -- Installing: /home/wudad10/Fold1/ros2/1_topic/my_interfaces/install/my_interfaces/include/my_interfaces/my_interfaces
[4.765s] -- Installing: /home/wudad10/Fold1/ros2/1_topic/my_interfaces/install/my_interfaces/include/my_interfaces/my_interfaces/msg
[4.765s] -- Installing: /home/wudad10/Fold1/ros2/1_topic/my_interfaces/install/my_interfaces/include/my_interfaces/my_interfaces/msg/detail
[4.765s] -- Installing: /home/wudad10/Fold1/ros2/1_topic/my_interfaces/install/my_interfaces/include/my_interfaces/my_interfaces/msg/detail/my_msg__struct.h
[4.765s] -- Installing: /home/wudad10/Fold1/ros2/1_topic/my_interfaces/install/my_interfaces/include/my_interfaces/my_interfaces/msg/detail/my_msg__functions.c
[4.765s] -- Installing: /home/wudad10/Fold1/ros2/1_topic/my_interfaces/install/my_interfaces/include/my_interfaces/my_interfaces/msg/detail/my_msg__type_support.h
[4.766s] -- Installing: /home/wudad10/Fold1/ros2/1_topic/my_interfaces/install/my_interfaces/include/my_interfaces/my_interfaces/msg/detail/my_msg__functions.h
[4.766s] -- Installing: /home/wudad10/Fold1/ros2/1_topic/my_interfaces/install/my_interfaces/include/my_interfaces/my_interfaces/msg/rosidl_generator_c__visibility_control.h
[4.766s] -- Installing: /home/wudad10/Fold1/ros2/1_topic/my_interfaces/install/my_interfaces/include/my_interfaces/my_interfaces/msg/my_msg.h
[4.767s] -- Installing: /home/wudad10/Fold1/ros2/1_topic/my_interfaces/install/my_interfaces/share/my_interfaces/environment/library_path.sh
[4.767s] -- Installing: /home/wudad10/Fold1/ros2/1_topic/my_interfaces/install/my_interfaces/share/my_interfaces/environment/library_path.dsv
[4.767s] -- Installing: /home/wudad10/Fold1/ros2/1_topic/my_interfaces/install/my_interfaces/lib/libmy_interfaces__rosidl_generator_c.so
[4.767s] -- Set runtime path of "/home/wudad10/Fold1/ros2/1_topic/my_interfaces/install/my_interfaces/lib/libmy_interfaces__rosidl_generator_c.so" to ""
[4.767s] -- Up-to-date: /home/wudad10/Fold1/ros2/1_topic/my_interfaces/install/my_interfaces/include/my_interfaces/my_interfaces
[4.767s] -- Up-to-date: /home/wudad10/Fold1/ros2/1_topic/my_interfaces/install/my_interfaces/include/my_interfaces/my_interfaces/msg
[4.767s] -- Up-to-date: /home/wudad10/Fold1/ros2/1_topic/my_interfaces/install/my_interfaces/include/my_interfaces/my_interfaces/msg/detail
[4.767s] -- Installing: /home/wudad10/Fold1/ros2/1_topic/my_interfaces/install/my_interfaces/include/my_interfaces/my_interfaces/msg/detail/my_msg__rosidl_typesupport_fastrtps_c.h
[4.767s] -- Installing: /home/wudad10/Fold1/ros2/1_topic/my_interfaces/install/my_interfaces/include/my_interfaces/my_interfaces/msg/rosidl_typesupport_fastrtps_c__visibility_control.h
[4.768s] -- Installing: /home/wudad10/Fold1/ros2/1_topic/my_interfaces/install/my_interfaces/lib/libmy_interfaces__rosidl_typesupport_fastrtps_c.so
[4.768s] -- Set runtime path of "/home/wudad10/Fold1/ros2/1_topic/my_interfaces/install/my_interfaces/lib/libmy_interfaces__rosidl_typesupport_fastrtps_c.so" to ""
[4.768s] -- Up-to-date: /home/wudad10/Fold1/ros2/1_topic/my_interfaces/install/my_interfaces/include/my_interfaces/my_interfaces
[4.768s] -- Up-to-date: /home/wudad10/Fold1/ros2/1_topic/my_interfaces/install/my_interfaces/include/my_interfaces/my_interfaces/msg
[4.768s] -- Up-to-date: /home/wudad10/Fold1/ros2/1_topic/my_interfaces/install/my_interfaces/include/my_interfaces/my_interfaces/msg/detail
[4.769s] -- Installing: /home/wudad10/Fold1/ros2/1_topic/my_interfaces/install/my_interfaces/include/my_interfaces/my_interfaces/msg/detail/my_msg__type_support.c
[4.769s] -- Installing: /home/wudad10/Fold1/ros2/1_topic/my_interfaces/install/my_interfaces/include/my_interfaces/my_interfaces/msg/detail/my_msg__rosidl_typesupport_introspection_c.h
[4.769s] -- Installing: /home/wudad10/Fold1/ros2/1_topic/my_interfaces/install/my_interfaces/include/my_interfaces/my_interfaces/msg/rosidl_typesupport_introspection_c__visibility_control.h
[4.769s] -- Installing: /home/wudad10/Fold1/ros2/1_topic/my_interfaces/install/my_interfaces/lib/libmy_interfaces__rosidl_typesupport_introspection_c.so
[4.769s] -- Set runtime path of "/home/wudad10/Fold1/ros2/1_topic/my_interfaces/install/my_interfaces/lib/libmy_interfaces__rosidl_typesupport_introspection_c.so" to ""
[4.770s] -- Installing: /home/wudad10/Fold1/ros2/1_topic/my_interfaces/install/my_interfaces/lib/libmy_interfaces__rosidl_typesupport_c.so
[4.770s] -- Set runtime path of "/home/wudad10/Fold1/ros2/1_topic/my_interfaces/install/my_interfaces/lib/libmy_interfaces__rosidl_typesupport_c.so" to ""
[4.770s] -- Up-to-date: /home/wudad10/Fold1/ros2/1_topic/my_interfaces/install/my_interfaces/include/my_interfaces/my_interfaces
[4.770s] -- Up-to-date: /home/wudad10/Fold1/ros2/1_topic/my_interfaces/install/my_interfaces/include/my_interfaces/my_interfaces/msg
[4.770s] -- Up-to-date: /home/wudad10/Fold1/ros2/1_topic/my_interfaces/install/my_interfaces/include/my_interfaces/my_interfaces/msg/detail
[4.770s] -- Installing: /home/wudad10/Fold1/ros2/1_topic/my_interfaces/install/my_interfaces/include/my_interfaces/my_interfaces/msg/detail/my_msg__type_support.hpp
[4.770s] -- Installing: /home/wudad10/Fold1/ros2/1_topic/my_interfaces/install/my_interfaces/include/my_interfaces/my_interfaces/msg/detail/my_msg__traits.hpp
[4.770s] -- Installing: /home/wudad10/Fold1/ros2/1_topic/my_interfaces/install/my_interfaces/include/my_interfaces/my_interfaces/msg/detail/my_msg__builder.hpp
[4.771s] -- Installing: /home/wudad10/Fold1/ros2/1_topic/my_interfaces/install/my_interfaces/include/my_interfaces/my_interfaces/msg/detail/my_msg__struct.hpp
[4.771s] -- Installing: /home/wudad10/Fold1/ros2/1_topic/my_interfaces/install/my_interfaces/include/my_interfaces/my_interfaces/msg/my_msg.hpp
[4.771s] -- Installing: /home/wudad10/Fold1/ros2/1_topic/my_interfaces/install/my_interfaces/include/my_interfaces/my_interfaces/msg/rosidl_generator_cpp__visibility_control.hpp
[4.771s] -- Up-to-date: /home/wudad10/Fold1/ros2/1_topic/my_interfaces/install/my_interfaces/include/my_interfaces/my_interfaces
[4.771s] -- Up-to-date: /home/wudad10/Fold1/ros2/1_topic/my_interfaces/install/my_interfaces/include/my_interfaces/my_interfaces/msg
[4.771s] -- Up-to-date: /home/wudad10/Fold1/ros2/1_topic/my_interfaces/install/my_interfaces/include/my_interfaces/my_interfaces/msg/detail
[4.771s] -- Installing: /home/wudad10/Fold1/ros2/1_topic/my_interfaces/install/my_interfaces/include/my_interfaces/my_interfaces/msg/detail/my_msg__rosidl_typesupport_fastrtps_cpp.hpp
[4.772s] -- Installing: /home/wudad10/Fold1/ros2/1_topic/my_interfaces/install/my_interfaces/include/my_interfaces/my_interfaces/msg/detail/dds_fastrtps
[4.772s] -- Installing: /home/wudad10/Fold1/ros2/1_topic/my_interfaces/install/my_interfaces/include/my_interfaces/my_interfaces/msg/rosidl_typesupport_fastrtps_cpp__visibility_control.h
[4.772s] -- Installing: /home/wudad10/Fold1/ros2/1_topic/my_interfaces/install/my_interfaces/lib/libmy_interfaces__rosidl_typesupport_fastrtps_cpp.so
[4.772s] -- Set runtime path of "/home/wudad10/Fold1/ros2/1_topic/my_interfaces/install/my_interfaces/lib/libmy_interfaces__rosidl_typesupport_fastrtps_cpp.so" to ""
[4.772s] -- Up-to-date: /home/wudad10/Fold1/ros2/1_topic/my_interfaces/install/my_interfaces/include/my_interfaces/my_interfaces
[4.772s] -- Up-to-date: /home/wudad10/Fold1/ros2/1_topic/my_interfaces/install/my_interfaces/include/my_interfaces/my_interfaces/msg
[4.773s] -- Up-to-date: /home/wudad10/Fold1/ros2/1_topic/my_interfaces/install/my_interfaces/include/my_interfaces/my_interfaces/msg/detail
[4.773s] -- Installing: /home/wudad10/Fold1/ros2/1_topic/my_interfaces/install/my_interfaces/include/my_interfaces/my_interfaces/msg/detail/my_msg__rosidl_typesupport_introspection_cpp.hpp
[4.773s] -- Installing: /home/wudad10/Fold1/ros2/1_topic/my_interfaces/install/my_interfaces/include/my_interfaces/my_interfaces/msg/detail/my_msg__type_support.cpp
[4.773s] -- Installing: /home/wudad10/Fold1/ros2/1_topic/my_interfaces/install/my_interfaces/lib/libmy_interfaces__rosidl_typesupport_introspection_cpp.so
[4.773s] -- Set runtime path of "/home/wudad10/Fold1/ros2/1_topic/my_interfaces/install/my_interfaces/lib/libmy_interfaces__rosidl_typesupport_introspection_cpp.so" to ""
[4.773s] -- Installing: /home/wudad10/Fold1/ros2/1_topic/my_interfaces/install/my_interfaces/lib/libmy_interfaces__rosidl_typesupport_cpp.so
[4.774s] -- Set runtime path of "/home/wudad10/Fold1/ros2/1_topic/my_interfaces/install/my_interfaces/lib/libmy_interfaces__rosidl_typesupport_cpp.so" to ""
[4.774s] -- Installing: /home/wudad10/Fold1/ros2/1_topic/my_interfaces/install/my_interfaces/share/my_interfaces/environment/pythonpath.sh
[4.774s] -- Installing: /home/wudad10/Fold1/ros2/1_topic/my_interfaces/install/my_interfaces/share/my_interfaces/environment/pythonpath.dsv
[4.774s] -- Installing: /home/wudad10/Fold1/ros2/1_topic/my_interfaces/install/my_interfaces/local/lib/python3.10/dist-packages/my_interfaces-0.0.0-py3.10.egg-info
[4.775s] -- Installing: /home/wudad10/Fold1/ros2/1_topic/my_interfaces/install/my_interfaces/local/lib/python3.10/dist-packages/my_interfaces-0.0.0-py3.10.egg-info/dependency_links.txt
[4.775s] -- Installing: /home/wudad10/Fold1/ros2/1_topic/my_interfaces/install/my_interfaces/local/lib/python3.10/dist-packages/my_interfaces-0.0.0-py3.10.egg-info/PKG-INFO
[4.775s] -- Installing: /home/wudad10/Fold1/ros2/1_topic/my_interfaces/install/my_interfaces/local/lib/python3.10/dist-packages/my_interfaces-0.0.0-py3.10.egg-info/top_level.txt
[4.775s] -- Installing: /home/wudad10/Fold1/ros2/1_topic/my_interfaces/install/my_interfaces/local/lib/python3.10/dist-packages/my_interfaces-0.0.0-py3.10.egg-info/SOURCES.txt
[4.775s] -- Installing: /home/wudad10/Fold1/ros2/1_topic/my_interfaces/install/my_interfaces/local/lib/python3.10/dist-packages/my_interfaces
[4.775s] -- Installing: /home/wudad10/Fold1/ros2/1_topic/my_interfaces/install/my_interfaces/local/lib/python3.10/dist-packages/my_interfaces/libmy_interfaces__rosidl_generator_py.so
[4.776s] -- Installing: /home/wudad10/Fold1/ros2/1_topic/my_interfaces/install/my_interfaces/local/lib/python3.10/dist-packages/my_interfaces/_my_interfaces_s.ep.rosidl_typesupport_c.c
[4.776s] -- Installing: /home/wudad10/Fold1/ros2/1_topic/my_interfaces/install/my_interfaces/local/lib/python3.10/dist-packages/my_interfaces/my_interfaces_s__rosidl_typesupport_introspection_c.cpython-310-x86_64-linux-gnu.so
[4.776s] -- Installing: /home/wudad10/Fold1/ros2/1_topic/my_interfaces/install/my_interfaces/local/lib/python3.10/dist-packages/my_interfaces/_my_interfaces_s.ep.rosidl_typesupport_fastrtps_c.c
[4.776s] -- Installing: /home/wudad10/Fold1/ros2/1_topic/my_interfaces/install/my_interfaces/local/lib/python3.10/dist-packages/my_interfaces/my_interfaces_s__rosidl_typesupport_fastrtps_c.cpython-310-x86_64-linux-gnu.so
[4.776s] -- Installing: /home/wudad10/Fold1/ros2/1_topic/my_interfaces/install/my_interfaces/local/lib/python3.10/dist-packages/my_interfaces/_my_interfaces_s.ep.rosidl_typesupport_introspection_c.c
[4.776s] -- Installing: /home/wudad10/Fold1/ros2/1_topic/my_interfaces/install/my_interfaces/local/lib/python3.10/dist-packages/my_interfaces/msg
[4.777s] -- Installing: /home/wudad10/Fold1/ros2/1_topic/my_interfaces/install/my_interfaces/local/lib/python3.10/dist-packages/my_interfaces/msg/_my_msg_s.c
[4.777s] -- Installing: /home/wudad10/Fold1/ros2/1_topic/my_interfaces/install/my_interfaces/local/lib/python3.10/dist-packages/my_interfaces/msg/_my_msg.py
[4.777s] -- Installing: /home/wudad10/Fold1/ros2/1_topic/my_interfaces/install/my_interfaces/local/lib/python3.10/dist-packages/my_interfaces/msg/__init__.py
[4.777s] -- Installing: /home/wudad10/Fold1/ros2/1_topic/my_interfaces/install/my_interfaces/local/lib/python3.10/dist-packages/my_interfaces/my_interfaces_s__rosidl_typesupport_c.cpython-310-x86_64-linux-gnu.so
[4.777s] -- Installing: /home/wudad10/Fold1/ros2/1_topic/my_interfaces/install/my_interfaces/local/lib/python3.10/dist-packages/my_interfaces/__init__.py
[4.814s] Listing '/home/wudad10/Fold1/ros2/1_topic/my_interfaces/install/my_interfaces/local/lib/python3.10/dist-packages/my_interfaces'...
[4.814s] Compiling '/home/wudad10/Fold1/ros2/1_topic/my_interfaces/install/my_interfaces/local/lib/python3.10/dist-packages/my_interfaces/__init__.py'...
[4.814s] Listing '/home/wudad10/Fold1/ros2/1_topic/my_interfaces/install/my_interfaces/local/lib/python3.10/dist-packages/my_interfaces/msg'...
[4.814s] Compiling '/home/wudad10/Fold1/ros2/1_topic/my_interfaces/install/my_interfaces/local/lib/python3.10/dist-packages/my_interfaces/msg/__init__.py'...
[4.814s] Compiling '/home/wudad10/Fold1/ros2/1_topic/my_interfaces/install/my_interfaces/local/lib/python3.10/dist-packages/my_interfaces/msg/_my_msg.py'...
[4.819s] -- Installing: /home/wudad10/Fold1/ros2/1_topic/my_interfaces/install/my_interfaces/local/lib/python3.10/dist-packages/my_interfaces/my_interfaces_s__rosidl_typesupport_fastrtps_c.cpython-310-x86_64-linux-gnu.so
[4.820s] -- Set runtime path of "/home/wudad10/Fold1/ros2/1_topic/my_interfaces/install/my_interfaces/local/lib/python3.10/dist-packages/my_interfaces/my_interfaces_s__rosidl_typesupport_fastrtps_c.cpython-310-x86_64-linux-gnu.so" to ""
[4.820s] -- Installing: /home/wudad10/Fold1/ros2/1_topic/my_interfaces/install/my_interfaces/local/lib/python3.10/dist-packages/my_interfaces/my_interfaces_s__rosidl_typesupport_introspection_c.cpython-310-x86_64-linux-gnu.so
[4.820s] -- Set runtime path of "/home/wudad10/Fold1/ros2/1_topic/my_interfaces/install/my_interfaces/local/lib/python3.10/dist-packages/my_interfaces/my_interfaces_s__rosidl_typesupport_introspection_c.cpython-310-x86_64-linux-gnu.so" to ""
[4.821s] -- Installing: /home/wudad10/Fold1/ros2/1_topic/my_interfaces/install/my_interfaces/local/lib/python3.10/dist-packages/my_interfaces/my_interfaces_s__rosidl_typesupport_c.cpython-310-x86_64-linux-gnu.so
[4.821s] -- Set runtime path of "/home/wudad10/Fold1/ros2/1_topic/my_interfaces/install/my_interfaces/local/lib/python3.10/dist-packages/my_interfaces/my_interfaces_s__rosidl_typesupport_c.cpython-310-x86_64-linux-gnu.so" to ""
[4.821s] -- Installing: /home/wudad10/Fold1/ros2/1_topic/my_interfaces/install/my_interfaces/lib/libmy_interfaces__rosidl_generator_py.so
[4.821s] -- Set runtime path of "/home/wudad10/Fold1/ros2/1_topic/my_interfaces/install/my_interfaces/lib/libmy_interfaces__rosidl_generator_py.so" to ""
[4.822s] -- Installing: /home/wudad10/Fold1/ros2/1_topic/my_interfaces/install/my_interfaces/share/my_interfaces/msg/MyMsg.idl
[4.822s] -- Installing: /home/wudad10/Fold1/ros2/1_topic/my_interfaces/install/my_interfaces/share/my_interfaces/msg/MyMsg.msg
[4.822s] -- Installing: /home/wudad10/Fold1/ros2/1_topic/my_interfaces/install/my_interfaces/share/ament_index/resource_index/package_run_dependencies/my_interfaces
[4.822s] -- Installing: /home/wudad10/Fold1/ros2/1_topic/my_interfaces/install/my_interfaces/share/ament_index/resource_index/parent_prefix_path/my_interfaces
[4.822s] -- Installing: /home/wudad10/Fold1/ros2/1_topic/my_interfaces/install/my_interfaces/share/my_interfaces/environment/ament_prefix_path.sh
[4.823s] -- Installing: /home/wudad10/Fold1/ros2/1_topic/my_interfaces/install/my_interfaces/share/my_interfaces/environment/ament_prefix_path.dsv
[4.823s] -- Installing: /home/wudad10/Fold1/ros2/1_topic/my_interfaces/install/my_interfaces/share/my_interfaces/environment/path.sh
[4.823s] -- Installing: /home/wudad10/Fold1/ros2/1_topic/my_interfaces/install/my_interfaces/share/my_interfaces/environment/path.dsv
[4.823s] -- Installing: /home/wudad10/Fold1/ros2/1_topic/my_interfaces/install/my_interfaces/share/my_interfaces/local_setup.bash
[4.823s] -- Installing: /home/wudad10/Fold1/ros2/1_topic/my_interfaces/install/my_interfaces/share/my_interfaces/local_setup.sh
[4.824s] -- Installing: /home/wudad10/Fold1/ros2/1_topic/my_interfaces/install/my_interfaces/share/my_interfaces/local_setup.zsh
[4.824s] -- Installing: /home/wudad10/Fold1/ros2/1_topic/my_interfaces/install/my_interfaces/share/my_interfaces/local_setup.dsv
[4.824s] -- Installing: /home/wudad10/Fold1/ros2/1_topic/my_interfaces/install/my_interfaces/share/my_interfaces/package.dsv
[4.824s] -- Installing: /home/wudad10/Fold1/ros2/1_topic/my_interfaces/install/my_interfaces/share/ament_index/resource_index/packages/my_interfaces
[4.825s] -- Installing: /home/wudad10/Fold1/ros2/1_topic/my_interfaces/install/my_interfaces/share/my_interfaces/cmake/export_my_interfaces__rosidl_generator_cExport.cmake
[4.825s] -- Installing: /home/wudad10/Fold1/ros2/1_topic/my_interfaces/install/my_interfaces/share/my_interfaces/cmake/export_my_interfaces__rosidl_generator_cExport-noconfig.cmake
[4.825s] -- Installing: /home/wudad10/Fold1/ros2/1_topic/my_interfaces/install/my_interfaces/share/my_interfaces/cmake/export_my_interfaces__rosidl_typesupport_fastrtps_cExport.cmake
[4.825s] -- Installing: /home/wudad10/Fold1/ros2/1_topic/my_interfaces/install/my_interfaces/share/my_interfaces/cmake/export_my_interfaces__rosidl_typesupport_fastrtps_cExport-noconfig.cmake
[4.825s] -- Installing: /home/wudad10/Fold1/ros2/1_topic/my_interfaces/install/my_interfaces/share/my_interfaces/cmake/my_interfaces__rosidl_typesupport_introspection_cExport.cmake
[4.826s] -- Installing: /home/wudad10/Fold1/ros2/1_topic/my_interfaces/install/my_interfaces/share/my_interfaces/cmake/my_interfaces__rosidl_typesupport_introspection_cExport-noconfig.cmake
[4.826s] -- Installing: /home/wudad10/Fold1/ros2/1_topic/my_interfaces/install/my_interfaces/share/my_interfaces/cmake/my_interfaces__rosidl_typesupport_cExport.cmake
[4.826s] -- Installing: /home/wudad10/Fold1/ros2/1_topic/my_interfaces/install/my_interfaces/share/my_interfaces/cmake/my_interfaces__rosidl_typesupport_cExport-noconfig.cmake
[4.826s] -- Installing: /home/wudad10/Fold1/ros2/1_topic/my_interfaces/install/my_interfaces/share/my_interfaces/cmake/export_my_interfaces__rosidl_generator_cppExport.cmake
[4.826s] -- Installing: /home/wudad10/Fold1/ros2/1_topic/my_interfaces/install/my_interfaces/share/my_interfaces/cmake/export_my_interfaces__rosidl_typesupport_fastrtps_cppExport.cmake
[4.826s] -- Installing: /home/wudad10/Fold1/ros2/1_topic/my_interfaces/install/my_interfaces/share/my_interfaces/cmake/export_my_interfaces__rosidl_typesupport_fastrtps_cppExport-noconfig.cmake
[4.827s] -- Installing: /home/wudad10/Fold1/ros2/1_topic/my_interfaces/install/my_interfaces/share/my_interfaces/cmake/my_interfaces__rosidl_typesupport_introspection_cppExport.cmake
[4.827s] -- Installing: /home/wudad10/Fold1/ros2/1_topic/my_interfaces/install/my_interfaces/share/my_interfaces/cmake/my_interfaces__rosidl_typesupport_introspection_cppExport-noconfig.cmake
[4.827s] -- Installing: /home/wudad10/Fold1/ros2/1_topic/my_interfaces/install/my_interfaces/share/my_interfaces/cmake/my_interfaces__rosidl_typesupport_cppExport.cmake
[4.827s] -- Installing: /home/wudad10/Fold1/ros2/1_topic/my_interfaces/install/my_interfaces/share/my_interfaces/cmake/my_interfaces__rosidl_typesupport_cppExport-noconfig.cmake
[4.828s] -- Installing: /home/wudad10/Fold1/ros2/1_topic/my_interfaces/install/my_interfaces/share/my_interfaces/cmake/export_my_interfaces__rosidl_generator_pyExport.cmake
[4.828s] -- Installing: /home/wudad10/Fold1/ros2/1_topic/my_interfaces/install/my_interfaces/share/my_interfaces/cmake/export_my_interfaces__rosidl_generator_pyExport-noconfig.cmake
[4.828s] -- Installing: /home/wudad10/Fold1/ros2/1_topic/my_interfaces/install/my_interfaces/share/my_interfaces/cmake/rosidl_cmake-extras.cmake
[4.828s] -- Installing: /home/wudad10/Fold1/ros2/1_topic/my_interfaces/install/my_interfaces/share/my_interfaces/cmake/ament_cmake_export_include_directories-extras.cmake
[4.828s] -- Installing: /home/wudad10/Fold1/ros2/1_topic/my_interfaces/install/my_interfaces/share/my_interfaces/cmake/ament_cmake_export_libraries-extras.cmake
[4.829s] -- Installing: /home/wudad10/Fold1/ros2/1_topic/my_interfaces/install/my_interfaces/share/my_interfaces/cmake/ament_cmake_export_targets-extras.cmake
[4.829s] -- Installing: /home/wudad10/Fold1/ros2/1_topic/my_interfaces/install/my_interfaces/share/my_interfaces/cmake/rosidl_cmake_export_typesupport_targets-extras.cmake
[4.829s] -- Installing: /home/wudad10/Fold1/ros2/1_topic/my_interfaces/install/my_interfaces/share/my_interfaces/cmake/ament_cmake_export_dependencies-extras.cmake
[4.829s] -- Installing: /home/wudad10/Fold1/ros2/1_topic/my_interfaces/install/my_interfaces/share/my_interfaces/cmake/rosidl_cmake_export_typesupport_libraries-extras.cmake
[4.829s] -- Installing: /home/wudad10/Fold1/ros2/1_topic/my_interfaces/install/my_interfaces/share/my_interfaces/cmake/my_interfacesConfig.cmake
[4.830s] -- Installing: /home/wudad10/Fold1/ros2/1_topic/my_interfaces/install/my_interfaces/share/my_interfaces/cmake/my_interfacesConfig-version.cmake
[4.830s] -- Installing: /home/wudad10/Fold1/ros2/1_topic/my_interfaces/install/my_interfaces/share/my_interfaces/package.xml
[4.833s] Invoked command in '/home/wudad10/Fold1/ros2/1_topic/my_interfaces/build/my_interfaces' returned '0': CMAKE_PREFIX_PATH=${CMAKE_PREFIX_PATH}:/home/wudad10/Fold1/chapter9/fishbot_ws/install/ros_serial2wifi:/home/wudad10/Fold1/chapter9/install/ros_serial2wifi:/opt/ros/humble /usr/bin/cmake --install /home/wudad10/Fold1/ros2/1_topic/my_interfaces/build/my_interfaces
