[0.271s] DEBUG:colcon:Command line arguments: ['/usr/bin/colcon', 'build']
[0.271s] DEBUG:colcon:Parsed command line arguments: Namespace(log_base=None, log_level=None, verb_name='build', build_base='build', install_base='install', merge_install=False, symlink_install=False, test_result_base=None, continue_on_error=False, executor='parallel', parallel_workers=4, event_handlers=None, ignore_user_meta=False, metas=['./colcon.meta'], base_paths=['.'], packages_ignore=None, packages_ignore_regex=None, paths=None, packages_up_to=None, packages_up_to_regex=None, packages_above=None, packages_above_and_dependencies=None, packages_above_depth=None, packages_select_by_dep=None, packages_skip_by_dep=None, packages_skip_up_to=None, packages_select_build_failed=False, packages_skip_build_finished=False, packages_select_test_failures=False, packages_skip_test_passed=False, packages_select=None, packages_skip=None, packages_select_regex=None, packages_skip_regex=None, packages_start=None, packages_end=None, allow_overriding=[], cmake_args=None, cmake_target=None, cmake_target_skip_unavailable=False, cmake_clean_cache=False, cmake_clean_first=False, cmake_force_configure=False, ament_cmake_args=None, catkin_cmake_args=None, catkin_skip_building_tests=False, verb_parser=<colcon_defaults.argument_parser.defaults.DefaultArgumentsDecorator object at 0x74e18873db70>, verb_extension=<colcon_core.verb.build.BuildVerb object at 0x74e18873d660>, main=<bound method BuildVerb.main of <colcon_core.verb.build.BuildVerb object at 0x74e18873d660>>)
[0.568s] Level 1:colcon.colcon_core.package_discovery:discover_packages(colcon_meta) check parameters
[0.568s] Level 1:colcon.colcon_core.package_discovery:discover_packages(recursive) check parameters
[0.569s] Level 1:colcon.colcon_core.package_discovery:discover_packages(ignore) check parameters
[0.569s] Level 1:colcon.colcon_core.package_discovery:discover_packages(path) check parameters
[0.569s] Level 1:colcon.colcon_core.package_discovery:discover_packages(colcon_meta) discover
[0.569s] Level 1:colcon.colcon_core.package_discovery:discover_packages(recursive) discover
[0.569s] INFO:colcon.colcon_core.package_discovery:Crawling recursively for packages in '/home/wudad10/Fold1/ros2/6_tf'
[0.569s] Level 1:colcon.colcon_core.package_identification:_identify(.) by extensions ['ignore', 'ignore_ament_install']
[0.569s] Level 1:colcon.colcon_core.package_identification:_identify(.) by extension 'ignore'
[0.569s] Level 1:colcon.colcon_core.package_identification:_identify(.) by extension 'ignore_ament_install'
[0.569s] Level 1:colcon.colcon_core.package_identification:_identify(.) by extensions ['colcon_pkg']
[0.569s] Level 1:colcon.colcon_core.package_identification:_identify(.) by extension 'colcon_pkg'
[0.569s] Level 1:colcon.colcon_core.package_identification:_identify(.) by extensions ['colcon_meta']
[0.569s] Level 1:colcon.colcon_core.package_identification:_identify(.) by extension 'colcon_meta'
[0.569s] Level 1:colcon.colcon_core.package_identification:_identify(.) by extensions ['ros']
[0.569s] Level 1:colcon.colcon_core.package_identification:_identify(.) by extension 'ros'
[0.584s] Level 1:colcon.colcon_core.package_identification:_identify(.) by extensions ['cmake', 'python']
[0.585s] Level 1:colcon.colcon_core.package_identification:_identify(.) by extension 'cmake'
[0.585s] Level 1:colcon.colcon_core.package_identification:_identify(.) by extension 'python'
[0.585s] Level 1:colcon.colcon_core.package_identification:_identify(.) by extensions ['python_setup_py']
[0.585s] Level 1:colcon.colcon_core.package_identification:_identify(.) by extension 'python_setup_py'
[0.585s] Level 1:colcon.colcon_core.package_identification:_identify(build) by extensions ['ignore', 'ignore_ament_install']
[0.585s] Level 1:colcon.colcon_core.package_identification:_identify(build) by extension 'ignore'
[0.585s] Level 1:colcon.colcon_core.package_identification:_identify(build) ignored
[0.585s] Level 1:colcon.colcon_core.package_identification:_identify(install) by extensions ['ignore', 'ignore_ament_install']
[0.585s] Level 1:colcon.colcon_core.package_identification:_identify(install) by extension 'ignore'
[0.585s] Level 1:colcon.colcon_core.package_identification:_identify(install) ignored
[0.585s] Level 1:colcon.colcon_core.package_identification:_identify(log) by extensions ['ignore', 'ignore_ament_install']
[0.585s] Level 1:colcon.colcon_core.package_identification:_identify(log) by extension 'ignore'
[0.585s] Level 1:colcon.colcon_core.package_identification:_identify(log) ignored
[0.585s] Level 1:colcon.colcon_core.package_identification:_identify(src) by extensions ['ignore', 'ignore_ament_install']
[0.585s] Level 1:colcon.colcon_core.package_identification:_identify(src) by extension 'ignore'
[0.585s] Level 1:colcon.colcon_core.package_identification:_identify(src) by extension 'ignore_ament_install'
[0.586s] Level 1:colcon.colcon_core.package_identification:_identify(src) by extensions ['colcon_pkg']
[0.586s] Level 1:colcon.colcon_core.package_identification:_identify(src) by extension 'colcon_pkg'
[0.586s] Level 1:colcon.colcon_core.package_identification:_identify(src) by extensions ['colcon_meta']
[0.586s] Level 1:colcon.colcon_core.package_identification:_identify(src) by extension 'colcon_meta'
[0.586s] Level 1:colcon.colcon_core.package_identification:_identify(src) by extensions ['ros']
[0.586s] Level 1:colcon.colcon_core.package_identification:_identify(src) by extension 'ros'
[0.586s] Level 1:colcon.colcon_core.package_identification:_identify(src) by extensions ['cmake', 'python']
[0.586s] Level 1:colcon.colcon_core.package_identification:_identify(src) by extension 'cmake'
[0.586s] Level 1:colcon.colcon_core.package_identification:_identify(src) by extension 'python'
[0.586s] Level 1:colcon.colcon_core.package_identification:_identify(src) by extensions ['python_setup_py']
[0.586s] Level 1:colcon.colcon_core.package_identification:_identify(src) by extension 'python_setup_py'
[0.586s] Level 1:colcon.colcon_core.package_identification:_identify(src/cpp_tf) by extensions ['ignore', 'ignore_ament_install']
[0.586s] Level 1:colcon.colcon_core.package_identification:_identify(src/cpp_tf) by extension 'ignore'
[0.586s] Level 1:colcon.colcon_core.package_identification:_identify(src/cpp_tf) by extension 'ignore_ament_install'
[0.586s] Level 1:colcon.colcon_core.package_identification:_identify(src/cpp_tf) by extensions ['colcon_pkg']
[0.586s] Level 1:colcon.colcon_core.package_identification:_identify(src/cpp_tf) by extension 'colcon_pkg'
[0.586s] Level 1:colcon.colcon_core.package_identification:_identify(src/cpp_tf) by extensions ['colcon_meta']
[0.586s] Level 1:colcon.colcon_core.package_identification:_identify(src/cpp_tf) by extension 'colcon_meta'
[0.586s] Level 1:colcon.colcon_core.package_identification:_identify(src/cpp_tf) by extensions ['ros']
[0.586s] Level 1:colcon.colcon_core.package_identification:_identify(src/cpp_tf) by extension 'ros'
[0.590s] DEBUG:colcon.colcon_core.package_identification:Package 'src/cpp_tf' with type 'ros.ament_cmake' and name 'cpp_tf'
[0.591s] Level 1:colcon.colcon_core.package_identification:_identify(src/py_tf) by extensions ['ignore', 'ignore_ament_install']
[0.591s] Level 1:colcon.colcon_core.package_identification:_identify(src/py_tf) by extension 'ignore'
[0.591s] Level 1:colcon.colcon_core.package_identification:_identify(src/py_tf) by extension 'ignore_ament_install'
[0.591s] Level 1:colcon.colcon_core.package_identification:_identify(src/py_tf) by extensions ['colcon_pkg']
[0.591s] Level 1:colcon.colcon_core.package_identification:_identify(src/py_tf) by extension 'colcon_pkg'
[0.591s] Level 1:colcon.colcon_core.package_identification:_identify(src/py_tf) by extensions ['colcon_meta']
[0.591s] Level 1:colcon.colcon_core.package_identification:_identify(src/py_tf) by extension 'colcon_meta'
[0.591s] Level 1:colcon.colcon_core.package_identification:_identify(src/py_tf) by extensions ['ros']
[0.591s] Level 1:colcon.colcon_core.package_identification:_identify(src/py_tf) by extension 'ros'
[0.592s] DEBUG:colcon.colcon_core.package_identification:Package 'src/py_tf' with type 'ros.ament_python' and name 'py_tf'
[0.592s] Level 1:colcon.colcon_core.package_discovery:discover_packages(recursive) using defaults
[0.592s] Level 1:colcon.colcon_core.package_discovery:discover_packages(ignore) discover
[0.592s] Level 1:colcon.colcon_core.package_discovery:discover_packages(ignore) using defaults
[0.592s] Level 1:colcon.colcon_core.package_discovery:discover_packages(path) discover
[0.593s] Level 1:colcon.colcon_core.package_discovery:discover_packages(path) using defaults
[0.639s] Level 1:colcon.colcon_core.package_discovery:discover_packages(prefix_path) check parameters
[0.639s] Level 1:colcon.colcon_core.package_discovery:discover_packages(prefix_path) discover
[0.642s] WARNING:colcon.colcon_core.prefix_path.colcon:The path '/home/wudad10/Fold1/chapter9/install' in the environment variable COLCON_PREFIX_PATH doesn't exist
[0.644s] WARNING:colcon.colcon_ros.prefix_path.ament:The path '/home/wudad10/Fold1/chapter9/install/ydlidar' in the environment variable AMENT_PREFIX_PATH doesn't exist
[0.644s] WARNING:colcon.colcon_ros.prefix_path.ament:The path '/home/wudad10/Fold1/chapter9/install/ros_serial2wifi' in the environment variable AMENT_PREFIX_PATH doesn't exist
[0.644s] WARNING:colcon.colcon_ros.prefix_path.ament:The path '/home/wudad10/Fold1/chapter9/install/micro_ros_agent' in the environment variable AMENT_PREFIX_PATH doesn't exist
[0.644s] WARNING:colcon.colcon_ros.prefix_path.ament:The path '/home/wudad10/Fold1/chapter9/install/micro_ros_msgs' in the environment variable AMENT_PREFIX_PATH doesn't exist
[0.644s] WARNING:colcon.colcon_ros.prefix_path.ament:The path '/home/wudad10/Fold1/chapter9/install/fishbot_description' in the environment variable AMENT_PREFIX_PATH doesn't exist
[0.644s] WARNING:colcon.colcon_ros.prefix_path.ament:The path '/home/wudad10/Fold1/chapter9/install/fishbot_bringup' in the environment variable AMENT_PREFIX_PATH doesn't exist
[0.644s] WARNING:colcon.colcon_ros.prefix_path.catkin:The path '/home/wudad10/Fold1/chapter9/install/ydlidar' in the environment variable CMAKE_PREFIX_PATH doesn't exist
[0.645s] WARNING:colcon.colcon_ros.prefix_path.catkin:The path '/home/wudad10/Fold1/chapter9/install/micro_ros_agent' in the environment variable CMAKE_PREFIX_PATH doesn't exist
[0.645s] WARNING:colcon.colcon_ros.prefix_path.catkin:The path '/home/wudad10/Fold1/chapter9/install/micro_ros_msgs' in the environment variable CMAKE_PREFIX_PATH doesn't exist
[0.645s] WARNING:colcon.colcon_ros.prefix_path.catkin:The path '/home/wudad10/Fold1/chapter9/install/fishbot_description' in the environment variable CMAKE_PREFIX_PATH doesn't exist
[0.645s] WARNING:colcon.colcon_ros.prefix_path.catkin:The path '/home/wudad10/Fold1/chapter9/install/fishbot_bringup' in the environment variable CMAKE_PREFIX_PATH doesn't exist
[0.646s] DEBUG:colcon.colcon_installed_package_information.package_discovery:Found 2 installed packages in /home/wudad10/Fold1/ros2/6_tf/install
[0.652s] DEBUG:colcon.colcon_installed_package_information.package_discovery:Found 7 installed packages in /home/wudad10/Fold1/chapter9/fishbot_ws/install
[0.655s] DEBUG:colcon.colcon_installed_package_information.package_discovery:Found 371 installed packages in /opt/ros/humble
[0.657s] Level 1:colcon.colcon_core.package_discovery:discover_packages(prefix_path) using defaults
[0.771s] Level 5:colcon.colcon_core.verb:set package 'cpp_tf' build argument 'cmake_args' from command line to 'None'
[0.771s] Level 5:colcon.colcon_core.verb:set package 'cpp_tf' build argument 'cmake_target' from command line to 'None'
[0.771s] Level 5:colcon.colcon_core.verb:set package 'cpp_tf' build argument 'cmake_target_skip_unavailable' from command line to 'False'
[0.771s] Level 5:colcon.colcon_core.verb:set package 'cpp_tf' build argument 'cmake_clean_cache' from command line to 'False'
[0.771s] Level 5:colcon.colcon_core.verb:set package 'cpp_tf' build argument 'cmake_clean_first' from command line to 'False'
[0.771s] Level 5:colcon.colcon_core.verb:set package 'cpp_tf' build argument 'cmake_force_configure' from command line to 'False'
[0.771s] Level 5:colcon.colcon_core.verb:set package 'cpp_tf' build argument 'ament_cmake_args' from command line to 'None'
[0.771s] Level 5:colcon.colcon_core.verb:set package 'cpp_tf' build argument 'catkin_cmake_args' from command line to 'None'
[0.771s] Level 5:colcon.colcon_core.verb:set package 'cpp_tf' build argument 'catkin_skip_building_tests' from command line to 'False'
[0.772s] DEBUG:colcon.colcon_core.verb:Building package 'cpp_tf' with the following arguments: {'ament_cmake_args': None, 'build_base': '/home/wudad10/Fold1/ros2/6_tf/build/cpp_tf', 'catkin_cmake_args': None, 'catkin_skip_building_tests': False, 'cmake_args': None, 'cmake_clean_cache': False, 'cmake_clean_first': False, 'cmake_force_configure': False, 'cmake_target': None, 'cmake_target_skip_unavailable': False, 'install_base': '/home/wudad10/Fold1/ros2/6_tf/install/cpp_tf', 'merge_install': False, 'path': '/home/wudad10/Fold1/ros2/6_tf/src/cpp_tf', 'symlink_install': False, 'test_result_base': None}
[0.772s] Level 5:colcon.colcon_core.verb:set package 'py_tf' build argument 'cmake_args' from command line to 'None'
[0.772s] Level 5:colcon.colcon_core.verb:set package 'py_tf' build argument 'cmake_target' from command line to 'None'
[0.772s] Level 5:colcon.colcon_core.verb:set package 'py_tf' build argument 'cmake_target_skip_unavailable' from command line to 'False'
[0.772s] Level 5:colcon.colcon_core.verb:set package 'py_tf' build argument 'cmake_clean_cache' from command line to 'False'
[0.772s] Level 5:colcon.colcon_core.verb:set package 'py_tf' build argument 'cmake_clean_first' from command line to 'False'
[0.772s] Level 5:colcon.colcon_core.verb:set package 'py_tf' build argument 'cmake_force_configure' from command line to 'False'
[0.772s] Level 5:colcon.colcon_core.verb:set package 'py_tf' build argument 'ament_cmake_args' from command line to 'None'
[0.772s] Level 5:colcon.colcon_core.verb:set package 'py_tf' build argument 'catkin_cmake_args' from command line to 'None'
[0.772s] Level 5:colcon.colcon_core.verb:set package 'py_tf' build argument 'catkin_skip_building_tests' from command line to 'False'
[0.772s] DEBUG:colcon.colcon_core.verb:Building package 'py_tf' with the following arguments: {'ament_cmake_args': None, 'build_base': '/home/wudad10/Fold1/ros2/6_tf/build/py_tf', 'catkin_cmake_args': None, 'catkin_skip_building_tests': False, 'cmake_args': None, 'cmake_clean_cache': False, 'cmake_clean_first': False, 'cmake_force_configure': False, 'cmake_target': None, 'cmake_target_skip_unavailable': False, 'install_base': '/home/wudad10/Fold1/ros2/6_tf/install/py_tf', 'merge_install': False, 'path': '/home/wudad10/Fold1/ros2/6_tf/src/py_tf', 'symlink_install': False, 'test_result_base': None}
[0.772s] INFO:colcon.colcon_core.executor:Executing jobs using 'parallel' executor
[0.774s] DEBUG:colcon.colcon_parallel_executor.executor.parallel:run_until_complete
[0.774s] INFO:colcon.colcon_ros.task.ament_cmake.build:Building ROS package in '/home/wudad10/Fold1/ros2/6_tf/src/cpp_tf' with build type 'ament_cmake'
[0.775s] INFO:colcon.colcon_cmake.task.cmake.build:Building CMake package in '/home/wudad10/Fold1/ros2/6_tf/src/cpp_tf'
[0.784s] INFO:colcon.colcon_core.plugin_system:Skipping extension 'colcon_core.shell.bat': Not used on non-Windows systems
[0.784s] INFO:colcon.colcon_core.shell:Skip shell extension 'powershell' for command environment: Not usable outside of PowerShell
[0.784s] DEBUG:colcon.colcon_core.shell:Skip shell extension 'dsv' for command environment
[0.791s] INFO:colcon.colcon_ros.task.ament_python.build:Building ROS package in '/home/wudad10/Fold1/ros2/6_tf/src/py_tf' with build type 'ament_python'
[0.791s] Level 1:colcon.colcon_core.shell:create_environment_hook('py_tf', 'ament_prefix_path')
[0.791s] INFO:colcon.colcon_core.shell:Creating environment hook '/home/wudad10/Fold1/ros2/6_tf/install/py_tf/share/py_tf/hook/ament_prefix_path.ps1'
[0.793s] INFO:colcon.colcon_core.shell:Creating environment descriptor '/home/wudad10/Fold1/ros2/6_tf/install/py_tf/share/py_tf/hook/ament_prefix_path.dsv'
[0.795s] INFO:colcon.colcon_core.shell:Creating environment hook '/home/wudad10/Fold1/ros2/6_tf/install/py_tf/share/py_tf/hook/ament_prefix_path.sh'
[0.796s] INFO:colcon.colcon_core.shell:Skip shell extension 'powershell' for command environment: Not usable outside of PowerShell
[0.796s] DEBUG:colcon.colcon_core.shell:Skip shell extension 'dsv' for command environment
[0.808s] DEBUG:colcon.colcon_core.event_handler.log_command:Invoking command in '/home/wudad10/Fold1/ros2/6_tf/build/cpp_tf': CMAKE_PREFIX_PATH=${CMAKE_PREFIX_PATH}:/home/wudad10/Fold1/ros2/6_tf/install/py_tf:/home/wudad10/Fold1/chapter9/fishbot_ws/install/ros_serial2wifi:/home/wudad10/Fold1/chapter9/install/ros_serial2wifi:/opt/ros/humble /usr/bin/cmake --build /home/wudad10/Fold1/ros2/6_tf/build/cpp_tf -- -j4 -l4
[1.093s] WARNING:colcon.colcon_ros.task.ament_python.build:Package 'py_tf' doesn't explicitly install a marker in the package index (colcon-ros currently does it implicitly but that fallback will be removed in the future)
[1.093s] WARNING:colcon.colcon_ros.task.ament_python.build:Package 'py_tf' doesn't explicitly install the 'package.xml' file (colcon-ros currently does it implicitly but that fallback will be removed in the future)
[1.094s] INFO:colcon.colcon_core.task.python.build:Building Python package in '/home/wudad10/Fold1/ros2/6_tf/src/py_tf'
[1.094s] INFO:colcon.colcon_core.shell:Skip shell extension 'powershell' for command environment: Not usable outside of PowerShell
[1.094s] DEBUG:colcon.colcon_core.shell:Skip shell extension 'dsv' for command environment
[1.102s] DEBUG:colcon.colcon_core.event_handler.log_command:Invoked command in '/home/wudad10/Fold1/ros2/6_tf/build/cpp_tf' returned '0': CMAKE_PREFIX_PATH=${CMAKE_PREFIX_PATH}:/home/wudad10/Fold1/ros2/6_tf/install/py_tf:/home/wudad10/Fold1/chapter9/fishbot_ws/install/ros_serial2wifi:/home/wudad10/Fold1/chapter9/install/ros_serial2wifi:/opt/ros/humble /usr/bin/cmake --build /home/wudad10/Fold1/ros2/6_tf/build/cpp_tf -- -j4 -l4
[1.123s] DEBUG:colcon.colcon_core.event_handler.log_command:Invoking command in '/home/wudad10/Fold1/ros2/6_tf/build/cpp_tf': CMAKE_PREFIX_PATH=${CMAKE_PREFIX_PATH}:/home/wudad10/Fold1/ros2/6_tf/install/py_tf:/home/wudad10/Fold1/chapter9/fishbot_ws/install/ros_serial2wifi:/home/wudad10/Fold1/chapter9/install/ros_serial2wifi:/opt/ros/humble /usr/bin/cmake --install /home/wudad10/Fold1/ros2/6_tf/build/cpp_tf
[1.146s] Level 1:colcon.colcon_core.environment:create_environment_scripts_only(cpp_tf)
[1.147s] DEBUG:colcon.colcon_core.event_handler.log_command:Invoked command in '/home/wudad10/Fold1/ros2/6_tf/build/cpp_tf' returned '0': CMAKE_PREFIX_PATH=${CMAKE_PREFIX_PATH}:/home/wudad10/Fold1/ros2/6_tf/install/py_tf:/home/wudad10/Fold1/chapter9/fishbot_ws/install/ros_serial2wifi:/home/wudad10/Fold1/chapter9/install/ros_serial2wifi:/opt/ros/humble /usr/bin/cmake --install /home/wudad10/Fold1/ros2/6_tf/build/cpp_tf
[1.154s] Level 1:colcon.colcon_core.environment:checking '/home/wudad10/Fold1/ros2/6_tf/install/cpp_tf' for CMake module files
[1.155s] Level 1:colcon.colcon_core.environment:checking '/home/wudad10/Fold1/ros2/6_tf/install/cpp_tf' for CMake config files
[1.155s] Level 1:colcon.colcon_core.shell:create_environment_hook('cpp_tf', 'cmake_prefix_path')
[1.156s] INFO:colcon.colcon_core.shell:Creating environment hook '/home/wudad10/Fold1/ros2/6_tf/install/cpp_tf/share/cpp_tf/hook/cmake_prefix_path.ps1'
[1.157s] INFO:colcon.colcon_core.shell:Creating environment descriptor '/home/wudad10/Fold1/ros2/6_tf/install/cpp_tf/share/cpp_tf/hook/cmake_prefix_path.dsv'
[1.158s] INFO:colcon.colcon_core.shell:Creating environment hook '/home/wudad10/Fold1/ros2/6_tf/install/cpp_tf/share/cpp_tf/hook/cmake_prefix_path.sh'
[1.159s] Level 1:colcon.colcon_core.environment:checking '/home/wudad10/Fold1/ros2/6_tf/install/cpp_tf/lib'
[1.159s] Level 1:colcon.colcon_core.environment:checking '/home/wudad10/Fold1/ros2/6_tf/install/cpp_tf/bin'
[1.160s] Level 1:colcon.colcon_core.environment:checking '/home/wudad10/Fold1/ros2/6_tf/install/cpp_tf/lib/pkgconfig/cpp_tf.pc'
[1.160s] Level 1:colcon.colcon_core.environment:checking '/home/wudad10/Fold1/ros2/6_tf/install/cpp_tf/lib/python3.10/site-packages'
[1.160s] Level 1:colcon.colcon_core.environment:checking '/home/wudad10/Fold1/ros2/6_tf/install/cpp_tf/bin'
[1.161s] INFO:colcon.colcon_core.shell:Creating package script '/home/wudad10/Fold1/ros2/6_tf/install/cpp_tf/share/cpp_tf/package.ps1'
[1.162s] INFO:colcon.colcon_core.shell:Creating package descriptor '/home/wudad10/Fold1/ros2/6_tf/install/cpp_tf/share/cpp_tf/package.dsv'
[1.164s] INFO:colcon.colcon_core.shell:Creating package script '/home/wudad10/Fold1/ros2/6_tf/install/cpp_tf/share/cpp_tf/package.sh'
[1.166s] INFO:colcon.colcon_core.shell:Creating package script '/home/wudad10/Fold1/ros2/6_tf/install/cpp_tf/share/cpp_tf/package.bash'
[1.169s] INFO:colcon.colcon_core.shell:Creating package script '/home/wudad10/Fold1/ros2/6_tf/install/cpp_tf/share/cpp_tf/package.zsh'
[1.171s] Level 1:colcon.colcon_core.environment:create_file_with_runtime_dependencies(/home/wudad10/Fold1/ros2/6_tf/install/cpp_tf/share/colcon-core/packages/cpp_tf)
[1.172s] Level 1:colcon.colcon_core.environment:create_environment_scripts_only(cpp_tf)
[1.172s] Level 1:colcon.colcon_core.environment:checking '/home/wudad10/Fold1/ros2/6_tf/install/cpp_tf' for CMake module files
[1.173s] Level 1:colcon.colcon_core.environment:checking '/home/wudad10/Fold1/ros2/6_tf/install/cpp_tf' for CMake config files
[1.173s] Level 1:colcon.colcon_core.shell:create_environment_hook('cpp_tf', 'cmake_prefix_path')
[1.173s] INFO:colcon.colcon_core.shell:Creating environment hook '/home/wudad10/Fold1/ros2/6_tf/install/cpp_tf/share/cpp_tf/hook/cmake_prefix_path.ps1'
[1.174s] INFO:colcon.colcon_core.shell:Creating environment descriptor '/home/wudad10/Fold1/ros2/6_tf/install/cpp_tf/share/cpp_tf/hook/cmake_prefix_path.dsv'
[1.175s] INFO:colcon.colcon_core.shell:Creating environment hook '/home/wudad10/Fold1/ros2/6_tf/install/cpp_tf/share/cpp_tf/hook/cmake_prefix_path.sh'
[1.176s] Level 1:colcon.colcon_core.environment:checking '/home/wudad10/Fold1/ros2/6_tf/install/cpp_tf/lib'
[1.176s] Level 1:colcon.colcon_core.environment:checking '/home/wudad10/Fold1/ros2/6_tf/install/cpp_tf/bin'
[1.176s] Level 1:colcon.colcon_core.environment:checking '/home/wudad10/Fold1/ros2/6_tf/install/cpp_tf/lib/pkgconfig/cpp_tf.pc'
[1.176s] Level 1:colcon.colcon_core.environment:checking '/home/wudad10/Fold1/ros2/6_tf/install/cpp_tf/lib/python3.10/site-packages'
[1.176s] Level 1:colcon.colcon_core.environment:checking '/home/wudad10/Fold1/ros2/6_tf/install/cpp_tf/bin'
[1.177s] INFO:colcon.colcon_core.shell:Creating package script '/home/wudad10/Fold1/ros2/6_tf/install/cpp_tf/share/cpp_tf/package.ps1'
[1.178s] INFO:colcon.colcon_core.shell:Creating package descriptor '/home/wudad10/Fold1/ros2/6_tf/install/cpp_tf/share/cpp_tf/package.dsv'
[1.178s] INFO:colcon.colcon_core.shell:Creating package script '/home/wudad10/Fold1/ros2/6_tf/install/cpp_tf/share/cpp_tf/package.sh'
[1.179s] INFO:colcon.colcon_core.shell:Creating package script '/home/wudad10/Fold1/ros2/6_tf/install/cpp_tf/share/cpp_tf/package.bash'
[1.180s] INFO:colcon.colcon_core.shell:Creating package script '/home/wudad10/Fold1/ros2/6_tf/install/cpp_tf/share/cpp_tf/package.zsh'
[1.180s] Level 1:colcon.colcon_core.environment:create_file_with_runtime_dependencies(/home/wudad10/Fold1/ros2/6_tf/install/cpp_tf/share/colcon-core/packages/cpp_tf)
[1.660s] DEBUG:colcon.colcon_core.event_handler.log_command:Invoking command in '/home/wudad10/Fold1/ros2/6_tf/src/py_tf': PYTHONPATH=/home/wudad10/Fold1/ros2/6_tf/build/py_tf/prefix_override:/usr/lib/python3/dist-packages/colcon_core/task/python/colcon_distutils_commands:/home/wudad10/Fold1/ros2/6_tf/install/py_tf/lib/python3.10/site-packages:${PYTHONPATH} /usr/bin/python3 -W ignore:setup.py install is deprecated -W ignore:easy_install command is deprecated setup.py egg_info --egg-base ../../build/py_tf build --build-base /home/wudad10/Fold1/ros2/6_tf/build/py_tf/build install --record /home/wudad10/Fold1/ros2/6_tf/build/py_tf/install.log --single-version-externally-managed install_data
[1.935s] DEBUG:colcon.colcon_core.event_handler.log_command:Invoked command in '/home/wudad10/Fold1/ros2/6_tf/src/py_tf' returned '1': PYTHONPATH=/home/wudad10/Fold1/ros2/6_tf/build/py_tf/prefix_override:/usr/lib/python3/dist-packages/colcon_core/task/python/colcon_distutils_commands:/home/wudad10/Fold1/ros2/6_tf/install/py_tf/lib/python3.10/site-packages:${PYTHONPATH} /usr/bin/python3 -W ignore:setup.py install is deprecated -W ignore:easy_install command is deprecated setup.py egg_info --egg-base ../../build/py_tf build --build-base /home/wudad10/Fold1/ros2/6_tf/build/py_tf/build install --record /home/wudad10/Fold1/ros2/6_tf/build/py_tf/install.log --single-version-externally-managed install_data
[1.944s] DEBUG:colcon.colcon_parallel_executor.executor.parallel:closing loop
[1.945s] DEBUG:colcon.colcon_parallel_executor.executor.parallel:loop closed
[1.945s] DEBUG:colcon.colcon_parallel_executor.executor.parallel:run_until_complete finished with '1'
[1.945s] DEBUG:colcon.colcon_core.event_reactor:joining thread
[1.957s] INFO:colcon.colcon_core.plugin_system:Skipping extension 'colcon_notification.desktop_notification.terminal_notifier': Not used on non-Darwin systems
[1.958s] INFO:colcon.colcon_core.plugin_system:Skipping extension 'colcon_notification.desktop_notification.win32': Not used on non-Windows systems
[1.958s] INFO:colcon.colcon_notification.desktop_notification:Sending desktop notification using 'notify2'
[1.977s] DEBUG:colcon.colcon_core.event_reactor:joined thread
[1.977s] INFO:colcon.colcon_core.shell:Creating prefix script '/home/wudad10/Fold1/ros2/6_tf/install/local_setup.ps1'
[1.979s] INFO:colcon.colcon_core.shell:Creating prefix util module '/home/wudad10/Fold1/ros2/6_tf/install/_local_setup_util_ps1.py'
[1.982s] INFO:colcon.colcon_core.shell:Creating prefix chain script '/home/wudad10/Fold1/ros2/6_tf/install/setup.ps1'
[1.984s] INFO:colcon.colcon_core.shell:Creating prefix script '/home/wudad10/Fold1/ros2/6_tf/install/local_setup.sh'
[1.986s] INFO:colcon.colcon_core.shell:Creating prefix util module '/home/wudad10/Fold1/ros2/6_tf/install/_local_setup_util_sh.py'
[1.988s] INFO:colcon.colcon_core.shell:Creating prefix chain script '/home/wudad10/Fold1/ros2/6_tf/install/setup.sh'
[1.991s] INFO:colcon.colcon_core.shell:Creating prefix script '/home/wudad10/Fold1/ros2/6_tf/install/local_setup.bash'
[1.992s] INFO:colcon.colcon_core.shell:Creating prefix chain script '/home/wudad10/Fold1/ros2/6_tf/install/setup.bash'
[1.994s] INFO:colcon.colcon_core.shell:Creating prefix script '/home/wudad10/Fold1/ros2/6_tf/install/local_setup.zsh'
[1.995s] INFO:colcon.colcon_core.shell:Creating prefix chain script '/home/wudad10/Fold1/ros2/6_tf/install/setup.zsh'
